Traceback (most recent call last):
  File "/home/s222576762/BackdoorBox Research/backdoor-toolbox/create_poisoned_set.py", line 37, in <module>
    args.trigger = config.trigger_default[args.dataset][args.poison_type]
                   ~~~~~~~~~~~~~~~~~~~~~~~~~~~~~~~~~~~~^^^^^^^^^^^^^^^^^^
KeyError: 'dynamic'
Traceback (most recent call last):
  File "/home/s222576762/BackdoorBox Research/backdoor-toolbox/train_on_poisoned_set.py", line 48, in <module>
    args.trigger = config.trigger_default[args.dataset][args.poison_type]
                   ~~~~~~~~~~~~~~~~~~~~~~~~~~~~~~~~~~~~^^^^^^^^^^^^^^^^^^
KeyError: 'dynamic'
Traceback (most recent call last):
  File "/home/s222576762/BackdoorBox Research/backdoor-toolbox/test_model.py", line 45, in <module>
    args.trigger = config.trigger_default[args.dataset][args.poison_type]
                   ~~~~~~~~~~~~~~~~~~~~~~~~~~~~~~~~~~~~^^^^^^^^^^^^^^^^^^
KeyError: 'dynamic'
Traceback (most recent call last):
  File "/home/s222576762/BackdoorBox Research/backdoor-toolbox/visualize.py", line 52, in <module>
    args.trigger = config.trigger_default[args.dataset][args.poison_type]
                   ~~~~~~~~~~~~~~~~~~~~~~~~~~~~~~~~~~~~^^^^^^^^^^^^^^^^^^
KeyError: 'dynamic'
Traceback (most recent call last):
  File "/home/s222576762/BackdoorBox Research/backdoor-toolbox/visualize.py", line 52, in <module>
    args.trigger = config.trigger_default[args.dataset][args.poison_type]
                   ~~~~~~~~~~~~~~~~~~~~~~~~~~~~~~~~~~~~^^^^^^^^^^^^^^^^^^
KeyError: 'dynamic'
Traceback (most recent call last):
  File "/home/s222576762/BackdoorBox Research/backdoor-toolbox/visualize.py", line 52, in <module>
    args.trigger = config.trigger_default[args.dataset][args.poison_type]
                   ~~~~~~~~~~~~~~~~~~~~~~~~~~~~~~~~~~~~^^^^^^^^^^^^^^^^^^
KeyError: 'dynamic'
Traceback (most recent call last):
  File "/home/s222576762/BackdoorBox Research/backdoor-toolbox/other_defense.py", line 38, in <module>
    args.trigger = config.trigger_default[args.dataset][args.poison_type]
                   ~~~~~~~~~~~~~~~~~~~~~~~~~~~~~~~~~~~~^^^^^^^^^^^^^^^^^^
KeyError: 'dynamic'
