Creating poisoned training set for ISSBA on cifar10...
[target class : 0]
Files already downloaded and verified
[Generate Poisoned Set] Save poisoned_train_set/cifar10/ISSBA_0.010_poison_seed=0/secret
[Generate Poisoned Set] Save 50000 Images
[Generate Poisoned Set] Save poisoned_train_set/cifar10/ISSBA_0.010_poison_seed=0/imgs
[Generate Poisoned Set] Save poisoned_train_set/cifar10/ISSBA_0.010_poison_seed=0/labels
[Generate Poisoned Set] Save poisoned_train_set/cifar10/ISSBA_0.010_poison_seed=0/poison_indices
Training the model on the poisoned dataset...
dataset : poisoned_train_set/cifar10/ISSBA_0.010_poison_seed=0/imgs
Will save to 'poisoned_train_set/cifar10/ISSBA_0.010_poison_seed=0/full_base_aug_seed=2333.pt'.
<Backdoor Training> Train Epoch: 1 	Loss: 1.501046, lr: 0.100000, Time: 9.54s
Clean ACC: 3623/8000 = 0.452875, Loss: 1.5133720636367798
ASR: 738/7193 = 0.102600


<Backdoor Training> Train Epoch: 2 	Loss: 1.181770, lr: 0.100000, Time: 6.32s
Clean ACC: 4149/8000 = 0.518625, Loss: 1.3288472890853882
ASR: 222/7193 = 0.030863


<Backdoor Training> Train Epoch: 3 	Loss: 0.947834, lr: 0.100000, Time: 6.38s
Clean ACC: 5092/8000 = 0.636500, Loss: 1.0476584434509277
ASR: 268/7193 = 0.037258


<Backdoor Training> Train Epoch: 4 	Loss: 1.027622, lr: 0.100000, Time: 6.88s
Clean ACC: 5479/8000 = 0.684875, Loss: 0.8804159164428711
ASR: 270/7193 = 0.037536


<Backdoor Training> Train Epoch: 5 	Loss: 0.696801, lr: 0.100000, Time: 6.97s
Clean ACC: 5626/8000 = 0.703250, Loss: 0.8480367064476013
ASR: 236/7193 = 0.032810


<Backdoor Training> Train Epoch: 6 	Loss: 0.647920, lr: 0.100000, Time: 6.50s
Clean ACC: 6121/8000 = 0.765125, Loss: 0.6666563153266907
ASR: 107/7193 = 0.014876


<Backdoor Training> Train Epoch: 7 	Loss: 0.856105, lr: 0.100000, Time: 6.64s
Clean ACC: 6209/8000 = 0.776125, Loss: 0.6619795560836792
ASR: 291/7193 = 0.040456


<Backdoor Training> Train Epoch: 8 	Loss: 0.651960, lr: 0.100000, Time: 6.69s
Clean ACC: 6442/8000 = 0.805250, Loss: 0.5760892629623413
ASR: 67/7193 = 0.009315


<Backdoor Training> Train Epoch: 9 	Loss: 0.517578, lr: 0.100000, Time: 6.27s
Clean ACC: 6659/8000 = 0.832375, Loss: 0.4903188645839691
ASR: 55/7193 = 0.007646


<Backdoor Training> Train Epoch: 10 	Loss: 0.445196, lr: 0.100000, Time: 6.36s
Clean ACC: 6560/8000 = 0.820000, Loss: 0.5448932647705078
ASR: 229/7193 = 0.031837


<Backdoor Training> Train Epoch: 11 	Loss: 0.623170, lr: 0.100000, Time: 6.83s
Clean ACC: 6548/8000 = 0.818500, Loss: 0.533111035823822
ASR: 200/7193 = 0.027805


<Backdoor Training> Train Epoch: 12 	Loss: 0.488414, lr: 0.100000, Time: 6.81s
Clean ACC: 6805/8000 = 0.850625, Loss: 0.4358980059623718
ASR: 124/7193 = 0.017239


<Backdoor Training> Train Epoch: 13 	Loss: 0.657270, lr: 0.100000, Time: 6.42s
Clean ACC: 6652/8000 = 0.831500, Loss: 0.5281391143798828
ASR: 109/7193 = 0.015154


<Backdoor Training> Train Epoch: 14 	Loss: 0.299562, lr: 0.100000, Time: 6.69s
Clean ACC: 6805/8000 = 0.850625, Loss: 0.4545236825942993
ASR: 66/7193 = 0.009176


<Backdoor Training> Train Epoch: 15 	Loss: 0.405754, lr: 0.100000, Time: 6.81s
Clean ACC: 6619/8000 = 0.827375, Loss: 0.5271470546722412
ASR: 82/7193 = 0.011400


<Backdoor Training> Train Epoch: 16 	Loss: 0.336173, lr: 0.100000, Time: 6.42s
Clean ACC: 6901/8000 = 0.862625, Loss: 0.4116044342517853
ASR: 139/7193 = 0.019324


<Backdoor Training> Train Epoch: 17 	Loss: 0.458539, lr: 0.100000, Time: 6.33s
Clean ACC: 6869/8000 = 0.858625, Loss: 0.43471309542655945
ASR: 206/7193 = 0.028639


<Backdoor Training> Train Epoch: 18 	Loss: 0.324951, lr: 0.100000, Time: 6.88s
Clean ACC: 6960/8000 = 0.870000, Loss: 0.3853045701980591
ASR: 157/7193 = 0.021827


<Backdoor Training> Train Epoch: 19 	Loss: 0.460339, lr: 0.100000, Time: 6.56s
Clean ACC: 7003/8000 = 0.875375, Loss: 0.3657159209251404
ASR: 66/7193 = 0.009176


<Backdoor Training> Train Epoch: 20 	Loss: 0.260256, lr: 0.100000, Time: 6.46s
Clean ACC: 6826/8000 = 0.853250, Loss: 0.4377703070640564
ASR: 44/7193 = 0.006117


<Backdoor Training> Train Epoch: 21 	Loss: 0.291464, lr: 0.100000, Time: 6.83s
Clean ACC: 7025/8000 = 0.878125, Loss: 0.37560856342315674
ASR: 108/7193 = 0.015015


<Backdoor Training> Train Epoch: 22 	Loss: 0.176325, lr: 0.100000, Time: 6.79s
Clean ACC: 7051/8000 = 0.881375, Loss: 0.37732213735580444
ASR: 61/7193 = 0.008480


<Backdoor Training> Train Epoch: 23 	Loss: 0.153777, lr: 0.100000, Time: 6.33s
Clean ACC: 6716/8000 = 0.839500, Loss: 0.5515538454055786
ASR: 222/7193 = 0.030863


<Backdoor Training> Train Epoch: 24 	Loss: 0.255781, lr: 0.100000, Time: 6.31s
Clean ACC: 6998/8000 = 0.874750, Loss: 0.4247363209724426
ASR: 77/7193 = 0.010705


<Backdoor Training> Train Epoch: 25 	Loss: 0.240589, lr: 0.100000, Time: 6.97s
Clean ACC: 7072/8000 = 0.884000, Loss: 0.3844855725765228
ASR: 86/7193 = 0.011956


<Backdoor Training> Train Epoch: 26 	Loss: 0.205939, lr: 0.100000, Time: 6.54s
Clean ACC: 7033/8000 = 0.879125, Loss: 0.37080493569374084
ASR: 104/7193 = 0.014459


<Backdoor Training> Train Epoch: 27 	Loss: 0.194542, lr: 0.100000, Time: 6.33s
Clean ACC: 7127/8000 = 0.890875, Loss: 0.35077768564224243
ASR: 104/7193 = 0.014459


<Backdoor Training> Train Epoch: 28 	Loss: 0.221242, lr: 0.100000, Time: 6.64s
Clean ACC: 7018/8000 = 0.877250, Loss: 0.4056791365146637
ASR: 111/7193 = 0.015432


<Backdoor Training> Train Epoch: 29 	Loss: 0.219733, lr: 0.100000, Time: 6.90s
Clean ACC: 7109/8000 = 0.888625, Loss: 0.37724438309669495
ASR: 82/7193 = 0.011400


<Backdoor Training> Train Epoch: 30 	Loss: 0.198423, lr: 0.100000, Time: 6.50s
Clean ACC: 7069/8000 = 0.883625, Loss: 0.40128853917121887
ASR: 242/7193 = 0.033644


<Backdoor Training> Train Epoch: 31 	Loss: 0.102498, lr: 0.100000, Time: 6.40s
Clean ACC: 7037/8000 = 0.879625, Loss: 0.39364761114120483
ASR: 28/7193 = 0.003893


<Backdoor Training> Train Epoch: 32 	Loss: 0.147084, lr: 0.100000, Time: 6.84s
Clean ACC: 6953/8000 = 0.869125, Loss: 0.45046815276145935
ASR: 239/7193 = 0.033227


<Backdoor Training> Train Epoch: 33 	Loss: 0.108618, lr: 0.100000, Time: 6.44s
Clean ACC: 7107/8000 = 0.888375, Loss: 0.37780237197875977
ASR: 94/7193 = 0.013068


<Backdoor Training> Train Epoch: 34 	Loss: 0.233677, lr: 0.100000, Time: 6.33s
Clean ACC: 7023/8000 = 0.877875, Loss: 0.419103741645813
ASR: 217/7193 = 0.030168


<Backdoor Training> Train Epoch: 35 	Loss: 0.235181, lr: 0.100000, Time: 6.78s
Clean ACC: 6949/8000 = 0.868625, Loss: 0.46713563799858093
ASR: 147/7193 = 0.020437


<Backdoor Training> Train Epoch: 36 	Loss: 0.424187, lr: 0.100000, Time: 6.85s
Clean ACC: 7011/8000 = 0.876375, Loss: 0.41668540239334106
ASR: 82/7193 = 0.011400


<Backdoor Training> Train Epoch: 37 	Loss: 0.227808, lr: 0.100000, Time: 6.33s
Clean ACC: 6947/8000 = 0.868375, Loss: 0.4383283853530884
ASR: 59/7193 = 0.008202


<Backdoor Training> Train Epoch: 38 	Loss: 0.235122, lr: 0.100000, Time: 6.75s
Clean ACC: 7118/8000 = 0.889750, Loss: 0.35713866353034973
ASR: 77/7193 = 0.010705


<Backdoor Training> Train Epoch: 39 	Loss: 0.169473, lr: 0.100000, Time: 6.94s
Clean ACC: 7111/8000 = 0.888875, Loss: 0.377381831407547
ASR: 113/7193 = 0.015710


<Backdoor Training> Train Epoch: 40 	Loss: 0.181279, lr: 0.100000, Time: 6.37s
Clean ACC: 7087/8000 = 0.885875, Loss: 0.3786485493183136
ASR: 137/7193 = 0.019046


<Backdoor Training> Train Epoch: 41 	Loss: 0.298685, lr: 0.100000, Time: 6.34s
Clean ACC: 7089/8000 = 0.886125, Loss: 0.37853899598121643
ASR: 34/7193 = 0.004727


<Backdoor Training> Train Epoch: 42 	Loss: 0.094464, lr: 0.100000, Time: 6.73s
Clean ACC: 7112/8000 = 0.889000, Loss: 0.3926578462123871
ASR: 97/7193 = 0.013485


<Backdoor Training> Train Epoch: 43 	Loss: 0.173260, lr: 0.100000, Time: 6.79s
Clean ACC: 7168/8000 = 0.896000, Loss: 0.3541070222854614
ASR: 97/7193 = 0.013485


<Backdoor Training> Train Epoch: 44 	Loss: 0.116811, lr: 0.100000, Time: 6.31s
Clean ACC: 6869/8000 = 0.858625, Loss: 0.5043160915374756
ASR: 101/7193 = 0.014041


<Backdoor Training> Train Epoch: 45 	Loss: 0.282208, lr: 0.100000, Time: 6.73s
Clean ACC: 7156/8000 = 0.894500, Loss: 0.36339613795280457
ASR: 75/7193 = 0.010427


<Backdoor Training> Train Epoch: 46 	Loss: 0.257388, lr: 0.100000, Time: 6.96s
Clean ACC: 7141/8000 = 0.892625, Loss: 0.3641357719898224
ASR: 64/7193 = 0.008898


<Backdoor Training> Train Epoch: 47 	Loss: 0.146034, lr: 0.100000, Time: 6.31s
Clean ACC: 6989/8000 = 0.873625, Loss: 0.45957523584365845
ASR: 156/7193 = 0.021688


<Backdoor Training> Train Epoch: 48 	Loss: 0.158285, lr: 0.100000, Time: 6.33s
Clean ACC: 7191/8000 = 0.898875, Loss: 0.3476722836494446
ASR: 107/7193 = 0.014876


<Backdoor Training> Train Epoch: 49 	Loss: 0.325816, lr: 0.100000, Time: 6.70s
Clean ACC: 7068/8000 = 0.883500, Loss: 0.4127597212791443
ASR: 150/7193 = 0.020854


<Backdoor Training> Train Epoch: 50 	Loss: 0.226147, lr: 0.100000, Time: 6.63s
Clean ACC: 7144/8000 = 0.893000, Loss: 0.35648640990257263
ASR: 78/7193 = 0.010844


<Backdoor Training> Train Epoch: 51 	Loss: 0.054119, lr: 0.010000, Time: 6.31s
Clean ACC: 7403/8000 = 0.925375, Loss: 0.25662750005722046
ASR: 73/7193 = 0.010149


<Backdoor Training> Train Epoch: 52 	Loss: 0.011948, lr: 0.010000, Time: 6.78s
Clean ACC: 7404/8000 = 0.925500, Loss: 0.2561917304992676
ASR: 65/7193 = 0.009037


<Backdoor Training> Train Epoch: 53 	Loss: 0.107881, lr: 0.010000, Time: 6.93s
Clean ACC: 7412/8000 = 0.926500, Loss: 0.2621292769908905
ASR: 86/7193 = 0.011956


<Backdoor Training> Train Epoch: 54 	Loss: 0.034732, lr: 0.010000, Time: 6.27s
Clean ACC: 7408/8000 = 0.926000, Loss: 0.26728883385658264
ASR: 76/7193 = 0.010566


<Backdoor Training> Train Epoch: 55 	Loss: 0.036559, lr: 0.010000, Time: 6.16s
Clean ACC: 7427/8000 = 0.928375, Loss: 0.27258315682411194
ASR: 85/7193 = 0.011817


<Backdoor Training> Train Epoch: 56 	Loss: 0.066067, lr: 0.010000, Time: 7.57s
Clean ACC: 7424/8000 = 0.928000, Loss: 0.27652445435523987
ASR: 77/7193 = 0.010705


<Backdoor Training> Train Epoch: 57 	Loss: 0.038713, lr: 0.010000, Time: 6.84s
Clean ACC: 7425/8000 = 0.928125, Loss: 0.27348294854164124
ASR: 77/7193 = 0.010705


<Backdoor Training> Train Epoch: 58 	Loss: 0.047325, lr: 0.010000, Time: 6.38s
Clean ACC: 7400/8000 = 0.925000, Loss: 0.28751981258392334
ASR: 87/7193 = 0.012095


<Backdoor Training> Train Epoch: 59 	Loss: 0.012616, lr: 0.010000, Time: 6.94s
Clean ACC: 7423/8000 = 0.927875, Loss: 0.2841261923313141
ASR: 83/7193 = 0.011539


<Backdoor Training> Train Epoch: 60 	Loss: 0.031905, lr: 0.010000, Time: 6.88s
Clean ACC: 7425/8000 = 0.928125, Loss: 0.28958451747894287
ASR: 66/7193 = 0.009176


<Backdoor Training> Train Epoch: 61 	Loss: 0.036616, lr: 0.010000, Time: 6.31s
Clean ACC: 7422/8000 = 0.927750, Loss: 0.2898118793964386
ASR: 70/7193 = 0.009732


<Backdoor Training> Train Epoch: 62 	Loss: 0.037727, lr: 0.010000, Time: 6.21s
Clean ACC: 7420/8000 = 0.927500, Loss: 0.29521891474723816
ASR: 81/7193 = 0.011261


<Backdoor Training> Train Epoch: 63 	Loss: 0.010255, lr: 0.010000, Time: 6.88s
Clean ACC: 7423/8000 = 0.927875, Loss: 0.30327320098876953
ASR: 85/7193 = 0.011817


<Backdoor Training> Train Epoch: 64 	Loss: 0.013621, lr: 0.010000, Time: 6.40s
Clean ACC: 7415/8000 = 0.926875, Loss: 0.3025846779346466
ASR: 82/7193 = 0.011400


<Backdoor Training> Train Epoch: 65 	Loss: 0.015147, lr: 0.010000, Time: 6.26s
Clean ACC: 7408/8000 = 0.926000, Loss: 0.305793821811676
ASR: 95/7193 = 0.013207


<Backdoor Training> Train Epoch: 66 	Loss: 0.004219, lr: 0.010000, Time: 6.85s
Clean ACC: 7420/8000 = 0.927500, Loss: 0.3056504428386688
ASR: 74/7193 = 0.010288


<Backdoor Training> Train Epoch: 67 	Loss: 0.002945, lr: 0.010000, Time: 6.59s
Clean ACC: 7428/8000 = 0.928500, Loss: 0.30363813042640686
ASR: 83/7193 = 0.011539


<Backdoor Training> Train Epoch: 68 	Loss: 0.002915, lr: 0.010000, Time: 6.19s
Clean ACC: 7419/8000 = 0.927375, Loss: 0.30830931663513184
ASR: 80/7193 = 0.011122


<Backdoor Training> Train Epoch: 69 	Loss: 0.005640, lr: 0.010000, Time: 6.33s
Clean ACC: 7411/8000 = 0.926375, Loss: 0.3139663636684418
ASR: 82/7193 = 0.011400


<Backdoor Training> Train Epoch: 70 	Loss: 0.005181, lr: 0.010000, Time: 6.87s
Clean ACC: 7423/8000 = 0.927875, Loss: 0.3164353668689728
ASR: 84/7193 = 0.011678


<Backdoor Training> Train Epoch: 71 	Loss: 0.005329, lr: 0.010000, Time: 6.33s
Clean ACC: 7424/8000 = 0.928000, Loss: 0.320406436920166
ASR: 79/7193 = 0.010983


<Backdoor Training> Train Epoch: 72 	Loss: 0.005452, lr: 0.010000, Time: 6.24s
Clean ACC: 7417/8000 = 0.927125, Loss: 0.3166191875934601
ASR: 72/7193 = 0.010010


<Backdoor Training> Train Epoch: 73 	Loss: 0.003592, lr: 0.010000, Time: 6.88s
Clean ACC: 7431/8000 = 0.928875, Loss: 0.3236106038093567
ASR: 80/7193 = 0.011122


<Backdoor Training> Train Epoch: 74 	Loss: 0.002138, lr: 0.010000, Time: 6.86s
Clean ACC: 7420/8000 = 0.927500, Loss: 0.31943538784980774
ASR: 70/7193 = 0.009732


<Backdoor Training> Train Epoch: 75 	Loss: 0.011968, lr: 0.010000, Time: 6.24s
Clean ACC: 7437/8000 = 0.929625, Loss: 0.3167160451412201
ASR: 75/7193 = 0.010427


<Backdoor Training> Train Epoch: 76 	Loss: 0.006705, lr: 0.001000, Time: 6.30s
Clean ACC: 7416/8000 = 0.927000, Loss: 0.31746378540992737
ASR: 76/7193 = 0.010566


<Backdoor Training> Train Epoch: 77 	Loss: 0.001890, lr: 0.001000, Time: 6.81s
Clean ACC: 7433/8000 = 0.929125, Loss: 0.31635236740112305
ASR: 73/7193 = 0.010149


<Backdoor Training> Train Epoch: 78 	Loss: 0.008959, lr: 0.001000, Time: 6.08s
Clean ACC: 7426/8000 = 0.928250, Loss: 0.3192307949066162
ASR: 72/7193 = 0.010010


<Backdoor Training> Train Epoch: 79 	Loss: 0.012354, lr: 0.001000, Time: 6.32s
Clean ACC: 7437/8000 = 0.929625, Loss: 0.3183803856372833
ASR: 74/7193 = 0.010288


<Backdoor Training> Train Epoch: 80 	Loss: 0.001865, lr: 0.001000, Time: 6.95s
Clean ACC: 7427/8000 = 0.928375, Loss: 0.3195286691188812
ASR: 71/7193 = 0.009871


<Backdoor Training> Train Epoch: 81 	Loss: 0.017882, lr: 0.001000, Time: 6.94s
Clean ACC: 7437/8000 = 0.929625, Loss: 0.3169987201690674
ASR: 75/7193 = 0.010427


<Backdoor Training> Train Epoch: 82 	Loss: 0.018025, lr: 0.001000, Time: 6.22s
Clean ACC: 7429/8000 = 0.928625, Loss: 0.3180563449859619
ASR: 78/7193 = 0.010844


<Backdoor Training> Train Epoch: 83 	Loss: 0.001057, lr: 0.001000, Time: 6.47s
Clean ACC: 7424/8000 = 0.928000, Loss: 0.31698304414749146
ASR: 75/7193 = 0.010427


<Backdoor Training> Train Epoch: 84 	Loss: 0.004446, lr: 0.001000, Time: 6.83s
Clean ACC: 7432/8000 = 0.929000, Loss: 0.3170402944087982
ASR: 71/7193 = 0.009871


<Backdoor Training> Train Epoch: 85 	Loss: 0.009055, lr: 0.001000, Time: 6.37s
Clean ACC: 7437/8000 = 0.929625, Loss: 0.3171459138393402
ASR: 63/7193 = 0.008759


<Backdoor Training> Train Epoch: 86 	Loss: 0.003072, lr: 0.001000, Time: 6.22s
Clean ACC: 7434/8000 = 0.929250, Loss: 0.3194411098957062
ASR: 71/7193 = 0.009871


<Backdoor Training> Train Epoch: 87 	Loss: 0.003963, lr: 0.001000, Time: 6.67s
Clean ACC: 7442/8000 = 0.930250, Loss: 0.31814366579055786
ASR: 72/7193 = 0.010010


<Backdoor Training> Train Epoch: 88 	Loss: 0.010073, lr: 0.001000, Time: 6.72s
Clean ACC: 7428/8000 = 0.928500, Loss: 0.319667249917984
ASR: 71/7193 = 0.009871


<Backdoor Training> Train Epoch: 89 	Loss: 0.009731, lr: 0.001000, Time: 6.35s
Clean ACC: 7429/8000 = 0.928625, Loss: 0.3175342381000519
ASR: 70/7193 = 0.009732


<Backdoor Training> Train Epoch: 90 	Loss: 0.021372, lr: 0.001000, Time: 6.85s
Clean ACC: 7436/8000 = 0.929500, Loss: 0.3172827661037445
ASR: 69/7193 = 0.009593


<Backdoor Training> Train Epoch: 91 	Loss: 0.001108, lr: 0.001000, Time: 7.04s
Clean ACC: 7429/8000 = 0.928625, Loss: 0.319879949092865
ASR: 73/7193 = 0.010149


<Backdoor Training> Train Epoch: 92 	Loss: 0.005683, lr: 0.001000, Time: 6.30s
Clean ACC: 7429/8000 = 0.928625, Loss: 0.3195348083972931
ASR: 71/7193 = 0.009871


<Backdoor Training> Train Epoch: 93 	Loss: 0.002168, lr: 0.001000, Time: 6.29s
Clean ACC: 7429/8000 = 0.928625, Loss: 0.31879371404647827
ASR: 78/7193 = 0.010844


<Backdoor Training> Train Epoch: 94 	Loss: 0.008712, lr: 0.001000, Time: 6.68s
Clean ACC: 7437/8000 = 0.929625, Loss: 0.3194754123687744
ASR: 76/7193 = 0.010566


<Backdoor Training> Train Epoch: 95 	Loss: 0.006522, lr: 0.001000, Time: 6.30s
Clean ACC: 7434/8000 = 0.929250, Loss: 0.32007619738578796
ASR: 83/7193 = 0.011539


<Backdoor Training> Train Epoch: 96 	Loss: 0.000514, lr: 0.001000, Time: 6.30s
Clean ACC: 7426/8000 = 0.928250, Loss: 0.31668952107429504
ASR: 65/7193 = 0.009037


<Backdoor Training> Train Epoch: 97 	Loss: 0.009066, lr: 0.001000, Time: 6.34s
Clean ACC: 7423/8000 = 0.927875, Loss: 0.3191693425178528
ASR: 67/7193 = 0.009315


<Backdoor Training> Train Epoch: 98 	Loss: 0.006863, lr: 0.001000, Time: 6.39s
Clean ACC: 7431/8000 = 0.928875, Loss: 0.3188745379447937
ASR: 74/7193 = 0.010288


<Backdoor Training> Train Epoch: 99 	Loss: 0.002577, lr: 0.001000, Time: 6.53s
Clean ACC: 7433/8000 = 0.929125, Loss: 0.31903088092803955
ASR: 65/7193 = 0.009037


<Backdoor Training> Train Epoch: 100 	Loss: 0.003341, lr: 0.001000, Time: 6.42s
Clean ACC: 7433/8000 = 0.929125, Loss: 0.3192148208618164
ASR: 72/7193 = 0.010010


Testing the backdoor model...
Evaluating model 'poisoned_train_set/cifar10/ISSBA_0.010_poison_seed=0/full_base_aug_seed=2333.pt'...
Clean ACC: 7433/8000 = 0.929125, Loss: 0.3192148208618164
ASR: 72/7193 = 0.010010

Visualizing the model's latent space...
Visualizing model 'poisoned_train_set/cifar10/ISSBA_0.010_poison_seed=0/full_base_aug_seed=2333.pt' on cifar10...
[test]
Clean ACC: 7433/8000 = 0.929125, Loss: 0.31921225786209106
ASR: 72/7193 = 0.010010

Total Clean: 49500
Total Poisoned: 500
torch.Size([512])
clean_dis: 3.073525, poison_dis: 6.452734
Silhouette Score: 0.35634205
Saved figure at assets/pca_cifar10_ISSBA_0.010_poison_seed=0_full_base_aug_seed=2333.pt_class=0.png
Visualizing model 'poisoned_train_set/cifar10/ISSBA_0.010_poison_seed=0/full_base_aug_seed=2333.pt' on cifar10...
[test]
Clean ACC: 7433/8000 = 0.929125, Loss: 0.31921225786209106
ASR: 72/7193 = 0.010010

Total Clean: 49500
Total Poisoned: 500
torch.Size([512])
clean_dis: 3.073525, poison_dis: 6.452734
Silhouette Score: 0.35634205
Saved figure at assets/tsne_cifar10_ISSBA_0.010_poison_seed=0_full_base_aug_seed=2333.pt_class=0.png
Visualizing model 'poisoned_train_set/cifar10/ISSBA_0.010_poison_seed=0/full_base_aug_seed=2333.pt' on cifar10...
[test]
Clean ACC: 7433/8000 = 0.929125, Loss: 0.31921225786209106
ASR: 72/7193 = 0.010010

Total Clean: 49500
Total Poisoned: 500
torch.Size([512])
clean_dis: 3.073525, poison_dis: 6.452734
Silhouette Score: 0.35634205
SVM Accuracy: 0.9825688073394495
Saved figure at assets/oracle_cifar10_ISSBA_0.010_poison_seed=0_full_base_aug_seed=2333.pt_class=0.png
Applying IBD_PSC defense method...
trigger_path: ./triggers/none
No trigger mask found! By default masking all black pixels...
Evaluating model 'poisoned_train_set/cifar10/ISSBA_0.010_poison_seed=0/full_base_aug_seed=2333.pt'...
ba: 92.91250610351562
asr: 1.000973105430603
target label: tensor([0], device='cuda:0')
start_index: 10
TPR: 9.78
FPR: 9.76
AUC: 0.5010
f1 score: 0.16354700407821812
Elapsed time: 50.96s
Experiment for cifar10 with ISSBA completed.
