Creating poisoned training set for clean_label on cifar10...
[target class : 0]
Files already downloaded and verified
trigger: ./triggers/badnet_patch4_dup_32.png
Training the model on the poisoned dataset...
Testing the backdoor model...
Visualizing the model's latent space...
Applying IBD_PSC defense method...
trigger_path: ./triggers/badnet_patch4_dup_32.png
trigger_mask_path: ./triggers/mask_badnet_patch4_dup_32.png
Model 'poisoned_train_set/cifar10/clean_label_0.010_alpha=0.200_trigger=badnet_patch4_dup_32.png_poison_seed=0/full_base_aug_seed=2333.pt' not found.
ba: 9.90000057220459
asr: 0.0
target label: tensor([0], device='cuda:0')
start_index: 1
TPR: 0.00
FPR: 0.00
AUC: 0.4960
f1 score: 0.0
Elapsed time: 28.46s
Experiment for cifar10 with clean_label completed.
