Creating poisoned training set for badnet on cifar10...
[target class : 0]
Files already downloaded and verified
Poisoned set directory 'poisoned_train_set/cifar10/badnet_0.010_poison_seed=0' to be created is not empty! Exiting...
Training the model on the poisoned dataset...
dataset : poisoned_train_set/cifar10/badnet_0.010_poison_seed=0/imgs
Will save to 'poisoned_train_set/cifar10/badnet_0.010_poison_seed=0/full_base_aug_seed=2333.pt'.
Model 'poisoned_train_set/cifar10/badnet_0.010_poison_seed=0/full_base_aug_seed=2333.pt' already exists!
<Backdoor Training> Train Epoch: 1 	Loss: 1.517972, lr: 0.100000, Time: 10.83s
Clean ACC: 3587/8000 = 0.448375, Loss: 1.460097074508667
ASR: 554/7193 = 0.077019


<Backdoor Training> Train Epoch: 2 	Loss: 1.184701, lr: 0.100000, Time: 6.94s
Clean ACC: 4597/8000 = 0.574625, Loss: 1.203351616859436
ASR: 392/7193 = 0.054497


<Backdoor Training> Train Epoch: 3 	Loss: 0.909541, lr: 0.100000, Time: 6.50s
Clean ACC: 5117/8000 = 0.639625, Loss: 1.0625537633895874
ASR: 421/7193 = 0.058529


<Backdoor Training> Train Epoch: 4 	Loss: 0.662953, lr: 0.100000, Time: 6.31s
Clean ACC: 5645/8000 = 0.705625, Loss: 0.8294399976730347
ASR: 151/7193 = 0.020993


<Backdoor Training> Train Epoch: 5 	Loss: 0.710621, lr: 0.100000, Time: 6.43s
Clean ACC: 5730/8000 = 0.716250, Loss: 0.8388541340827942
ASR: 309/7193 = 0.042958


<Backdoor Training> Train Epoch: 6 	Loss: 0.759651, lr: 0.100000, Time: 6.28s
Clean ACC: 5834/8000 = 0.729250, Loss: 0.7753183841705322
ASR: 142/7193 = 0.019741


<Backdoor Training> Train Epoch: 7 	Loss: 0.616508, lr: 0.100000, Time: 6.24s
Clean ACC: 6221/8000 = 0.777625, Loss: 0.6618603467941284
ASR: 350/7193 = 0.048658


<Backdoor Training> Train Epoch: 8 	Loss: 0.591493, lr: 0.100000, Time: 6.65s
Clean ACC: 6409/8000 = 0.801125, Loss: 0.5878416299819946
ASR: 173/7193 = 0.024051


<Backdoor Training> Train Epoch: 9 	Loss: 0.530219, lr: 0.100000, Time: 6.79s
Clean ACC: 6410/8000 = 0.801250, Loss: 0.5965778231620789
ASR: 583/7193 = 0.081051


<Backdoor Training> Train Epoch: 10 	Loss: 0.419710, lr: 0.100000, Time: 6.78s
Clean ACC: 6641/8000 = 0.830125, Loss: 0.5162627696990967
ASR: 7141/7193 = 0.992771


<Backdoor Training> Train Epoch: 11 	Loss: 0.403432, lr: 0.100000, Time: 6.67s
Clean ACC: 6781/8000 = 0.847625, Loss: 0.4406929612159729
ASR: 7191/7193 = 0.999722


<Backdoor Training> Train Epoch: 12 	Loss: 0.483086, lr: 0.100000, Time: 6.72s
Clean ACC: 6693/8000 = 0.836625, Loss: 0.4816036522388458
ASR: 7193/7193 = 1.000000


<Backdoor Training> Train Epoch: 13 	Loss: 0.454601, lr: 0.100000, Time: 6.66s
Clean ACC: 6684/8000 = 0.835500, Loss: 0.48037782311439514
ASR: 7193/7193 = 1.000000


<Backdoor Training> Train Epoch: 14 	Loss: 0.314778, lr: 0.100000, Time: 6.75s
Clean ACC: 6647/8000 = 0.830875, Loss: 0.4953543245792389
ASR: 7193/7193 = 1.000000


<Backdoor Training> Train Epoch: 15 	Loss: 0.287325, lr: 0.100000, Time: 6.48s
Clean ACC: 6742/8000 = 0.842750, Loss: 0.45938408374786377
ASR: 7193/7193 = 1.000000


<Backdoor Training> Train Epoch: 16 	Loss: 0.313096, lr: 0.100000, Time: 6.37s
Clean ACC: 6960/8000 = 0.870000, Loss: 0.41219326853752136
ASR: 7193/7193 = 1.000000


<Backdoor Training> Train Epoch: 17 	Loss: 0.411562, lr: 0.100000, Time: 6.28s
Clean ACC: 6974/8000 = 0.871750, Loss: 0.40085408091545105
ASR: 7193/7193 = 1.000000


<Backdoor Training> Train Epoch: 18 	Loss: 0.430828, lr: 0.100000, Time: 6.26s
Clean ACC: 6822/8000 = 0.852750, Loss: 0.46117615699768066
ASR: 7193/7193 = 1.000000


<Backdoor Training> Train Epoch: 19 	Loss: 0.363685, lr: 0.100000, Time: 6.29s
Clean ACC: 6954/8000 = 0.869250, Loss: 0.38278889656066895
ASR: 7193/7193 = 1.000000


<Backdoor Training> Train Epoch: 20 	Loss: 0.283049, lr: 0.100000, Time: 6.65s
Clean ACC: 6987/8000 = 0.873375, Loss: 0.3675004839897156
ASR: 7193/7193 = 1.000000


<Backdoor Training> Train Epoch: 21 	Loss: 0.330632, lr: 0.100000, Time: 6.66s
Clean ACC: 7017/8000 = 0.877125, Loss: 0.38309526443481445
ASR: 7193/7193 = 1.000000


<Backdoor Training> Train Epoch: 22 	Loss: 0.237639, lr: 0.100000, Time: 6.72s
Clean ACC: 7090/8000 = 0.886250, Loss: 0.35018113255500793
ASR: 7193/7193 = 1.000000


<Backdoor Training> Train Epoch: 23 	Loss: 0.205267, lr: 0.100000, Time: 6.64s
Clean ACC: 7074/8000 = 0.884250, Loss: 0.3558475077152252
ASR: 7193/7193 = 1.000000


<Backdoor Training> Train Epoch: 24 	Loss: 0.284553, lr: 0.100000, Time: 6.64s
Clean ACC: 7038/8000 = 0.879750, Loss: 0.38634225726127625
ASR: 7193/7193 = 1.000000


<Backdoor Training> Train Epoch: 25 	Loss: 0.131054, lr: 0.100000, Time: 6.66s
Clean ACC: 7068/8000 = 0.883500, Loss: 0.36167559027671814
ASR: 7193/7193 = 1.000000


<Backdoor Training> Train Epoch: 26 	Loss: 0.194225, lr: 0.100000, Time: 6.50s
Clean ACC: 6974/8000 = 0.871750, Loss: 0.41040536761283875
ASR: 7193/7193 = 1.000000


<Backdoor Training> Train Epoch: 27 	Loss: 0.224220, lr: 0.100000, Time: 6.30s
Clean ACC: 7088/8000 = 0.886000, Loss: 0.3647533059120178
ASR: 7193/7193 = 1.000000


<Backdoor Training> Train Epoch: 28 	Loss: 0.216966, lr: 0.100000, Time: 6.19s
Clean ACC: 7093/8000 = 0.886625, Loss: 0.3862669765949249
ASR: 7193/7193 = 1.000000


<Backdoor Training> Train Epoch: 29 	Loss: 0.091575, lr: 0.100000, Time: 6.28s
Clean ACC: 7142/8000 = 0.892750, Loss: 0.34346646070480347
ASR: 7193/7193 = 1.000000


<Backdoor Training> Train Epoch: 30 	Loss: 0.305524, lr: 0.100000, Time: 6.34s
Clean ACC: 6906/8000 = 0.863250, Loss: 0.471890389919281
ASR: 7193/7193 = 1.000000


<Backdoor Training> Train Epoch: 31 	Loss: 0.090097, lr: 0.100000, Time: 6.74s
Clean ACC: 7187/8000 = 0.898375, Loss: 0.3362823724746704
ASR: 7193/7193 = 1.000000


<Backdoor Training> Train Epoch: 32 	Loss: 0.225727, lr: 0.100000, Time: 6.84s
Clean ACC: 7148/8000 = 0.893500, Loss: 0.36500418186187744
ASR: 7193/7193 = 1.000000


<Backdoor Training> Train Epoch: 33 	Loss: 0.178549, lr: 0.100000, Time: 6.74s
Clean ACC: 6940/8000 = 0.867500, Loss: 0.4167037904262543
ASR: 7193/7193 = 1.000000


<Backdoor Training> Train Epoch: 34 	Loss: 0.133240, lr: 0.100000, Time: 6.81s
Clean ACC: 7148/8000 = 0.893500, Loss: 0.3557470738887787
ASR: 7193/7193 = 1.000000


<Backdoor Training> Train Epoch: 35 	Loss: 0.236969, lr: 0.100000, Time: 6.69s
Clean ACC: 7151/8000 = 0.893875, Loss: 0.3481352925300598
ASR: 7193/7193 = 1.000000


<Backdoor Training> Train Epoch: 36 	Loss: 0.226875, lr: 0.100000, Time: 6.76s
Clean ACC: 7177/8000 = 0.897125, Loss: 0.3394254148006439
ASR: 7193/7193 = 1.000000


<Backdoor Training> Train Epoch: 37 	Loss: 0.238754, lr: 0.100000, Time: 6.63s
Clean ACC: 7222/8000 = 0.902750, Loss: 0.3204728066921234
ASR: 7193/7193 = 1.000000


<Backdoor Training> Train Epoch: 38 	Loss: 0.160517, lr: 0.100000, Time: 6.25s
Clean ACC: 7111/8000 = 0.888875, Loss: 0.3785291314125061
ASR: 7191/7193 = 0.999722


<Backdoor Training> Train Epoch: 39 	Loss: 0.231507, lr: 0.100000, Time: 6.18s
Clean ACC: 7164/8000 = 0.895500, Loss: 0.341989129781723
ASR: 7193/7193 = 1.000000


<Backdoor Training> Train Epoch: 40 	Loss: 0.066205, lr: 0.100000, Time: 6.26s
Clean ACC: 7149/8000 = 0.893625, Loss: 0.3643650412559509
ASR: 7193/7193 = 1.000000


<Backdoor Training> Train Epoch: 41 	Loss: 0.096397, lr: 0.100000, Time: 6.30s
Clean ACC: 7121/8000 = 0.890125, Loss: 0.4063813388347626
ASR: 7193/7193 = 1.000000


<Backdoor Training> Train Epoch: 42 	Loss: 0.251729, lr: 0.100000, Time: 6.67s
Clean ACC: 7095/8000 = 0.886875, Loss: 0.40132397413253784
ASR: 7193/7193 = 1.000000


<Backdoor Training> Train Epoch: 43 	Loss: 0.092740, lr: 0.100000, Time: 6.73s
Clean ACC: 7086/8000 = 0.885750, Loss: 0.38394033908843994
ASR: 7193/7193 = 1.000000


<Backdoor Training> Train Epoch: 44 	Loss: 0.189218, lr: 0.100000, Time: 6.88s
Clean ACC: 7109/8000 = 0.888625, Loss: 0.3833651840686798
ASR: 7193/7193 = 1.000000


<Backdoor Training> Train Epoch: 45 	Loss: 0.137906, lr: 0.100000, Time: 6.76s
Clean ACC: 7162/8000 = 0.895250, Loss: 0.3465692698955536
ASR: 7193/7193 = 1.000000


<Backdoor Training> Train Epoch: 46 	Loss: 0.268607, lr: 0.100000, Time: 6.69s
Clean ACC: 7152/8000 = 0.894000, Loss: 0.3595336675643921
ASR: 7193/7193 = 1.000000


<Backdoor Training> Train Epoch: 47 	Loss: 0.122403, lr: 0.100000, Time: 6.71s
Clean ACC: 7251/8000 = 0.906375, Loss: 0.30730196833610535
ASR: 7193/7193 = 1.000000


<Backdoor Training> Train Epoch: 48 	Loss: 0.170100, lr: 0.100000, Time: 6.70s
Clean ACC: 6996/8000 = 0.874500, Loss: 0.44813692569732666
ASR: 7193/7193 = 1.000000


<Backdoor Training> Train Epoch: 49 	Loss: 0.141393, lr: 0.100000, Time: 6.50s
Clean ACC: 7188/8000 = 0.898500, Loss: 0.3422445058822632
ASR: 7193/7193 = 1.000000


<Backdoor Training> Train Epoch: 50 	Loss: 0.140695, lr: 0.100000, Time: 6.23s
Clean ACC: 7070/8000 = 0.883750, Loss: 0.404732882976532
ASR: 7193/7193 = 1.000000


<Backdoor Training> Train Epoch: 51 	Loss: 0.018562, lr: 0.010000, Time: 6.23s
Clean ACC: 7422/8000 = 0.927750, Loss: 0.24195358157157898
ASR: 7193/7193 = 1.000000


<Backdoor Training> Train Epoch: 52 	Loss: 0.024383, lr: 0.010000, Time: 6.35s
Clean ACC: 7451/8000 = 0.931375, Loss: 0.2382727861404419
ASR: 7193/7193 = 1.000000


<Backdoor Training> Train Epoch: 53 	Loss: 0.025590, lr: 0.010000, Time: 6.60s
Clean ACC: 7465/8000 = 0.933125, Loss: 0.23851530253887177
ASR: 7193/7193 = 1.000000


<Backdoor Training> Train Epoch: 54 	Loss: 0.017050, lr: 0.010000, Time: 6.72s
Clean ACC: 7464/8000 = 0.933000, Loss: 0.23992101848125458
ASR: 7193/7193 = 1.000000


<Backdoor Training> Train Epoch: 55 	Loss: 0.009197, lr: 0.010000, Time: 6.68s
Clean ACC: 7472/8000 = 0.934000, Loss: 0.24169591069221497
ASR: 7193/7193 = 1.000000


<Backdoor Training> Train Epoch: 56 	Loss: 0.127153, lr: 0.010000, Time: 6.72s
Clean ACC: 7479/8000 = 0.934875, Loss: 0.24853038787841797
ASR: 7193/7193 = 1.000000


<Backdoor Training> Train Epoch: 57 	Loss: 0.006137, lr: 0.010000, Time: 6.83s
Clean ACC: 7481/8000 = 0.935125, Loss: 0.24871352314949036
ASR: 7193/7193 = 1.000000


<Backdoor Training> Train Epoch: 58 	Loss: 0.013913, lr: 0.010000, Time: 6.77s
Clean ACC: 7489/8000 = 0.936125, Loss: 0.25118544697761536
ASR: 7193/7193 = 1.000000


<Backdoor Training> Train Epoch: 59 	Loss: 0.076847, lr: 0.010000, Time: 6.73s
Clean ACC: 7478/8000 = 0.934750, Loss: 0.2565239667892456
ASR: 7193/7193 = 1.000000


<Backdoor Training> Train Epoch: 60 	Loss: 0.020596, lr: 0.010000, Time: 6.31s
Clean ACC: 7492/8000 = 0.936500, Loss: 0.2555931508541107
ASR: 7193/7193 = 1.000000


<Backdoor Training> Train Epoch: 61 	Loss: 0.019353, lr: 0.010000, Time: 6.43s
Clean ACC: 7495/8000 = 0.936875, Loss: 0.2563614547252655
ASR: 7193/7193 = 1.000000


<Backdoor Training> Train Epoch: 62 	Loss: 0.005430, lr: 0.010000, Time: 6.27s
Clean ACC: 7491/8000 = 0.936375, Loss: 0.25807780027389526
ASR: 7193/7193 = 1.000000


<Backdoor Training> Train Epoch: 63 	Loss: 0.066402, lr: 0.010000, Time: 6.50s
Clean ACC: 7504/8000 = 0.938000, Loss: 0.25979846715927124
ASR: 7193/7193 = 1.000000


<Backdoor Training> Train Epoch: 64 	Loss: 0.044350, lr: 0.010000, Time: 6.45s
Clean ACC: 7490/8000 = 0.936250, Loss: 0.2641434073448181
ASR: 7193/7193 = 1.000000


<Backdoor Training> Train Epoch: 65 	Loss: 0.098266, lr: 0.010000, Time: 6.76s
Clean ACC: 7488/8000 = 0.936000, Loss: 0.26336178183555603
ASR: 7193/7193 = 1.000000


<Backdoor Training> Train Epoch: 66 	Loss: 0.006527, lr: 0.010000, Time: 6.78s
Clean ACC: 7487/8000 = 0.935875, Loss: 0.2639867961406708
ASR: 7193/7193 = 1.000000


<Backdoor Training> Train Epoch: 67 	Loss: 0.020218, lr: 0.010000, Time: 6.82s
Clean ACC: 7484/8000 = 0.935500, Loss: 0.2664530277252197
ASR: 7193/7193 = 1.000000


<Backdoor Training> Train Epoch: 68 	Loss: 0.004370, lr: 0.010000, Time: 6.64s
Clean ACC: 7489/8000 = 0.936125, Loss: 0.26637765765190125
ASR: 7193/7193 = 1.000000


<Backdoor Training> Train Epoch: 69 	Loss: 0.053836, lr: 0.010000, Time: 6.72s
Clean ACC: 7494/8000 = 0.936750, Loss: 0.2703581154346466
ASR: 7193/7193 = 1.000000


<Backdoor Training> Train Epoch: 70 	Loss: 0.009890, lr: 0.010000, Time: 6.69s
Clean ACC: 7479/8000 = 0.934875, Loss: 0.27420246601104736
ASR: 7193/7193 = 1.000000


<Backdoor Training> Train Epoch: 71 	Loss: 0.022144, lr: 0.010000, Time: 6.59s
Clean ACC: 7485/8000 = 0.935625, Loss: 0.27214527130126953
ASR: 7193/7193 = 1.000000


<Backdoor Training> Train Epoch: 72 	Loss: 0.031588, lr: 0.010000, Time: 6.29s
Clean ACC: 7494/8000 = 0.936750, Loss: 0.2720170319080353
ASR: 7193/7193 = 1.000000


<Backdoor Training> Train Epoch: 73 	Loss: 0.003936, lr: 0.010000, Time: 6.44s
Clean ACC: 7488/8000 = 0.936000, Loss: 0.2752257287502289
ASR: 7193/7193 = 1.000000


<Backdoor Training> Train Epoch: 74 	Loss: 0.005801, lr: 0.010000, Time: 6.40s
Clean ACC: 7494/8000 = 0.936750, Loss: 0.277220755815506
ASR: 7193/7193 = 1.000000


<Backdoor Training> Train Epoch: 75 	Loss: 0.013066, lr: 0.010000, Time: 6.23s
Clean ACC: 7476/8000 = 0.934500, Loss: 0.27736154198646545
ASR: 7193/7193 = 1.000000


<Backdoor Training> Train Epoch: 76 	Loss: 0.065057, lr: 0.001000, Time: 6.83s
Clean ACC: 7488/8000 = 0.936000, Loss: 0.2743304371833801
ASR: 7193/7193 = 1.000000


<Backdoor Training> Train Epoch: 77 	Loss: 0.001822, lr: 0.001000, Time: 6.78s
Clean ACC: 7493/8000 = 0.936625, Loss: 0.27385276556015015
ASR: 7193/7193 = 1.000000


<Backdoor Training> Train Epoch: 78 	Loss: 0.010558, lr: 0.001000, Time: 6.69s
Clean ACC: 7497/8000 = 0.937125, Loss: 0.27304980158805847
ASR: 7193/7193 = 1.000000


<Backdoor Training> Train Epoch: 79 	Loss: 0.001603, lr: 0.001000, Time: 6.67s
Clean ACC: 7489/8000 = 0.936125, Loss: 0.2731788456439972
ASR: 7193/7193 = 1.000000


<Backdoor Training> Train Epoch: 80 	Loss: 0.005605, lr: 0.001000, Time: 6.78s
Clean ACC: 7490/8000 = 0.936250, Loss: 0.27344951033592224
ASR: 7193/7193 = 1.000000


<Backdoor Training> Train Epoch: 81 	Loss: 0.002782, lr: 0.001000, Time: 6.85s
Clean ACC: 7495/8000 = 0.936875, Loss: 0.27093881368637085
ASR: 7193/7193 = 1.000000


<Backdoor Training> Train Epoch: 82 	Loss: 0.014705, lr: 0.001000, Time: 6.67s
Clean ACC: 7494/8000 = 0.936750, Loss: 0.2720881700515747
ASR: 7193/7193 = 1.000000


<Backdoor Training> Train Epoch: 83 	Loss: 0.004734, lr: 0.001000, Time: 6.32s
Clean ACC: 7493/8000 = 0.936625, Loss: 0.2732233703136444
ASR: 7193/7193 = 1.000000


<Backdoor Training> Train Epoch: 84 	Loss: 0.005280, lr: 0.001000, Time: 6.33s
Clean ACC: 7499/8000 = 0.937375, Loss: 0.27243420481681824
ASR: 7193/7193 = 1.000000


<Backdoor Training> Train Epoch: 85 	Loss: 0.003814, lr: 0.001000, Time: 6.39s
Clean ACC: 7494/8000 = 0.936750, Loss: 0.27248334884643555
ASR: 7193/7193 = 1.000000


<Backdoor Training> Train Epoch: 86 	Loss: 0.003794, lr: 0.001000, Time: 6.36s
Clean ACC: 7487/8000 = 0.935875, Loss: 0.2722555100917816
ASR: 7193/7193 = 1.000000


<Backdoor Training> Train Epoch: 87 	Loss: 0.013123, lr: 0.001000, Time: 6.66s
Clean ACC: 7485/8000 = 0.935625, Loss: 0.2743840515613556
ASR: 7193/7193 = 1.000000


<Backdoor Training> Train Epoch: 88 	Loss: 0.003478, lr: 0.001000, Time: 6.94s
Clean ACC: 7493/8000 = 0.936625, Loss: 0.27261438965797424
ASR: 7193/7193 = 1.000000


<Backdoor Training> Train Epoch: 89 	Loss: 0.115518, lr: 0.001000, Time: 6.63s
Clean ACC: 7491/8000 = 0.936375, Loss: 0.2753772735595703
ASR: 7193/7193 = 1.000000


<Backdoor Training> Train Epoch: 90 	Loss: 0.004034, lr: 0.001000, Time: 6.72s
Clean ACC: 7493/8000 = 0.936625, Loss: 0.27224960923194885
ASR: 7193/7193 = 1.000000


<Backdoor Training> Train Epoch: 91 	Loss: 0.011951, lr: 0.001000, Time: 6.78s
Clean ACC: 7488/8000 = 0.936000, Loss: 0.2726716101169586
ASR: 7193/7193 = 1.000000


<Backdoor Training> Train Epoch: 92 	Loss: 0.018937, lr: 0.001000, Time: 6.88s
Clean ACC: 7483/8000 = 0.935375, Loss: 0.2737164795398712
ASR: 7193/7193 = 1.000000


<Backdoor Training> Train Epoch: 93 	Loss: 0.006179, lr: 0.001000, Time: 6.66s
Clean ACC: 7490/8000 = 0.936250, Loss: 0.2749975919723511
ASR: 7193/7193 = 1.000000


<Backdoor Training> Train Epoch: 94 	Loss: 0.004506, lr: 0.001000, Time: 6.43s
Clean ACC: 7496/8000 = 0.937000, Loss: 0.27739688754081726
ASR: 7193/7193 = 1.000000


<Backdoor Training> Train Epoch: 95 	Loss: 0.006071, lr: 0.001000, Time: 6.28s
Clean ACC: 7493/8000 = 0.936625, Loss: 0.27374765276908875
ASR: 7193/7193 = 1.000000


<Backdoor Training> Train Epoch: 96 	Loss: 0.002595, lr: 0.001000, Time: 6.37s
Clean ACC: 7499/8000 = 0.937375, Loss: 0.27328354120254517
ASR: 7193/7193 = 1.000000


<Backdoor Training> Train Epoch: 97 	Loss: 0.012481, lr: 0.001000, Time: 6.31s
Clean ACC: 7492/8000 = 0.936500, Loss: 0.27569374442100525
ASR: 7193/7193 = 1.000000


<Backdoor Training> Train Epoch: 98 	Loss: 0.005710, lr: 0.001000, Time: 6.39s
Clean ACC: 7490/8000 = 0.936250, Loss: 0.2730368375778198
ASR: 7193/7193 = 1.000000


<Backdoor Training> Train Epoch: 99 	Loss: 0.022790, lr: 0.001000, Time: 6.68s
Clean ACC: 7500/8000 = 0.937500, Loss: 0.27546966075897217
ASR: 7193/7193 = 1.000000


<Backdoor Training> Train Epoch: 100 	Loss: 0.003416, lr: 0.001000, Time: 6.81s
Clean ACC: 7498/8000 = 0.937250, Loss: 0.2754944860935211
ASR: 7193/7193 = 1.000000


Testing the backdoor model...
Evaluating model 'poisoned_train_set/cifar10/badnet_0.010_poison_seed=0/full_base_aug_seed=2333.pt'...
Clean ACC: 7498/8000 = 0.937250, Loss: 0.2754944860935211
ASR: 7193/7193 = 1.000000

Visualizing the model's latent space...
Visualizing model 'poisoned_train_set/cifar10/badnet_0.010_poison_seed=0/full_base_aug_seed=2333.pt' on cifar10...
[test]
Clean ACC: 7498/8000 = 0.937250, Loss: 0.2755037248134613
ASR: 7193/7193 = 1.000000

Total Clean: 49500
Total Poisoned: 500
torch.Size([512])
clean_dis: 3.162096, poison_dis: 8.758393
Silhouette Score: 0.51645803
Saved figure at assets/pca_cifar10_badnet_0.010_poison_seed=0_full_base_aug_seed=2333.pt_class=0.png
Visualizing model 'poisoned_train_set/cifar10/badnet_0.010_poison_seed=0/full_base_aug_seed=2333.pt' on cifar10...
[test]
Clean ACC: 7498/8000 = 0.937250, Loss: 0.2755037248134613
ASR: 7193/7193 = 1.000000

Total Clean: 49500
Total Poisoned: 500
torch.Size([512])
clean_dis: 3.162096, poison_dis: 8.758393
Silhouette Score: 0.51645803
Saved figure at assets/tsne_cifar10_badnet_0.010_poison_seed=0_full_base_aug_seed=2333.pt_class=0.png
Visualizing model 'poisoned_train_set/cifar10/badnet_0.010_poison_seed=0/full_base_aug_seed=2333.pt' on cifar10...
[test]
Clean ACC: 7498/8000 = 0.937250, Loss: 0.2755037248134613
ASR: 7193/7193 = 1.000000

Total Clean: 49500
Total Poisoned: 500
torch.Size([512])
clean_dis: 3.162096, poison_dis: 8.758393
Silhouette Score: 0.51645803
SVM Accuracy: 1.0
Saved figure at assets/oracle_cifar10_badnet_0.010_poison_seed=0_full_base_aug_seed=2333.pt_class=0.png
Applying IBD_PSC defense method...
trigger_path: ./triggers/badnet_patch_32.png
trigger_mask_path: ./triggers/mask_badnet_patch_32.png
Evaluating model 'poisoned_train_set/cifar10/badnet_0.010_poison_seed=0/full_base_aug_seed=2333.pt'...
ba: 93.72500610351562
asr: 100.0
target label: tensor([0], device='cuda:0')
start_index: 6
TPR: 100.00
FPR: 7.46
AUC: 0.9999
f1 score: 0.9640296439115503
Elapsed time: 12.57s
Experiment for cifar10 with badnet completed.
