Creating poisoned training set for ISSBA on cifar10...
[target class : 0]
Files already downloaded and verified
Poisoned set directory 'poisoned_train_set/cifar10/ISSBA_0.010_poison_seed=0' to be created is not empty! Exiting...
Training the model on the poisoned dataset...
dataset : poisoned_train_set/cifar10/ISSBA_0.010_poison_seed=0/imgs
Will save to 'poisoned_train_set/cifar10/ISSBA_0.010_poison_seed=0/full_base_aug_seed=2333.pt'.
Model 'poisoned_train_set/cifar10/ISSBA_0.010_poison_seed=0/full_base_aug_seed=2333.pt' already exists!
<Backdoor Training> Train Epoch: 1 	Loss: 1.615122, lr: 0.100000, Time: 8.95s
Clean ACC: 2980/8000 = 0.372500, Loss: 1.6737006902694702
ASR: 479/7193 = 0.066593


<Backdoor Training> Train Epoch: 2 	Loss: 1.355440, lr: 0.100000, Time: 6.02s
Clean ACC: 3904/8000 = 0.488000, Loss: 1.4080183506011963
ASR: 583/7193 = 0.081051


<Backdoor Training> Train Epoch: 3 	Loss: 1.000178, lr: 0.100000, Time: 6.00s
Clean ACC: 4801/8000 = 0.600125, Loss: 1.1377041339874268
ASR: 615/7193 = 0.085500


<Backdoor Training> Train Epoch: 4 	Loss: 1.044480, lr: 0.100000, Time: 6.03s
Clean ACC: 5248/8000 = 0.656000, Loss: 0.9801321029663086
ASR: 255/7193 = 0.035451


<Backdoor Training> Train Epoch: 5 	Loss: 1.036307, lr: 0.100000, Time: 5.99s
Clean ACC: 5625/8000 = 0.703125, Loss: 0.8506984710693359
ASR: 416/7193 = 0.057834


<Backdoor Training> Train Epoch: 6 	Loss: 0.783769, lr: 0.100000, Time: 6.02s
Clean ACC: 5706/8000 = 0.713250, Loss: 0.8342047929763794
ASR: 281/7193 = 0.039066


<Backdoor Training> Train Epoch: 7 	Loss: 0.682542, lr: 0.100000, Time: 5.98s
Clean ACC: 6096/8000 = 0.762000, Loss: 0.6970645785331726
ASR: 322/7193 = 0.044766


<Backdoor Training> Train Epoch: 8 	Loss: 0.816103, lr: 0.100000, Time: 5.96s
Clean ACC: 6064/8000 = 0.758000, Loss: 0.7119745016098022
ASR: 48/7193 = 0.006673


<Backdoor Training> Train Epoch: 9 	Loss: 0.579896, lr: 0.100000, Time: 5.96s
Clean ACC: 6274/8000 = 0.784250, Loss: 0.6440942287445068
ASR: 122/7193 = 0.016961


<Backdoor Training> Train Epoch: 10 	Loss: 0.449651, lr: 0.100000, Time: 5.97s
Clean ACC: 6423/8000 = 0.802875, Loss: 0.5790452361106873
ASR: 113/7193 = 0.015710


<Backdoor Training> Train Epoch: 11 	Loss: 0.706872, lr: 0.100000, Time: 5.98s
Clean ACC: 6688/8000 = 0.836000, Loss: 0.4830320477485657
ASR: 175/7193 = 0.024329


<Backdoor Training> Train Epoch: 12 	Loss: 0.508516, lr: 0.100000, Time: 5.97s
Clean ACC: 6513/8000 = 0.814125, Loss: 0.5507320761680603
ASR: 147/7193 = 0.020437


<Backdoor Training> Train Epoch: 13 	Loss: 0.337699, lr: 0.100000, Time: 6.10s
Clean ACC: 6709/8000 = 0.838625, Loss: 0.49644339084625244
ASR: 111/7193 = 0.015432


<Backdoor Training> Train Epoch: 14 	Loss: 0.272911, lr: 0.100000, Time: 5.97s
Clean ACC: 6759/8000 = 0.844875, Loss: 0.460379034280777
ASR: 209/7193 = 0.029056


<Backdoor Training> Train Epoch: 15 	Loss: 0.263967, lr: 0.100000, Time: 6.00s
Clean ACC: 6702/8000 = 0.837750, Loss: 0.5113668441772461
ASR: 302/7193 = 0.041985


<Backdoor Training> Train Epoch: 16 	Loss: 0.429544, lr: 0.100000, Time: 5.98s
Clean ACC: 6851/8000 = 0.856375, Loss: 0.43218663334846497
ASR: 187/7193 = 0.025997


<Backdoor Training> Train Epoch: 17 	Loss: 0.352689, lr: 0.100000, Time: 5.98s
Clean ACC: 6927/8000 = 0.865875, Loss: 0.4146931767463684
ASR: 159/7193 = 0.022105


<Backdoor Training> Train Epoch: 18 	Loss: 0.472616, lr: 0.100000, Time: 5.99s
Clean ACC: 6819/8000 = 0.852375, Loss: 0.45866429805755615
ASR: 70/7193 = 0.009732


<Backdoor Training> Train Epoch: 19 	Loss: 0.344553, lr: 0.100000, Time: 6.00s
Clean ACC: 7020/8000 = 0.877500, Loss: 0.37253254652023315
ASR: 83/7193 = 0.011539


<Backdoor Training> Train Epoch: 20 	Loss: 0.330578, lr: 0.100000, Time: 6.02s
Clean ACC: 6867/8000 = 0.858375, Loss: 0.46571406722068787
ASR: 160/7193 = 0.022244


<Backdoor Training> Train Epoch: 21 	Loss: 0.428477, lr: 0.100000, Time: 6.02s
Clean ACC: 6917/8000 = 0.864625, Loss: 0.41171717643737793
ASR: 156/7193 = 0.021688


<Backdoor Training> Train Epoch: 22 	Loss: 0.346797, lr: 0.100000, Time: 5.98s
Clean ACC: 7030/8000 = 0.878750, Loss: 0.3758257031440735
ASR: 107/7193 = 0.014876


<Backdoor Training> Train Epoch: 23 	Loss: 0.203271, lr: 0.100000, Time: 6.00s
Clean ACC: 6900/8000 = 0.862500, Loss: 0.4494781494140625
ASR: 149/7193 = 0.020715


<Backdoor Training> Train Epoch: 24 	Loss: 0.255762, lr: 0.100000, Time: 6.01s
Clean ACC: 6860/8000 = 0.857500, Loss: 0.45413947105407715
ASR: 136/7193 = 0.018907


<Backdoor Training> Train Epoch: 25 	Loss: 0.156245, lr: 0.100000, Time: 5.97s
Clean ACC: 7011/8000 = 0.876375, Loss: 0.3991938531398773
ASR: 91/7193 = 0.012651


<Backdoor Training> Train Epoch: 26 	Loss: 0.383213, lr: 0.100000, Time: 5.98s
Clean ACC: 6952/8000 = 0.869000, Loss: 0.41895854473114014
ASR: 83/7193 = 0.011539


<Backdoor Training> Train Epoch: 27 	Loss: 0.220338, lr: 0.100000, Time: 5.97s
Clean ACC: 6806/8000 = 0.850750, Loss: 0.5044799447059631
ASR: 179/7193 = 0.024885


<Backdoor Training> Train Epoch: 28 	Loss: 0.151790, lr: 0.100000, Time: 5.97s
Clean ACC: 7044/8000 = 0.880500, Loss: 0.38366422057151794
ASR: 51/7193 = 0.007090


<Backdoor Training> Train Epoch: 29 	Loss: 0.167012, lr: 0.100000, Time: 5.98s
Clean ACC: 7037/8000 = 0.879625, Loss: 0.3973604738712311
ASR: 187/7193 = 0.025997


<Backdoor Training> Train Epoch: 30 	Loss: 0.142972, lr: 0.100000, Time: 5.97s
Clean ACC: 7019/8000 = 0.877375, Loss: 0.3921133875846863
ASR: 130/7193 = 0.018073


<Backdoor Training> Train Epoch: 31 	Loss: 0.401733, lr: 0.100000, Time: 6.01s
Clean ACC: 7076/8000 = 0.884500, Loss: 0.37196052074432373
ASR: 120/7193 = 0.016683


<Backdoor Training> Train Epoch: 32 	Loss: 0.219120, lr: 0.100000, Time: 5.97s
Clean ACC: 7142/8000 = 0.892750, Loss: 0.3405761122703552
ASR: 105/7193 = 0.014598


<Backdoor Training> Train Epoch: 33 	Loss: 0.198572, lr: 0.100000, Time: 5.99s
Clean ACC: 7122/8000 = 0.890250, Loss: 0.3615763485431671
ASR: 76/7193 = 0.010566


<Backdoor Training> Train Epoch: 34 	Loss: 0.202331, lr: 0.100000, Time: 5.95s
Clean ACC: 7130/8000 = 0.891250, Loss: 0.35515296459198
ASR: 82/7193 = 0.011400


<Backdoor Training> Train Epoch: 35 	Loss: 0.189325, lr: 0.100000, Time: 5.97s
Clean ACC: 7170/8000 = 0.896250, Loss: 0.3553158938884735
ASR: 55/7193 = 0.007646


<Backdoor Training> Train Epoch: 36 	Loss: 0.232965, lr: 0.100000, Time: 5.98s
Clean ACC: 7156/8000 = 0.894500, Loss: 0.3523765206336975
ASR: 136/7193 = 0.018907


<Backdoor Training> Train Epoch: 37 	Loss: 0.313479, lr: 0.100000, Time: 5.95s
Clean ACC: 7064/8000 = 0.883000, Loss: 0.38380947709083557
ASR: 84/7193 = 0.011678


<Backdoor Training> Train Epoch: 38 	Loss: 0.159390, lr: 0.100000, Time: 6.00s
Clean ACC: 7038/8000 = 0.879750, Loss: 0.4084830582141876
ASR: 108/7193 = 0.015015


<Backdoor Training> Train Epoch: 39 	Loss: 0.224025, lr: 0.100000, Time: 5.95s
Clean ACC: 7096/8000 = 0.887000, Loss: 0.3961486220359802
ASR: 117/7193 = 0.016266


<Backdoor Training> Train Epoch: 40 	Loss: 0.275542, lr: 0.100000, Time: 5.96s
Clean ACC: 6966/8000 = 0.870750, Loss: 0.4536612331867218
ASR: 27/7193 = 0.003754


<Backdoor Training> Train Epoch: 41 	Loss: 0.138901, lr: 0.100000, Time: 5.96s
Clean ACC: 7075/8000 = 0.884375, Loss: 0.4051694869995117
ASR: 54/7193 = 0.007507


<Backdoor Training> Train Epoch: 42 	Loss: 0.239056, lr: 0.100000, Time: 5.98s
Clean ACC: 7044/8000 = 0.880500, Loss: 0.3992716073989868
ASR: 36/7193 = 0.005005


<Backdoor Training> Train Epoch: 43 	Loss: 0.288858, lr: 0.100000, Time: 5.96s
Clean ACC: 7141/8000 = 0.892625, Loss: 0.37820109724998474
ASR: 86/7193 = 0.011956


<Backdoor Training> Train Epoch: 44 	Loss: 0.189282, lr: 0.100000, Time: 5.98s
Clean ACC: 7134/8000 = 0.891750, Loss: 0.37208762764930725
ASR: 60/7193 = 0.008341


<Backdoor Training> Train Epoch: 45 	Loss: 0.131034, lr: 0.100000, Time: 5.98s
Clean ACC: 7005/8000 = 0.875625, Loss: 0.45907148718833923
ASR: 150/7193 = 0.020854


<Backdoor Training> Train Epoch: 46 	Loss: 0.136710, lr: 0.100000, Time: 6.06s
Clean ACC: 7149/8000 = 0.893625, Loss: 0.36398324370384216
ASR: 144/7193 = 0.020019


<Backdoor Training> Train Epoch: 47 	Loss: 0.067543, lr: 0.100000, Time: 5.99s
Clean ACC: 7114/8000 = 0.889250, Loss: 0.3834856152534485
ASR: 120/7193 = 0.016683


<Backdoor Training> Train Epoch: 48 	Loss: 0.176357, lr: 0.100000, Time: 5.99s
Clean ACC: 7184/8000 = 0.898000, Loss: 0.3485007882118225
ASR: 66/7193 = 0.009176


<Backdoor Training> Train Epoch: 49 	Loss: 0.032123, lr: 0.100000, Time: 5.97s
Clean ACC: 7168/8000 = 0.896000, Loss: 0.3587450683116913
ASR: 75/7193 = 0.010427


<Backdoor Training> Train Epoch: 50 	Loss: 0.102704, lr: 0.100000, Time: 5.96s
Clean ACC: 7132/8000 = 0.891500, Loss: 0.37199440598487854
ASR: 111/7193 = 0.015432


<Backdoor Training> Train Epoch: 51 	Loss: 0.038660, lr: 0.010000, Time: 5.96s
Clean ACC: 7379/8000 = 0.922375, Loss: 0.2700870931148529
ASR: 86/7193 = 0.011956


<Backdoor Training> Train Epoch: 52 	Loss: 0.082646, lr: 0.010000, Time: 6.03s
Clean ACC: 7401/8000 = 0.925125, Loss: 0.26946011185646057
ASR: 69/7193 = 0.009593


<Backdoor Training> Train Epoch: 53 	Loss: 0.048834, lr: 0.010000, Time: 6.00s
Clean ACC: 7415/8000 = 0.926875, Loss: 0.27163782715797424
ASR: 77/7193 = 0.010705


<Backdoor Training> Train Epoch: 54 	Loss: 0.017711, lr: 0.010000, Time: 6.01s
Clean ACC: 7415/8000 = 0.926875, Loss: 0.2791912853717804
ASR: 84/7193 = 0.011678


<Backdoor Training> Train Epoch: 55 	Loss: 0.033915, lr: 0.010000, Time: 6.00s
Clean ACC: 7430/8000 = 0.928750, Loss: 0.27905476093292236
ASR: 70/7193 = 0.009732


<Backdoor Training> Train Epoch: 56 	Loss: 0.020716, lr: 0.010000, Time: 5.96s
Clean ACC: 7413/8000 = 0.926625, Loss: 0.2891780138015747
ASR: 78/7193 = 0.010844


<Backdoor Training> Train Epoch: 57 	Loss: 0.023072, lr: 0.010000, Time: 5.98s
Clean ACC: 7430/8000 = 0.928750, Loss: 0.28837189078330994
ASR: 88/7193 = 0.012234


<Backdoor Training> Train Epoch: 58 	Loss: 0.012844, lr: 0.010000, Time: 6.01s
Clean ACC: 7425/8000 = 0.928125, Loss: 0.2883678376674652
ASR: 80/7193 = 0.011122


<Backdoor Training> Train Epoch: 59 	Loss: 0.017856, lr: 0.010000, Time: 5.98s
Clean ACC: 7424/8000 = 0.928000, Loss: 0.2967384457588196
ASR: 87/7193 = 0.012095


<Backdoor Training> Train Epoch: 60 	Loss: 0.007604, lr: 0.010000, Time: 5.99s
Clean ACC: 7441/8000 = 0.930125, Loss: 0.2975897789001465
ASR: 78/7193 = 0.010844


<Backdoor Training> Train Epoch: 61 	Loss: 0.064726, lr: 0.010000, Time: 5.95s
Clean ACC: 7428/8000 = 0.928500, Loss: 0.3067342936992645
ASR: 97/7193 = 0.013485


<Backdoor Training> Train Epoch: 62 	Loss: 0.006597, lr: 0.010000, Time: 5.97s
Clean ACC: 7417/8000 = 0.927125, Loss: 0.3052436113357544
ASR: 90/7193 = 0.012512


<Backdoor Training> Train Epoch: 63 	Loss: 0.006144, lr: 0.010000, Time: 6.01s
Clean ACC: 7426/8000 = 0.928250, Loss: 0.30485713481903076
ASR: 73/7193 = 0.010149


<Backdoor Training> Train Epoch: 64 	Loss: 0.021460, lr: 0.010000, Time: 5.96s
Clean ACC: 7428/8000 = 0.928500, Loss: 0.30155742168426514
ASR: 86/7193 = 0.011956


<Backdoor Training> Train Epoch: 65 	Loss: 0.033952, lr: 0.010000, Time: 6.00s
Clean ACC: 7426/8000 = 0.928250, Loss: 0.3098926246166229
ASR: 79/7193 = 0.010983


<Backdoor Training> Train Epoch: 66 	Loss: 0.015120, lr: 0.010000, Time: 5.97s
Clean ACC: 7413/8000 = 0.926625, Loss: 0.318408340215683
ASR: 79/7193 = 0.010983


<Backdoor Training> Train Epoch: 67 	Loss: 0.013482, lr: 0.010000, Time: 5.96s
Clean ACC: 7406/8000 = 0.925750, Loss: 0.32207420468330383
ASR: 104/7193 = 0.014459


<Backdoor Training> Train Epoch: 68 	Loss: 0.011271, lr: 0.010000, Time: 5.99s
Clean ACC: 7406/8000 = 0.925750, Loss: 0.3193407654762268
ASR: 98/7193 = 0.013624


<Backdoor Training> Train Epoch: 69 	Loss: 0.009601, lr: 0.010000, Time: 5.96s
Clean ACC: 7413/8000 = 0.926625, Loss: 0.32192176580429077
ASR: 89/7193 = 0.012373


<Backdoor Training> Train Epoch: 70 	Loss: 0.004306, lr: 0.010000, Time: 5.98s
Clean ACC: 7410/8000 = 0.926250, Loss: 0.3233477473258972
ASR: 96/7193 = 0.013346


<Backdoor Training> Train Epoch: 71 	Loss: 0.002780, lr: 0.010000, Time: 6.03s
Clean ACC: 7421/8000 = 0.927625, Loss: 0.322790265083313
ASR: 81/7193 = 0.011261


<Backdoor Training> Train Epoch: 72 	Loss: 0.002224, lr: 0.010000, Time: 5.99s
Clean ACC: 7400/8000 = 0.925000, Loss: 0.3282378315925598
ASR: 82/7193 = 0.011400


<Backdoor Training> Train Epoch: 73 	Loss: 0.001777, lr: 0.010000, Time: 5.99s
Clean ACC: 7418/8000 = 0.927250, Loss: 0.32321059703826904
ASR: 86/7193 = 0.011956


<Backdoor Training> Train Epoch: 74 	Loss: 0.029023, lr: 0.010000, Time: 6.04s
Clean ACC: 7447/8000 = 0.930875, Loss: 0.323416531085968
ASR: 84/7193 = 0.011678


<Backdoor Training> Train Epoch: 75 	Loss: 0.009134, lr: 0.010000, Time: 5.98s
Clean ACC: 7437/8000 = 0.929625, Loss: 0.32591328024864197
ASR: 93/7193 = 0.012929


<Backdoor Training> Train Epoch: 76 	Loss: 0.009352, lr: 0.001000, Time: 5.96s
Clean ACC: 7437/8000 = 0.929625, Loss: 0.3280026316642761
ASR: 103/7193 = 0.014319


<Backdoor Training> Train Epoch: 77 	Loss: 0.003766, lr: 0.001000, Time: 6.03s
Clean ACC: 7436/8000 = 0.929500, Loss: 0.3260275423526764
ASR: 87/7193 = 0.012095


<Backdoor Training> Train Epoch: 78 	Loss: 0.003142, lr: 0.001000, Time: 6.04s
Clean ACC: 7446/8000 = 0.930750, Loss: 0.32208365201950073
ASR: 92/7193 = 0.012790


<Backdoor Training> Train Epoch: 79 	Loss: 0.001113, lr: 0.001000, Time: 6.07s
Clean ACC: 7449/8000 = 0.931125, Loss: 0.3215171992778778
ASR: 75/7193 = 0.010427


<Backdoor Training> Train Epoch: 80 	Loss: 0.005181, lr: 0.001000, Time: 5.97s
Clean ACC: 7439/8000 = 0.929875, Loss: 0.3204609155654907
ASR: 91/7193 = 0.012651


<Backdoor Training> Train Epoch: 81 	Loss: 0.005464, lr: 0.001000, Time: 6.00s
Clean ACC: 7442/8000 = 0.930250, Loss: 0.3224174976348877
ASR: 82/7193 = 0.011400


<Backdoor Training> Train Epoch: 82 	Loss: 0.003869, lr: 0.001000, Time: 5.97s
Clean ACC: 7445/8000 = 0.930625, Loss: 0.32092544436454773
ASR: 80/7193 = 0.011122


<Backdoor Training> Train Epoch: 83 	Loss: 0.001562, lr: 0.001000, Time: 5.98s
Clean ACC: 7436/8000 = 0.929500, Loss: 0.3216645419597626
ASR: 77/7193 = 0.010705


<Backdoor Training> Train Epoch: 84 	Loss: 0.001681, lr: 0.001000, Time: 5.98s
Clean ACC: 7449/8000 = 0.931125, Loss: 0.3190867304801941
ASR: 80/7193 = 0.011122


<Backdoor Training> Train Epoch: 85 	Loss: 0.014378, lr: 0.001000, Time: 6.02s
Clean ACC: 7455/8000 = 0.931875, Loss: 0.32096967101097107
ASR: 76/7193 = 0.010566


<Backdoor Training> Train Epoch: 86 	Loss: 0.005886, lr: 0.001000, Time: 6.01s
Clean ACC: 7452/8000 = 0.931500, Loss: 0.31930890679359436
ASR: 71/7193 = 0.009871


<Backdoor Training> Train Epoch: 87 	Loss: 0.002102, lr: 0.001000, Time: 5.98s
Clean ACC: 7445/8000 = 0.930625, Loss: 0.3194371461868286
ASR: 75/7193 = 0.010427


<Backdoor Training> Train Epoch: 88 	Loss: 0.005204, lr: 0.001000, Time: 5.97s
Clean ACC: 7438/8000 = 0.929750, Loss: 0.3199576139450073
ASR: 86/7193 = 0.011956


<Backdoor Training> Train Epoch: 89 	Loss: 0.002579, lr: 0.001000, Time: 6.01s
Clean ACC: 7443/8000 = 0.930375, Loss: 0.3231099247932434
ASR: 83/7193 = 0.011539


<Backdoor Training> Train Epoch: 90 	Loss: 0.007736, lr: 0.001000, Time: 5.98s
Clean ACC: 7446/8000 = 0.930750, Loss: 0.3216927647590637
ASR: 80/7193 = 0.011122


<Backdoor Training> Train Epoch: 91 	Loss: 0.003098, lr: 0.001000, Time: 5.98s
Clean ACC: 7455/8000 = 0.931875, Loss: 0.32028108835220337
ASR: 79/7193 = 0.010983


<Backdoor Training> Train Epoch: 92 	Loss: 0.003422, lr: 0.001000, Time: 5.99s
Clean ACC: 7432/8000 = 0.929000, Loss: 0.32165294885635376
ASR: 85/7193 = 0.011817


<Backdoor Training> Train Epoch: 93 	Loss: 0.002989, lr: 0.001000, Time: 6.03s
Clean ACC: 7442/8000 = 0.930250, Loss: 0.31997746229171753
ASR: 79/7193 = 0.010983


<Backdoor Training> Train Epoch: 94 	Loss: 0.009681, lr: 0.001000, Time: 5.98s
Clean ACC: 7448/8000 = 0.931000, Loss: 0.32035374641418457
ASR: 82/7193 = 0.011400


<Backdoor Training> Train Epoch: 95 	Loss: 0.012190, lr: 0.001000, Time: 5.97s
Clean ACC: 7447/8000 = 0.930875, Loss: 0.31942376494407654
ASR: 79/7193 = 0.010983


<Backdoor Training> Train Epoch: 96 	Loss: 0.001824, lr: 0.001000, Time: 5.98s
Clean ACC: 7449/8000 = 0.931125, Loss: 0.32002636790275574
ASR: 76/7193 = 0.010566


<Backdoor Training> Train Epoch: 97 	Loss: 0.008612, lr: 0.001000, Time: 6.00s
Clean ACC: 7448/8000 = 0.931000, Loss: 0.3203497529029846
ASR: 76/7193 = 0.010566


<Backdoor Training> Train Epoch: 98 	Loss: 0.003908, lr: 0.001000, Time: 5.99s
Clean ACC: 7458/8000 = 0.932250, Loss: 0.31920725107192993
ASR: 79/7193 = 0.010983


<Backdoor Training> Train Epoch: 99 	Loss: 0.001935, lr: 0.001000, Time: 6.04s
Clean ACC: 7454/8000 = 0.931750, Loss: 0.31819599866867065
ASR: 81/7193 = 0.011261


<Backdoor Training> Train Epoch: 100 	Loss: 0.005248, lr: 0.001000, Time: 5.98s
Clean ACC: 7459/8000 = 0.932375, Loss: 0.31775692105293274
ASR: 73/7193 = 0.010149


Testing the backdoor model...
Visualizing the model's latent space...
Using method: umap
Experiment for cifar10 with ISSBA completed.
