Creating poisoned training set for TaCT on cifar10...
[target class : 0]
Files already downloaded and verified
Poisoned set directory 'poisoned_train_set/cifar10/TaCT_0.010_cover=0.000_poison_seed=0' to be created is not empty! Exiting...
Training the model on the poisoned dataset...
dataset : poisoned_train_set/cifar10/TaCT_0.010_cover=0.000_poison_seed=0/imgs
Will save to 'poisoned_train_set/cifar10/TaCT_0.010_cover=0.000_poison_seed=0/full_base_aug_seed=2333.pt'.
Model 'poisoned_train_set/cifar10/TaCT_0.010_cover=0.000_poison_seed=0/full_base_aug_seed=2333.pt' already exists!
<Backdoor Training> Train Epoch: 1 	Loss: 1.705056, lr: 0.100000, Time: 10.98s
Clean ACC: 3024/8000 = 0.378000, Loss: 1.7483220100402832
ASR: 27/797 = 0.033877


<Backdoor Training> Train Epoch: 2 	Loss: 1.402830, lr: 0.100000, Time: 7.02s
Clean ACC: 4304/8000 = 0.538000, Loss: 1.2616416215896606
ASR: 122/797 = 0.153074


<Backdoor Training> Train Epoch: 3 	Loss: 1.310213, lr: 0.100000, Time: 7.01s
Clean ACC: 5112/8000 = 0.639000, Loss: 1.009935975074768
ASR: 786/797 = 0.986198


<Backdoor Training> Train Epoch: 4 	Loss: 0.763029, lr: 0.100000, Time: 6.54s
Clean ACC: 5460/8000 = 0.682500, Loss: 0.9171580672264099
ASR: 792/797 = 0.993726


<Backdoor Training> Train Epoch: 5 	Loss: 0.784423, lr: 0.100000, Time: 6.95s
Clean ACC: 5754/8000 = 0.719250, Loss: 0.8098156452178955
ASR: 704/797 = 0.883312


<Backdoor Training> Train Epoch: 6 	Loss: 0.505010, lr: 0.100000, Time: 6.92s
Clean ACC: 5922/8000 = 0.740250, Loss: 0.7796483635902405
ASR: 797/797 = 1.000000


<Backdoor Training> Train Epoch: 7 	Loss: 0.575721, lr: 0.100000, Time: 6.89s
Clean ACC: 6167/8000 = 0.770875, Loss: 0.6860064268112183
ASR: 797/797 = 1.000000


<Backdoor Training> Train Epoch: 8 	Loss: 0.750876, lr: 0.100000, Time: 6.85s
Clean ACC: 6383/8000 = 0.797875, Loss: 0.6029899716377258
ASR: 797/797 = 1.000000


<Backdoor Training> Train Epoch: 9 	Loss: 0.573469, lr: 0.100000, Time: 6.87s
Clean ACC: 6493/8000 = 0.811625, Loss: 0.5415183305740356
ASR: 797/797 = 1.000000


<Backdoor Training> Train Epoch: 10 	Loss: 0.396575, lr: 0.100000, Time: 6.91s
Clean ACC: 6558/8000 = 0.819750, Loss: 0.5250980854034424
ASR: 797/797 = 1.000000


<Backdoor Training> Train Epoch: 11 	Loss: 0.579431, lr: 0.100000, Time: 6.90s
Clean ACC: 6631/8000 = 0.828875, Loss: 0.51646488904953
ASR: 797/797 = 1.000000


<Backdoor Training> Train Epoch: 12 	Loss: 0.378916, lr: 0.100000, Time: 6.72s
Clean ACC: 6719/8000 = 0.839875, Loss: 0.4688146710395813
ASR: 797/797 = 1.000000


<Backdoor Training> Train Epoch: 13 	Loss: 0.391695, lr: 0.100000, Time: 6.73s
Clean ACC: 6763/8000 = 0.845375, Loss: 0.4595883786678314
ASR: 797/797 = 1.000000


<Backdoor Training> Train Epoch: 14 	Loss: 0.176479, lr: 0.100000, Time: 7.12s
Clean ACC: 6649/8000 = 0.831125, Loss: 0.5299739837646484
ASR: 797/797 = 1.000000


<Backdoor Training> Train Epoch: 15 	Loss: 0.289934, lr: 0.100000, Time: 6.93s
Clean ACC: 6761/8000 = 0.845125, Loss: 0.47081127762794495
ASR: 795/797 = 0.997491


<Backdoor Training> Train Epoch: 16 	Loss: 0.383798, lr: 0.100000, Time: 6.58s
Clean ACC: 6694/8000 = 0.836750, Loss: 0.503820538520813
ASR: 797/797 = 1.000000


<Backdoor Training> Train Epoch: 17 	Loss: 0.221141, lr: 0.100000, Time: 7.15s
Clean ACC: 6855/8000 = 0.856875, Loss: 0.43302780389785767
ASR: 797/797 = 1.000000


<Backdoor Training> Train Epoch: 18 	Loss: 0.207642, lr: 0.100000, Time: 6.95s
Clean ACC: 6864/8000 = 0.858000, Loss: 0.44019976258277893
ASR: 797/797 = 1.000000


<Backdoor Training> Train Epoch: 19 	Loss: 0.228898, lr: 0.100000, Time: 7.00s
Clean ACC: 6944/8000 = 0.868000, Loss: 0.39065051078796387
ASR: 797/797 = 1.000000


<Backdoor Training> Train Epoch: 20 	Loss: 0.179065, lr: 0.100000, Time: 7.34s
Clean ACC: 6997/8000 = 0.874625, Loss: 0.39426615834236145
ASR: 797/797 = 1.000000


<Backdoor Training> Train Epoch: 21 	Loss: 0.202541, lr: 0.100000, Time: 7.55s
Clean ACC: 6921/8000 = 0.865125, Loss: 0.4131677746772766
ASR: 793/797 = 0.994981


<Backdoor Training> Train Epoch: 22 	Loss: 0.383166, lr: 0.100000, Time: 7.37s
Clean ACC: 6692/8000 = 0.836500, Loss: 0.4898480474948883
ASR: 793/797 = 0.994981


<Backdoor Training> Train Epoch: 23 	Loss: 0.213871, lr: 0.100000, Time: 7.09s
Clean ACC: 7099/8000 = 0.887375, Loss: 0.3474578857421875
ASR: 797/797 = 1.000000


<Backdoor Training> Train Epoch: 24 	Loss: 0.190882, lr: 0.100000, Time: 7.48s
Clean ACC: 7121/8000 = 0.890125, Loss: 0.3539506793022156
ASR: 797/797 = 1.000000


<Backdoor Training> Train Epoch: 25 	Loss: 0.338693, lr: 0.100000, Time: 7.38s
Clean ACC: 7095/8000 = 0.886875, Loss: 0.34531575441360474
ASR: 797/797 = 1.000000


<Backdoor Training> Train Epoch: 26 	Loss: 0.236771, lr: 0.100000, Time: 7.12s
Clean ACC: 7067/8000 = 0.883375, Loss: 0.3886118233203888
ASR: 797/797 = 1.000000


<Backdoor Training> Train Epoch: 27 	Loss: 0.128009, lr: 0.100000, Time: 6.72s
Clean ACC: 7184/8000 = 0.898000, Loss: 0.3132254183292389
ASR: 797/797 = 1.000000


<Backdoor Training> Train Epoch: 28 	Loss: 0.206547, lr: 0.100000, Time: 7.07s
Clean ACC: 7010/8000 = 0.876250, Loss: 0.38066020607948303
ASR: 797/797 = 1.000000


<Backdoor Training> Train Epoch: 29 	Loss: 0.220700, lr: 0.100000, Time: 7.07s
Clean ACC: 7142/8000 = 0.892750, Loss: 0.33918821811676025
ASR: 797/797 = 1.000000


<Backdoor Training> Train Epoch: 30 	Loss: 0.054873, lr: 0.100000, Time: 7.32s
Clean ACC: 7041/8000 = 0.880125, Loss: 0.3828873038291931
ASR: 797/797 = 1.000000


<Backdoor Training> Train Epoch: 31 	Loss: 0.351803, lr: 0.100000, Time: 6.84s
Clean ACC: 7141/8000 = 0.892625, Loss: 0.34558409452438354
ASR: 797/797 = 1.000000


<Backdoor Training> Train Epoch: 32 	Loss: 0.135255, lr: 0.100000, Time: 6.93s
Clean ACC: 7084/8000 = 0.885500, Loss: 0.37763968110084534
ASR: 797/797 = 1.000000


<Backdoor Training> Train Epoch: 33 	Loss: 0.179555, lr: 0.100000, Time: 7.06s
Clean ACC: 7083/8000 = 0.885375, Loss: 0.37256529927253723
ASR: 797/797 = 1.000000


<Backdoor Training> Train Epoch: 34 	Loss: 0.094006, lr: 0.100000, Time: 7.25s
Clean ACC: 7030/8000 = 0.878750, Loss: 0.40040355920791626
ASR: 797/797 = 1.000000


<Backdoor Training> Train Epoch: 35 	Loss: 0.141570, lr: 0.100000, Time: 7.34s
Clean ACC: 7143/8000 = 0.892875, Loss: 0.36417046189308167
ASR: 797/797 = 1.000000


<Backdoor Training> Train Epoch: 36 	Loss: 0.091232, lr: 0.100000, Time: 7.02s
Clean ACC: 7167/8000 = 0.895875, Loss: 0.348008394241333
ASR: 791/797 = 0.992472


<Backdoor Training> Train Epoch: 37 	Loss: 0.149686, lr: 0.100000, Time: 6.94s
Clean ACC: 7043/8000 = 0.880375, Loss: 0.40824419260025024
ASR: 791/797 = 0.992472


<Backdoor Training> Train Epoch: 38 	Loss: 0.057599, lr: 0.100000, Time: 6.81s
Clean ACC: 7179/8000 = 0.897375, Loss: 0.3368670344352722
ASR: 797/797 = 1.000000


<Backdoor Training> Train Epoch: 39 	Loss: 0.245006, lr: 0.100000, Time: 6.98s
Clean ACC: 6929/8000 = 0.866125, Loss: 0.46419408917427063
ASR: 797/797 = 1.000000


<Backdoor Training> Train Epoch: 40 	Loss: 0.133275, lr: 0.100000, Time: 7.03s
Clean ACC: 7119/8000 = 0.889875, Loss: 0.372335821390152
ASR: 797/797 = 1.000000


<Backdoor Training> Train Epoch: 41 	Loss: 0.154786, lr: 0.100000, Time: 6.58s
Clean ACC: 7164/8000 = 0.895500, Loss: 0.33739545941352844
ASR: 797/797 = 1.000000


<Backdoor Training> Train Epoch: 42 	Loss: 0.168926, lr: 0.100000, Time: 6.72s
Clean ACC: 7175/8000 = 0.896875, Loss: 0.3316359519958496
ASR: 797/797 = 1.000000


<Backdoor Training> Train Epoch: 43 	Loss: 0.254183, lr: 0.100000, Time: 6.71s
Clean ACC: 7139/8000 = 0.892375, Loss: 0.37345296144485474
ASR: 797/797 = 1.000000


<Backdoor Training> Train Epoch: 44 	Loss: 0.195300, lr: 0.100000, Time: 6.77s
Clean ACC: 7066/8000 = 0.883250, Loss: 0.421065092086792
ASR: 797/797 = 1.000000


<Backdoor Training> Train Epoch: 45 	Loss: 0.325067, lr: 0.100000, Time: 6.60s
Clean ACC: 7140/8000 = 0.892500, Loss: 0.359878271818161
ASR: 788/797 = 0.988708


<Backdoor Training> Train Epoch: 46 	Loss: 0.172693, lr: 0.100000, Time: 6.73s
Clean ACC: 7116/8000 = 0.889500, Loss: 0.39302554726600647
ASR: 797/797 = 1.000000


<Backdoor Training> Train Epoch: 47 	Loss: 0.142094, lr: 0.100000, Time: 6.96s
Clean ACC: 7138/8000 = 0.892250, Loss: 0.36618444323539734
ASR: 795/797 = 0.997491


<Backdoor Training> Train Epoch: 48 	Loss: 0.075799, lr: 0.100000, Time: 6.60s
Clean ACC: 7102/8000 = 0.887750, Loss: 0.3863658010959625
ASR: 797/797 = 1.000000


<Backdoor Training> Train Epoch: 49 	Loss: 0.136515, lr: 0.100000, Time: 6.86s
Clean ACC: 7165/8000 = 0.895625, Loss: 0.37354034185409546
ASR: 797/797 = 1.000000


<Backdoor Training> Train Epoch: 50 	Loss: 0.138240, lr: 0.100000, Time: 6.84s
Clean ACC: 7082/8000 = 0.885250, Loss: 0.40979161858558655
ASR: 797/797 = 1.000000


<Backdoor Training> Train Epoch: 51 	Loss: 0.020907, lr: 0.010000, Time: 6.97s
Clean ACC: 7416/8000 = 0.927000, Loss: 0.23275220394134521
ASR: 797/797 = 1.000000


<Backdoor Training> Train Epoch: 52 	Loss: 0.032602, lr: 0.010000, Time: 6.98s
Clean ACC: 7451/8000 = 0.931375, Loss: 0.2322855293750763
ASR: 797/797 = 1.000000


<Backdoor Training> Train Epoch: 53 	Loss: 0.025203, lr: 0.010000, Time: 7.14s
Clean ACC: 7444/8000 = 0.930500, Loss: 0.23544323444366455
ASR: 797/797 = 1.000000


<Backdoor Training> Train Epoch: 54 	Loss: 0.060904, lr: 0.010000, Time: 7.17s
Clean ACC: 7472/8000 = 0.934000, Loss: 0.23863425850868225
ASR: 797/797 = 1.000000


<Backdoor Training> Train Epoch: 55 	Loss: 0.009097, lr: 0.010000, Time: 7.08s
Clean ACC: 7478/8000 = 0.934750, Loss: 0.23722024261951447
ASR: 797/797 = 1.000000


<Backdoor Training> Train Epoch: 56 	Loss: 0.045273, lr: 0.010000, Time: 6.94s
Clean ACC: 7483/8000 = 0.935375, Loss: 0.2381305694580078
ASR: 797/797 = 1.000000


<Backdoor Training> Train Epoch: 57 	Loss: 0.003771, lr: 0.010000, Time: 7.03s
Clean ACC: 7492/8000 = 0.936500, Loss: 0.24267861247062683
ASR: 797/797 = 1.000000


<Backdoor Training> Train Epoch: 58 	Loss: 0.009750, lr: 0.010000, Time: 6.90s
Clean ACC: 7496/8000 = 0.937000, Loss: 0.24480795860290527
ASR: 796/797 = 0.998745


<Backdoor Training> Train Epoch: 59 	Loss: 0.005896, lr: 0.010000, Time: 6.86s
Clean ACC: 7494/8000 = 0.936750, Loss: 0.2474254071712494
ASR: 797/797 = 1.000000


<Backdoor Training> Train Epoch: 60 	Loss: 0.008826, lr: 0.010000, Time: 6.71s
Clean ACC: 7508/8000 = 0.938500, Loss: 0.24964335560798645
ASR: 796/797 = 0.998745


<Backdoor Training> Train Epoch: 61 	Loss: 0.005567, lr: 0.010000, Time: 7.02s
Clean ACC: 7505/8000 = 0.938125, Loss: 0.25210583209991455
ASR: 797/797 = 1.000000


<Backdoor Training> Train Epoch: 62 	Loss: 0.016517, lr: 0.010000, Time: 6.95s
Clean ACC: 7519/8000 = 0.939875, Loss: 0.2558636963367462
ASR: 797/797 = 1.000000


<Backdoor Training> Train Epoch: 63 	Loss: 0.004247, lr: 0.010000, Time: 7.00s
Clean ACC: 7524/8000 = 0.940500, Loss: 0.25643324851989746
ASR: 796/797 = 0.998745


<Backdoor Training> Train Epoch: 64 	Loss: 0.005515, lr: 0.010000, Time: 6.68s
Clean ACC: 7523/8000 = 0.940375, Loss: 0.25948017835617065
ASR: 796/797 = 0.998745


<Backdoor Training> Train Epoch: 65 	Loss: 0.011424, lr: 0.010000, Time: 7.05s
Clean ACC: 7520/8000 = 0.940000, Loss: 0.2579425871372223
ASR: 796/797 = 0.998745


<Backdoor Training> Train Epoch: 66 	Loss: 0.003306, lr: 0.010000, Time: 7.08s
Clean ACC: 7504/8000 = 0.938000, Loss: 0.25752347707748413
ASR: 797/797 = 1.000000


<Backdoor Training> Train Epoch: 67 	Loss: 0.024529, lr: 0.010000, Time: 6.99s
Clean ACC: 7509/8000 = 0.938625, Loss: 0.2587008476257324
ASR: 797/797 = 1.000000


<Backdoor Training> Train Epoch: 68 	Loss: 0.015339, lr: 0.010000, Time: 7.22s
Clean ACC: 7526/8000 = 0.940750, Loss: 0.2626205086708069
ASR: 797/797 = 1.000000


<Backdoor Training> Train Epoch: 69 	Loss: 0.002024, lr: 0.010000, Time: 6.85s
Clean ACC: 7518/8000 = 0.939750, Loss: 0.2632521986961365
ASR: 797/797 = 1.000000


<Backdoor Training> Train Epoch: 70 	Loss: 0.011027, lr: 0.010000, Time: 6.91s
Clean ACC: 7522/8000 = 0.940250, Loss: 0.26167502999305725
ASR: 797/797 = 1.000000


<Backdoor Training> Train Epoch: 71 	Loss: 0.015937, lr: 0.010000, Time: 7.02s
Clean ACC: 7520/8000 = 0.940000, Loss: 0.26697784662246704
ASR: 797/797 = 1.000000


<Backdoor Training> Train Epoch: 72 	Loss: 0.005919, lr: 0.010000, Time: 6.69s
Clean ACC: 7514/8000 = 0.939250, Loss: 0.26584360003471375
ASR: 797/797 = 1.000000


<Backdoor Training> Train Epoch: 73 	Loss: 0.001770, lr: 0.010000, Time: 6.85s
Clean ACC: 7506/8000 = 0.938250, Loss: 0.2686195969581604
ASR: 797/797 = 1.000000


<Backdoor Training> Train Epoch: 74 	Loss: 0.015662, lr: 0.010000, Time: 7.08s
Clean ACC: 7525/8000 = 0.940625, Loss: 0.2660903334617615
ASR: 797/797 = 1.000000


<Backdoor Training> Train Epoch: 75 	Loss: 0.030981, lr: 0.010000, Time: 6.76s
Clean ACC: 7516/8000 = 0.939500, Loss: 0.26601603627204895
ASR: 797/797 = 1.000000


<Backdoor Training> Train Epoch: 76 	Loss: 0.006483, lr: 0.001000, Time: 6.73s
Clean ACC: 7534/8000 = 0.941750, Loss: 0.2632533013820648
ASR: 797/797 = 1.000000


<Backdoor Training> Train Epoch: 77 	Loss: 0.001038, lr: 0.001000, Time: 6.82s
Clean ACC: 7524/8000 = 0.940500, Loss: 0.2664649486541748
ASR: 797/797 = 1.000000


<Backdoor Training> Train Epoch: 78 	Loss: 0.001880, lr: 0.001000, Time: 6.79s
Clean ACC: 7520/8000 = 0.940000, Loss: 0.2670992314815521
ASR: 797/797 = 1.000000


<Backdoor Training> Train Epoch: 79 	Loss: 0.000522, lr: 0.001000, Time: 6.89s
Clean ACC: 7528/8000 = 0.941000, Loss: 0.2655881941318512
ASR: 797/797 = 1.000000


<Backdoor Training> Train Epoch: 80 	Loss: 0.017848, lr: 0.001000, Time: 6.83s
Clean ACC: 7532/8000 = 0.941500, Loss: 0.2655003070831299
ASR: 797/797 = 1.000000


<Backdoor Training> Train Epoch: 81 	Loss: 0.009067, lr: 0.001000, Time: 6.83s
Clean ACC: 7530/8000 = 0.941250, Loss: 0.26424816250801086
ASR: 797/797 = 1.000000


<Backdoor Training> Train Epoch: 82 	Loss: 0.000781, lr: 0.001000, Time: 6.98s
Clean ACC: 7535/8000 = 0.941875, Loss: 0.262134313583374
ASR: 797/797 = 1.000000


<Backdoor Training> Train Epoch: 83 	Loss: 0.019485, lr: 0.001000, Time: 6.94s
Clean ACC: 7531/8000 = 0.941375, Loss: 0.2662198543548584
ASR: 797/797 = 1.000000


<Backdoor Training> Train Epoch: 84 	Loss: 0.002525, lr: 0.001000, Time: 6.80s
Clean ACC: 7530/8000 = 0.941250, Loss: 0.2652418315410614
ASR: 797/797 = 1.000000


<Backdoor Training> Train Epoch: 85 	Loss: 0.002733, lr: 0.001000, Time: 6.70s
Clean ACC: 7534/8000 = 0.941750, Loss: 0.26458585262298584
ASR: 797/797 = 1.000000


<Backdoor Training> Train Epoch: 86 	Loss: 0.000403, lr: 0.001000, Time: 6.87s
Clean ACC: 7527/8000 = 0.940875, Loss: 0.26339825987815857
ASR: 797/797 = 1.000000


<Backdoor Training> Train Epoch: 87 	Loss: 0.002310, lr: 0.001000, Time: 6.74s
Clean ACC: 7531/8000 = 0.941375, Loss: 0.26490700244903564
ASR: 797/797 = 1.000000


<Backdoor Training> Train Epoch: 88 	Loss: 0.011503, lr: 0.001000, Time: 6.54s
Clean ACC: 7524/8000 = 0.940500, Loss: 0.2648847997188568
ASR: 797/797 = 1.000000


<Backdoor Training> Train Epoch: 89 	Loss: 0.003605, lr: 0.001000, Time: 6.65s
Clean ACC: 7524/8000 = 0.940500, Loss: 0.2652338147163391
ASR: 797/797 = 1.000000


<Backdoor Training> Train Epoch: 90 	Loss: 0.003630, lr: 0.001000, Time: 6.68s
Clean ACC: 7532/8000 = 0.941500, Loss: 0.26653820276260376
ASR: 797/797 = 1.000000


<Backdoor Training> Train Epoch: 91 	Loss: 0.003209, lr: 0.001000, Time: 6.72s
Clean ACC: 7531/8000 = 0.941375, Loss: 0.2660609185695648
ASR: 797/797 = 1.000000


<Backdoor Training> Train Epoch: 92 	Loss: 0.010268, lr: 0.001000, Time: 6.77s
Clean ACC: 7532/8000 = 0.941500, Loss: 0.26509803533554077
ASR: 797/797 = 1.000000


<Backdoor Training> Train Epoch: 93 	Loss: 0.005732, lr: 0.001000, Time: 6.72s
Clean ACC: 7537/8000 = 0.942125, Loss: 0.26477381587028503
ASR: 797/797 = 1.000000


<Backdoor Training> Train Epoch: 94 	Loss: 0.008855, lr: 0.001000, Time: 6.53s
Clean ACC: 7529/8000 = 0.941125, Loss: 0.26606518030166626
ASR: 797/797 = 1.000000


<Backdoor Training> Train Epoch: 95 	Loss: 0.000487, lr: 0.001000, Time: 6.75s
Clean ACC: 7539/8000 = 0.942375, Loss: 0.2648915648460388
ASR: 797/797 = 1.000000


<Backdoor Training> Train Epoch: 96 	Loss: 0.002925, lr: 0.001000, Time: 7.00s
Clean ACC: 7524/8000 = 0.940500, Loss: 0.26456862688064575
ASR: 797/797 = 1.000000


<Backdoor Training> Train Epoch: 97 	Loss: 0.001223, lr: 0.001000, Time: 6.78s
Clean ACC: 7529/8000 = 0.941125, Loss: 0.26630574464797974
ASR: 797/797 = 1.000000


<Backdoor Training> Train Epoch: 98 	Loss: 0.001140, lr: 0.001000, Time: 6.84s
Clean ACC: 7530/8000 = 0.941250, Loss: 0.2653643488883972
ASR: 797/797 = 1.000000


<Backdoor Training> Train Epoch: 99 	Loss: 0.001243, lr: 0.001000, Time: 6.61s
Clean ACC: 7535/8000 = 0.941875, Loss: 0.26473739743232727
ASR: 797/797 = 1.000000


<Backdoor Training> Train Epoch: 100 	Loss: 0.001298, lr: 0.001000, Time: 6.73s
Clean ACC: 7540/8000 = 0.942500, Loss: 0.26459306478500366
ASR: 797/797 = 1.000000


Testing the backdoor model...
Evaluating model 'poisoned_train_set/cifar10/TaCT_0.010_cover=0.000_poison_seed=0/full_base_aug_seed=2333.pt'...
Clean ACC: 7540/8000 = 0.942500, Loss: 0.26459306478500366
ASR: 797/797 = 1.000000

Visualizing the model's latent space...
Using method: umap
Visualizing model 'poisoned_train_set/cifar10/TaCT_0.010_cover=0.000_poison_seed=0/full_base_aug_seed=2333.pt' on cifar10...
[test]
Clean ACC: 7540/8000 = 0.942500, Loss: 0.26459401845932007
ASR: 797/797 = 1.000000

Total Clean: 49500
Total Poisoned: 500
Saved figure at umap_assets/umap_cifar10_TaCT_0.010_cover=0.000_poison_seed=0_full_base_aug_seed=2333.pt_class=0.png
Experiment for cifar10 with TaCT completed.
