Creating poisoned training set for blend on cifar10...
[target class : 0]
Files already downloaded and verified
Poisoned set directory 'poisoned_train_set/cifar10/blend_0.010_alpha=0.200_trigger=hellokitty_32.png_poison_seed=0' to be created is not empty! Exiting...
Training the model on the poisoned dataset...
dataset : poisoned_train_set/cifar10/blend_0.010_alpha=0.200_trigger=hellokitty_32.png_poison_seed=0/imgs
Will save to 'poisoned_train_set/cifar10/blend_0.010_alpha=0.200_trigger=hellokitty_32.png_poison_seed=0/full_base_aug_seed=2333.pt'.
Model 'poisoned_train_set/cifar10/blend_0.010_alpha=0.200_trigger=hellokitty_32.png_poison_seed=0/full_base_aug_seed=2333.pt' already exists!
<Backdoor Training> Train Epoch: 1 	Loss: 1.965561, lr: 0.100000, Time: 11.06s
Clean ACC: 3263/8000 = 0.407875, Loss: 1.5805749893188477
ASR: 1291/7193 = 0.179480


<Backdoor Training> Train Epoch: 2 	Loss: 1.157580, lr: 0.100000, Time: 7.02s
Clean ACC: 4072/8000 = 0.509000, Loss: 1.3459525108337402
ASR: 790/7193 = 0.109829


<Backdoor Training> Train Epoch: 3 	Loss: 1.232821, lr: 0.100000, Time: 6.38s
Clean ACC: 4443/8000 = 0.555375, Loss: 1.2109520435333252
ASR: 1950/7193 = 0.271097


<Backdoor Training> Train Epoch: 4 	Loss: 0.975523, lr: 0.100000, Time: 6.94s
Clean ACC: 4810/8000 = 0.601250, Loss: 1.1607518196105957
ASR: 2959/7193 = 0.411372


<Backdoor Training> Train Epoch: 5 	Loss: 0.865505, lr: 0.100000, Time: 6.64s
Clean ACC: 5507/8000 = 0.688375, Loss: 0.8811619877815247
ASR: 4084/7193 = 0.567774


<Backdoor Training> Train Epoch: 6 	Loss: 0.723411, lr: 0.100000, Time: 6.59s
Clean ACC: 5923/8000 = 0.740375, Loss: 0.7415436506271362
ASR: 5413/7193 = 0.752537


<Backdoor Training> Train Epoch: 7 	Loss: 0.800895, lr: 0.100000, Time: 6.54s
Clean ACC: 5693/8000 = 0.711625, Loss: 0.8484401702880859
ASR: 6235/7193 = 0.866815


<Backdoor Training> Train Epoch: 8 	Loss: 0.592878, lr: 0.100000, Time: 6.78s
Clean ACC: 6242/8000 = 0.780250, Loss: 0.6378048062324524
ASR: 6361/7193 = 0.884332


<Backdoor Training> Train Epoch: 9 	Loss: 0.633585, lr: 0.100000, Time: 6.97s
Clean ACC: 6360/8000 = 0.795000, Loss: 0.6083874106407166
ASR: 6664/7193 = 0.926456


<Backdoor Training> Train Epoch: 10 	Loss: 0.465896, lr: 0.100000, Time: 6.96s
Clean ACC: 6518/8000 = 0.814750, Loss: 0.5650132298469543
ASR: 6435/7193 = 0.894620


<Backdoor Training> Train Epoch: 11 	Loss: 0.405692, lr: 0.100000, Time: 6.71s
Clean ACC: 6456/8000 = 0.807000, Loss: 0.5799399018287659
ASR: 6384/7193 = 0.887530


<Backdoor Training> Train Epoch: 12 	Loss: 0.446399, lr: 0.100000, Time: 6.88s
Clean ACC: 6777/8000 = 0.847125, Loss: 0.4487490952014923
ASR: 6586/7193 = 0.915612


<Backdoor Training> Train Epoch: 13 	Loss: 0.449664, lr: 0.100000, Time: 6.92s
Clean ACC: 6721/8000 = 0.840125, Loss: 0.47437965869903564
ASR: 6126/7193 = 0.851661


<Backdoor Training> Train Epoch: 14 	Loss: 0.427963, lr: 0.100000, Time: 6.96s
Clean ACC: 6806/8000 = 0.850750, Loss: 0.452410489320755
ASR: 5671/7193 = 0.788405


<Backdoor Training> Train Epoch: 15 	Loss: 0.255875, lr: 0.100000, Time: 6.74s
Clean ACC: 6821/8000 = 0.852625, Loss: 0.4400552809238434
ASR: 6558/7193 = 0.911720


<Backdoor Training> Train Epoch: 16 	Loss: 0.385966, lr: 0.100000, Time: 6.73s
Clean ACC: 6678/8000 = 0.834750, Loss: 0.5182345509529114
ASR: 7115/7193 = 0.989156


<Backdoor Training> Train Epoch: 17 	Loss: 0.336609, lr: 0.100000, Time: 6.62s
Clean ACC: 6825/8000 = 0.853125, Loss: 0.4468831717967987
ASR: 7006/7193 = 0.974003


<Backdoor Training> Train Epoch: 18 	Loss: 0.309779, lr: 0.100000, Time: 6.59s
Clean ACC: 6891/8000 = 0.861375, Loss: 0.43993204832077026
ASR: 6859/7193 = 0.953566


<Backdoor Training> Train Epoch: 19 	Loss: 0.193841, lr: 0.100000, Time: 7.20s
Clean ACC: 6886/8000 = 0.860750, Loss: 0.4231230616569519
ASR: 6977/7193 = 0.969971


<Backdoor Training> Train Epoch: 20 	Loss: 0.205746, lr: 0.100000, Time: 6.61s
Clean ACC: 7009/8000 = 0.876125, Loss: 0.3765929341316223
ASR: 6959/7193 = 0.967468


<Backdoor Training> Train Epoch: 21 	Loss: 0.309234, lr: 0.100000, Time: 6.57s
Clean ACC: 7017/8000 = 0.877125, Loss: 0.3714904487133026
ASR: 6641/7193 = 0.923259


<Backdoor Training> Train Epoch: 22 	Loss: 0.198568, lr: 0.100000, Time: 6.73s
Clean ACC: 6688/8000 = 0.836000, Loss: 0.5284706354141235
ASR: 7100/7193 = 0.987071


<Backdoor Training> Train Epoch: 23 	Loss: 0.324197, lr: 0.100000, Time: 6.65s
Clean ACC: 7018/8000 = 0.877250, Loss: 0.3900211751461029
ASR: 6550/7193 = 0.910608


<Backdoor Training> Train Epoch: 24 	Loss: 0.260752, lr: 0.100000, Time: 6.94s
Clean ACC: 6928/8000 = 0.866000, Loss: 0.42742183804512024
ASR: 6769/7193 = 0.941054


<Backdoor Training> Train Epoch: 25 	Loss: 0.117274, lr: 0.100000, Time: 6.94s
Clean ACC: 6997/8000 = 0.874625, Loss: 0.4128069579601288
ASR: 6969/7193 = 0.968859


<Backdoor Training> Train Epoch: 26 	Loss: 0.367356, lr: 0.100000, Time: 7.05s
Clean ACC: 6982/8000 = 0.872750, Loss: 0.43291476368904114
ASR: 6453/7193 = 0.897122


<Backdoor Training> Train Epoch: 27 	Loss: 0.310671, lr: 0.100000, Time: 6.94s
Clean ACC: 6953/8000 = 0.869125, Loss: 0.4301537275314331
ASR: 6918/7193 = 0.961768


<Backdoor Training> Train Epoch: 28 	Loss: 0.123367, lr: 0.100000, Time: 6.94s
Clean ACC: 7033/8000 = 0.879125, Loss: 0.3977002799510956
ASR: 6777/7193 = 0.942166


<Backdoor Training> Train Epoch: 29 	Loss: 0.316038, lr: 0.100000, Time: 6.71s
Clean ACC: 7110/8000 = 0.888750, Loss: 0.34744685888290405
ASR: 7040/7193 = 0.978729


<Backdoor Training> Train Epoch: 30 	Loss: 0.094577, lr: 0.100000, Time: 6.28s
Clean ACC: 7045/8000 = 0.880625, Loss: 0.3745899796485901
ASR: 6685/7193 = 0.929376


<Backdoor Training> Train Epoch: 31 	Loss: 0.177256, lr: 0.100000, Time: 6.61s
Clean ACC: 7082/8000 = 0.885250, Loss: 0.38200610876083374
ASR: 6779/7193 = 0.942444


<Backdoor Training> Train Epoch: 32 	Loss: 0.241157, lr: 0.100000, Time: 6.82s
Clean ACC: 7017/8000 = 0.877125, Loss: 0.403145432472229
ASR: 6767/7193 = 0.940776


<Backdoor Training> Train Epoch: 33 	Loss: 0.126589, lr: 0.100000, Time: 6.64s
Clean ACC: 6975/8000 = 0.871875, Loss: 0.4391532242298126
ASR: 6720/7193 = 0.934242


<Backdoor Training> Train Epoch: 34 	Loss: 0.128293, lr: 0.100000, Time: 6.83s
Clean ACC: 7070/8000 = 0.883750, Loss: 0.3851419687271118
ASR: 7074/7193 = 0.983456


<Backdoor Training> Train Epoch: 35 	Loss: 0.210673, lr: 0.100000, Time: 7.31s
Clean ACC: 7070/8000 = 0.883750, Loss: 0.39745116233825684
ASR: 7124/7193 = 0.990407


<Backdoor Training> Train Epoch: 36 	Loss: 0.162808, lr: 0.100000, Time: 6.99s
Clean ACC: 6951/8000 = 0.868875, Loss: 0.4756540358066559
ASR: 7074/7193 = 0.983456


<Backdoor Training> Train Epoch: 37 	Loss: 0.191495, lr: 0.100000, Time: 7.11s
Clean ACC: 7086/8000 = 0.885750, Loss: 0.39350080490112305
ASR: 7013/7193 = 0.974976


<Backdoor Training> Train Epoch: 38 	Loss: 0.256014, lr: 0.100000, Time: 7.17s
Clean ACC: 7151/8000 = 0.893875, Loss: 0.3511471748352051
ASR: 6668/7193 = 0.927012


<Backdoor Training> Train Epoch: 39 	Loss: 0.114267, lr: 0.100000, Time: 7.51s
Clean ACC: 6938/8000 = 0.867250, Loss: 0.47458598017692566
ASR: 6471/7193 = 0.899625


<Backdoor Training> Train Epoch: 40 	Loss: 0.202674, lr: 0.100000, Time: 7.54s
Clean ACC: 7140/8000 = 0.892500, Loss: 0.3590608239173889
ASR: 6984/7193 = 0.970944


<Backdoor Training> Train Epoch: 41 	Loss: 0.117049, lr: 0.100000, Time: 7.84s
Clean ACC: 6923/8000 = 0.865375, Loss: 0.4501556158065796
ASR: 7041/7193 = 0.978868


<Backdoor Training> Train Epoch: 42 	Loss: 0.114151, lr: 0.100000, Time: 7.54s
Clean ACC: 7112/8000 = 0.889000, Loss: 0.36954405903816223
ASR: 7058/7193 = 0.981232


<Backdoor Training> Train Epoch: 43 	Loss: 0.283391, lr: 0.100000, Time: 7.14s
Clean ACC: 7156/8000 = 0.894500, Loss: 0.3568567633628845
ASR: 6572/7193 = 0.913666


<Backdoor Training> Train Epoch: 44 	Loss: 0.132139, lr: 0.100000, Time: 6.61s
Clean ACC: 7157/8000 = 0.894625, Loss: 0.35162991285324097
ASR: 6888/7193 = 0.957598


<Backdoor Training> Train Epoch: 45 	Loss: 0.158430, lr: 0.100000, Time: 6.75s
Clean ACC: 6954/8000 = 0.869250, Loss: 0.4671653211116791
ASR: 6733/7193 = 0.936049


<Backdoor Training> Train Epoch: 46 	Loss: 0.207676, lr: 0.100000, Time: 6.91s
Clean ACC: 7033/8000 = 0.879125, Loss: 0.4060624837875366
ASR: 7112/7193 = 0.988739


<Backdoor Training> Train Epoch: 47 	Loss: 0.133259, lr: 0.100000, Time: 7.31s
Clean ACC: 7095/8000 = 0.886875, Loss: 0.37851813435554504
ASR: 6540/7193 = 0.909217


<Backdoor Training> Train Epoch: 48 	Loss: 0.125672, lr: 0.100000, Time: 7.20s
Clean ACC: 7161/8000 = 0.895125, Loss: 0.357459157705307
ASR: 7030/7193 = 0.977339


<Backdoor Training> Train Epoch: 49 	Loss: 0.304458, lr: 0.100000, Time: 7.20s
Clean ACC: 7149/8000 = 0.893625, Loss: 0.3630790114402771
ASR: 6981/7193 = 0.970527


<Backdoor Training> Train Epoch: 50 	Loss: 0.142285, lr: 0.100000, Time: 7.15s
Clean ACC: 7108/8000 = 0.888500, Loss: 0.3859573006629944
ASR: 6572/7193 = 0.913666


<Backdoor Training> Train Epoch: 51 	Loss: 0.100199, lr: 0.010000, Time: 7.32s
Clean ACC: 7426/8000 = 0.928250, Loss: 0.246978297829628
ASR: 7052/7193 = 0.980398


<Backdoor Training> Train Epoch: 52 	Loss: 0.007630, lr: 0.010000, Time: 6.96s
Clean ACC: 7448/8000 = 0.931000, Loss: 0.24020597338676453
ASR: 7085/7193 = 0.984985


<Backdoor Training> Train Epoch: 53 	Loss: 0.026667, lr: 0.010000, Time: 7.55s
Clean ACC: 7443/8000 = 0.930375, Loss: 0.24229127168655396
ASR: 7069/7193 = 0.982761


<Backdoor Training> Train Epoch: 54 	Loss: 0.013979, lr: 0.010000, Time: 7.21s
Clean ACC: 7445/8000 = 0.930625, Loss: 0.24520865082740784
ASR: 7056/7193 = 0.980954


<Backdoor Training> Train Epoch: 55 	Loss: 0.006523, lr: 0.010000, Time: 7.40s
Clean ACC: 7452/8000 = 0.931500, Loss: 0.2491595596075058
ASR: 7069/7193 = 0.982761


<Backdoor Training> Train Epoch: 56 	Loss: 0.009057, lr: 0.010000, Time: 7.23s
Clean ACC: 7461/8000 = 0.932625, Loss: 0.24839280545711517
ASR: 7038/7193 = 0.978451


<Backdoor Training> Train Epoch: 57 	Loss: 0.028504, lr: 0.010000, Time: 7.61s
Clean ACC: 7465/8000 = 0.933125, Loss: 0.25312700867652893
ASR: 7049/7193 = 0.979981


<Backdoor Training> Train Epoch: 58 	Loss: 0.012325, lr: 0.010000, Time: 7.32s
Clean ACC: 7468/8000 = 0.933500, Loss: 0.25572469830513
ASR: 7055/7193 = 0.980815


<Backdoor Training> Train Epoch: 59 	Loss: 0.046462, lr: 0.010000, Time: 6.76s
Clean ACC: 7458/8000 = 0.932250, Loss: 0.25914278626441956
ASR: 7057/7193 = 0.981093


<Backdoor Training> Train Epoch: 60 	Loss: 0.012845, lr: 0.010000, Time: 7.38s
Clean ACC: 7482/8000 = 0.935250, Loss: 0.26146501302719116
ASR: 7064/7193 = 0.982066


<Backdoor Training> Train Epoch: 61 	Loss: 0.003566, lr: 0.010000, Time: 7.03s
Clean ACC: 7474/8000 = 0.934250, Loss: 0.26244908571243286
ASR: 7063/7193 = 0.981927


<Backdoor Training> Train Epoch: 62 	Loss: 0.015628, lr: 0.010000, Time: 7.11s
Clean ACC: 7474/8000 = 0.934250, Loss: 0.26491260528564453
ASR: 7083/7193 = 0.984707


<Backdoor Training> Train Epoch: 63 	Loss: 0.012849, lr: 0.010000, Time: 6.89s
Clean ACC: 7474/8000 = 0.934250, Loss: 0.2683316767215729
ASR: 7091/7193 = 0.985820


<Backdoor Training> Train Epoch: 64 	Loss: 0.000467, lr: 0.010000, Time: 7.03s
Clean ACC: 7472/8000 = 0.934000, Loss: 0.27171069383621216
ASR: 7066/7193 = 0.982344


<Backdoor Training> Train Epoch: 65 	Loss: 0.003197, lr: 0.010000, Time: 7.16s
Clean ACC: 7480/8000 = 0.935000, Loss: 0.27115127444267273
ASR: 7076/7193 = 0.983734


<Backdoor Training> Train Epoch: 66 	Loss: 0.003991, lr: 0.010000, Time: 7.02s
Clean ACC: 7489/8000 = 0.936125, Loss: 0.2729884386062622
ASR: 7092/7193 = 0.985959


<Backdoor Training> Train Epoch: 67 	Loss: 0.009496, lr: 0.010000, Time: 6.92s
Clean ACC: 7486/8000 = 0.935750, Loss: 0.27335381507873535
ASR: 7074/7193 = 0.983456


<Backdoor Training> Train Epoch: 68 	Loss: 0.000502, lr: 0.010000, Time: 7.19s
Clean ACC: 7479/8000 = 0.934875, Loss: 0.2731977105140686
ASR: 7080/7193 = 0.984290


<Backdoor Training> Train Epoch: 69 	Loss: 0.001005, lr: 0.010000, Time: 6.97s
Clean ACC: 7483/8000 = 0.935375, Loss: 0.27506333589553833
ASR: 7075/7193 = 0.983595


<Backdoor Training> Train Epoch: 70 	Loss: 0.002245, lr: 0.010000, Time: 7.34s
Clean ACC: 7477/8000 = 0.934625, Loss: 0.27736127376556396
ASR: 7064/7193 = 0.982066


<Backdoor Training> Train Epoch: 71 	Loss: 0.001636, lr: 0.010000, Time: 7.18s
Clean ACC: 7476/8000 = 0.934500, Loss: 0.2758643925189972
ASR: 7083/7193 = 0.984707


<Backdoor Training> Train Epoch: 72 	Loss: 0.004085, lr: 0.010000, Time: 7.00s
Clean ACC: 7490/8000 = 0.936250, Loss: 0.27637022733688354
ASR: 7054/7193 = 0.980676


<Backdoor Training> Train Epoch: 73 	Loss: 0.004343, lr: 0.010000, Time: 7.13s
Clean ACC: 7483/8000 = 0.935375, Loss: 0.2798266112804413
ASR: 7079/7193 = 0.984151


<Backdoor Training> Train Epoch: 74 	Loss: 0.001439, lr: 0.010000, Time: 6.65s
Clean ACC: 7467/8000 = 0.933375, Loss: 0.28938886523246765
ASR: 7089/7193 = 0.985541


<Backdoor Training> Train Epoch: 75 	Loss: 0.001580, lr: 0.010000, Time: 6.96s
Clean ACC: 7479/8000 = 0.934875, Loss: 0.2796747386455536
ASR: 7081/7193 = 0.984429


<Backdoor Training> Train Epoch: 76 	Loss: 0.001098, lr: 0.001000, Time: 6.93s
Clean ACC: 7482/8000 = 0.935250, Loss: 0.27825722098350525
ASR: 7075/7193 = 0.983595


<Backdoor Training> Train Epoch: 77 	Loss: 0.000854, lr: 0.001000, Time: 6.63s
Clean ACC: 7473/8000 = 0.934125, Loss: 0.2799886465072632
ASR: 7076/7193 = 0.983734


<Backdoor Training> Train Epoch: 78 	Loss: 0.001674, lr: 0.001000, Time: 7.04s
Clean ACC: 7483/8000 = 0.935375, Loss: 0.2786806523799896
ASR: 7096/7193 = 0.986515


<Backdoor Training> Train Epoch: 79 	Loss: 0.002102, lr: 0.001000, Time: 6.96s
Clean ACC: 7488/8000 = 0.936000, Loss: 0.2780419886112213
ASR: 7083/7193 = 0.984707


<Backdoor Training> Train Epoch: 80 	Loss: 0.001224, lr: 0.001000, Time: 6.88s
Clean ACC: 7476/8000 = 0.934500, Loss: 0.27976012229919434
ASR: 7082/7193 = 0.984568


<Backdoor Training> Train Epoch: 81 	Loss: 0.014227, lr: 0.001000, Time: 6.90s
Clean ACC: 7483/8000 = 0.935375, Loss: 0.2814345359802246
ASR: 7082/7193 = 0.984568


<Backdoor Training> Train Epoch: 82 	Loss: 0.001858, lr: 0.001000, Time: 6.84s
Clean ACC: 7479/8000 = 0.934875, Loss: 0.2771335244178772
ASR: 7096/7193 = 0.986515


<Backdoor Training> Train Epoch: 83 	Loss: 0.002351, lr: 0.001000, Time: 6.99s
Clean ACC: 7480/8000 = 0.935000, Loss: 0.280033677816391
ASR: 7078/7193 = 0.984012


<Backdoor Training> Train Epoch: 84 	Loss: 0.001305, lr: 0.001000, Time: 6.94s
Clean ACC: 7482/8000 = 0.935250, Loss: 0.27902770042419434
ASR: 7090/7193 = 0.985681


<Backdoor Training> Train Epoch: 85 	Loss: 0.001334, lr: 0.001000, Time: 6.97s
Clean ACC: 7485/8000 = 0.935625, Loss: 0.277597039937973
ASR: 7075/7193 = 0.983595


<Backdoor Training> Train Epoch: 86 	Loss: 0.002546, lr: 0.001000, Time: 7.07s
Clean ACC: 7480/8000 = 0.935000, Loss: 0.2780683934688568
ASR: 7066/7193 = 0.982344


<Backdoor Training> Train Epoch: 87 	Loss: 0.002419, lr: 0.001000, Time: 7.06s
Clean ACC: 7490/8000 = 0.936250, Loss: 0.2803148329257965
ASR: 7084/7193 = 0.984846


<Backdoor Training> Train Epoch: 88 	Loss: 0.002642, lr: 0.001000, Time: 7.05s
Clean ACC: 7488/8000 = 0.936000, Loss: 0.2787242531776428
ASR: 7081/7193 = 0.984429


<Backdoor Training> Train Epoch: 89 	Loss: 0.004801, lr: 0.001000, Time: 6.99s
Clean ACC: 7493/8000 = 0.936625, Loss: 0.2773604691028595
ASR: 7073/7193 = 0.983317


<Backdoor Training> Train Epoch: 90 	Loss: 0.000374, lr: 0.001000, Time: 6.73s
Clean ACC: 7495/8000 = 0.936875, Loss: 0.27822431921958923
ASR: 7069/7193 = 0.982761


<Backdoor Training> Train Epoch: 91 	Loss: 0.000462, lr: 0.001000, Time: 6.78s
Clean ACC: 7481/8000 = 0.935125, Loss: 0.2795456051826477
ASR: 7074/7193 = 0.983456


<Backdoor Training> Train Epoch: 92 	Loss: 0.001474, lr: 0.001000, Time: 6.84s
Clean ACC: 7486/8000 = 0.935750, Loss: 0.2798159122467041
ASR: 7086/7193 = 0.985124


<Backdoor Training> Train Epoch: 93 	Loss: 0.027851, lr: 0.001000, Time: 6.67s
Clean ACC: 7482/8000 = 0.935250, Loss: 0.2810544967651367
ASR: 7078/7193 = 0.984012


<Backdoor Training> Train Epoch: 94 	Loss: 0.000385, lr: 0.001000, Time: 6.76s
Clean ACC: 7485/8000 = 0.935625, Loss: 0.27810338139533997
ASR: 7083/7193 = 0.984707


<Backdoor Training> Train Epoch: 95 	Loss: 0.000282, lr: 0.001000, Time: 6.77s
Clean ACC: 7486/8000 = 0.935750, Loss: 0.27950939536094666
ASR: 7079/7193 = 0.984151


<Backdoor Training> Train Epoch: 96 	Loss: 0.011842, lr: 0.001000, Time: 6.89s
Clean ACC: 7481/8000 = 0.935125, Loss: 0.2780710756778717
ASR: 7058/7193 = 0.981232


<Backdoor Training> Train Epoch: 97 	Loss: 0.008034, lr: 0.001000, Time: 6.96s
Clean ACC: 7483/8000 = 0.935375, Loss: 0.27841177582740784
ASR: 7076/7193 = 0.983734


<Backdoor Training> Train Epoch: 98 	Loss: 0.002083, lr: 0.001000, Time: 6.60s
Clean ACC: 7489/8000 = 0.936125, Loss: 0.2779053747653961
ASR: 7069/7193 = 0.982761


<Backdoor Training> Train Epoch: 99 	Loss: 0.000916, lr: 0.001000, Time: 6.95s
Clean ACC: 7495/8000 = 0.936875, Loss: 0.2771701216697693
ASR: 7090/7193 = 0.985681


<Backdoor Training> Train Epoch: 100 	Loss: 0.008535, lr: 0.001000, Time: 6.91s
Clean ACC: 7486/8000 = 0.935750, Loss: 0.27715757489204407
ASR: 7093/7193 = 0.986098


Testing the backdoor model...
Evaluating model 'poisoned_train_set/cifar10/blend_0.010_alpha=0.200_trigger=hellokitty_32.png_poison_seed=0/full_base_aug_seed=2333.pt'...
Clean ACC: 7486/8000 = 0.935750, Loss: 0.27715757489204407
ASR: 7093/7193 = 0.986098

Visualizing the model's latent space...
Using method: umap
Visualizing model 'poisoned_train_set/cifar10/blend_0.010_alpha=0.200_trigger=hellokitty_32.png_poison_seed=0/full_base_aug_seed=2333.pt' on cifar10...
[test]
Clean ACC: 7486/8000 = 0.935750, Loss: 0.27716633677482605
ASR: 7093/7193 = 0.986098

Total Clean: 49500
Total Poisoned: 500
Saved figure at umap_assets/umap_cifar10_blend_0.010_alpha=0.200_trigger=hellokitty_32.png_poison_seed=0_full_base_aug_seed=2333.pt_class=0.png
Experiment for cifar10 with blend completed.
