Creating poisoned training set for SIG on cifar10...
[target class : 0]
Files already downloaded and verified
Poisoned set directory 'poisoned_train_set/cifar10/SIG_0.010_poison_seed=0' to be created is not empty! Exiting...
Training the model on the poisoned dataset...
dataset : poisoned_train_set/cifar10/SIG_0.010_poison_seed=0/imgs
Will save to 'poisoned_train_set/cifar10/SIG_0.010_poison_seed=0/full_base_aug_seed=2333.pt'.
Model 'poisoned_train_set/cifar10/SIG_0.010_poison_seed=0/full_base_aug_seed=2333.pt' already exists!
<Backdoor Training> Train Epoch: 1 	Loss: 1.602569, lr: 0.100000, Time: 11.20s
Clean ACC: 3166/8000 = 0.395750, Loss: 1.6623964309692383
ASR: 272/7193 = 0.037815


<Backdoor Training> Train Epoch: 2 	Loss: 1.334625, lr: 0.100000, Time: 7.13s
Clean ACC: 3803/8000 = 0.475375, Loss: 1.4367269277572632
ASR: 429/7193 = 0.059641


<Backdoor Training> Train Epoch: 3 	Loss: 1.289155, lr: 0.100000, Time: 7.27s
Clean ACC: 4456/8000 = 0.557000, Loss: 1.2312278747558594
ASR: 3090/7193 = 0.429584


<Backdoor Training> Train Epoch: 4 	Loss: 1.209522, lr: 0.100000, Time: 7.09s
Clean ACC: 4673/8000 = 0.584125, Loss: 1.2892332077026367
ASR: 1377/7193 = 0.191436


<Backdoor Training> Train Epoch: 5 	Loss: 0.571939, lr: 0.100000, Time: 7.06s
Clean ACC: 5566/8000 = 0.695750, Loss: 0.8884678483009338
ASR: 2375/7193 = 0.330182


<Backdoor Training> Train Epoch: 6 	Loss: 0.588298, lr: 0.100000, Time: 7.07s
Clean ACC: 5689/8000 = 0.711125, Loss: 0.8661211133003235
ASR: 4780/7193 = 0.664535


<Backdoor Training> Train Epoch: 7 	Loss: 0.562535, lr: 0.100000, Time: 7.19s
Clean ACC: 6086/8000 = 0.760750, Loss: 0.7184564471244812
ASR: 5147/7193 = 0.715557


<Backdoor Training> Train Epoch: 8 	Loss: 0.556801, lr: 0.100000, Time: 7.17s
Clean ACC: 6371/8000 = 0.796375, Loss: 0.605048418045044
ASR: 6509/7193 = 0.904908


<Backdoor Training> Train Epoch: 9 	Loss: 0.390953, lr: 0.100000, Time: 7.24s
Clean ACC: 6436/8000 = 0.804500, Loss: 0.5921142101287842
ASR: 3026/7193 = 0.420687


<Backdoor Training> Train Epoch: 10 	Loss: 0.444202, lr: 0.100000, Time: 7.18s
Clean ACC: 6470/8000 = 0.808750, Loss: 0.5612962245941162
ASR: 6047/7193 = 0.840678


<Backdoor Training> Train Epoch: 11 	Loss: 0.543747, lr: 0.100000, Time: 7.16s
Clean ACC: 6467/8000 = 0.808375, Loss: 0.5715768933296204
ASR: 4903/7193 = 0.681635


<Backdoor Training> Train Epoch: 12 	Loss: 0.584528, lr: 0.100000, Time: 7.25s
Clean ACC: 6577/8000 = 0.822125, Loss: 0.5474792718887329
ASR: 1822/7193 = 0.253302


<Backdoor Training> Train Epoch: 13 	Loss: 0.476101, lr: 0.100000, Time: 7.22s
Clean ACC: 6846/8000 = 0.855750, Loss: 0.42477449774742126
ASR: 4965/7193 = 0.690254


<Backdoor Training> Train Epoch: 14 	Loss: 0.444426, lr: 0.100000, Time: 7.81s
Clean ACC: 6708/8000 = 0.838500, Loss: 0.5159374475479126
ASR: 5360/7193 = 0.745169


<Backdoor Training> Train Epoch: 15 	Loss: 0.368753, lr: 0.100000, Time: 8.20s
Clean ACC: 6765/8000 = 0.845625, Loss: 0.46246084570884705
ASR: 4168/7193 = 0.579452


<Backdoor Training> Train Epoch: 16 	Loss: 0.272047, lr: 0.100000, Time: 7.99s
Clean ACC: 6860/8000 = 0.857500, Loss: 0.4246464967727661
ASR: 5522/7193 = 0.767691


<Backdoor Training> Train Epoch: 17 	Loss: 0.381868, lr: 0.100000, Time: 8.15s
Clean ACC: 6929/8000 = 0.866125, Loss: 0.41776928305625916
ASR: 6272/7193 = 0.871959


<Backdoor Training> Train Epoch: 18 	Loss: 0.378050, lr: 0.100000, Time: 8.08s
Clean ACC: 6877/8000 = 0.859625, Loss: 0.42618343234062195
ASR: 5435/7193 = 0.755596


<Backdoor Training> Train Epoch: 19 	Loss: 0.162100, lr: 0.100000, Time: 7.99s
Clean ACC: 6932/8000 = 0.866500, Loss: 0.4047653377056122
ASR: 5897/7193 = 0.819825


<Backdoor Training> Train Epoch: 20 	Loss: 0.344712, lr: 0.100000, Time: 7.19s
Clean ACC: 6924/8000 = 0.865500, Loss: 0.4126224219799042
ASR: 5142/7193 = 0.714862


<Backdoor Training> Train Epoch: 21 	Loss: 0.172920, lr: 0.100000, Time: 7.16s
Clean ACC: 7065/8000 = 0.883125, Loss: 0.3774687647819519
ASR: 5811/7193 = 0.807869


<Backdoor Training> Train Epoch: 22 	Loss: 0.210096, lr: 0.100000, Time: 7.26s
Clean ACC: 7020/8000 = 0.877500, Loss: 0.37331557273864746
ASR: 3880/7193 = 0.539413


<Backdoor Training> Train Epoch: 23 	Loss: 0.215166, lr: 0.100000, Time: 7.18s
Clean ACC: 6969/8000 = 0.871125, Loss: 0.40634238719940186
ASR: 4492/7193 = 0.624496


<Backdoor Training> Train Epoch: 24 	Loss: 0.167278, lr: 0.100000, Time: 7.24s
Clean ACC: 6998/8000 = 0.874750, Loss: 0.3978680372238159
ASR: 6206/7193 = 0.862783


<Backdoor Training> Train Epoch: 25 	Loss: 0.290782, lr: 0.100000, Time: 7.25s
Clean ACC: 6884/8000 = 0.860500, Loss: 0.4437122941017151
ASR: 5406/7193 = 0.751564


<Backdoor Training> Train Epoch: 26 	Loss: 0.260879, lr: 0.100000, Time: 7.23s
Clean ACC: 7066/8000 = 0.883250, Loss: 0.3739107549190521
ASR: 5447/7193 = 0.757264


<Backdoor Training> Train Epoch: 27 	Loss: 0.349852, lr: 0.100000, Time: 7.13s
Clean ACC: 7005/8000 = 0.875625, Loss: 0.40905818343162537
ASR: 4201/7193 = 0.584040


<Backdoor Training> Train Epoch: 28 	Loss: 0.133069, lr: 0.100000, Time: 7.08s
Clean ACC: 6923/8000 = 0.865375, Loss: 0.4559631645679474
ASR: 3578/7193 = 0.497428


<Backdoor Training> Train Epoch: 29 	Loss: 0.172999, lr: 0.100000, Time: 7.03s
Clean ACC: 7065/8000 = 0.883125, Loss: 0.37337321043014526
ASR: 4755/7193 = 0.661059


<Backdoor Training> Train Epoch: 30 	Loss: 0.096059, lr: 0.100000, Time: 7.17s
Clean ACC: 7086/8000 = 0.885750, Loss: 0.36923640966415405
ASR: 3738/7193 = 0.519672


<Backdoor Training> Train Epoch: 31 	Loss: 0.142708, lr: 0.100000, Time: 6.74s
Clean ACC: 7058/8000 = 0.882250, Loss: 0.39283937215805054
ASR: 6039/7193 = 0.839566


<Backdoor Training> Train Epoch: 32 	Loss: 0.207077, lr: 0.100000, Time: 7.23s
Clean ACC: 6902/8000 = 0.862750, Loss: 0.4924512207508087
ASR: 5093/7193 = 0.708049


<Backdoor Training> Train Epoch: 33 	Loss: 0.207418, lr: 0.100000, Time: 7.08s
Clean ACC: 6965/8000 = 0.870625, Loss: 0.4236243665218353
ASR: 3443/7193 = 0.478660


<Backdoor Training> Train Epoch: 34 	Loss: 0.092881, lr: 0.100000, Time: 7.12s
Clean ACC: 7055/8000 = 0.881875, Loss: 0.3836148977279663
ASR: 6254/7193 = 0.869456


<Backdoor Training> Train Epoch: 35 	Loss: 0.065175, lr: 0.100000, Time: 7.24s
Clean ACC: 7187/8000 = 0.898375, Loss: 0.33428093791007996
ASR: 4351/7193 = 0.604894


<Backdoor Training> Train Epoch: 36 	Loss: 0.091794, lr: 0.100000, Time: 6.96s
Clean ACC: 7137/8000 = 0.892125, Loss: 0.3717859387397766
ASR: 5719/7193 = 0.795079


<Backdoor Training> Train Epoch: 37 	Loss: 0.206046, lr: 0.100000, Time: 7.08s
Clean ACC: 7144/8000 = 0.893000, Loss: 0.3546990156173706
ASR: 5065/7193 = 0.704157


<Backdoor Training> Train Epoch: 38 	Loss: 0.111754, lr: 0.100000, Time: 7.05s
Clean ACC: 7074/8000 = 0.884250, Loss: 0.39265745878219604
ASR: 5424/7193 = 0.754066


<Backdoor Training> Train Epoch: 39 	Loss: 0.148263, lr: 0.100000, Time: 7.09s
Clean ACC: 7071/8000 = 0.883875, Loss: 0.38348156213760376
ASR: 4586/7193 = 0.637564


<Backdoor Training> Train Epoch: 40 	Loss: 0.136529, lr: 0.100000, Time: 7.18s
Clean ACC: 7241/8000 = 0.905125, Loss: 0.3362925350666046
ASR: 3226/7193 = 0.448492


<Backdoor Training> Train Epoch: 41 	Loss: 0.151317, lr: 0.100000, Time: 7.20s
Clean ACC: 7053/8000 = 0.881625, Loss: 0.396639883518219
ASR: 3252/7193 = 0.452106


<Backdoor Training> Train Epoch: 42 	Loss: 0.241104, lr: 0.100000, Time: 7.19s
Clean ACC: 7139/8000 = 0.892375, Loss: 0.37338218092918396
ASR: 5387/7193 = 0.748923


<Backdoor Training> Train Epoch: 43 	Loss: 0.130965, lr: 0.100000, Time: 7.16s
Clean ACC: 7105/8000 = 0.888125, Loss: 0.40326249599456787
ASR: 3939/7193 = 0.547616


<Backdoor Training> Train Epoch: 44 	Loss: 0.064628, lr: 0.100000, Time: 7.27s
Clean ACC: 7076/8000 = 0.884500, Loss: 0.39959466457366943
ASR: 2972/7193 = 0.413179


<Backdoor Training> Train Epoch: 45 	Loss: 0.134274, lr: 0.100000, Time: 7.00s
Clean ACC: 7165/8000 = 0.895625, Loss: 0.3539156913757324
ASR: 5837/7193 = 0.811483


<Backdoor Training> Train Epoch: 46 	Loss: 0.201322, lr: 0.100000, Time: 7.16s
Clean ACC: 7003/8000 = 0.875375, Loss: 0.4503805935382843
ASR: 5573/7193 = 0.774781


<Backdoor Training> Train Epoch: 47 	Loss: 0.104659, lr: 0.100000, Time: 7.16s
Clean ACC: 7185/8000 = 0.898125, Loss: 0.3498499393463135
ASR: 4121/7193 = 0.572918


<Backdoor Training> Train Epoch: 48 	Loss: 0.092874, lr: 0.100000, Time: 7.07s
Clean ACC: 7229/8000 = 0.903625, Loss: 0.3400750756263733
ASR: 3854/7193 = 0.535799


<Backdoor Training> Train Epoch: 49 	Loss: 0.073921, lr: 0.100000, Time: 7.20s
Clean ACC: 7241/8000 = 0.905125, Loss: 0.3192247748374939
ASR: 4977/7193 = 0.691923


<Backdoor Training> Train Epoch: 50 	Loss: 0.101329, lr: 0.100000, Time: 7.18s
Clean ACC: 7096/8000 = 0.887000, Loss: 0.38641157746315
ASR: 5739/7193 = 0.797859


<Backdoor Training> Train Epoch: 51 	Loss: 0.015586, lr: 0.010000, Time: 7.11s
Clean ACC: 7419/8000 = 0.927375, Loss: 0.2466382086277008
ASR: 5643/7193 = 0.784513


<Backdoor Training> Train Epoch: 52 	Loss: 0.020103, lr: 0.010000, Time: 7.20s
Clean ACC: 7448/8000 = 0.931000, Loss: 0.24248360097408295
ASR: 5657/7193 = 0.786459


<Backdoor Training> Train Epoch: 53 	Loss: 0.022006, lr: 0.010000, Time: 7.10s
Clean ACC: 7453/8000 = 0.931625, Loss: 0.24612388014793396
ASR: 5468/7193 = 0.760184


<Backdoor Training> Train Epoch: 54 	Loss: 0.006428, lr: 0.010000, Time: 7.25s
Clean ACC: 7465/8000 = 0.933125, Loss: 0.2460678219795227
ASR: 5148/7193 = 0.715696


<Backdoor Training> Train Epoch: 55 	Loss: 0.023167, lr: 0.010000, Time: 7.11s
Clean ACC: 7478/8000 = 0.934750, Loss: 0.2496669441461563
ASR: 5412/7193 = 0.752398


<Backdoor Training> Train Epoch: 56 	Loss: 0.008230, lr: 0.010000, Time: 7.10s
Clean ACC: 7472/8000 = 0.934000, Loss: 0.2547481060028076
ASR: 5495/7193 = 0.763937


<Backdoor Training> Train Epoch: 57 	Loss: 0.028548, lr: 0.010000, Time: 7.22s
Clean ACC: 7485/8000 = 0.935625, Loss: 0.2611095905303955
ASR: 5321/7193 = 0.739747


<Backdoor Training> Train Epoch: 58 	Loss: 0.007003, lr: 0.010000, Time: 7.19s
Clean ACC: 7478/8000 = 0.934750, Loss: 0.2625753581523895
ASR: 5251/7193 = 0.730015


<Backdoor Training> Train Epoch: 59 	Loss: 0.028530, lr: 0.010000, Time: 7.22s
Clean ACC: 7471/8000 = 0.933875, Loss: 0.2616185247898102
ASR: 5190/7193 = 0.721535


<Backdoor Training> Train Epoch: 60 	Loss: 0.004918, lr: 0.010000, Time: 7.13s
Clean ACC: 7487/8000 = 0.935875, Loss: 0.26615458726882935
ASR: 5481/7193 = 0.761991


<Backdoor Training> Train Epoch: 61 	Loss: 0.004528, lr: 0.010000, Time: 7.31s
Clean ACC: 7487/8000 = 0.935875, Loss: 0.27128130197525024
ASR: 5558/7193 = 0.772696


<Backdoor Training> Train Epoch: 62 	Loss: 0.005918, lr: 0.010000, Time: 7.20s
Clean ACC: 7477/8000 = 0.934625, Loss: 0.2687961757183075
ASR: 4883/7193 = 0.678854


<Backdoor Training> Train Epoch: 63 	Loss: 0.003761, lr: 0.010000, Time: 7.23s
Clean ACC: 7486/8000 = 0.935750, Loss: 0.2704801559448242
ASR: 5528/7193 = 0.768525


<Backdoor Training> Train Epoch: 64 	Loss: 0.021467, lr: 0.010000, Time: 7.16s
Clean ACC: 7475/8000 = 0.934375, Loss: 0.27260148525238037
ASR: 5595/7193 = 0.777840


<Backdoor Training> Train Epoch: 65 	Loss: 0.002142, lr: 0.010000, Time: 7.27s
Clean ACC: 7483/8000 = 0.935375, Loss: 0.2736697494983673
ASR: 5542/7193 = 0.770471


<Backdoor Training> Train Epoch: 66 	Loss: 0.000985, lr: 0.010000, Time: 7.21s
Clean ACC: 7473/8000 = 0.934125, Loss: 0.28024381399154663
ASR: 5481/7193 = 0.761991


<Backdoor Training> Train Epoch: 67 	Loss: 0.007495, lr: 0.010000, Time: 7.26s
Clean ACC: 7472/8000 = 0.934000, Loss: 0.2803952097892761
ASR: 6010/7193 = 0.835535


<Backdoor Training> Train Epoch: 68 	Loss: 0.007034, lr: 0.010000, Time: 7.20s
Clean ACC: 7486/8000 = 0.935750, Loss: 0.2823373079299927
ASR: 5864/7193 = 0.815237


<Backdoor Training> Train Epoch: 69 	Loss: 0.004034, lr: 0.010000, Time: 7.38s
Clean ACC: 7488/8000 = 0.936000, Loss: 0.2811019718647003
ASR: 5623/7193 = 0.781732


<Backdoor Training> Train Epoch: 70 	Loss: 0.015835, lr: 0.010000, Time: 7.24s
Clean ACC: 7477/8000 = 0.934625, Loss: 0.2797010838985443
ASR: 5753/7193 = 0.799805


<Backdoor Training> Train Epoch: 71 	Loss: 0.000482, lr: 0.010000, Time: 7.26s
Clean ACC: 7478/8000 = 0.934750, Loss: 0.28079983592033386
ASR: 5438/7193 = 0.756013


<Backdoor Training> Train Epoch: 72 	Loss: 0.005337, lr: 0.010000, Time: 7.28s
Clean ACC: 7479/8000 = 0.934875, Loss: 0.28362777829170227
ASR: 5209/7193 = 0.724176


<Backdoor Training> Train Epoch: 73 	Loss: 0.002768, lr: 0.010000, Time: 7.17s
Clean ACC: 7493/8000 = 0.936625, Loss: 0.28472793102264404
ASR: 5160/7193 = 0.717364


<Backdoor Training> Train Epoch: 74 	Loss: 0.003347, lr: 0.010000, Time: 6.98s
Clean ACC: 7479/8000 = 0.934875, Loss: 0.2853050231933594
ASR: 5407/7193 = 0.751703


<Backdoor Training> Train Epoch: 75 	Loss: 0.005924, lr: 0.010000, Time: 7.14s
Clean ACC: 7476/8000 = 0.934500, Loss: 0.2862628400325775
ASR: 5278/7193 = 0.733769


<Backdoor Training> Train Epoch: 76 	Loss: 0.001838, lr: 0.001000, Time: 7.14s
Clean ACC: 7493/8000 = 0.936625, Loss: 0.28387007117271423
ASR: 5358/7193 = 0.744891


<Backdoor Training> Train Epoch: 77 	Loss: 0.000832, lr: 0.001000, Time: 7.16s
Clean ACC: 7487/8000 = 0.935875, Loss: 0.2816227674484253
ASR: 5235/7193 = 0.727791


<Backdoor Training> Train Epoch: 78 	Loss: 0.009819, lr: 0.001000, Time: 7.09s
Clean ACC: 7495/8000 = 0.936875, Loss: 0.2837556004524231
ASR: 5308/7193 = 0.737940


<Backdoor Training> Train Epoch: 79 	Loss: 0.003958, lr: 0.001000, Time: 7.06s
Clean ACC: 7494/8000 = 0.936750, Loss: 0.2835337221622467
ASR: 5192/7193 = 0.721813


<Backdoor Training> Train Epoch: 80 	Loss: 0.008078, lr: 0.001000, Time: 7.15s
Clean ACC: 7495/8000 = 0.936875, Loss: 0.2828752398490906
ASR: 5571/7193 = 0.774503


<Backdoor Training> Train Epoch: 81 	Loss: 0.009806, lr: 0.001000, Time: 7.29s
Clean ACC: 7501/8000 = 0.937625, Loss: 0.28206732869148254
ASR: 5410/7193 = 0.752120


<Backdoor Training> Train Epoch: 82 	Loss: 0.004938, lr: 0.001000, Time: 6.98s
Clean ACC: 7500/8000 = 0.937500, Loss: 0.2802068591117859
ASR: 5464/7193 = 0.759627


<Backdoor Training> Train Epoch: 83 	Loss: 0.008155, lr: 0.001000, Time: 7.13s
Clean ACC: 7490/8000 = 0.936250, Loss: 0.28179875016212463
ASR: 5552/7193 = 0.771862


<Backdoor Training> Train Epoch: 84 	Loss: 0.002407, lr: 0.001000, Time: 7.14s
Clean ACC: 7493/8000 = 0.936625, Loss: 0.28197675943374634
ASR: 5474/7193 = 0.761018


<Backdoor Training> Train Epoch: 85 	Loss: 0.005575, lr: 0.001000, Time: 7.07s
Clean ACC: 7494/8000 = 0.936750, Loss: 0.2816532552242279
ASR: 5350/7193 = 0.743779


<Backdoor Training> Train Epoch: 86 	Loss: 0.003947, lr: 0.001000, Time: 7.03s
Clean ACC: 7488/8000 = 0.936000, Loss: 0.2799513638019562
ASR: 5311/7193 = 0.738357


<Backdoor Training> Train Epoch: 87 	Loss: 0.001930, lr: 0.001000, Time: 7.28s
Clean ACC: 7494/8000 = 0.936750, Loss: 0.28261908888816833
ASR: 5261/7193 = 0.731406


<Backdoor Training> Train Epoch: 88 	Loss: 0.001081, lr: 0.001000, Time: 7.12s
Clean ACC: 7493/8000 = 0.936625, Loss: 0.27801719307899475
ASR: 5444/7193 = 0.756847


<Backdoor Training> Train Epoch: 89 	Loss: 0.004914, lr: 0.001000, Time: 7.18s
Clean ACC: 7493/8000 = 0.936625, Loss: 0.283261775970459
ASR: 5355/7193 = 0.744474


<Backdoor Training> Train Epoch: 90 	Loss: 0.000690, lr: 0.001000, Time: 7.28s
Clean ACC: 7489/8000 = 0.936125, Loss: 0.27914881706237793
ASR: 5584/7193 = 0.776310


<Backdoor Training> Train Epoch: 91 	Loss: 0.006988, lr: 0.001000, Time: 7.17s
Clean ACC: 7495/8000 = 0.936875, Loss: 0.279996395111084
ASR: 5245/7193 = 0.729181


<Backdoor Training> Train Epoch: 92 	Loss: 0.000249, lr: 0.001000, Time: 7.22s
Clean ACC: 7497/8000 = 0.937125, Loss: 0.2810498774051666
ASR: 5546/7193 = 0.771027


<Backdoor Training> Train Epoch: 93 	Loss: 0.004387, lr: 0.001000, Time: 7.38s
Clean ACC: 7491/8000 = 0.936375, Loss: 0.28449440002441406
ASR: 5179/7193 = 0.720006


<Backdoor Training> Train Epoch: 94 	Loss: 0.001177, lr: 0.001000, Time: 7.16s
Clean ACC: 7502/8000 = 0.937750, Loss: 0.2791869640350342
ASR: 5361/7193 = 0.745308


<Backdoor Training> Train Epoch: 95 	Loss: 0.003382, lr: 0.001000, Time: 7.20s
Clean ACC: 7493/8000 = 0.936625, Loss: 0.27929991483688354
ASR: 5390/7193 = 0.749340


<Backdoor Training> Train Epoch: 96 	Loss: 0.002915, lr: 0.001000, Time: 7.19s
Clean ACC: 7493/8000 = 0.936625, Loss: 0.2802482843399048
ASR: 5603/7193 = 0.778952


<Backdoor Training> Train Epoch: 97 	Loss: 0.001891, lr: 0.001000, Time: 7.25s
Clean ACC: 7500/8000 = 0.937500, Loss: 0.2770099639892578
ASR: 5509/7193 = 0.765883


<Backdoor Training> Train Epoch: 98 	Loss: 0.000584, lr: 0.001000, Time: 7.25s
Clean ACC: 7503/8000 = 0.937875, Loss: 0.2801423668861389
ASR: 5244/7193 = 0.729042


<Backdoor Training> Train Epoch: 99 	Loss: 0.001236, lr: 0.001000, Time: 7.25s
Clean ACC: 7496/8000 = 0.937000, Loss: 0.282073974609375
ASR: 5353/7193 = 0.744196


<Backdoor Training> Train Epoch: 100 	Loss: 0.002180, lr: 0.001000, Time: 7.07s
Clean ACC: 7501/8000 = 0.937625, Loss: 0.2817831039428711
ASR: 5195/7193 = 0.722230


Testing the backdoor model...
Evaluating model 'poisoned_train_set/cifar10/SIG_0.010_poison_seed=0/full_base_aug_seed=2333.pt'...
Clean ACC: 7501/8000 = 0.937625, Loss: 0.2817831039428711
ASR: 5195/7193 = 0.722230

Visualizing the model's latent space...
Using method: umap
Visualizing model 'poisoned_train_set/cifar10/SIG_0.010_poison_seed=0/full_base_aug_seed=2333.pt' on cifar10...
[test]
Clean ACC: 7501/8000 = 0.937625, Loss: 0.2817911207675934
ASR: 5195/7193 = 0.722230

Total Clean: 49500
Total Poisoned: 500
Saved figure at umap_assets/umap_cifar10_SIG_0.010_poison_seed=0_full_base_aug_seed=2333.pt_class=0.png
Experiment for cifar10 with SIG completed.
