Creating poisoned training set for adaptive_blend on cifar10...
[target class : 0]
Files already downloaded and verified
Poisoned set directory 'poisoned_train_set/cifar10/adaptive_blend_0.010_alpha=0.200_cover=0.000_trigger=hellokitty_32.png_poison_seed=0' to be created is not empty! Exiting...
Training the model on the poisoned dataset...
dataset : poisoned_train_set/cifar10/adaptive_blend_0.010_alpha=0.200_cover=0.000_trigger=hellokitty_32.png_poison_seed=0/imgs
Will save to 'poisoned_train_set/cifar10/adaptive_blend_0.010_alpha=0.200_cover=0.000_trigger=hellokitty_32.png_poison_seed=0/full_base_aug_seed=2333.pt'.
Model 'poisoned_train_set/cifar10/adaptive_blend_0.010_alpha=0.200_cover=0.000_trigger=hellokitty_32.png_poison_seed=0/full_base_aug_seed=2333.pt' already exists!
<Backdoor Training> Train Epoch: 1 	Loss: 1.683961, lr: 0.100000, Time: 11.38s
Clean ACC: 3434/8000 = 0.429250, Loss: 1.5599385499954224
ASR: 481/7193 = 0.066871


<Backdoor Training> Train Epoch: 2 	Loss: 1.241254, lr: 0.100000, Time: 6.98s
Clean ACC: 4079/8000 = 0.509875, Loss: 1.3800663948059082
ASR: 984/7193 = 0.136800


<Backdoor Training> Train Epoch: 3 	Loss: 0.979347, lr: 0.100000, Time: 6.95s
Clean ACC: 4926/8000 = 0.615750, Loss: 1.0731478929519653
ASR: 1129/7193 = 0.156958


<Backdoor Training> Train Epoch: 4 	Loss: 0.776512, lr: 0.100000, Time: 7.19s
Clean ACC: 5223/8000 = 0.652875, Loss: 0.9946765899658203
ASR: 686/7193 = 0.095370


<Backdoor Training> Train Epoch: 5 	Loss: 0.738447, lr: 0.100000, Time: 7.05s
Clean ACC: 5657/8000 = 0.707125, Loss: 0.8394654393196106
ASR: 1643/7193 = 0.228417


<Backdoor Training> Train Epoch: 6 	Loss: 0.841318, lr: 0.100000, Time: 6.87s
Clean ACC: 5663/8000 = 0.707875, Loss: 0.8310824036598206
ASR: 2502/7193 = 0.347838


<Backdoor Training> Train Epoch: 7 	Loss: 0.571576, lr: 0.100000, Time: 7.12s
Clean ACC: 6137/8000 = 0.767125, Loss: 0.6808090806007385
ASR: 3910/7193 = 0.543584


<Backdoor Training> Train Epoch: 8 	Loss: 0.618010, lr: 0.100000, Time: 7.18s
Clean ACC: 6245/8000 = 0.780625, Loss: 0.6311326622962952
ASR: 3869/7193 = 0.537884


<Backdoor Training> Train Epoch: 9 	Loss: 0.523948, lr: 0.100000, Time: 7.48s
Clean ACC: 6299/8000 = 0.787375, Loss: 0.621228039264679
ASR: 5834/7193 = 0.811066


<Backdoor Training> Train Epoch: 10 	Loss: 0.626440, lr: 0.100000, Time: 7.16s
Clean ACC: 6289/8000 = 0.786125, Loss: 0.6192498207092285
ASR: 6361/7193 = 0.884332


<Backdoor Training> Train Epoch: 11 	Loss: 0.796717, lr: 0.100000, Time: 6.93s
Clean ACC: 6608/8000 = 0.826000, Loss: 0.5069184303283691
ASR: 6895/7193 = 0.958571


<Backdoor Training> Train Epoch: 12 	Loss: 0.463730, lr: 0.100000, Time: 6.99s
Clean ACC: 6540/8000 = 0.817500, Loss: 0.5474244356155396
ASR: 6781/7193 = 0.942722


<Backdoor Training> Train Epoch: 13 	Loss: 0.310745, lr: 0.100000, Time: 7.23s
Clean ACC: 6712/8000 = 0.839000, Loss: 0.46687185764312744
ASR: 7109/7193 = 0.988322


<Backdoor Training> Train Epoch: 14 	Loss: 0.317622, lr: 0.100000, Time: 7.03s
Clean ACC: 6732/8000 = 0.841500, Loss: 0.4743517339229584
ASR: 6925/7193 = 0.962742


<Backdoor Training> Train Epoch: 15 	Loss: 0.355678, lr: 0.100000, Time: 6.73s
Clean ACC: 6883/8000 = 0.860375, Loss: 0.4266554117202759
ASR: 6875/7193 = 0.955790


<Backdoor Training> Train Epoch: 16 	Loss: 0.259631, lr: 0.100000, Time: 7.00s
Clean ACC: 6885/8000 = 0.860625, Loss: 0.4309008717536926
ASR: 6773/7193 = 0.941610


<Backdoor Training> Train Epoch: 17 	Loss: 0.275970, lr: 0.100000, Time: 6.89s
Clean ACC: 6901/8000 = 0.862625, Loss: 0.39311787486076355
ASR: 7022/7193 = 0.976227


<Backdoor Training> Train Epoch: 18 	Loss: 0.329895, lr: 0.100000, Time: 7.01s
Clean ACC: 6804/8000 = 0.850500, Loss: 0.4816169738769531
ASR: 7002/7193 = 0.973446


<Backdoor Training> Train Epoch: 19 	Loss: 0.227302, lr: 0.100000, Time: 7.19s
Clean ACC: 6889/8000 = 0.861125, Loss: 0.41294053196907043
ASR: 7089/7193 = 0.985541


<Backdoor Training> Train Epoch: 20 	Loss: 0.263582, lr: 0.100000, Time: 6.94s
Clean ACC: 6910/8000 = 0.863750, Loss: 0.41112393140792847
ASR: 7112/7193 = 0.988739


<Backdoor Training> Train Epoch: 21 	Loss: 0.187479, lr: 0.100000, Time: 7.01s
Clean ACC: 6815/8000 = 0.851875, Loss: 0.47923949360847473
ASR: 7158/7193 = 0.995134


<Backdoor Training> Train Epoch: 22 	Loss: 0.215374, lr: 0.100000, Time: 7.04s
Clean ACC: 6841/8000 = 0.855125, Loss: 0.45812222361564636
ASR: 6893/7193 = 0.958293


<Backdoor Training> Train Epoch: 23 	Loss: 0.122644, lr: 0.100000, Time: 6.77s
Clean ACC: 6890/8000 = 0.861250, Loss: 0.41941311955451965
ASR: 7171/7193 = 0.996941


<Backdoor Training> Train Epoch: 24 	Loss: 0.143426, lr: 0.100000, Time: 7.30s
Clean ACC: 7003/8000 = 0.875375, Loss: 0.3772856593132019
ASR: 7121/7193 = 0.989990


<Backdoor Training> Train Epoch: 25 	Loss: 0.143589, lr: 0.100000, Time: 7.17s
Clean ACC: 6978/8000 = 0.872250, Loss: 0.41529127955436707
ASR: 7149/7193 = 0.993883


<Backdoor Training> Train Epoch: 26 	Loss: 0.204497, lr: 0.100000, Time: 6.58s
Clean ACC: 7110/8000 = 0.888750, Loss: 0.34962132573127747
ASR: 7160/7193 = 0.995412


<Backdoor Training> Train Epoch: 27 	Loss: 0.167072, lr: 0.100000, Time: 7.31s
Clean ACC: 7061/8000 = 0.882625, Loss: 0.38222023844718933
ASR: 7176/7193 = 0.997637


<Backdoor Training> Train Epoch: 28 	Loss: 0.147989, lr: 0.100000, Time: 7.25s
Clean ACC: 7016/8000 = 0.877000, Loss: 0.4090085029602051
ASR: 7188/7193 = 0.999305


<Backdoor Training> Train Epoch: 29 	Loss: 0.124903, lr: 0.100000, Time: 7.11s
Clean ACC: 7062/8000 = 0.882750, Loss: 0.3880113959312439
ASR: 6952/7193 = 0.966495


<Backdoor Training> Train Epoch: 30 	Loss: 0.300986, lr: 0.100000, Time: 7.17s
Clean ACC: 7113/8000 = 0.889125, Loss: 0.35386696457862854
ASR: 7145/7193 = 0.993327


<Backdoor Training> Train Epoch: 31 	Loss: 0.196979, lr: 0.100000, Time: 7.12s
Clean ACC: 7158/8000 = 0.894750, Loss: 0.3379595875740051
ASR: 7132/7193 = 0.991520


<Backdoor Training> Train Epoch: 32 	Loss: 0.198385, lr: 0.100000, Time: 6.87s
Clean ACC: 6947/8000 = 0.868375, Loss: 0.4279577434062958
ASR: 7023/7193 = 0.976366


<Backdoor Training> Train Epoch: 33 	Loss: 0.258438, lr: 0.100000, Time: 7.31s
Clean ACC: 7077/8000 = 0.884625, Loss: 0.3630935251712799
ASR: 7152/7193 = 0.994300


<Backdoor Training> Train Epoch: 34 	Loss: 0.274250, lr: 0.100000, Time: 7.28s
Clean ACC: 7155/8000 = 0.894375, Loss: 0.33983850479125977
ASR: 7134/7193 = 0.991798


<Backdoor Training> Train Epoch: 35 	Loss: 0.323138, lr: 0.100000, Time: 7.61s
Clean ACC: 7082/8000 = 0.885250, Loss: 0.3781939446926117
ASR: 7164/7193 = 0.995968


<Backdoor Training> Train Epoch: 36 	Loss: 0.077040, lr: 0.100000, Time: 7.35s
Clean ACC: 7130/8000 = 0.891250, Loss: 0.35668841004371643
ASR: 7096/7193 = 0.986515


<Backdoor Training> Train Epoch: 37 	Loss: 0.239024, lr: 0.100000, Time: 7.21s
Clean ACC: 7102/8000 = 0.887750, Loss: 0.37361299991607666
ASR: 7149/7193 = 0.993883


<Backdoor Training> Train Epoch: 38 	Loss: 0.128627, lr: 0.100000, Time: 7.11s
Clean ACC: 7116/8000 = 0.889500, Loss: 0.35721567273139954
ASR: 7165/7193 = 0.996107


<Backdoor Training> Train Epoch: 39 	Loss: 0.108973, lr: 0.100000, Time: 6.79s
Clean ACC: 7019/8000 = 0.877375, Loss: 0.43189018964767456
ASR: 7098/7193 = 0.986793


<Backdoor Training> Train Epoch: 40 	Loss: 0.120774, lr: 0.100000, Time: 7.11s
Clean ACC: 7133/8000 = 0.891625, Loss: 0.35596412420272827
ASR: 7160/7193 = 0.995412


<Backdoor Training> Train Epoch: 41 	Loss: 0.211878, lr: 0.100000, Time: 7.09s
Clean ACC: 7179/8000 = 0.897375, Loss: 0.35727766156196594
ASR: 7174/7193 = 0.997359


<Backdoor Training> Train Epoch: 42 	Loss: 0.172547, lr: 0.100000, Time: 7.03s
Clean ACC: 6943/8000 = 0.867875, Loss: 0.47385796904563904
ASR: 7065/7193 = 0.982205


<Backdoor Training> Train Epoch: 43 	Loss: 0.114341, lr: 0.100000, Time: 7.09s
Clean ACC: 7270/8000 = 0.908750, Loss: 0.313720166683197
ASR: 6864/7193 = 0.954261


<Backdoor Training> Train Epoch: 44 	Loss: 0.197761, lr: 0.100000, Time: 7.12s
Clean ACC: 7055/8000 = 0.881875, Loss: 0.43665018677711487
ASR: 7117/7193 = 0.989434


<Backdoor Training> Train Epoch: 45 	Loss: 0.218349, lr: 0.100000, Time: 7.00s
Clean ACC: 7156/8000 = 0.894500, Loss: 0.3565674424171448
ASR: 7053/7193 = 0.980537


<Backdoor Training> Train Epoch: 46 	Loss: 0.051899, lr: 0.100000, Time: 7.09s
Clean ACC: 7110/8000 = 0.888750, Loss: 0.3691166043281555
ASR: 7162/7193 = 0.995690


<Backdoor Training> Train Epoch: 47 	Loss: 0.141233, lr: 0.100000, Time: 7.31s
Clean ACC: 7098/8000 = 0.887250, Loss: 0.4113633930683136
ASR: 6909/7193 = 0.960517


<Backdoor Training> Train Epoch: 48 	Loss: 0.102591, lr: 0.100000, Time: 7.51s
Clean ACC: 7198/8000 = 0.899750, Loss: 0.34324973821640015
ASR: 7145/7193 = 0.993327


<Backdoor Training> Train Epoch: 49 	Loss: 0.061309, lr: 0.100000, Time: 7.23s
Clean ACC: 7117/8000 = 0.889625, Loss: 0.39660021662712097
ASR: 7173/7193 = 0.997220


<Backdoor Training> Train Epoch: 50 	Loss: 0.326255, lr: 0.100000, Time: 7.48s
Clean ACC: 6862/8000 = 0.857750, Loss: 0.5378687977790833
ASR: 7174/7193 = 0.997359


<Backdoor Training> Train Epoch: 51 	Loss: 0.036263, lr: 0.010000, Time: 7.01s
Clean ACC: 7434/8000 = 0.929250, Loss: 0.24006104469299316
ASR: 7177/7193 = 0.997776


<Backdoor Training> Train Epoch: 52 	Loss: 0.027435, lr: 0.010000, Time: 7.57s
Clean ACC: 7462/8000 = 0.932750, Loss: 0.24025334417819977
ASR: 7177/7193 = 0.997776


<Backdoor Training> Train Epoch: 53 	Loss: 0.041937, lr: 0.010000, Time: 7.15s
Clean ACC: 7453/8000 = 0.931625, Loss: 0.23957543075084686
ASR: 7180/7193 = 0.998193


<Backdoor Training> Train Epoch: 54 	Loss: 0.012095, lr: 0.010000, Time: 7.28s
Clean ACC: 7464/8000 = 0.933000, Loss: 0.24747967720031738
ASR: 7182/7193 = 0.998471


<Backdoor Training> Train Epoch: 55 	Loss: 0.017744, lr: 0.010000, Time: 7.22s
Clean ACC: 7470/8000 = 0.933750, Loss: 0.24690665304660797
ASR: 7181/7193 = 0.998332


<Backdoor Training> Train Epoch: 56 	Loss: 0.025626, lr: 0.010000, Time: 7.00s
Clean ACC: 7485/8000 = 0.935625, Loss: 0.24631261825561523
ASR: 7179/7193 = 0.998054


<Backdoor Training> Train Epoch: 57 	Loss: 0.014105, lr: 0.010000, Time: 7.18s
Clean ACC: 7483/8000 = 0.935375, Loss: 0.24941685795783997
ASR: 7181/7193 = 0.998332


<Backdoor Training> Train Epoch: 58 	Loss: 0.019049, lr: 0.010000, Time: 7.05s
Clean ACC: 7494/8000 = 0.936750, Loss: 0.2472076117992401
ASR: 7182/7193 = 0.998471


<Backdoor Training> Train Epoch: 59 	Loss: 0.012672, lr: 0.010000, Time: 7.04s
Clean ACC: 7492/8000 = 0.936500, Loss: 0.25241267681121826
ASR: 7183/7193 = 0.998610


<Backdoor Training> Train Epoch: 60 	Loss: 0.002793, lr: 0.010000, Time: 7.00s
Clean ACC: 7488/8000 = 0.936000, Loss: 0.2543918788433075
ASR: 7176/7193 = 0.997637


<Backdoor Training> Train Epoch: 61 	Loss: 0.002731, lr: 0.010000, Time: 7.14s
Clean ACC: 7495/8000 = 0.936875, Loss: 0.25838571786880493
ASR: 7178/7193 = 0.997915


<Backdoor Training> Train Epoch: 62 	Loss: 0.016144, lr: 0.010000, Time: 7.24s
Clean ACC: 7504/8000 = 0.938000, Loss: 0.25282081961631775
ASR: 7178/7193 = 0.997915


<Backdoor Training> Train Epoch: 63 	Loss: 0.016723, lr: 0.010000, Time: 7.14s
Clean ACC: 7499/8000 = 0.937375, Loss: 0.2572363018989563
ASR: 7175/7193 = 0.997498


<Backdoor Training> Train Epoch: 64 	Loss: 0.008244, lr: 0.010000, Time: 7.32s
Clean ACC: 7503/8000 = 0.937875, Loss: 0.25889644026756287
ASR: 7180/7193 = 0.998193


<Backdoor Training> Train Epoch: 65 	Loss: 0.005646, lr: 0.010000, Time: 7.25s
Clean ACC: 7506/8000 = 0.938250, Loss: 0.25834256410598755
ASR: 7175/7193 = 0.997498


<Backdoor Training> Train Epoch: 66 	Loss: 0.001667, lr: 0.010000, Time: 6.95s
Clean ACC: 7504/8000 = 0.938000, Loss: 0.2595289945602417
ASR: 7180/7193 = 0.998193


<Backdoor Training> Train Epoch: 67 	Loss: 0.004544, lr: 0.010000, Time: 7.03s
Clean ACC: 7497/8000 = 0.937125, Loss: 0.2601909041404724
ASR: 7180/7193 = 0.998193


<Backdoor Training> Train Epoch: 68 	Loss: 0.009647, lr: 0.010000, Time: 6.75s
Clean ACC: 7495/8000 = 0.936875, Loss: 0.26501408219337463
ASR: 7183/7193 = 0.998610


<Backdoor Training> Train Epoch: 69 	Loss: 0.006472, lr: 0.010000, Time: 6.71s
Clean ACC: 7484/8000 = 0.935500, Loss: 0.2650235891342163
ASR: 7187/7193 = 0.999166


<Backdoor Training> Train Epoch: 70 	Loss: 0.008878, lr: 0.010000, Time: 6.78s
Clean ACC: 7496/8000 = 0.937000, Loss: 0.2652150094509125
ASR: 7182/7193 = 0.998471


<Backdoor Training> Train Epoch: 71 	Loss: 0.001480, lr: 0.010000, Time: 7.07s
Clean ACC: 7500/8000 = 0.937500, Loss: 0.26730138063430786
ASR: 7184/7193 = 0.998749


<Backdoor Training> Train Epoch: 72 	Loss: 0.003237, lr: 0.010000, Time: 6.77s
Clean ACC: 7513/8000 = 0.939125, Loss: 0.2648075819015503
ASR: 7184/7193 = 0.998749


<Backdoor Training> Train Epoch: 73 	Loss: 0.010945, lr: 0.010000, Time: 6.74s
Clean ACC: 7515/8000 = 0.939375, Loss: 0.26404064893722534
ASR: 7180/7193 = 0.998193


<Backdoor Training> Train Epoch: 74 	Loss: 0.001968, lr: 0.010000, Time: 6.67s
Clean ACC: 7499/8000 = 0.937375, Loss: 0.26918500661849976
ASR: 7187/7193 = 0.999166


<Backdoor Training> Train Epoch: 75 	Loss: 0.006404, lr: 0.010000, Time: 6.94s
Clean ACC: 7510/8000 = 0.938750, Loss: 0.2685000002384186
ASR: 7183/7193 = 0.998610


<Backdoor Training> Train Epoch: 76 	Loss: 0.010221, lr: 0.001000, Time: 6.87s
Clean ACC: 7510/8000 = 0.938750, Loss: 0.2661840617656708
ASR: 7182/7193 = 0.998471


<Backdoor Training> Train Epoch: 77 	Loss: 0.034510, lr: 0.001000, Time: 6.92s
Clean ACC: 7508/8000 = 0.938500, Loss: 0.26812776923179626
ASR: 7180/7193 = 0.998193


<Backdoor Training> Train Epoch: 78 	Loss: 0.004049, lr: 0.001000, Time: 6.94s
Clean ACC: 7510/8000 = 0.938750, Loss: 0.26671677827835083
ASR: 7181/7193 = 0.998332


<Backdoor Training> Train Epoch: 79 	Loss: 0.002775, lr: 0.001000, Time: 6.98s
Clean ACC: 7509/8000 = 0.938625, Loss: 0.2638744115829468
ASR: 7183/7193 = 0.998610


<Backdoor Training> Train Epoch: 80 	Loss: 0.021059, lr: 0.001000, Time: 7.15s
Clean ACC: 7515/8000 = 0.939375, Loss: 0.2652987241744995
ASR: 7183/7193 = 0.998610


<Backdoor Training> Train Epoch: 81 	Loss: 0.001378, lr: 0.001000, Time: 7.01s
Clean ACC: 7513/8000 = 0.939125, Loss: 0.2654867172241211
ASR: 7182/7193 = 0.998471


<Backdoor Training> Train Epoch: 82 	Loss: 0.003149, lr: 0.001000, Time: 6.74s
Clean ACC: 7512/8000 = 0.939000, Loss: 0.2655492126941681
ASR: 7184/7193 = 0.998749


<Backdoor Training> Train Epoch: 83 	Loss: 0.004038, lr: 0.001000, Time: 6.97s
Clean ACC: 7507/8000 = 0.938375, Loss: 0.26624634861946106
ASR: 7183/7193 = 0.998610


<Backdoor Training> Train Epoch: 84 	Loss: 0.002203, lr: 0.001000, Time: 6.81s
Clean ACC: 7512/8000 = 0.939000, Loss: 0.2664926052093506
ASR: 7185/7193 = 0.998888


<Backdoor Training> Train Epoch: 85 	Loss: 0.001561, lr: 0.001000, Time: 6.66s
Clean ACC: 7503/8000 = 0.937875, Loss: 0.26661935448646545
ASR: 7187/7193 = 0.999166


<Backdoor Training> Train Epoch: 86 	Loss: 0.002312, lr: 0.001000, Time: 7.03s
Clean ACC: 7507/8000 = 0.938375, Loss: 0.267132043838501
ASR: 7183/7193 = 0.998610


<Backdoor Training> Train Epoch: 87 	Loss: 0.001913, lr: 0.001000, Time: 6.94s
Clean ACC: 7511/8000 = 0.938875, Loss: 0.26460886001586914
ASR: 7184/7193 = 0.998749


<Backdoor Training> Train Epoch: 88 	Loss: 0.001056, lr: 0.001000, Time: 6.84s
Clean ACC: 7511/8000 = 0.938875, Loss: 0.2637384533882141
ASR: 7184/7193 = 0.998749


<Backdoor Training> Train Epoch: 89 	Loss: 0.002593, lr: 0.001000, Time: 6.80s
Clean ACC: 7507/8000 = 0.938375, Loss: 0.2651638984680176
ASR: 7183/7193 = 0.998610


<Backdoor Training> Train Epoch: 90 	Loss: 0.007050, lr: 0.001000, Time: 7.43s
Clean ACC: 7508/8000 = 0.938500, Loss: 0.2658211290836334
ASR: 7183/7193 = 0.998610


<Backdoor Training> Train Epoch: 91 	Loss: 0.003643, lr: 0.001000, Time: 7.00s
Clean ACC: 7516/8000 = 0.939500, Loss: 0.2642101049423218
ASR: 7184/7193 = 0.998749


<Backdoor Training> Train Epoch: 92 	Loss: 0.000727, lr: 0.001000, Time: 7.03s
Clean ACC: 7517/8000 = 0.939625, Loss: 0.26445895433425903
ASR: 7182/7193 = 0.998471


<Backdoor Training> Train Epoch: 93 	Loss: 0.003897, lr: 0.001000, Time: 7.31s
Clean ACC: 7510/8000 = 0.938750, Loss: 0.2633790969848633
ASR: 7180/7193 = 0.998193


<Backdoor Training> Train Epoch: 94 	Loss: 0.006282, lr: 0.001000, Time: 7.20s
Clean ACC: 7514/8000 = 0.939250, Loss: 0.2647337019443512
ASR: 7182/7193 = 0.998471


<Backdoor Training> Train Epoch: 95 	Loss: 0.005130, lr: 0.001000, Time: 6.94s
Clean ACC: 7508/8000 = 0.938500, Loss: 0.2658875286579132
ASR: 7186/7193 = 0.999027


<Backdoor Training> Train Epoch: 96 	Loss: 0.002846, lr: 0.001000, Time: 7.01s
Clean ACC: 7517/8000 = 0.939625, Loss: 0.2644566595554352
ASR: 7183/7193 = 0.998610


<Backdoor Training> Train Epoch: 97 	Loss: 0.009819, lr: 0.001000, Time: 6.96s
Clean ACC: 7514/8000 = 0.939250, Loss: 0.2644905149936676
ASR: 7182/7193 = 0.998471


<Backdoor Training> Train Epoch: 98 	Loss: 0.001652, lr: 0.001000, Time: 7.29s
Clean ACC: 7509/8000 = 0.938625, Loss: 0.2657270133495331
ASR: 7181/7193 = 0.998332


<Backdoor Training> Train Epoch: 99 	Loss: 0.010315, lr: 0.001000, Time: 7.05s
Clean ACC: 7509/8000 = 0.938625, Loss: 0.26378175616264343
ASR: 7183/7193 = 0.998610


<Backdoor Training> Train Epoch: 100 	Loss: 0.003194, lr: 0.001000, Time: 6.92s
Clean ACC: 7507/8000 = 0.938375, Loss: 0.26421234011650085
ASR: 7184/7193 = 0.998749


Testing the backdoor model...
Evaluating model 'poisoned_train_set/cifar10/adaptive_blend_0.010_alpha=0.200_cover=0.000_trigger=hellokitty_32.png_poison_seed=0/full_base_aug_seed=2333.pt'...
Clean ACC: 7507/8000 = 0.938375, Loss: 0.26421234011650085
ASR: 7184/7193 = 0.998749

Visualizing the model's latent space...
Using method: umap
Visualizing model 'poisoned_train_set/cifar10/adaptive_blend_0.010_alpha=0.200_cover=0.000_trigger=hellokitty_32.png_poison_seed=0/full_base_aug_seed=2333.pt' on cifar10...
[test]
Clean ACC: 7506/8000 = 0.938250, Loss: 0.26421722769737244
ASR: 7184/7193 = 0.998749

Total Clean: 49500
Total Poisoned: 500
Saved figure at umap_assets/umap_cifar10_adaptive_blend_0.010_alpha=0.200_cover=0.000_trigger=hellokitty_32.png_poison_seed=0_full_base_aug_seed=2333.pt_class=0.png
Experiment for cifar10 with adaptive_blend completed.
