Creating poisoned training set for TaCT on gtsrb...
[target class : 2]
Poisoned set directory 'poisoned_train_set/gtsrb/TaCT_0.010_cover=0.000_poison_seed=0' to be created is not empty! Exiting...
Training the model on the poisoned dataset...
dataset : poisoned_train_set/gtsrb/TaCT_0.010_cover=0.000_poison_seed=0/imgs
Will save to 'poisoned_train_set/gtsrb/TaCT_0.010_cover=0.000_poison_seed=0/full_base_aug_seed=2333.pt'.
Model 'poisoned_train_set/gtsrb/TaCT_0.010_cover=0.000_poison_seed=0/full_base_aug_seed=2333.pt' already exists!
<Backdoor Training> Train Epoch: 1 	Loss: 0.104703, lr: 0.010000, Time: 7.41s
Clean ACC: 9527/10630 = 0.896237, Loss: 0.3662436902523041
ASR: 591/605 = 0.976860


<Backdoor Training> Train Epoch: 2 	Loss: 0.028248, lr: 0.010000, Time: 3.60s
Clean ACC: 10049/10630 = 0.945343, Loss: 0.1900450587272644
ASR: 599/605 = 0.990083


<Backdoor Training> Train Epoch: 3 	Loss: 0.004785, lr: 0.010000, Time: 3.54s
Clean ACC: 10091/10630 = 0.949294, Loss: 0.1775663197040558
ASR: 604/605 = 0.998347


<Backdoor Training> Train Epoch: 4 	Loss: 0.005841, lr: 0.010000, Time: 3.50s
Clean ACC: 10169/10630 = 0.956632, Loss: 0.14251136779785156
ASR: 601/605 = 0.993388


<Backdoor Training> Train Epoch: 5 	Loss: 0.056903, lr: 0.010000, Time: 3.51s
Clean ACC: 10194/10630 = 0.958984, Loss: 0.13967867195606232
ASR: 603/605 = 0.996694


<Backdoor Training> Train Epoch: 6 	Loss: 0.009275, lr: 0.010000, Time: 3.57s
Clean ACC: 10189/10630 = 0.958514, Loss: 0.1490982472896576
ASR: 605/605 = 1.000000


<Backdoor Training> Train Epoch: 7 	Loss: 0.001250, lr: 0.010000, Time: 3.48s
Clean ACC: 10230/10630 = 0.962371, Loss: 0.14055243134498596
ASR: 605/605 = 1.000000


<Backdoor Training> Train Epoch: 8 	Loss: 0.005693, lr: 0.010000, Time: 3.50s
Clean ACC: 10299/10630 = 0.968862, Loss: 0.11140349507331848
ASR: 605/605 = 1.000000


<Backdoor Training> Train Epoch: 9 	Loss: 0.005633, lr: 0.010000, Time: 3.48s
Clean ACC: 10338/10630 = 0.972531, Loss: 0.10174015164375305
ASR: 605/605 = 1.000000


<Backdoor Training> Train Epoch: 10 	Loss: 0.001368, lr: 0.010000, Time: 3.55s
Clean ACC: 10297/10630 = 0.968674, Loss: 0.11164599657058716
ASR: 605/605 = 1.000000


<Backdoor Training> Train Epoch: 11 	Loss: 0.000273, lr: 0.010000, Time: 3.52s
Clean ACC: 10313/10630 = 0.970179, Loss: 0.10338253527879715
ASR: 605/605 = 1.000000


<Backdoor Training> Train Epoch: 12 	Loss: 0.000780, lr: 0.010000, Time: 3.43s
Clean ACC: 10310/10630 = 0.969897, Loss: 0.10994832962751389
ASR: 602/605 = 0.995041


<Backdoor Training> Train Epoch: 13 	Loss: 0.004603, lr: 0.010000, Time: 3.56s
Clean ACC: 10332/10630 = 0.971966, Loss: 0.10036760568618774
ASR: 605/605 = 1.000000


<Backdoor Training> Train Epoch: 14 	Loss: 0.012087, lr: 0.010000, Time: 3.40s
Clean ACC: 10328/10630 = 0.971590, Loss: 0.1029275581240654
ASR: 605/605 = 1.000000


<Backdoor Training> Train Epoch: 15 	Loss: 0.005112, lr: 0.010000, Time: 3.57s
Clean ACC: 10286/10630 = 0.967639, Loss: 0.12259101867675781
ASR: 605/605 = 1.000000


<Backdoor Training> Train Epoch: 16 	Loss: 0.000947, lr: 0.010000, Time: 3.47s
Clean ACC: 10303/10630 = 0.969238, Loss: 0.11969805508852005
ASR: 605/605 = 1.000000


<Backdoor Training> Train Epoch: 17 	Loss: 0.004755, lr: 0.010000, Time: 3.50s
Clean ACC: 10332/10630 = 0.971966, Loss: 0.10302787274122238
ASR: 605/605 = 1.000000


<Backdoor Training> Train Epoch: 18 	Loss: 0.007634, lr: 0.010000, Time: 3.60s
Clean ACC: 10341/10630 = 0.972813, Loss: 0.09762886166572571
ASR: 605/605 = 1.000000


<Backdoor Training> Train Epoch: 19 	Loss: 0.001824, lr: 0.010000, Time: 3.54s
Clean ACC: 10234/10630 = 0.962747, Loss: 0.13172927498817444
ASR: 604/605 = 0.998347


<Backdoor Training> Train Epoch: 20 	Loss: 0.002015, lr: 0.010000, Time: 3.55s
Clean ACC: 10337/10630 = 0.972437, Loss: 0.10034236311912537
ASR: 605/605 = 1.000000


<Backdoor Training> Train Epoch: 21 	Loss: 0.000483, lr: 0.010000, Time: 3.64s
Clean ACC: 10349/10630 = 0.973565, Loss: 0.09556613862514496
ASR: 605/605 = 1.000000


<Backdoor Training> Train Epoch: 22 	Loss: 0.000616, lr: 0.010000, Time: 3.56s
Clean ACC: 10357/10630 = 0.974318, Loss: 0.0947883203625679
ASR: 605/605 = 1.000000


<Backdoor Training> Train Epoch: 23 	Loss: 0.000077, lr: 0.010000, Time: 3.53s
Clean ACC: 10356/10630 = 0.974224, Loss: 0.09460335224866867
ASR: 605/605 = 1.000000


<Backdoor Training> Train Epoch: 24 	Loss: 0.000355, lr: 0.010000, Time: 3.57s
Clean ACC: 10357/10630 = 0.974318, Loss: 0.09421172738075256
ASR: 605/605 = 1.000000


<Backdoor Training> Train Epoch: 25 	Loss: 0.004921, lr: 0.010000, Time: 3.53s
Clean ACC: 10355/10630 = 0.974130, Loss: 0.09237537533044815
ASR: 605/605 = 1.000000


<Backdoor Training> Train Epoch: 26 	Loss: 0.000458, lr: 0.010000, Time: 3.43s
Clean ACC: 10342/10630 = 0.972907, Loss: 0.09788420051336288
ASR: 605/605 = 1.000000


<Backdoor Training> Train Epoch: 27 	Loss: 0.000124, lr: 0.010000, Time: 3.61s
Clean ACC: 10347/10630 = 0.973377, Loss: 0.09470449388027191
ASR: 605/605 = 1.000000


<Backdoor Training> Train Epoch: 28 	Loss: 0.000842, lr: 0.010000, Time: 3.56s
Clean ACC: 10355/10630 = 0.974130, Loss: 0.09273611754179001
ASR: 605/605 = 1.000000


<Backdoor Training> Train Epoch: 29 	Loss: 0.002884, lr: 0.010000, Time: 3.47s
Clean ACC: 10366/10630 = 0.975165, Loss: 0.08872346580028534
ASR: 605/605 = 1.000000


<Backdoor Training> Train Epoch: 30 	Loss: 0.000177, lr: 0.010000, Time: 3.53s
Clean ACC: 10356/10630 = 0.974224, Loss: 0.09039423614740372
ASR: 605/605 = 1.000000


<Backdoor Training> Train Epoch: 31 	Loss: 0.000362, lr: 0.001000, Time: 3.43s
Clean ACC: 10366/10630 = 0.975165, Loss: 0.08796211332082748
ASR: 605/605 = 1.000000


<Backdoor Training> Train Epoch: 32 	Loss: 0.001972, lr: 0.001000, Time: 3.54s
Clean ACC: 10364/10630 = 0.974976, Loss: 0.08990978449583054
ASR: 605/605 = 1.000000


<Backdoor Training> Train Epoch: 33 	Loss: 0.000495, lr: 0.001000, Time: 3.58s
Clean ACC: 10356/10630 = 0.974224, Loss: 0.0902586281299591
ASR: 605/605 = 1.000000


<Backdoor Training> Train Epoch: 34 	Loss: 0.002407, lr: 0.001000, Time: 3.52s
Clean ACC: 10353/10630 = 0.973942, Loss: 0.09121522307395935
ASR: 605/605 = 1.000000


<Backdoor Training> Train Epoch: 35 	Loss: 0.000580, lr: 0.001000, Time: 3.61s
Clean ACC: 10359/10630 = 0.974506, Loss: 0.08994147181510925
ASR: 605/605 = 1.000000


<Backdoor Training> Train Epoch: 36 	Loss: 0.009340, lr: 0.001000, Time: 3.48s
Clean ACC: 10355/10630 = 0.974130, Loss: 0.08906746655702591
ASR: 605/605 = 1.000000


<Backdoor Training> Train Epoch: 37 	Loss: 0.000609, lr: 0.001000, Time: 3.55s
Clean ACC: 10351/10630 = 0.973754, Loss: 0.0918709933757782
ASR: 605/605 = 1.000000


<Backdoor Training> Train Epoch: 38 	Loss: 0.000114, lr: 0.001000, Time: 3.46s
Clean ACC: 10366/10630 = 0.975165, Loss: 0.08919662982225418
ASR: 605/605 = 1.000000


<Backdoor Training> Train Epoch: 39 	Loss: 0.000712, lr: 0.001000, Time: 3.61s
Clean ACC: 10357/10630 = 0.974318, Loss: 0.09116397053003311
ASR: 605/605 = 1.000000


<Backdoor Training> Train Epoch: 40 	Loss: 0.004598, lr: 0.001000, Time: 3.51s
Clean ACC: 10363/10630 = 0.974882, Loss: 0.08869977295398712
ASR: 605/605 = 1.000000


<Backdoor Training> Train Epoch: 41 	Loss: 0.000449, lr: 0.001000, Time: 3.54s
Clean ACC: 10357/10630 = 0.974318, Loss: 0.09016774594783783
ASR: 605/605 = 1.000000


<Backdoor Training> Train Epoch: 42 	Loss: 0.000668, lr: 0.001000, Time: 3.52s
Clean ACC: 10361/10630 = 0.974694, Loss: 0.08902395516633987
ASR: 605/605 = 1.000000


<Backdoor Training> Train Epoch: 43 	Loss: 0.000177, lr: 0.001000, Time: 3.47s
Clean ACC: 10364/10630 = 0.974976, Loss: 0.08749469369649887
ASR: 605/605 = 1.000000


<Backdoor Training> Train Epoch: 44 	Loss: 0.000309, lr: 0.001000, Time: 3.54s
Clean ACC: 10365/10630 = 0.975071, Loss: 0.0896361917257309
ASR: 605/605 = 1.000000


<Backdoor Training> Train Epoch: 45 	Loss: 0.000224, lr: 0.001000, Time: 3.61s
Clean ACC: 10360/10630 = 0.974600, Loss: 0.08855366706848145
ASR: 605/605 = 1.000000


<Backdoor Training> Train Epoch: 46 	Loss: 0.001840, lr: 0.001000, Time: 3.59s
Clean ACC: 10359/10630 = 0.974506, Loss: 0.08941972255706787
ASR: 605/605 = 1.000000


<Backdoor Training> Train Epoch: 47 	Loss: 0.000457, lr: 0.001000, Time: 3.52s
Clean ACC: 10353/10630 = 0.973942, Loss: 0.09136054664850235
ASR: 605/605 = 1.000000


<Backdoor Training> Train Epoch: 48 	Loss: 0.000828, lr: 0.001000, Time: 3.56s
Clean ACC: 10357/10630 = 0.974318, Loss: 0.09010814875364304
ASR: 605/605 = 1.000000


<Backdoor Training> Train Epoch: 49 	Loss: 0.001279, lr: 0.001000, Time: 3.56s
Clean ACC: 10359/10630 = 0.974506, Loss: 0.08908125013113022
ASR: 605/605 = 1.000000


<Backdoor Training> Train Epoch: 50 	Loss: 0.000359, lr: 0.001000, Time: 3.50s
Clean ACC: 10349/10630 = 0.973565, Loss: 0.09147775918245316
ASR: 605/605 = 1.000000


<Backdoor Training> Train Epoch: 51 	Loss: 0.000848, lr: 0.001000, Time: 3.49s
Clean ACC: 10356/10630 = 0.974224, Loss: 0.08874636888504028
ASR: 605/605 = 1.000000


<Backdoor Training> Train Epoch: 52 	Loss: 0.000401, lr: 0.001000, Time: 3.49s
Clean ACC: 10358/10630 = 0.974412, Loss: 0.08911707997322083
ASR: 605/605 = 1.000000


<Backdoor Training> Train Epoch: 53 	Loss: 0.001876, lr: 0.001000, Time: 3.57s
Clean ACC: 10361/10630 = 0.974694, Loss: 0.09008882939815521
ASR: 605/605 = 1.000000


<Backdoor Training> Train Epoch: 54 	Loss: 0.000440, lr: 0.001000, Time: 3.55s
Clean ACC: 10362/10630 = 0.974788, Loss: 0.08979824185371399
ASR: 605/605 = 1.000000


<Backdoor Training> Train Epoch: 55 	Loss: 0.000083, lr: 0.001000, Time: 3.61s
Clean ACC: 10356/10630 = 0.974224, Loss: 0.09059908241033554
ASR: 605/605 = 1.000000


<Backdoor Training> Train Epoch: 56 	Loss: 0.000891, lr: 0.001000, Time: 3.48s
Clean ACC: 10351/10630 = 0.973754, Loss: 0.09225088357925415
ASR: 605/605 = 1.000000


<Backdoor Training> Train Epoch: 57 	Loss: 0.000422, lr: 0.001000, Time: 3.53s
Clean ACC: 10359/10630 = 0.974506, Loss: 0.0889534205198288
ASR: 605/605 = 1.000000


<Backdoor Training> Train Epoch: 58 	Loss: 0.000855, lr: 0.001000, Time: 3.52s
Clean ACC: 10351/10630 = 0.973754, Loss: 0.09022855013608932
ASR: 605/605 = 1.000000


<Backdoor Training> Train Epoch: 59 	Loss: 0.003473, lr: 0.001000, Time: 3.55s
Clean ACC: 10345/10630 = 0.973189, Loss: 0.09172830730676651
ASR: 605/605 = 1.000000


<Backdoor Training> Train Epoch: 60 	Loss: 0.000171, lr: 0.001000, Time: 3.47s
Clean ACC: 10360/10630 = 0.974600, Loss: 0.08859585970640182
ASR: 605/605 = 1.000000


<Backdoor Training> Train Epoch: 61 	Loss: 0.000457, lr: 0.000100, Time: 3.57s
Clean ACC: 10354/10630 = 0.974036, Loss: 0.09177457541227341
ASR: 605/605 = 1.000000


<Backdoor Training> Train Epoch: 62 	Loss: 0.016776, lr: 0.000100, Time: 3.43s
Clean ACC: 10358/10630 = 0.974412, Loss: 0.09080301225185394
ASR: 605/605 = 1.000000


<Backdoor Training> Train Epoch: 63 	Loss: 0.000202, lr: 0.000100, Time: 3.55s
Clean ACC: 10355/10630 = 0.974130, Loss: 0.08952600508928299
ASR: 605/605 = 1.000000


<Backdoor Training> Train Epoch: 64 	Loss: 0.000470, lr: 0.000100, Time: 3.55s
Clean ACC: 10358/10630 = 0.974412, Loss: 0.08913729339838028
ASR: 605/605 = 1.000000


<Backdoor Training> Train Epoch: 65 	Loss: 0.003548, lr: 0.000100, Time: 3.58s
Clean ACC: 10356/10630 = 0.974224, Loss: 0.09116968512535095
ASR: 605/605 = 1.000000


<Backdoor Training> Train Epoch: 66 	Loss: 0.000939, lr: 0.000100, Time: 3.54s
Clean ACC: 10356/10630 = 0.974224, Loss: 0.08941973000764847
ASR: 605/605 = 1.000000


<Backdoor Training> Train Epoch: 67 	Loss: 0.000704, lr: 0.000100, Time: 3.55s
Clean ACC: 10366/10630 = 0.975165, Loss: 0.0881742313504219
ASR: 605/605 = 1.000000


<Backdoor Training> Train Epoch: 68 	Loss: 0.000188, lr: 0.000100, Time: 3.53s
Clean ACC: 10355/10630 = 0.974130, Loss: 0.09057316929101944
ASR: 605/605 = 1.000000


<Backdoor Training> Train Epoch: 69 	Loss: 0.000416, lr: 0.000100, Time: 3.46s
Clean ACC: 10361/10630 = 0.974694, Loss: 0.0887705460190773
ASR: 605/605 = 1.000000


<Backdoor Training> Train Epoch: 70 	Loss: 0.000967, lr: 0.000100, Time: 3.57s
Clean ACC: 10355/10630 = 0.974130, Loss: 0.09206076711416245
ASR: 605/605 = 1.000000


<Backdoor Training> Train Epoch: 71 	Loss: 0.005264, lr: 0.000100, Time: 3.55s
Clean ACC: 10352/10630 = 0.973848, Loss: 0.09160853922367096
ASR: 605/605 = 1.000000


<Backdoor Training> Train Epoch: 72 	Loss: 0.016548, lr: 0.000100, Time: 3.52s
Clean ACC: 10345/10630 = 0.973189, Loss: 0.09237707406282425
ASR: 605/605 = 1.000000


<Backdoor Training> Train Epoch: 73 	Loss: 0.000804, lr: 0.000100, Time: 3.48s
Clean ACC: 10355/10630 = 0.974130, Loss: 0.09070735424757004
ASR: 605/605 = 1.000000


<Backdoor Training> Train Epoch: 74 	Loss: 0.000204, lr: 0.000100, Time: 3.48s
Clean ACC: 10359/10630 = 0.974506, Loss: 0.08851363509893417
ASR: 605/605 = 1.000000


<Backdoor Training> Train Epoch: 75 	Loss: 0.000480, lr: 0.000100, Time: 3.60s
Clean ACC: 10363/10630 = 0.974882, Loss: 0.08793208748102188
ASR: 605/605 = 1.000000


<Backdoor Training> Train Epoch: 76 	Loss: 0.003449, lr: 0.000100, Time: 3.48s
Clean ACC: 10355/10630 = 0.974130, Loss: 0.08927925676107407
ASR: 605/605 = 1.000000


<Backdoor Training> Train Epoch: 77 	Loss: 0.002105, lr: 0.000100, Time: 3.48s
Clean ACC: 10352/10630 = 0.973848, Loss: 0.09132165461778641
ASR: 605/605 = 1.000000


<Backdoor Training> Train Epoch: 78 	Loss: 0.003252, lr: 0.000100, Time: 3.64s
Clean ACC: 10361/10630 = 0.974694, Loss: 0.08779608458280563
ASR: 605/605 = 1.000000


<Backdoor Training> Train Epoch: 79 	Loss: 0.000626, lr: 0.000100, Time: 3.44s
Clean ACC: 10362/10630 = 0.974788, Loss: 0.08838974684476852
ASR: 605/605 = 1.000000


<Backdoor Training> Train Epoch: 80 	Loss: 0.000386, lr: 0.000100, Time: 3.57s
Clean ACC: 10367/10630 = 0.975259, Loss: 0.08707023411989212
ASR: 605/605 = 1.000000


<Backdoor Training> Train Epoch: 81 	Loss: 0.005978, lr: 0.000100, Time: 3.60s
Clean ACC: 10346/10630 = 0.973283, Loss: 0.09369491785764694
ASR: 605/605 = 1.000000


<Backdoor Training> Train Epoch: 82 	Loss: 0.001609, lr: 0.000100, Time: 3.62s
Clean ACC: 10352/10630 = 0.973848, Loss: 0.0913039892911911
ASR: 605/605 = 1.000000


<Backdoor Training> Train Epoch: 83 	Loss: 0.000095, lr: 0.000100, Time: 3.53s
Clean ACC: 10373/10630 = 0.975823, Loss: 0.08651857078075409
ASR: 605/605 = 1.000000


<Backdoor Training> Train Epoch: 84 	Loss: 0.000993, lr: 0.000100, Time: 3.54s
Clean ACC: 10368/10630 = 0.975353, Loss: 0.0880727544426918
ASR: 605/605 = 1.000000


<Backdoor Training> Train Epoch: 85 	Loss: 0.000439, lr: 0.000100, Time: 3.45s
Clean ACC: 10358/10630 = 0.974412, Loss: 0.08782865107059479
ASR: 605/605 = 1.000000


<Backdoor Training> Train Epoch: 86 	Loss: 0.000513, lr: 0.000100, Time: 3.59s
Clean ACC: 10363/10630 = 0.974882, Loss: 0.08932503312826157
ASR: 605/605 = 1.000000


<Backdoor Training> Train Epoch: 87 	Loss: 0.002384, lr: 0.000100, Time: 3.51s
Clean ACC: 10368/10630 = 0.975353, Loss: 0.08754996955394745
ASR: 605/605 = 1.000000


<Backdoor Training> Train Epoch: 88 	Loss: 0.001027, lr: 0.000100, Time: 3.45s
Clean ACC: 10359/10630 = 0.974506, Loss: 0.08893780410289764
ASR: 605/605 = 1.000000


<Backdoor Training> Train Epoch: 89 	Loss: 0.000297, lr: 0.000100, Time: 3.59s
Clean ACC: 10360/10630 = 0.974600, Loss: 0.08801806718111038
ASR: 605/605 = 1.000000


<Backdoor Training> Train Epoch: 90 	Loss: 0.001135, lr: 0.000100, Time: 3.52s
Clean ACC: 10356/10630 = 0.974224, Loss: 0.09050575643777847
ASR: 605/605 = 1.000000


<Backdoor Training> Train Epoch: 91 	Loss: 0.000794, lr: 0.000100, Time: 3.55s
Clean ACC: 10351/10630 = 0.973754, Loss: 0.09040284901857376
ASR: 605/605 = 1.000000


<Backdoor Training> Train Epoch: 92 	Loss: 0.001440, lr: 0.000100, Time: 3.48s
Clean ACC: 10357/10630 = 0.974318, Loss: 0.08913057297468185
ASR: 605/605 = 1.000000


<Backdoor Training> Train Epoch: 93 	Loss: 0.000794, lr: 0.000100, Time: 3.53s
Clean ACC: 10353/10630 = 0.973942, Loss: 0.08981553465127945
ASR: 605/605 = 1.000000


<Backdoor Training> Train Epoch: 94 	Loss: 0.014788, lr: 0.000100, Time: 3.53s
Clean ACC: 10370/10630 = 0.975541, Loss: 0.08902615308761597
ASR: 605/605 = 1.000000


<Backdoor Training> Train Epoch: 95 	Loss: 0.021658, lr: 0.000100, Time: 3.58s
Clean ACC: 10365/10630 = 0.975071, Loss: 0.08795231580734253
ASR: 605/605 = 1.000000


<Backdoor Training> Train Epoch: 96 	Loss: 0.001371, lr: 0.000100, Time: 3.44s
Clean ACC: 10345/10630 = 0.973189, Loss: 0.09270572662353516
ASR: 605/605 = 1.000000


<Backdoor Training> Train Epoch: 97 	Loss: 0.000470, lr: 0.000100, Time: 3.51s
Clean ACC: 10352/10630 = 0.973848, Loss: 0.0904928594827652
ASR: 605/605 = 1.000000


<Backdoor Training> Train Epoch: 98 	Loss: 0.001910, lr: 0.000100, Time: 3.42s
Clean ACC: 10357/10630 = 0.974318, Loss: 0.0887252688407898
ASR: 605/605 = 1.000000


<Backdoor Training> Train Epoch: 99 	Loss: 0.001287, lr: 0.000100, Time: 3.43s
Clean ACC: 10364/10630 = 0.974976, Loss: 0.09014691412448883
ASR: 605/605 = 1.000000


<Backdoor Training> Train Epoch: 100 	Loss: 0.000533, lr: 0.000100, Time: 3.53s
Clean ACC: 10366/10630 = 0.975165, Loss: 0.0881471335887909
ASR: 605/605 = 1.000000


Testing the backdoor model...
Evaluating model 'poisoned_train_set/gtsrb/TaCT_0.010_cover=0.000_poison_seed=0/full_base_aug_seed=2333.pt'...
Clean ACC: 10366/10630 = 0.975165, Loss: 0.0881471335887909
ASR: 605/605 = 1.000000

Visualizing the model's latent space...
Using method: umap
Visualizing model 'poisoned_train_set/gtsrb/TaCT_0.010_cover=0.000_poison_seed=0/full_base_aug_seed=2333.pt' on gtsrb...
[test]
Clean ACC: 10365/10630 = 0.975071, Loss: 0.08814116567373276
ASR: 605/605 = 1.000000

Total Clean: 26374
Total Poisoned: 266
Saved figure at umap_assets/umap_gtsrb_TaCT_0.010_cover=0.000_poison_seed=0_full_base_aug_seed=2333.pt_class=2.png
Experiment for gtsrb with TaCT completed.
