/home/s222576762/BackdoorBox Research/backdoor-toolbox/utils/tools.py:28: FutureWarning: You are using `torch.load` with `weights_only=False` (the current default value), which uses the default pickle module implicitly. It is possible to construct malicious pickle data which will execute arbitrary code during unpickling (See https://github.com/pytorch/pytorch/blob/main/SECURITY.md#untrusted-models for more details). In a future release, the default value for `weights_only` will be flipped to `True`. This limits the functions that could be executed during unpickling. Arbitrary objects will no longer be allowed to be loaded via this mode unless they are explicitly allowlisted by the user via `torch.serialization.add_safe_globals`. We recommend you start setting `weights_only=True` for any use case where you don't have full control of the loaded file. Please open an issue on GitHub for any issues related to this experimental feature.
  self.img_set = torch.load(data_dir)
/home/s222576762/BackdoorBox Research/backdoor-toolbox/utils/tools.py:29: FutureWarning: You are using `torch.load` with `weights_only=False` (the current default value), which uses the default pickle module implicitly. It is possible to construct malicious pickle data which will execute arbitrary code during unpickling (See https://github.com/pytorch/pytorch/blob/main/SECURITY.md#untrusted-models for more details). In a future release, the default value for `weights_only` will be flipped to `True`. This limits the functions that could be executed during unpickling. Arbitrary objects will no longer be allowed to be loaded via this mode unless they are explicitly allowlisted by the user via `torch.serialization.add_safe_globals`. We recommend you start setting `weights_only=True` for any use case where you don't have full control of the loaded file. Please open an issue on GitHub for any issues related to this experimental feature.
  self.gt = torch.load(label_path)
Traceback (most recent call last):
  File "/home/s222576762/BackdoorBox Research/backdoor-toolbox/train_on_poisoned_set.py", line 229, in <module>
    test_set = tools.IMG_Dataset(data_dir=test_set_img_dir,
               ^^^^^^^^^^^^^^^^^^^^^^^^^^^^^^^^^^^^^^^^^^^^
  File "/home/s222576762/BackdoorBox Research/backdoor-toolbox/utils/tools.py", line 29, in __init__
    self.gt = torch.load(label_path)
              ^^^^^^^^^^^^^^^^^^^^^^
  File "/home/s222576762/BackdoorBox Research/backdoor-toolbox/my_env/lib/python3.12/site-packages/torch/serialization.py", line 1319, in load
    with _open_file_like(f, "rb") as opened_file:
         ^^^^^^^^^^^^^^^^^^^^^^^^
  File "/home/s222576762/BackdoorBox Research/backdoor-toolbox/my_env/lib/python3.12/site-packages/torch/serialization.py", line 659, in _open_file_like
    return _open_file(name_or_buffer, mode)
           ^^^^^^^^^^^^^^^^^^^^^^^^^^^^^^^^
  File "/home/s222576762/BackdoorBox Research/backdoor-toolbox/my_env/lib/python3.12/site-packages/torch/serialization.py", line 640, in __init__
    super().__init__(open(name, mode))
                     ^^^^^^^^^^^^^^^^
FileNotFoundError: [Errno 2] No such file or directory: 'clean_set/gtsrb/test_split/labels'
/home/s222576762/BackdoorBox Research/backdoor-toolbox/test_model.py:112: FutureWarning: You are using `torch.load` with `weights_only=False` (the current default value), which uses the default pickle module implicitly. It is possible to construct malicious pickle data which will execute arbitrary code during unpickling (See https://github.com/pytorch/pytorch/blob/main/SECURITY.md#untrusted-models for more details). In a future release, the default value for `weights_only` will be flipped to `True`. This limits the functions that could be executed during unpickling. Arbitrary objects will no longer be allowed to be loaded via this mode unless they are explicitly allowlisted by the user via `torch.serialization.add_safe_globals`. We recommend you start setting `weights_only=True` for any use case where you don't have full control of the loaded file. Please open an issue on GitHub for any issues related to this experimental feature.
  model.load_state_dict(torch.load(model_path))
Traceback (most recent call last):
  File "/home/s222576762/BackdoorBox Research/backdoor-toolbox/test_model.py", line 112, in <module>
    model.load_state_dict(torch.load(model_path))
                          ^^^^^^^^^^^^^^^^^^^^^^
  File "/home/s222576762/BackdoorBox Research/backdoor-toolbox/my_env/lib/python3.12/site-packages/torch/serialization.py", line 1319, in load
    with _open_file_like(f, "rb") as opened_file:
         ^^^^^^^^^^^^^^^^^^^^^^^^
  File "/home/s222576762/BackdoorBox Research/backdoor-toolbox/my_env/lib/python3.12/site-packages/torch/serialization.py", line 659, in _open_file_like
    return _open_file(name_or_buffer, mode)
           ^^^^^^^^^^^^^^^^^^^^^^^^^^^^^^^^
  File "/home/s222576762/BackdoorBox Research/backdoor-toolbox/my_env/lib/python3.12/site-packages/torch/serialization.py", line 640, in __init__
    super().__init__(open(name, mode))
                     ^^^^^^^^^^^^^^^^
FileNotFoundError: [Errno 2] No such file or directory: 'poisoned_train_set/gtsrb/SIG_0.010_poison_seed=0/full_base_aug_seed=2333.pt'
/home/s222576762/BackdoorBox Research/backdoor-toolbox/utils/tools.py:28: FutureWarning: You are using `torch.load` with `weights_only=False` (the current default value), which uses the default pickle module implicitly. It is possible to construct malicious pickle data which will execute arbitrary code during unpickling (See https://github.com/pytorch/pytorch/blob/main/SECURITY.md#untrusted-models for more details). In a future release, the default value for `weights_only` will be flipped to `True`. This limits the functions that could be executed during unpickling. Arbitrary objects will no longer be allowed to be loaded via this mode unless they are explicitly allowlisted by the user via `torch.serialization.add_safe_globals`. We recommend you start setting `weights_only=True` for any use case where you don't have full control of the loaded file. Please open an issue on GitHub for any issues related to this experimental feature.
  self.img_set = torch.load(data_dir)
/home/s222576762/BackdoorBox Research/backdoor-toolbox/utils/tools.py:29: FutureWarning: You are using `torch.load` with `weights_only=False` (the current default value), which uses the default pickle module implicitly. It is possible to construct malicious pickle data which will execute arbitrary code during unpickling (See https://github.com/pytorch/pytorch/blob/main/SECURITY.md#untrusted-models for more details). In a future release, the default value for `weights_only` will be flipped to `True`. This limits the functions that could be executed during unpickling. Arbitrary objects will no longer be allowed to be loaded via this mode unless they are explicitly allowlisted by the user via `torch.serialization.add_safe_globals`. We recommend you start setting `weights_only=True` for any use case where you don't have full control of the loaded file. Please open an issue on GitHub for any issues related to this experimental feature.
  self.gt = torch.load(label_path)
/home/s222576762/BackdoorBox Research/backdoor-toolbox/visualize.py:154: FutureWarning: You are using `torch.load` with `weights_only=False` (the current default value), which uses the default pickle module implicitly. It is possible to construct malicious pickle data which will execute arbitrary code during unpickling (See https://github.com/pytorch/pytorch/blob/main/SECURITY.md#untrusted-models for more details). In a future release, the default value for `weights_only` will be flipped to `True`. This limits the functions that could be executed during unpickling. Arbitrary objects will no longer be allowed to be loaded via this mode unless they are explicitly allowlisted by the user via `torch.serialization.add_safe_globals`. We recommend you start setting `weights_only=True` for any use case where you don't have full control of the loaded file. Please open an issue on GitHub for any issues related to this experimental feature.
  poison_indices = torch.tensor(torch.load(poison_indices_path))
Traceback (most recent call last):
  File "/home/s222576762/BackdoorBox Research/backdoor-toolbox/visualize.py", line 160, in <module>
    test_set = tools.IMG_Dataset(data_dir=test_set_img_dir, label_path=test_set_label_path,
               ^^^^^^^^^^^^^^^^^^^^^^^^^^^^^^^^^^^^^^^^^^^^^^^^^^^^^^^^^^^^^^^^^^^^^^^^^^^^
  File "/home/s222576762/BackdoorBox Research/backdoor-toolbox/utils/tools.py", line 29, in __init__
    self.gt = torch.load(label_path)
              ^^^^^^^^^^^^^^^^^^^^^^
  File "/home/s222576762/BackdoorBox Research/backdoor-toolbox/my_env/lib/python3.12/site-packages/torch/serialization.py", line 1319, in load
    with _open_file_like(f, "rb") as opened_file:
         ^^^^^^^^^^^^^^^^^^^^^^^^
  File "/home/s222576762/BackdoorBox Research/backdoor-toolbox/my_env/lib/python3.12/site-packages/torch/serialization.py", line 659, in _open_file_like
    return _open_file(name_or_buffer, mode)
           ^^^^^^^^^^^^^^^^^^^^^^^^^^^^^^^^
  File "/home/s222576762/BackdoorBox Research/backdoor-toolbox/my_env/lib/python3.12/site-packages/torch/serialization.py", line 640, in __init__
    super().__init__(open(name, mode))
                     ^^^^^^^^^^^^^^^^
FileNotFoundError: [Errno 2] No such file or directory: 'clean_set/gtsrb/test_split/labels'
/home/s222576762/BackdoorBox Research/backdoor-toolbox/utils/tools.py:28: FutureWarning: You are using `torch.load` with `weights_only=False` (the current default value), which uses the default pickle module implicitly. It is possible to construct malicious pickle data which will execute arbitrary code during unpickling (See https://github.com/pytorch/pytorch/blob/main/SECURITY.md#untrusted-models for more details). In a future release, the default value for `weights_only` will be flipped to `True`. This limits the functions that could be executed during unpickling. Arbitrary objects will no longer be allowed to be loaded via this mode unless they are explicitly allowlisted by the user via `torch.serialization.add_safe_globals`. We recommend you start setting `weights_only=True` for any use case where you don't have full control of the loaded file. Please open an issue on GitHub for any issues related to this experimental feature.
  self.img_set = torch.load(data_dir)
/home/s222576762/BackdoorBox Research/backdoor-toolbox/utils/tools.py:29: FutureWarning: You are using `torch.load` with `weights_only=False` (the current default value), which uses the default pickle module implicitly. It is possible to construct malicious pickle data which will execute arbitrary code during unpickling (See https://github.com/pytorch/pytorch/blob/main/SECURITY.md#untrusted-models for more details). In a future release, the default value for `weights_only` will be flipped to `True`. This limits the functions that could be executed during unpickling. Arbitrary objects will no longer be allowed to be loaded via this mode unless they are explicitly allowlisted by the user via `torch.serialization.add_safe_globals`. We recommend you start setting `weights_only=True` for any use case where you don't have full control of the loaded file. Please open an issue on GitHub for any issues related to this experimental feature.
  self.gt = torch.load(label_path)
/home/s222576762/BackdoorBox Research/backdoor-toolbox/visualize.py:154: FutureWarning: You are using `torch.load` with `weights_only=False` (the current default value), which uses the default pickle module implicitly. It is possible to construct malicious pickle data which will execute arbitrary code during unpickling (See https://github.com/pytorch/pytorch/blob/main/SECURITY.md#untrusted-models for more details). In a future release, the default value for `weights_only` will be flipped to `True`. This limits the functions that could be executed during unpickling. Arbitrary objects will no longer be allowed to be loaded via this mode unless they are explicitly allowlisted by the user via `torch.serialization.add_safe_globals`. We recommend you start setting `weights_only=True` for any use case where you don't have full control of the loaded file. Please open an issue on GitHub for any issues related to this experimental feature.
  poison_indices = torch.tensor(torch.load(poison_indices_path))
Traceback (most recent call last):
  File "/home/s222576762/BackdoorBox Research/backdoor-toolbox/visualize.py", line 160, in <module>
    test_set = tools.IMG_Dataset(data_dir=test_set_img_dir, label_path=test_set_label_path,
               ^^^^^^^^^^^^^^^^^^^^^^^^^^^^^^^^^^^^^^^^^^^^^^^^^^^^^^^^^^^^^^^^^^^^^^^^^^^^
  File "/home/s222576762/BackdoorBox Research/backdoor-toolbox/utils/tools.py", line 29, in __init__
    self.gt = torch.load(label_path)
              ^^^^^^^^^^^^^^^^^^^^^^
  File "/home/s222576762/BackdoorBox Research/backdoor-toolbox/my_env/lib/python3.12/site-packages/torch/serialization.py", line 1319, in load
    with _open_file_like(f, "rb") as opened_file:
         ^^^^^^^^^^^^^^^^^^^^^^^^
  File "/home/s222576762/BackdoorBox Research/backdoor-toolbox/my_env/lib/python3.12/site-packages/torch/serialization.py", line 659, in _open_file_like
    return _open_file(name_or_buffer, mode)
           ^^^^^^^^^^^^^^^^^^^^^^^^^^^^^^^^
  File "/home/s222576762/BackdoorBox Research/backdoor-toolbox/my_env/lib/python3.12/site-packages/torch/serialization.py", line 640, in __init__
    super().__init__(open(name, mode))
                     ^^^^^^^^^^^^^^^^
FileNotFoundError: [Errno 2] No such file or directory: 'clean_set/gtsrb/test_split/labels'
/home/s222576762/BackdoorBox Research/backdoor-toolbox/utils/tools.py:28: FutureWarning: You are using `torch.load` with `weights_only=False` (the current default value), which uses the default pickle module implicitly. It is possible to construct malicious pickle data which will execute arbitrary code during unpickling (See https://github.com/pytorch/pytorch/blob/main/SECURITY.md#untrusted-models for more details). In a future release, the default value for `weights_only` will be flipped to `True`. This limits the functions that could be executed during unpickling. Arbitrary objects will no longer be allowed to be loaded via this mode unless they are explicitly allowlisted by the user via `torch.serialization.add_safe_globals`. We recommend you start setting `weights_only=True` for any use case where you don't have full control of the loaded file. Please open an issue on GitHub for any issues related to this experimental feature.
  self.img_set = torch.load(data_dir)
/home/s222576762/BackdoorBox Research/backdoor-toolbox/utils/tools.py:29: FutureWarning: You are using `torch.load` with `weights_only=False` (the current default value), which uses the default pickle module implicitly. It is possible to construct malicious pickle data which will execute arbitrary code during unpickling (See https://github.com/pytorch/pytorch/blob/main/SECURITY.md#untrusted-models for more details). In a future release, the default value for `weights_only` will be flipped to `True`. This limits the functions that could be executed during unpickling. Arbitrary objects will no longer be allowed to be loaded via this mode unless they are explicitly allowlisted by the user via `torch.serialization.add_safe_globals`. We recommend you start setting `weights_only=True` for any use case where you don't have full control of the loaded file. Please open an issue on GitHub for any issues related to this experimental feature.
  self.gt = torch.load(label_path)
/home/s222576762/BackdoorBox Research/backdoor-toolbox/visualize.py:154: FutureWarning: You are using `torch.load` with `weights_only=False` (the current default value), which uses the default pickle module implicitly. It is possible to construct malicious pickle data which will execute arbitrary code during unpickling (See https://github.com/pytorch/pytorch/blob/main/SECURITY.md#untrusted-models for more details). In a future release, the default value for `weights_only` will be flipped to `True`. This limits the functions that could be executed during unpickling. Arbitrary objects will no longer be allowed to be loaded via this mode unless they are explicitly allowlisted by the user via `torch.serialization.add_safe_globals`. We recommend you start setting `weights_only=True` for any use case where you don't have full control of the loaded file. Please open an issue on GitHub for any issues related to this experimental feature.
  poison_indices = torch.tensor(torch.load(poison_indices_path))
Traceback (most recent call last):
  File "/home/s222576762/BackdoorBox Research/backdoor-toolbox/visualize.py", line 160, in <module>
    test_set = tools.IMG_Dataset(data_dir=test_set_img_dir, label_path=test_set_label_path,
               ^^^^^^^^^^^^^^^^^^^^^^^^^^^^^^^^^^^^^^^^^^^^^^^^^^^^^^^^^^^^^^^^^^^^^^^^^^^^
  File "/home/s222576762/BackdoorBox Research/backdoor-toolbox/utils/tools.py", line 29, in __init__
    self.gt = torch.load(label_path)
              ^^^^^^^^^^^^^^^^^^^^^^
  File "/home/s222576762/BackdoorBox Research/backdoor-toolbox/my_env/lib/python3.12/site-packages/torch/serialization.py", line 1319, in load
    with _open_file_like(f, "rb") as opened_file:
         ^^^^^^^^^^^^^^^^^^^^^^^^
  File "/home/s222576762/BackdoorBox Research/backdoor-toolbox/my_env/lib/python3.12/site-packages/torch/serialization.py", line 659, in _open_file_like
    return _open_file(name_or_buffer, mode)
           ^^^^^^^^^^^^^^^^^^^^^^^^^^^^^^^^
  File "/home/s222576762/BackdoorBox Research/backdoor-toolbox/my_env/lib/python3.12/site-packages/torch/serialization.py", line 640, in __init__
    super().__init__(open(name, mode))
                     ^^^^^^^^^^^^^^^^
FileNotFoundError: [Errno 2] No such file or directory: 'clean_set/gtsrb/test_split/labels'
/home/s222576762/BackdoorBox Research/backdoor-toolbox/utils/tools.py:29: FutureWarning: You are using `torch.load` with `weights_only=False` (the current default value), which uses the default pickle module implicitly. It is possible to construct malicious pickle data which will execute arbitrary code during unpickling (See https://github.com/pytorch/pytorch/blob/main/SECURITY.md#untrusted-models for more details). In a future release, the default value for `weights_only` will be flipped to `True`. This limits the functions that could be executed during unpickling. Arbitrary objects will no longer be allowed to be loaded via this mode unless they are explicitly allowlisted by the user via `torch.serialization.add_safe_globals`. We recommend you start setting `weights_only=True` for any use case where you don't have full control of the loaded file. Please open an issue on GitHub for any issues related to this experimental feature.
  self.gt = torch.load(label_path)
Traceback (most recent call last):
  File "/home/s222576762/BackdoorBox Research/backdoor-toolbox/other_defense.py", line 191, in <module>
    defense = IBD_PSC(args)
              ^^^^^^^^^^^^^
  File "/home/s222576762/BackdoorBox Research/backdoor-toolbox/other_defenses_tool_box/IBD_PSC.py", line 49, in __init__
    self.test_loader = generate_dataloader(dataset=self.dataset,
                       ^^^^^^^^^^^^^^^^^^^^^^^^^^^^^^^^^^^^^^^^^
  File "/home/s222576762/BackdoorBox Research/backdoor-toolbox/other_defenses_tool_box/tools.py", line 125, in generate_dataloader
    test_set = IMG_Dataset(data_dir=test_set_img_dir, label_path=test_set_label_path, transforms=data_transform)
               ^^^^^^^^^^^^^^^^^^^^^^^^^^^^^^^^^^^^^^^^^^^^^^^^^^^^^^^^^^^^^^^^^^^^^^^^^^^^^^^^^^^^^^^^^^^^^^^^^
  File "/home/s222576762/BackdoorBox Research/backdoor-toolbox/utils/tools.py", line 29, in __init__
    self.gt = torch.load(label_path)
              ^^^^^^^^^^^^^^^^^^^^^^
  File "/home/s222576762/BackdoorBox Research/backdoor-toolbox/my_env/lib/python3.12/site-packages/torch/serialization.py", line 1319, in load
    with _open_file_like(f, "rb") as opened_file:
         ^^^^^^^^^^^^^^^^^^^^^^^^
  File "/home/s222576762/BackdoorBox Research/backdoor-toolbox/my_env/lib/python3.12/site-packages/torch/serialization.py", line 659, in _open_file_like
    return _open_file(name_or_buffer, mode)
           ^^^^^^^^^^^^^^^^^^^^^^^^^^^^^^^^
  File "/home/s222576762/BackdoorBox Research/backdoor-toolbox/my_env/lib/python3.12/site-packages/torch/serialization.py", line 640, in __init__
    super().__init__(open(name, mode))
                     ^^^^^^^^^^^^^^^^
FileNotFoundError: [Errno 2] No such file or directory: 'clean_set/gtsrb/test_split/labels'
