Creating poisoned training set for SIG on cifar10...
[target class : 0]
Files already downloaded and verified
Poisoned set directory 'poisoned_train_set/cifar10/SIG_0.010_poison_seed=0' to be created is not empty! Exiting...
Training the model on the poisoned dataset...
dataset : poisoned_train_set/cifar10/SIG_0.010_poison_seed=0/imgs
Will save to 'poisoned_train_set/cifar10/SIG_0.010_poison_seed=0/full_base_aug_seed=2333.pt'.
Model 'poisoned_train_set/cifar10/SIG_0.010_poison_seed=0/full_base_aug_seed=2333.pt' already exists!
<Backdoor Training> Train Epoch: 1 	Loss: 1.577826, lr: 0.100000, Time: 6.74s
Clean ACC: 3369/8000 = 0.421125, Loss: 1.5579638481140137
ASR: 602/7193 = 0.083692


<Backdoor Training> Train Epoch: 2 	Loss: 1.387896, lr: 0.100000, Time: 6.20s
Clean ACC: 4370/8000 = 0.546250, Loss: 1.2405165433883667
ASR: 1058/7193 = 0.147087


<Backdoor Training> Train Epoch: 3 	Loss: 1.229142, lr: 0.100000, Time: 6.24s
Clean ACC: 4904/8000 = 0.613000, Loss: 1.0911297798156738
ASR: 5359/7193 = 0.745030


<Backdoor Training> Train Epoch: 4 	Loss: 0.934348, lr: 0.100000, Time: 6.21s
Clean ACC: 5228/8000 = 0.653500, Loss: 0.9957091212272644
ASR: 3750/7193 = 0.521340


<Backdoor Training> Train Epoch: 5 	Loss: 0.632431, lr: 0.100000, Time: 6.28s
Clean ACC: 5823/8000 = 0.727875, Loss: 0.7850924730300903
ASR: 3186/7193 = 0.442931


<Backdoor Training> Train Epoch: 6 	Loss: 0.671522, lr: 0.100000, Time: 6.10s
Clean ACC: 6099/8000 = 0.762375, Loss: 0.6927706599235535
ASR: 5317/7193 = 0.739191


<Backdoor Training> Train Epoch: 7 	Loss: 0.367607, lr: 0.100000, Time: 6.29s
Clean ACC: 6271/8000 = 0.783875, Loss: 0.6458683013916016
ASR: 2565/7193 = 0.356597


<Backdoor Training> Train Epoch: 8 	Loss: 0.496222, lr: 0.100000, Time: 6.27s
Clean ACC: 6436/8000 = 0.804500, Loss: 0.5781331062316895
ASR: 6089/7193 = 0.846517


<Backdoor Training> Train Epoch: 9 	Loss: 0.507639, lr: 0.100000, Time: 6.26s
Clean ACC: 6458/8000 = 0.807250, Loss: 0.577603816986084
ASR: 4293/7193 = 0.596830


<Backdoor Training> Train Epoch: 10 	Loss: 0.602751, lr: 0.100000, Time: 6.19s
Clean ACC: 6416/8000 = 0.802000, Loss: 0.6054650545120239
ASR: 3929/7193 = 0.546225


<Backdoor Training> Train Epoch: 11 	Loss: 0.518175, lr: 0.100000, Time: 6.29s
Clean ACC: 6691/8000 = 0.836375, Loss: 0.4871228337287903
ASR: 4627/7193 = 0.643264


<Backdoor Training> Train Epoch: 12 	Loss: 0.220988, lr: 0.100000, Time: 6.32s
Clean ACC: 6735/8000 = 0.841875, Loss: 0.48040318489074707
ASR: 6474/7193 = 0.900042


<Backdoor Training> Train Epoch: 13 	Loss: 0.327364, lr: 0.100000, Time: 6.29s
Clean ACC: 6826/8000 = 0.853250, Loss: 0.432677298784256
ASR: 6483/7193 = 0.901293


<Backdoor Training> Train Epoch: 14 	Loss: 0.218330, lr: 0.100000, Time: 6.36s
Clean ACC: 6763/8000 = 0.845375, Loss: 0.46402451395988464
ASR: 5718/7193 = 0.794940


<Backdoor Training> Train Epoch: 15 	Loss: 0.205711, lr: 0.100000, Time: 6.17s
Clean ACC: 6881/8000 = 0.860125, Loss: 0.4153880178928375
ASR: 4916/7193 = 0.683442


<Backdoor Training> Train Epoch: 16 	Loss: 0.371362, lr: 0.100000, Time: 6.20s
Clean ACC: 6928/8000 = 0.866000, Loss: 0.39260944724082947
ASR: 6383/7193 = 0.887391


<Backdoor Training> Train Epoch: 17 	Loss: 0.315382, lr: 0.100000, Time: 6.41s
Clean ACC: 6955/8000 = 0.869375, Loss: 0.38679543137550354
ASR: 6093/7193 = 0.847074


<Backdoor Training> Train Epoch: 18 	Loss: 0.263259, lr: 0.100000, Time: 6.29s
Clean ACC: 6916/8000 = 0.864500, Loss: 0.4147712290287018
ASR: 4701/7193 = 0.653552


<Backdoor Training> Train Epoch: 19 	Loss: 0.360018, lr: 0.100000, Time: 6.28s
Clean ACC: 7000/8000 = 0.875000, Loss: 0.38450267910957336
ASR: 6490/7193 = 0.902266


<Backdoor Training> Train Epoch: 20 	Loss: 0.120789, lr: 0.100000, Time: 6.39s
Clean ACC: 7004/8000 = 0.875500, Loss: 0.3974134624004364
ASR: 6105/7193 = 0.848742


<Backdoor Training> Train Epoch: 21 	Loss: 0.269488, lr: 0.100000, Time: 6.13s
Clean ACC: 6934/8000 = 0.866750, Loss: 0.4101769030094147
ASR: 6463/7193 = 0.898512


<Backdoor Training> Train Epoch: 22 	Loss: 0.151008, lr: 0.100000, Time: 6.12s
Clean ACC: 6882/8000 = 0.860250, Loss: 0.44492825865745544
ASR: 5055/7193 = 0.702767


<Backdoor Training> Train Epoch: 23 	Loss: 0.114410, lr: 0.100000, Time: 6.35s
Clean ACC: 6979/8000 = 0.872375, Loss: 0.39180830121040344
ASR: 6229/7193 = 0.865981


<Backdoor Training> Train Epoch: 24 	Loss: 0.159362, lr: 0.100000, Time: 6.16s
Clean ACC: 6965/8000 = 0.870625, Loss: 0.41681647300720215
ASR: 6208/7193 = 0.863061


<Backdoor Training> Train Epoch: 25 	Loss: 0.300095, lr: 0.100000, Time: 6.31s
Clean ACC: 6963/8000 = 0.870375, Loss: 0.431877076625824
ASR: 5894/7193 = 0.819408


<Backdoor Training> Train Epoch: 26 	Loss: 0.380964, lr: 0.100000, Time: 6.17s
Clean ACC: 7135/8000 = 0.891875, Loss: 0.35542240738868713
ASR: 4911/7193 = 0.682747


<Backdoor Training> Train Epoch: 27 	Loss: 0.251326, lr: 0.100000, Time: 6.13s
Clean ACC: 6927/8000 = 0.865875, Loss: 0.4982742965221405
ASR: 5110/7193 = 0.710413


<Backdoor Training> Train Epoch: 28 	Loss: 0.119610, lr: 0.100000, Time: 6.27s
Clean ACC: 7136/8000 = 0.892000, Loss: 0.3534601032733917
ASR: 4647/7193 = 0.646045


<Backdoor Training> Train Epoch: 29 	Loss: 0.160519, lr: 0.100000, Time: 6.18s
Clean ACC: 7095/8000 = 0.886875, Loss: 0.36596742272377014
ASR: 6043/7193 = 0.840122


<Backdoor Training> Train Epoch: 30 	Loss: 0.200440, lr: 0.100000, Time: 6.28s
Clean ACC: 7120/8000 = 0.890000, Loss: 0.35037702322006226
ASR: 4574/7193 = 0.635896


<Backdoor Training> Train Epoch: 31 	Loss: 0.147000, lr: 0.100000, Time: 6.61s
Clean ACC: 7064/8000 = 0.883000, Loss: 0.3736392557621002
ASR: 5592/7193 = 0.777422


<Backdoor Training> Train Epoch: 32 	Loss: 0.171799, lr: 0.100000, Time: 6.70s
Clean ACC: 7040/8000 = 0.880000, Loss: 0.3962688148021698
ASR: 5248/7193 = 0.729598


<Backdoor Training> Train Epoch: 33 	Loss: 0.199831, lr: 0.100000, Time: 6.62s
Clean ACC: 7036/8000 = 0.879500, Loss: 0.3998396694660187
ASR: 4480/7193 = 0.622828


<Backdoor Training> Train Epoch: 34 	Loss: 0.176233, lr: 0.100000, Time: 6.18s
Clean ACC: 7045/8000 = 0.880625, Loss: 0.3929910957813263
ASR: 2817/7193 = 0.391631


<Backdoor Training> Train Epoch: 35 	Loss: 0.119717, lr: 0.100000, Time: 6.19s
Clean ACC: 7097/8000 = 0.887125, Loss: 0.37130898237228394
ASR: 5838/7193 = 0.811622


<Backdoor Training> Train Epoch: 36 	Loss: 0.196022, lr: 0.100000, Time: 6.25s
Clean ACC: 7115/8000 = 0.889375, Loss: 0.3746385872364044
ASR: 4585/7193 = 0.637425


<Backdoor Training> Train Epoch: 37 	Loss: 0.127406, lr: 0.100000, Time: 6.16s
Clean ACC: 7082/8000 = 0.885250, Loss: 0.3804135322570801
ASR: 6045/7193 = 0.840400


<Backdoor Training> Train Epoch: 38 	Loss: 0.103945, lr: 0.100000, Time: 6.27s
Clean ACC: 7156/8000 = 0.894500, Loss: 0.3702392578125
ASR: 5148/7193 = 0.715696


<Backdoor Training> Train Epoch: 39 	Loss: 0.240677, lr: 0.100000, Time: 6.15s
Clean ACC: 7143/8000 = 0.892875, Loss: 0.3528114855289459
ASR: 5104/7193 = 0.709579


<Backdoor Training> Train Epoch: 40 	Loss: 0.289495, lr: 0.100000, Time: 6.16s
Clean ACC: 7158/8000 = 0.894750, Loss: 0.3531932234764099
ASR: 4088/7193 = 0.568330


<Backdoor Training> Train Epoch: 41 	Loss: 0.201629, lr: 0.100000, Time: 6.31s
Clean ACC: 7178/8000 = 0.897250, Loss: 0.3260831832885742
ASR: 4976/7193 = 0.691784


<Backdoor Training> Train Epoch: 42 	Loss: 0.212822, lr: 0.100000, Time: 6.22s
Clean ACC: 7071/8000 = 0.883875, Loss: 0.4000416398048401
ASR: 6372/7193 = 0.885861


<Backdoor Training> Train Epoch: 43 	Loss: 0.094976, lr: 0.100000, Time: 6.25s
Clean ACC: 7156/8000 = 0.894500, Loss: 0.34149304032325745
ASR: 6249/7193 = 0.868761


<Backdoor Training> Train Epoch: 44 	Loss: 0.105263, lr: 0.100000, Time: 6.15s
Clean ACC: 7216/8000 = 0.902000, Loss: 0.32859379053115845
ASR: 6052/7193 = 0.841374


<Backdoor Training> Train Epoch: 45 	Loss: 0.133859, lr: 0.100000, Time: 6.13s
Clean ACC: 7219/8000 = 0.902375, Loss: 0.33776965737342834
ASR: 5259/7193 = 0.731127


<Backdoor Training> Train Epoch: 46 	Loss: 0.155706, lr: 0.100000, Time: 6.22s
Clean ACC: 7176/8000 = 0.897000, Loss: 0.35294756293296814
ASR: 4997/7193 = 0.694703


<Backdoor Training> Train Epoch: 47 	Loss: 0.182806, lr: 0.100000, Time: 6.30s
Clean ACC: 7141/8000 = 0.892625, Loss: 0.36175966262817383
ASR: 5308/7193 = 0.737940


<Backdoor Training> Train Epoch: 48 	Loss: 0.043179, lr: 0.100000, Time: 6.35s
Clean ACC: 7187/8000 = 0.898375, Loss: 0.3567620515823364
ASR: 3890/7193 = 0.540804


<Backdoor Training> Train Epoch: 49 	Loss: 0.137180, lr: 0.100000, Time: 6.21s
Clean ACC: 7148/8000 = 0.893500, Loss: 0.3663451075553894
ASR: 4327/7193 = 0.601557


<Backdoor Training> Train Epoch: 50 	Loss: 0.101813, lr: 0.100000, Time: 6.25s
Clean ACC: 7188/8000 = 0.898500, Loss: 0.34930115938186646
ASR: 4604/7193 = 0.640067


<Backdoor Training> Train Epoch: 51 	Loss: 0.029740, lr: 0.010000, Time: 6.42s
Clean ACC: 7435/8000 = 0.929375, Loss: 0.23639287054538727
ASR: 4922/7193 = 0.684276


<Backdoor Training> Train Epoch: 52 	Loss: 0.013127, lr: 0.010000, Time: 6.32s
Clean ACC: 7466/8000 = 0.933250, Loss: 0.23590536415576935
ASR: 4746/7193 = 0.659808


<Backdoor Training> Train Epoch: 53 	Loss: 0.049264, lr: 0.010000, Time: 6.27s
Clean ACC: 7501/8000 = 0.937625, Loss: 0.23399372398853302
ASR: 5193/7193 = 0.721952


<Backdoor Training> Train Epoch: 54 	Loss: 0.015380, lr: 0.010000, Time: 6.26s
Clean ACC: 7505/8000 = 0.938125, Loss: 0.23665910959243774
ASR: 5016/7193 = 0.697345


<Backdoor Training> Train Epoch: 55 	Loss: 0.015351, lr: 0.010000, Time: 6.21s
Clean ACC: 7503/8000 = 0.937875, Loss: 0.2359112799167633
ASR: 5225/7193 = 0.726401


<Backdoor Training> Train Epoch: 56 	Loss: 0.007061, lr: 0.010000, Time: 6.23s
Clean ACC: 7495/8000 = 0.936875, Loss: 0.24253353476524353
ASR: 5080/7193 = 0.706242


<Backdoor Training> Train Epoch: 57 	Loss: 0.020712, lr: 0.010000, Time: 6.36s
Clean ACC: 7501/8000 = 0.937625, Loss: 0.2443391978740692
ASR: 5679/7193 = 0.789518


<Backdoor Training> Train Epoch: 58 	Loss: 0.003918, lr: 0.010000, Time: 6.25s
Clean ACC: 7517/8000 = 0.939625, Loss: 0.24400165677070618
ASR: 5083/7193 = 0.706659


<Backdoor Training> Train Epoch: 59 	Loss: 0.004412, lr: 0.010000, Time: 6.36s
Clean ACC: 7500/8000 = 0.937500, Loss: 0.24536749720573425
ASR: 5193/7193 = 0.721952


<Backdoor Training> Train Epoch: 60 	Loss: 0.007181, lr: 0.010000, Time: 6.30s
Clean ACC: 7499/8000 = 0.937375, Loss: 0.2508649528026581
ASR: 5036/7193 = 0.700125


<Backdoor Training> Train Epoch: 61 	Loss: 0.008071, lr: 0.010000, Time: 6.26s
Clean ACC: 7505/8000 = 0.938125, Loss: 0.25003108382225037
ASR: 5242/7193 = 0.728764


<Backdoor Training> Train Epoch: 62 	Loss: 0.010691, lr: 0.010000, Time: 6.26s
Clean ACC: 7497/8000 = 0.937125, Loss: 0.24764405190944672
ASR: 5158/7193 = 0.717086


<Backdoor Training> Train Epoch: 63 	Loss: 0.001347, lr: 0.010000, Time: 6.31s
Clean ACC: 7510/8000 = 0.938750, Loss: 0.2519541382789612
ASR: 4972/7193 = 0.691228


<Backdoor Training> Train Epoch: 64 	Loss: 0.004399, lr: 0.010000, Time: 6.33s
Clean ACC: 7505/8000 = 0.938125, Loss: 0.2505740225315094
ASR: 5232/7193 = 0.727374


<Backdoor Training> Train Epoch: 65 	Loss: 0.002847, lr: 0.010000, Time: 6.45s
Clean ACC: 7511/8000 = 0.938875, Loss: 0.25054794549942017
ASR: 5194/7193 = 0.722091


<Backdoor Training> Train Epoch: 66 	Loss: 0.002153, lr: 0.010000, Time: 6.37s
Clean ACC: 7513/8000 = 0.939125, Loss: 0.2497575432062149
ASR: 5556/7193 = 0.772418


<Backdoor Training> Train Epoch: 67 	Loss: 0.000463, lr: 0.010000, Time: 6.30s
Clean ACC: 7518/8000 = 0.939750, Loss: 0.2516501545906067
ASR: 5389/7193 = 0.749201


<Backdoor Training> Train Epoch: 68 	Loss: 0.002218, lr: 0.010000, Time: 6.24s
Clean ACC: 7512/8000 = 0.939000, Loss: 0.259362131357193
ASR: 5544/7193 = 0.770749


<Backdoor Training> Train Epoch: 69 	Loss: 0.002917, lr: 0.010000, Time: 6.27s
Clean ACC: 7525/8000 = 0.940625, Loss: 0.2561110556125641
ASR: 5263/7193 = 0.731684


<Backdoor Training> Train Epoch: 70 	Loss: 0.009682, lr: 0.010000, Time: 6.29s
Clean ACC: 7525/8000 = 0.940625, Loss: 0.2587398290634155
ASR: 5307/7193 = 0.737801


<Backdoor Training> Train Epoch: 71 	Loss: 0.006079, lr: 0.010000, Time: 6.14s
Clean ACC: 7535/8000 = 0.941875, Loss: 0.25621873140335083
ASR: 5349/7193 = 0.743640


<Backdoor Training> Train Epoch: 72 	Loss: 0.003409, lr: 0.010000, Time: 6.21s
Clean ACC: 7529/8000 = 0.941125, Loss: 0.25876450538635254
ASR: 5386/7193 = 0.748784


<Backdoor Training> Train Epoch: 73 	Loss: 0.013751, lr: 0.010000, Time: 6.21s
Clean ACC: 7536/8000 = 0.942000, Loss: 0.25864177942276
ASR: 5275/7193 = 0.733352


<Backdoor Training> Train Epoch: 74 	Loss: 0.013586, lr: 0.010000, Time: 6.22s
Clean ACC: 7531/8000 = 0.941375, Loss: 0.258190780878067
ASR: 5347/7193 = 0.743362


<Backdoor Training> Train Epoch: 75 	Loss: 0.002239, lr: 0.010000, Time: 6.21s
Clean ACC: 7521/8000 = 0.940125, Loss: 0.26217401027679443
ASR: 5402/7193 = 0.751008


<Backdoor Training> Train Epoch: 76 	Loss: 0.001176, lr: 0.001000, Time: 6.14s
Clean ACC: 7529/8000 = 0.941125, Loss: 0.2590004503726959
ASR: 5023/7193 = 0.698318


<Backdoor Training> Train Epoch: 77 	Loss: 0.006041, lr: 0.001000, Time: 6.35s
Clean ACC: 7522/8000 = 0.940250, Loss: 0.2593502998352051
ASR: 5383/7193 = 0.748366


<Backdoor Training> Train Epoch: 78 	Loss: 0.000622, lr: 0.001000, Time: 6.17s
Clean ACC: 7519/8000 = 0.939875, Loss: 0.26083919405937195
ASR: 5300/7193 = 0.736827


<Backdoor Training> Train Epoch: 79 	Loss: 0.016930, lr: 0.001000, Time: 6.18s
Clean ACC: 7529/8000 = 0.941125, Loss: 0.2589412033557892
ASR: 5422/7193 = 0.753788


<Backdoor Training> Train Epoch: 80 	Loss: 0.003558, lr: 0.001000, Time: 6.29s
Clean ACC: 7532/8000 = 0.941500, Loss: 0.2589692175388336
ASR: 5297/7193 = 0.736410


<Backdoor Training> Train Epoch: 81 	Loss: 0.010771, lr: 0.001000, Time: 6.33s
Clean ACC: 7531/8000 = 0.941375, Loss: 0.2586866319179535
ASR: 5306/7193 = 0.737662


<Backdoor Training> Train Epoch: 82 	Loss: 0.008168, lr: 0.001000, Time: 6.25s
Clean ACC: 7531/8000 = 0.941375, Loss: 0.2589598298072815
ASR: 5264/7193 = 0.731823


<Backdoor Training> Train Epoch: 83 	Loss: 0.001663, lr: 0.001000, Time: 6.09s
Clean ACC: 7532/8000 = 0.941500, Loss: 0.2573782503604889
ASR: 5184/7193 = 0.720701


<Backdoor Training> Train Epoch: 84 	Loss: 0.003597, lr: 0.001000, Time: 6.08s
Clean ACC: 7530/8000 = 0.941250, Loss: 0.25693830847740173
ASR: 5299/7193 = 0.736688


<Backdoor Training> Train Epoch: 85 	Loss: 0.001689, lr: 0.001000, Time: 6.28s
Clean ACC: 7530/8000 = 0.941250, Loss: 0.2568186819553375
ASR: 5421/7193 = 0.753649


<Backdoor Training> Train Epoch: 86 	Loss: 0.002037, lr: 0.001000, Time: 6.25s
Clean ACC: 7537/8000 = 0.942125, Loss: 0.2575819194316864
ASR: 5127/7193 = 0.712776


<Backdoor Training> Train Epoch: 87 	Loss: 0.003357, lr: 0.001000, Time: 6.28s
Clean ACC: 7529/8000 = 0.941125, Loss: 0.25717005133628845
ASR: 5296/7193 = 0.736271


<Backdoor Training> Train Epoch: 88 	Loss: 0.004723, lr: 0.001000, Time: 6.24s
Clean ACC: 7547/8000 = 0.943375, Loss: 0.257388174533844
ASR: 5167/7193 = 0.718337


<Backdoor Training> Train Epoch: 89 	Loss: 0.001911, lr: 0.001000, Time: 6.32s
Clean ACC: 7533/8000 = 0.941625, Loss: 0.25792643427848816
ASR: 5242/7193 = 0.728764


<Backdoor Training> Train Epoch: 90 	Loss: 0.021666, lr: 0.001000, Time: 6.18s
Clean ACC: 7536/8000 = 0.942000, Loss: 0.2572922110557556
ASR: 5294/7193 = 0.735993


<Backdoor Training> Train Epoch: 91 	Loss: 0.000320, lr: 0.001000, Time: 6.11s
Clean ACC: 7538/8000 = 0.942250, Loss: 0.2566317021846771
ASR: 4954/7193 = 0.688725


<Backdoor Training> Train Epoch: 92 	Loss: 0.000590, lr: 0.001000, Time: 6.23s
Clean ACC: 7533/8000 = 0.941625, Loss: 0.256348580121994
ASR: 5211/7193 = 0.724454


<Backdoor Training> Train Epoch: 93 	Loss: 0.000734, lr: 0.001000, Time: 6.21s
Clean ACC: 7537/8000 = 0.942125, Loss: 0.2562391459941864
ASR: 5400/7193 = 0.750730


<Backdoor Training> Train Epoch: 94 	Loss: 0.001999, lr: 0.001000, Time: 6.31s
Clean ACC: 7528/8000 = 0.941000, Loss: 0.2567760944366455
ASR: 5319/7193 = 0.739469


<Backdoor Training> Train Epoch: 95 	Loss: 0.000394, lr: 0.001000, Time: 6.34s
Clean ACC: 7533/8000 = 0.941625, Loss: 0.2558743953704834
ASR: 5337/7193 = 0.741971


<Backdoor Training> Train Epoch: 96 	Loss: 0.001320, lr: 0.001000, Time: 6.20s
Clean ACC: 7542/8000 = 0.942750, Loss: 0.2583121359348297
ASR: 5180/7193 = 0.720145


<Backdoor Training> Train Epoch: 97 	Loss: 0.019658, lr: 0.001000, Time: 6.26s
Clean ACC: 7532/8000 = 0.941500, Loss: 0.2578165829181671
ASR: 5320/7193 = 0.739608


<Backdoor Training> Train Epoch: 98 	Loss: 0.005157, lr: 0.001000, Time: 6.24s
Clean ACC: 7540/8000 = 0.942500, Loss: 0.25725671648979187
ASR: 5301/7193 = 0.736966


<Backdoor Training> Train Epoch: 99 	Loss: 0.001659, lr: 0.001000, Time: 6.32s
Clean ACC: 7530/8000 = 0.941250, Loss: 0.2571921944618225
ASR: 5421/7193 = 0.753649


<Backdoor Training> Train Epoch: 100 	Loss: 0.001912, lr: 0.001000, Time: 6.21s
Clean ACC: 7532/8000 = 0.941500, Loss: 0.2568753957748413
ASR: 5100/7193 = 0.709023


Testing the backdoor model...
Evaluating model 'poisoned_train_set/cifar10/SIG_0.010_poison_seed=0/full_base_aug_seed=2333.pt'...
Clean ACC: 7532/8000 = 0.941500, Loss: 0.2568753957748413
ASR: 5100/7193 = 0.709023

Visualizing the model's latent space...
Visualizing model 'poisoned_train_set/cifar10/SIG_0.010_poison_seed=0/full_base_aug_seed=2333.pt' on cifar10...
[test]
Clean ACC: 7532/8000 = 0.941500, Loss: 0.25688281655311584
ASR: 5101/7193 = 0.709162

Total Clean: 49500
Total Poisoned: 500
torch.Size([512])
clean_dis: 3.169816, poison_dis: 4.289055
Silhouette Score: 0.19053674
Saved figure at assets/pca_cifar10_SIG_0.010_poison_seed=0_full_base_aug_seed=2333.pt_class=0.png
Visualizing model 'poisoned_train_set/cifar10/SIG_0.010_poison_seed=0/full_base_aug_seed=2333.pt' on cifar10...
[test]
Clean ACC: 7532/8000 = 0.941500, Loss: 0.25688281655311584
ASR: 5101/7193 = 0.709162

Total Clean: 49500
Total Poisoned: 500
torch.Size([512])
clean_dis: 3.169816, poison_dis: 4.289055
Silhouette Score: 0.19053674
Saved figure at assets/tsne_cifar10_SIG_0.010_poison_seed=0_full_base_aug_seed=2333.pt_class=0.png
Visualizing model 'poisoned_train_set/cifar10/SIG_0.010_poison_seed=0/full_base_aug_seed=2333.pt' on cifar10...
[test]
Clean ACC: 7532/8000 = 0.941500, Loss: 0.25688281655311584
ASR: 5101/7193 = 0.709162

Total Clean: 49500
Total Poisoned: 500
torch.Size([512])
clean_dis: 3.169816, poison_dis: 4.289055
Silhouette Score: 0.19053674
SVM Accuracy: 1.0
Saved figure at assets/oracle_cifar10_SIG_0.010_poison_seed=0_full_base_aug_seed=2333.pt_class=0.png
Applying IBD_PSC defense method...
trigger_path: ./triggers/none
No trigger mask found! By default masking all black pixels...
Evaluating model 'poisoned_train_set/cifar10/SIG_0.010_poison_seed=0/full_base_aug_seed=2333.pt'...
ba: 94.1500015258789
asr: 70.90226745605469
target label: tensor([0], device='cuda:0')
start_index: 13
TPR: 2.21
FPR: 5.36
AUC: 0.6396
f1 score: 0.04113409249360911
Elapsed time: 19.51s
Experiment for cifar10 with SIG completed.
