Creating poisoned training set for ISSBA on cifar10...
[target class : 0]
Files already downloaded and verified
Poisoned set directory 'poisoned_train_set/cifar10/ISSBA_0.010_poison_seed=0' to be created is not empty! Exiting...
Training the model on the poisoned dataset...
dataset : poisoned_train_set/cifar10/ISSBA_0.010_poison_seed=0/imgs
Will save to 'poisoned_train_set/cifar10/ISSBA_0.010_poison_seed=0/full_base_aug_seed=2333.pt'.
Model 'poisoned_train_set/cifar10/ISSBA_0.010_poison_seed=0/full_base_aug_seed=2333.pt' already exists!
<Backdoor Training> Train Epoch: 1 	Loss: 1.526588, lr: 0.100000, Time: 10.24s
Clean ACC: 3592/8000 = 0.449000, Loss: 1.5028702020645142
ASR: 374/7193 = 0.051995


<Backdoor Training> Train Epoch: 2 	Loss: 1.124403, lr: 0.100000, Time: 6.35s
Clean ACC: 4256/8000 = 0.532000, Loss: 1.3993586301803589
ASR: 596/7193 = 0.082858


<Backdoor Training> Train Epoch: 3 	Loss: 0.981194, lr: 0.100000, Time: 6.37s
Clean ACC: 5242/8000 = 0.655250, Loss: 0.9878138303756714
ASR: 514/7193 = 0.071458


<Backdoor Training> Train Epoch: 4 	Loss: 0.580093, lr: 0.100000, Time: 6.39s
Clean ACC: 5561/8000 = 0.695125, Loss: 0.8688738346099854
ASR: 223/7193 = 0.031002


<Backdoor Training> Train Epoch: 5 	Loss: 0.640510, lr: 0.100000, Time: 6.34s
Clean ACC: 6085/8000 = 0.760625, Loss: 0.6897481083869934
ASR: 185/7193 = 0.025719


<Backdoor Training> Train Epoch: 6 	Loss: 0.470036, lr: 0.100000, Time: 6.25s
Clean ACC: 5849/8000 = 0.731125, Loss: 0.7903187870979309
ASR: 288/7193 = 0.040039


<Backdoor Training> Train Epoch: 7 	Loss: 0.398328, lr: 0.100000, Time: 6.29s
Clean ACC: 6384/8000 = 0.798000, Loss: 0.5973041653633118
ASR: 72/7193 = 0.010010


<Backdoor Training> Train Epoch: 8 	Loss: 0.585411, lr: 0.100000, Time: 6.27s
Clean ACC: 6536/8000 = 0.817000, Loss: 0.5437763333320618
ASR: 168/7193 = 0.023356


<Backdoor Training> Train Epoch: 9 	Loss: 0.488480, lr: 0.100000, Time: 6.32s
Clean ACC: 6536/8000 = 0.817000, Loss: 0.551142692565918
ASR: 259/7193 = 0.036007


<Backdoor Training> Train Epoch: 10 	Loss: 0.680182, lr: 0.100000, Time: 6.32s
Clean ACC: 6744/8000 = 0.843000, Loss: 0.4721938669681549
ASR: 123/7193 = 0.017100


<Backdoor Training> Train Epoch: 11 	Loss: 0.478260, lr: 0.100000, Time: 6.37s
Clean ACC: 6627/8000 = 0.828375, Loss: 0.5355435609817505
ASR: 336/7193 = 0.046712


<Backdoor Training> Train Epoch: 12 	Loss: 0.390503, lr: 0.100000, Time: 6.26s
Clean ACC: 6803/8000 = 0.850375, Loss: 0.443677693605423
ASR: 158/7193 = 0.021966


<Backdoor Training> Train Epoch: 13 	Loss: 0.417091, lr: 0.100000, Time: 6.78s
Clean ACC: 6809/8000 = 0.851125, Loss: 0.43520933389663696
ASR: 135/7193 = 0.018768


<Backdoor Training> Train Epoch: 14 	Loss: 0.512107, lr: 0.100000, Time: 6.36s
Clean ACC: 6854/8000 = 0.856750, Loss: 0.4415372908115387
ASR: 132/7193 = 0.018351


<Backdoor Training> Train Epoch: 15 	Loss: 0.256052, lr: 0.100000, Time: 6.24s
Clean ACC: 7000/8000 = 0.875000, Loss: 0.38794875144958496
ASR: 120/7193 = 0.016683


<Backdoor Training> Train Epoch: 16 	Loss: 0.404291, lr: 0.100000, Time: 6.40s
Clean ACC: 6938/8000 = 0.867250, Loss: 0.4081193804740906
ASR: 143/7193 = 0.019880


<Backdoor Training> Train Epoch: 17 	Loss: 0.434299, lr: 0.100000, Time: 6.28s
Clean ACC: 6971/8000 = 0.871375, Loss: 0.41591817140579224
ASR: 272/7193 = 0.037815


<Backdoor Training> Train Epoch: 18 	Loss: 0.399992, lr: 0.100000, Time: 6.33s
Clean ACC: 6835/8000 = 0.854375, Loss: 0.4779546856880188
ASR: 203/7193 = 0.028222


<Backdoor Training> Train Epoch: 19 	Loss: 0.270289, lr: 0.100000, Time: 6.26s
Clean ACC: 6964/8000 = 0.870500, Loss: 0.40843600034713745
ASR: 66/7193 = 0.009176


<Backdoor Training> Train Epoch: 20 	Loss: 0.429689, lr: 0.100000, Time: 6.54s
Clean ACC: 6864/8000 = 0.858000, Loss: 0.4412497580051422
ASR: 87/7193 = 0.012095


<Backdoor Training> Train Epoch: 21 	Loss: 0.171631, lr: 0.100000, Time: 6.20s
Clean ACC: 7028/8000 = 0.878500, Loss: 0.3817661702632904
ASR: 75/7193 = 0.010427


<Backdoor Training> Train Epoch: 22 	Loss: 0.211359, lr: 0.100000, Time: 6.32s
Clean ACC: 6999/8000 = 0.874875, Loss: 0.4191974103450775
ASR: 98/7193 = 0.013624


<Backdoor Training> Train Epoch: 23 	Loss: 0.352705, lr: 0.100000, Time: 6.35s
Clean ACC: 6997/8000 = 0.874625, Loss: 0.3935604691505432
ASR: 104/7193 = 0.014459


<Backdoor Training> Train Epoch: 24 	Loss: 0.235389, lr: 0.100000, Time: 6.29s
Clean ACC: 7030/8000 = 0.878750, Loss: 0.37280815839767456
ASR: 50/7193 = 0.006951


<Backdoor Training> Train Epoch: 25 	Loss: 0.240238, lr: 0.100000, Time: 6.24s
Clean ACC: 7039/8000 = 0.879875, Loss: 0.392637699842453
ASR: 127/7193 = 0.017656


<Backdoor Training> Train Epoch: 26 	Loss: 0.366749, lr: 0.100000, Time: 6.35s
Clean ACC: 6968/8000 = 0.871000, Loss: 0.40225139260292053
ASR: 58/7193 = 0.008063


<Backdoor Training> Train Epoch: 27 	Loss: 0.262800, lr: 0.100000, Time: 6.43s
Clean ACC: 7110/8000 = 0.888750, Loss: 0.3540678322315216
ASR: 101/7193 = 0.014041


<Backdoor Training> Train Epoch: 28 	Loss: 0.180193, lr: 0.100000, Time: 6.46s
Clean ACC: 7060/8000 = 0.882500, Loss: 0.38315361738204956
ASR: 190/7193 = 0.026415


<Backdoor Training> Train Epoch: 29 	Loss: 0.454018, lr: 0.100000, Time: 6.34s
Clean ACC: 6814/8000 = 0.851750, Loss: 0.5033650398254395
ASR: 252/7193 = 0.035034


<Backdoor Training> Train Epoch: 30 	Loss: 0.190179, lr: 0.100000, Time: 6.26s
Clean ACC: 7000/8000 = 0.875000, Loss: 0.4254083037376404
ASR: 242/7193 = 0.033644


<Backdoor Training> Train Epoch: 31 	Loss: 0.218598, lr: 0.100000, Time: 6.38s
Clean ACC: 7081/8000 = 0.885125, Loss: 0.3885503113269806
ASR: 178/7193 = 0.024746


<Backdoor Training> Train Epoch: 32 	Loss: 0.162600, lr: 0.100000, Time: 6.17s
Clean ACC: 7121/8000 = 0.890125, Loss: 0.35982248187065125
ASR: 91/7193 = 0.012651


<Backdoor Training> Train Epoch: 33 	Loss: 0.168998, lr: 0.100000, Time: 6.46s
Clean ACC: 7093/8000 = 0.886625, Loss: 0.3695988059043884
ASR: 85/7193 = 0.011817


<Backdoor Training> Train Epoch: 34 	Loss: 0.113612, lr: 0.100000, Time: 6.29s
Clean ACC: 6832/8000 = 0.854000, Loss: 0.501887321472168
ASR: 225/7193 = 0.031280


<Backdoor Training> Train Epoch: 35 	Loss: 0.301216, lr: 0.100000, Time: 6.24s
Clean ACC: 7027/8000 = 0.878375, Loss: 0.4173409640789032
ASR: 136/7193 = 0.018907


<Backdoor Training> Train Epoch: 36 	Loss: 0.142685, lr: 0.100000, Time: 6.27s
Clean ACC: 7121/8000 = 0.890125, Loss: 0.3567982614040375
ASR: 78/7193 = 0.010844


<Backdoor Training> Train Epoch: 37 	Loss: 0.182448, lr: 0.100000, Time: 6.23s
Clean ACC: 7240/8000 = 0.905000, Loss: 0.3157430589199066
ASR: 125/7193 = 0.017378


<Backdoor Training> Train Epoch: 38 	Loss: 0.107732, lr: 0.100000, Time: 6.27s
Clean ACC: 7095/8000 = 0.886875, Loss: 0.374911367893219
ASR: 107/7193 = 0.014876


<Backdoor Training> Train Epoch: 39 	Loss: 0.212547, lr: 0.100000, Time: 6.30s
Clean ACC: 7111/8000 = 0.888875, Loss: 0.39323657751083374
ASR: 55/7193 = 0.007646


<Backdoor Training> Train Epoch: 40 	Loss: 0.280999, lr: 0.100000, Time: 6.21s
Clean ACC: 7136/8000 = 0.892000, Loss: 0.36283475160598755
ASR: 80/7193 = 0.011122


<Backdoor Training> Train Epoch: 41 	Loss: 0.093535, lr: 0.100000, Time: 6.24s
Clean ACC: 7114/8000 = 0.889250, Loss: 0.386569082736969
ASR: 181/7193 = 0.025163


<Backdoor Training> Train Epoch: 42 	Loss: 0.219440, lr: 0.100000, Time: 6.17s
Clean ACC: 7103/8000 = 0.887875, Loss: 0.3920609951019287
ASR: 91/7193 = 0.012651


<Backdoor Training> Train Epoch: 43 	Loss: 0.232040, lr: 0.100000, Time: 6.31s
Clean ACC: 7117/8000 = 0.889625, Loss: 0.37920740246772766
ASR: 149/7193 = 0.020715


<Backdoor Training> Train Epoch: 44 	Loss: 0.225556, lr: 0.100000, Time: 6.44s
Clean ACC: 7098/8000 = 0.887250, Loss: 0.40990546345710754
ASR: 76/7193 = 0.010566


<Backdoor Training> Train Epoch: 45 	Loss: 0.139582, lr: 0.100000, Time: 6.29s
Clean ACC: 7108/8000 = 0.888500, Loss: 0.37852707505226135
ASR: 124/7193 = 0.017239


<Backdoor Training> Train Epoch: 46 	Loss: 0.188073, lr: 0.100000, Time: 6.12s
Clean ACC: 7084/8000 = 0.885500, Loss: 0.3996637165546417
ASR: 126/7193 = 0.017517


<Backdoor Training> Train Epoch: 47 	Loss: 0.224619, lr: 0.100000, Time: 6.21s
Clean ACC: 7068/8000 = 0.883500, Loss: 0.4024345874786377
ASR: 51/7193 = 0.007090


<Backdoor Training> Train Epoch: 48 	Loss: 0.217423, lr: 0.100000, Time: 6.23s
Clean ACC: 7058/8000 = 0.882250, Loss: 0.40917399525642395
ASR: 123/7193 = 0.017100


<Backdoor Training> Train Epoch: 49 	Loss: 0.216506, lr: 0.100000, Time: 6.70s
Clean ACC: 7085/8000 = 0.885625, Loss: 0.4142158329486847
ASR: 36/7193 = 0.005005


<Backdoor Training> Train Epoch: 50 	Loss: 0.212554, lr: 0.100000, Time: 6.69s
Clean ACC: 7172/8000 = 0.896500, Loss: 0.36667177081108093
ASR: 70/7193 = 0.009732


<Backdoor Training> Train Epoch: 51 	Loss: 0.045994, lr: 0.010000, Time: 6.60s
Clean ACC: 7462/8000 = 0.932750, Loss: 0.2360178679227829
ASR: 75/7193 = 0.010427


<Backdoor Training> Train Epoch: 52 	Loss: 0.138394, lr: 0.010000, Time: 6.06s
Clean ACC: 7451/8000 = 0.931375, Loss: 0.23760583996772766
ASR: 77/7193 = 0.010705


<Backdoor Training> Train Epoch: 53 	Loss: 0.026394, lr: 0.010000, Time: 6.28s
Clean ACC: 7480/8000 = 0.935000, Loss: 0.23693536221981049
ASR: 62/7193 = 0.008619


<Backdoor Training> Train Epoch: 54 	Loss: 0.085188, lr: 0.010000, Time: 6.26s
Clean ACC: 7457/8000 = 0.932125, Loss: 0.2446179986000061
ASR: 73/7193 = 0.010149


<Backdoor Training> Train Epoch: 55 	Loss: 0.069731, lr: 0.010000, Time: 6.39s
Clean ACC: 7457/8000 = 0.932125, Loss: 0.2517474591732025
ASR: 79/7193 = 0.010983


<Backdoor Training> Train Epoch: 56 	Loss: 0.045333, lr: 0.010000, Time: 6.48s
Clean ACC: 7465/8000 = 0.933125, Loss: 0.25778728723526
ASR: 82/7193 = 0.011400


<Backdoor Training> Train Epoch: 57 	Loss: 0.007091, lr: 0.010000, Time: 6.15s
Clean ACC: 7445/8000 = 0.930625, Loss: 0.25919511914253235
ASR: 77/7193 = 0.010705


<Backdoor Training> Train Epoch: 58 	Loss: 0.008899, lr: 0.010000, Time: 6.24s
Clean ACC: 7452/8000 = 0.931500, Loss: 0.2655785083770752
ASR: 91/7193 = 0.012651


<Backdoor Training> Train Epoch: 59 	Loss: 0.017742, lr: 0.010000, Time: 6.39s
Clean ACC: 7460/8000 = 0.932500, Loss: 0.2692335247993469
ASR: 86/7193 = 0.011956


<Backdoor Training> Train Epoch: 60 	Loss: 0.079189, lr: 0.010000, Time: 6.34s
Clean ACC: 7459/8000 = 0.932375, Loss: 0.2652721107006073
ASR: 84/7193 = 0.011678


<Backdoor Training> Train Epoch: 61 	Loss: 0.065535, lr: 0.010000, Time: 6.29s
Clean ACC: 7471/8000 = 0.933875, Loss: 0.2690247595310211
ASR: 77/7193 = 0.010705


<Backdoor Training> Train Epoch: 62 	Loss: 0.026385, lr: 0.010000, Time: 6.08s
Clean ACC: 7477/8000 = 0.934625, Loss: 0.2732544541358948
ASR: 73/7193 = 0.010149


<Backdoor Training> Train Epoch: 63 	Loss: 0.043385, lr: 0.010000, Time: 6.26s
Clean ACC: 7492/8000 = 0.936500, Loss: 0.26868942379951477
ASR: 72/7193 = 0.010010


<Backdoor Training> Train Epoch: 64 	Loss: 0.008465, lr: 0.010000, Time: 6.33s
Clean ACC: 7485/8000 = 0.935625, Loss: 0.27215611934661865
ASR: 75/7193 = 0.010427


<Backdoor Training> Train Epoch: 65 	Loss: 0.017913, lr: 0.010000, Time: 6.27s
Clean ACC: 7483/8000 = 0.935375, Loss: 0.27482590079307556
ASR: 78/7193 = 0.010844


<Backdoor Training> Train Epoch: 66 	Loss: 0.006651, lr: 0.010000, Time: 6.35s
Clean ACC: 7474/8000 = 0.934250, Loss: 0.2789340019226074
ASR: 74/7193 = 0.010288


<Backdoor Training> Train Epoch: 67 	Loss: 0.036047, lr: 0.010000, Time: 6.41s
Clean ACC: 7476/8000 = 0.934500, Loss: 0.27876222133636475
ASR: 90/7193 = 0.012512


<Backdoor Training> Train Epoch: 68 	Loss: 0.026764, lr: 0.010000, Time: 6.42s
Clean ACC: 7476/8000 = 0.934500, Loss: 0.28048771619796753
ASR: 86/7193 = 0.011956


<Backdoor Training> Train Epoch: 69 	Loss: 0.031509, lr: 0.010000, Time: 6.26s
Clean ACC: 7503/8000 = 0.937875, Loss: 0.2782355844974518
ASR: 79/7193 = 0.010983


<Backdoor Training> Train Epoch: 70 	Loss: 0.002249, lr: 0.010000, Time: 6.25s
Clean ACC: 7491/8000 = 0.936375, Loss: 0.27982285618782043
ASR: 75/7193 = 0.010427


<Backdoor Training> Train Epoch: 71 	Loss: 0.014663, lr: 0.010000, Time: 6.38s
Clean ACC: 7485/8000 = 0.935625, Loss: 0.28567740321159363
ASR: 84/7193 = 0.011678


<Backdoor Training> Train Epoch: 72 	Loss: 0.007124, lr: 0.010000, Time: 6.31s
Clean ACC: 7473/8000 = 0.934125, Loss: 0.28225770592689514
ASR: 90/7193 = 0.012512


<Backdoor Training> Train Epoch: 73 	Loss: 0.003196, lr: 0.010000, Time: 6.16s
Clean ACC: 7485/8000 = 0.935625, Loss: 0.2801891267299652
ASR: 77/7193 = 0.010705


<Backdoor Training> Train Epoch: 74 	Loss: 0.002124, lr: 0.010000, Time: 6.30s
Clean ACC: 7500/8000 = 0.937500, Loss: 0.2785848379135132
ASR: 71/7193 = 0.009871


<Backdoor Training> Train Epoch: 75 	Loss: 0.001055, lr: 0.010000, Time: 6.38s
Clean ACC: 7481/8000 = 0.935125, Loss: 0.28130286931991577
ASR: 81/7193 = 0.011261


<Backdoor Training> Train Epoch: 76 	Loss: 0.000891, lr: 0.001000, Time: 6.31s
Clean ACC: 7487/8000 = 0.935875, Loss: 0.2832663953304291
ASR: 76/7193 = 0.010566


<Backdoor Training> Train Epoch: 77 	Loss: 0.010554, lr: 0.001000, Time: 6.47s
Clean ACC: 7483/8000 = 0.935375, Loss: 0.28304821252822876
ASR: 74/7193 = 0.010288


<Backdoor Training> Train Epoch: 78 	Loss: 0.000879, lr: 0.001000, Time: 6.40s
Clean ACC: 7493/8000 = 0.936625, Loss: 0.28138673305511475
ASR: 80/7193 = 0.011122


<Backdoor Training> Train Epoch: 79 	Loss: 0.023527, lr: 0.001000, Time: 6.49s
Clean ACC: 7485/8000 = 0.935625, Loss: 0.28068384528160095
ASR: 77/7193 = 0.010705


<Backdoor Training> Train Epoch: 80 	Loss: 0.006265, lr: 0.001000, Time: 6.50s
Clean ACC: 7488/8000 = 0.936000, Loss: 0.2809348404407501
ASR: 81/7193 = 0.011261


<Backdoor Training> Train Epoch: 81 	Loss: 0.020511, lr: 0.001000, Time: 6.35s
Clean ACC: 7490/8000 = 0.936250, Loss: 0.27769672870635986
ASR: 77/7193 = 0.010705


<Backdoor Training> Train Epoch: 82 	Loss: 0.003574, lr: 0.001000, Time: 6.29s
Clean ACC: 7493/8000 = 0.936625, Loss: 0.27725115418434143
ASR: 73/7193 = 0.010149


<Backdoor Training> Train Epoch: 83 	Loss: 0.002983, lr: 0.001000, Time: 6.25s
Clean ACC: 7488/8000 = 0.936000, Loss: 0.27823445200920105
ASR: 73/7193 = 0.010149


<Backdoor Training> Train Epoch: 84 	Loss: 0.009526, lr: 0.001000, Time: 6.24s
Clean ACC: 7493/8000 = 0.936625, Loss: 0.2770737409591675
ASR: 73/7193 = 0.010149


<Backdoor Training> Train Epoch: 85 	Loss: 0.004631, lr: 0.001000, Time: 6.43s
Clean ACC: 7499/8000 = 0.937375, Loss: 0.2775712311267853
ASR: 73/7193 = 0.010149


<Backdoor Training> Train Epoch: 86 	Loss: 0.001849, lr: 0.001000, Time: 6.75s
Clean ACC: 7501/8000 = 0.937625, Loss: 0.27890491485595703
ASR: 80/7193 = 0.011122


<Backdoor Training> Train Epoch: 87 	Loss: 0.012867, lr: 0.001000, Time: 6.89s
Clean ACC: 7501/8000 = 0.937625, Loss: 0.2771739661693573
ASR: 71/7193 = 0.009871


<Backdoor Training> Train Epoch: 88 	Loss: 0.003298, lr: 0.001000, Time: 6.72s
Clean ACC: 7498/8000 = 0.937250, Loss: 0.27531588077545166
ASR: 69/7193 = 0.009593


<Backdoor Training> Train Epoch: 89 	Loss: 0.019981, lr: 0.001000, Time: 6.63s
Clean ACC: 7493/8000 = 0.936625, Loss: 0.2763393521308899
ASR: 73/7193 = 0.010149


<Backdoor Training> Train Epoch: 90 	Loss: 0.002751, lr: 0.001000, Time: 6.56s
Clean ACC: 7505/8000 = 0.938125, Loss: 0.27594971656799316
ASR: 76/7193 = 0.010566


<Backdoor Training> Train Epoch: 91 	Loss: 0.002634, lr: 0.001000, Time: 6.46s
Clean ACC: 7494/8000 = 0.936750, Loss: 0.2761322855949402
ASR: 73/7193 = 0.010149


<Backdoor Training> Train Epoch: 92 	Loss: 0.003239, lr: 0.001000, Time: 6.31s
Clean ACC: 7510/8000 = 0.938750, Loss: 0.27679532766342163
ASR: 73/7193 = 0.010149


<Backdoor Training> Train Epoch: 93 	Loss: 0.007804, lr: 0.001000, Time: 6.40s
Clean ACC: 7491/8000 = 0.936375, Loss: 0.2769387662410736
ASR: 76/7193 = 0.010566


<Backdoor Training> Train Epoch: 94 	Loss: 0.000521, lr: 0.001000, Time: 6.37s
Clean ACC: 7496/8000 = 0.937000, Loss: 0.27509671449661255
ASR: 73/7193 = 0.010149


<Backdoor Training> Train Epoch: 95 	Loss: 0.001320, lr: 0.001000, Time: 6.49s
Clean ACC: 7497/8000 = 0.937125, Loss: 0.27811965346336365
ASR: 76/7193 = 0.010566


<Backdoor Training> Train Epoch: 96 	Loss: 0.006364, lr: 0.001000, Time: 6.22s
Clean ACC: 7494/8000 = 0.936750, Loss: 0.27703961730003357
ASR: 73/7193 = 0.010149


<Backdoor Training> Train Epoch: 97 	Loss: 0.000372, lr: 0.001000, Time: 6.26s
Clean ACC: 7506/8000 = 0.938250, Loss: 0.2750668227672577
ASR: 67/7193 = 0.009315


<Backdoor Training> Train Epoch: 98 	Loss: 0.001977, lr: 0.001000, Time: 6.28s
Clean ACC: 7498/8000 = 0.937250, Loss: 0.27404871582984924
ASR: 73/7193 = 0.010149


<Backdoor Training> Train Epoch: 99 	Loss: 0.002470, lr: 0.001000, Time: 6.42s
Clean ACC: 7499/8000 = 0.937375, Loss: 0.27565330266952515
ASR: 73/7193 = 0.010149


<Backdoor Training> Train Epoch: 100 	Loss: 0.012964, lr: 0.001000, Time: 6.23s
Clean ACC: 7508/8000 = 0.938500, Loss: 0.2750292420387268
ASR: 72/7193 = 0.010010


Testing the backdoor model...
Evaluating model 'poisoned_train_set/cifar10/ISSBA_0.010_poison_seed=0/full_base_aug_seed=2333.pt'...
Clean ACC: 7508/8000 = 0.938500, Loss: 0.2750292420387268
ASR: 72/7193 = 0.010010

Visualizing the model's latent space...
Visualizing model 'poisoned_train_set/cifar10/ISSBA_0.010_poison_seed=0/full_base_aug_seed=2333.pt' on cifar10...
[test]
Clean ACC: 7508/8000 = 0.938500, Loss: 0.27502933144569397
ASR: 72/7193 = 0.010010

Total Clean: 49500
Total Poisoned: 500
torch.Size([512])
clean_dis: 2.997489, poison_dis: 6.611767
Silhouette Score: 0.37969723
Saved figure at assets/pca_cifar10_ISSBA_0.010_poison_seed=0_full_base_aug_seed=2333.pt_class=0.png
Visualizing model 'poisoned_train_set/cifar10/ISSBA_0.010_poison_seed=0/full_base_aug_seed=2333.pt' on cifar10...
[test]
Clean ACC: 7508/8000 = 0.938500, Loss: 0.27502933144569397
ASR: 72/7193 = 0.010010

Total Clean: 49500
Total Poisoned: 500
torch.Size([512])
clean_dis: 2.997489, poison_dis: 6.611767
Silhouette Score: 0.37969723
Saved figure at assets/tsne_cifar10_ISSBA_0.010_poison_seed=0_full_base_aug_seed=2333.pt_class=0.png
Visualizing model 'poisoned_train_set/cifar10/ISSBA_0.010_poison_seed=0/full_base_aug_seed=2333.pt' on cifar10...
[test]
Clean ACC: 7508/8000 = 0.938500, Loss: 0.27502933144569397
ASR: 72/7193 = 0.010010

Total Clean: 49500
Total Poisoned: 500
torch.Size([512])
clean_dis: 2.997489, poison_dis: 6.611767
Silhouette Score: 0.37969723
SVM Accuracy: 0.9814678899082568
Saved figure at assets/oracle_cifar10_ISSBA_0.010_poison_seed=0_full_base_aug_seed=2333.pt_class=0.png
Applying IBD_PSC defense method...
trigger_path: ./triggers/none
No trigger mask found! By default masking all black pixels...
Evaluating model 'poisoned_train_set/cifar10/ISSBA_0.010_poison_seed=0/full_base_aug_seed=2333.pt'...
ba: 93.86250305175781
asr: 1.000973105430603
target label: tensor([0], device='cuda:0')
start_index: 9
TPR: 10.10
FPR: 10.16
AUC: 0.5000
f1 score: 0.1679659079097807
Elapsed time: 48.24s
Experiment for cifar10 with ISSBA completed.
