Creating poisoned training set for adaptive_patch on cifar10...
[target class : 0]
Files already downloaded and verified
Poisoned set directory 'poisoned_train_set/cifar10/adaptive_patch_0.010_cover=0.000_poison_seed=0' to be created is not empty! Exiting...
Training the model on the poisoned dataset...
dataset : poisoned_train_set/cifar10/adaptive_patch_0.010_cover=0.000_poison_seed=0/imgs
Will save to 'poisoned_train_set/cifar10/adaptive_patch_0.010_cover=0.000_poison_seed=0/full_base_aug_seed=2333.pt'.
Model 'poisoned_train_set/cifar10/adaptive_patch_0.010_cover=0.000_poison_seed=0/full_base_aug_seed=2333.pt' already exists!
<Backdoor Training> Train Epoch: 1 	Loss: 1.526074, lr: 0.100000, Time: 9.43s
Clean ACC: 3276/8000 = 0.409500, Loss: 1.610299825668335
ASR: 542/7193 = 0.075351


<Backdoor Training> Train Epoch: 2 	Loss: 1.319740, lr: 0.100000, Time: 6.73s
Clean ACC: 3956/8000 = 0.494500, Loss: 1.3790746927261353
ASR: 90/7193 = 0.012512


<Backdoor Training> Train Epoch: 3 	Loss: 0.852457, lr: 0.100000, Time: 6.69s
Clean ACC: 4847/8000 = 0.605875, Loss: 1.100451111793518
ASR: 411/7193 = 0.057139


<Backdoor Training> Train Epoch: 4 	Loss: 0.877191, lr: 0.100000, Time: 6.78s
Clean ACC: 5198/8000 = 0.649750, Loss: 1.0030337572097778
ASR: 273/7193 = 0.037954


<Backdoor Training> Train Epoch: 5 	Loss: 1.103313, lr: 0.100000, Time: 6.74s
Clean ACC: 5075/8000 = 0.634375, Loss: 1.0515011548995972
ASR: 314/7193 = 0.043654


<Backdoor Training> Train Epoch: 6 	Loss: 0.650502, lr: 0.100000, Time: 6.29s
Clean ACC: 5946/8000 = 0.743250, Loss: 0.7291846871376038
ASR: 146/7193 = 0.020298


<Backdoor Training> Train Epoch: 7 	Loss: 0.731422, lr: 0.100000, Time: 6.41s
Clean ACC: 6028/8000 = 0.753500, Loss: 0.7200138568878174
ASR: 284/7193 = 0.039483


<Backdoor Training> Train Epoch: 8 	Loss: 0.648694, lr: 0.100000, Time: 6.25s
Clean ACC: 6195/8000 = 0.774375, Loss: 0.6538555026054382
ASR: 354/7193 = 0.049215


<Backdoor Training> Train Epoch: 9 	Loss: 0.450053, lr: 0.100000, Time: 6.39s
Clean ACC: 6439/8000 = 0.804875, Loss: 0.5731386542320251
ASR: 210/7193 = 0.029195


<Backdoor Training> Train Epoch: 10 	Loss: 0.696745, lr: 0.100000, Time: 6.31s
Clean ACC: 6142/8000 = 0.767750, Loss: 0.7014946937561035
ASR: 83/7193 = 0.011539


<Backdoor Training> Train Epoch: 11 	Loss: 0.597262, lr: 0.100000, Time: 6.19s
Clean ACC: 6573/8000 = 0.821625, Loss: 0.5155714154243469
ASR: 88/7193 = 0.012234


<Backdoor Training> Train Epoch: 12 	Loss: 0.564906, lr: 0.100000, Time: 6.30s
Clean ACC: 6594/8000 = 0.824250, Loss: 0.5413714051246643
ASR: 284/7193 = 0.039483


<Backdoor Training> Train Epoch: 13 	Loss: 0.433630, lr: 0.100000, Time: 6.41s
Clean ACC: 6572/8000 = 0.821500, Loss: 0.5603127479553223
ASR: 407/7193 = 0.056583


<Backdoor Training> Train Epoch: 14 	Loss: 0.402183, lr: 0.100000, Time: 6.37s
Clean ACC: 6693/8000 = 0.836625, Loss: 0.4896165728569031
ASR: 462/7193 = 0.064229


<Backdoor Training> Train Epoch: 15 	Loss: 0.375657, lr: 0.100000, Time: 6.33s
Clean ACC: 6834/8000 = 0.854250, Loss: 0.440650999546051
ASR: 2151/7193 = 0.299041


<Backdoor Training> Train Epoch: 16 	Loss: 0.234086, lr: 0.100000, Time: 6.40s
Clean ACC: 6920/8000 = 0.865000, Loss: 0.3985705077648163
ASR: 7193/7193 = 1.000000


<Backdoor Training> Train Epoch: 17 	Loss: 0.288497, lr: 0.100000, Time: 6.46s
Clean ACC: 6942/8000 = 0.867750, Loss: 0.3958873748779297
ASR: 7193/7193 = 1.000000


<Backdoor Training> Train Epoch: 18 	Loss: 0.266477, lr: 0.100000, Time: 6.33s
Clean ACC: 6843/8000 = 0.855375, Loss: 0.43334734439849854
ASR: 7193/7193 = 1.000000


<Backdoor Training> Train Epoch: 19 	Loss: 0.261715, lr: 0.100000, Time: 6.17s
Clean ACC: 6932/8000 = 0.866500, Loss: 0.3970831036567688
ASR: 7193/7193 = 1.000000


<Backdoor Training> Train Epoch: 20 	Loss: 0.313057, lr: 0.100000, Time: 6.23s
Clean ACC: 6968/8000 = 0.871000, Loss: 0.4104761481285095
ASR: 7193/7193 = 1.000000


<Backdoor Training> Train Epoch: 21 	Loss: 0.399897, lr: 0.100000, Time: 6.17s
Clean ACC: 6886/8000 = 0.860750, Loss: 0.41038620471954346
ASR: 7193/7193 = 1.000000


<Backdoor Training> Train Epoch: 22 	Loss: 0.276200, lr: 0.100000, Time: 6.25s
Clean ACC: 7011/8000 = 0.876375, Loss: 0.3826647102832794
ASR: 7193/7193 = 1.000000


<Backdoor Training> Train Epoch: 23 	Loss: 0.228955, lr: 0.100000, Time: 6.19s
Clean ACC: 7032/8000 = 0.879000, Loss: 0.36793360114097595
ASR: 7193/7193 = 1.000000


<Backdoor Training> Train Epoch: 24 	Loss: 0.155894, lr: 0.100000, Time: 6.44s
Clean ACC: 6971/8000 = 0.871375, Loss: 0.3914937376976013
ASR: 7193/7193 = 1.000000


<Backdoor Training> Train Epoch: 25 	Loss: 0.306167, lr: 0.100000, Time: 6.35s
Clean ACC: 6923/8000 = 0.865375, Loss: 0.40210771560668945
ASR: 7193/7193 = 1.000000


<Backdoor Training> Train Epoch: 26 	Loss: 0.204251, lr: 0.100000, Time: 6.38s
Clean ACC: 7065/8000 = 0.883125, Loss: 0.36298349499702454
ASR: 7193/7193 = 1.000000


<Backdoor Training> Train Epoch: 27 	Loss: 0.299467, lr: 0.100000, Time: 6.22s
Clean ACC: 7071/8000 = 0.883875, Loss: 0.37417757511138916
ASR: 7193/7193 = 1.000000


<Backdoor Training> Train Epoch: 28 	Loss: 0.175805, lr: 0.100000, Time: 6.27s
Clean ACC: 7030/8000 = 0.878750, Loss: 0.3689422309398651
ASR: 7193/7193 = 1.000000


<Backdoor Training> Train Epoch: 29 	Loss: 0.110687, lr: 0.100000, Time: 6.38s
Clean ACC: 6967/8000 = 0.870875, Loss: 0.42800745368003845
ASR: 7193/7193 = 1.000000


<Backdoor Training> Train Epoch: 30 	Loss: 0.147981, lr: 0.100000, Time: 6.41s
Clean ACC: 6968/8000 = 0.871000, Loss: 0.43621742725372314
ASR: 7193/7193 = 1.000000


<Backdoor Training> Train Epoch: 31 	Loss: 0.202678, lr: 0.100000, Time: 6.34s
Clean ACC: 7019/8000 = 0.877375, Loss: 0.3953588306903839
ASR: 7193/7193 = 1.000000


<Backdoor Training> Train Epoch: 32 	Loss: 0.163197, lr: 0.100000, Time: 6.36s
Clean ACC: 7169/8000 = 0.896125, Loss: 0.33052703738212585
ASR: 7193/7193 = 1.000000


<Backdoor Training> Train Epoch: 33 	Loss: 0.128951, lr: 0.100000, Time: 6.33s
Clean ACC: 7031/8000 = 0.878875, Loss: 0.40245354175567627
ASR: 7193/7193 = 1.000000


<Backdoor Training> Train Epoch: 34 	Loss: 0.176701, lr: 0.100000, Time: 6.38s
Clean ACC: 6977/8000 = 0.872125, Loss: 0.416239470243454
ASR: 7193/7193 = 1.000000


<Backdoor Training> Train Epoch: 35 	Loss: 0.210809, lr: 0.100000, Time: 6.36s
Clean ACC: 7116/8000 = 0.889500, Loss: 0.3755069077014923
ASR: 7193/7193 = 1.000000


<Backdoor Training> Train Epoch: 36 	Loss: 0.224790, lr: 0.100000, Time: 6.51s
Clean ACC: 7008/8000 = 0.876000, Loss: 0.43551716208457947
ASR: 7193/7193 = 1.000000


<Backdoor Training> Train Epoch: 37 	Loss: 0.144157, lr: 0.100000, Time: 6.36s
Clean ACC: 7186/8000 = 0.898250, Loss: 0.34324562549591064
ASR: 7193/7193 = 1.000000


<Backdoor Training> Train Epoch: 38 	Loss: 0.179205, lr: 0.100000, Time: 6.30s
Clean ACC: 6986/8000 = 0.873250, Loss: 0.4411696493625641
ASR: 7193/7193 = 1.000000


<Backdoor Training> Train Epoch: 39 	Loss: 0.119136, lr: 0.100000, Time: 6.31s
Clean ACC: 7118/8000 = 0.889750, Loss: 0.36243006587028503
ASR: 7193/7193 = 1.000000


<Backdoor Training> Train Epoch: 40 	Loss: 0.194027, lr: 0.100000, Time: 6.26s
Clean ACC: 7150/8000 = 0.893750, Loss: 0.36057743430137634
ASR: 7193/7193 = 1.000000


<Backdoor Training> Train Epoch: 41 	Loss: 0.219864, lr: 0.100000, Time: 6.34s
Clean ACC: 7177/8000 = 0.897125, Loss: 0.3245007395744324
ASR: 7193/7193 = 1.000000


<Backdoor Training> Train Epoch: 42 	Loss: 0.096525, lr: 0.100000, Time: 6.39s
Clean ACC: 7014/8000 = 0.876750, Loss: 0.4201153814792633
ASR: 7193/7193 = 1.000000


<Backdoor Training> Train Epoch: 43 	Loss: 0.158882, lr: 0.100000, Time: 6.26s
Clean ACC: 7146/8000 = 0.893250, Loss: 0.3505942225456238
ASR: 7193/7193 = 1.000000


<Backdoor Training> Train Epoch: 44 	Loss: 0.147262, lr: 0.100000, Time: 6.37s
Clean ACC: 7185/8000 = 0.898125, Loss: 0.3420757055282593
ASR: 7193/7193 = 1.000000


<Backdoor Training> Train Epoch: 45 	Loss: 0.145739, lr: 0.100000, Time: 6.38s
Clean ACC: 7217/8000 = 0.902125, Loss: 0.32945308089256287
ASR: 7193/7193 = 1.000000


<Backdoor Training> Train Epoch: 46 	Loss: 0.190332, lr: 0.100000, Time: 6.36s
Clean ACC: 7053/8000 = 0.881625, Loss: 0.4019545912742615
ASR: 7193/7193 = 1.000000


<Backdoor Training> Train Epoch: 47 	Loss: 0.292383, lr: 0.100000, Time: 6.28s
Clean ACC: 7001/8000 = 0.875125, Loss: 0.4417983591556549
ASR: 7193/7193 = 1.000000


<Backdoor Training> Train Epoch: 48 	Loss: 0.086112, lr: 0.100000, Time: 6.21s
Clean ACC: 7180/8000 = 0.897500, Loss: 0.36119475960731506
ASR: 7193/7193 = 1.000000


<Backdoor Training> Train Epoch: 49 	Loss: 0.131488, lr: 0.100000, Time: 6.27s
Clean ACC: 7111/8000 = 0.888875, Loss: 0.3860889971256256
ASR: 7193/7193 = 1.000000


<Backdoor Training> Train Epoch: 50 	Loss: 0.086936, lr: 0.100000, Time: 6.19s
Clean ACC: 7144/8000 = 0.893000, Loss: 0.3484783172607422
ASR: 7193/7193 = 1.000000


<Backdoor Training> Train Epoch: 51 	Loss: 0.143106, lr: 0.010000, Time: 6.29s
Clean ACC: 7459/8000 = 0.932375, Loss: 0.2281925231218338
ASR: 7193/7193 = 1.000000


<Backdoor Training> Train Epoch: 52 	Loss: 0.005739, lr: 0.010000, Time: 6.39s
Clean ACC: 7483/8000 = 0.935375, Loss: 0.22606997191905975
ASR: 7193/7193 = 1.000000


<Backdoor Training> Train Epoch: 53 	Loss: 0.015769, lr: 0.010000, Time: 6.49s
Clean ACC: 7475/8000 = 0.934375, Loss: 0.23115675151348114
ASR: 7193/7193 = 1.000000


<Backdoor Training> Train Epoch: 54 	Loss: 0.014580, lr: 0.010000, Time: 6.21s
Clean ACC: 7491/8000 = 0.936375, Loss: 0.23208072781562805
ASR: 7193/7193 = 1.000000


<Backdoor Training> Train Epoch: 55 	Loss: 0.019459, lr: 0.010000, Time: 6.21s
Clean ACC: 7495/8000 = 0.936875, Loss: 0.22887824475765228
ASR: 7193/7193 = 1.000000


<Backdoor Training> Train Epoch: 56 	Loss: 0.005978, lr: 0.010000, Time: 6.30s
Clean ACC: 7491/8000 = 0.936375, Loss: 0.23593571782112122
ASR: 7193/7193 = 1.000000


<Backdoor Training> Train Epoch: 57 	Loss: 0.006451, lr: 0.010000, Time: 6.29s
Clean ACC: 7488/8000 = 0.936000, Loss: 0.23746542632579803
ASR: 7193/7193 = 1.000000


<Backdoor Training> Train Epoch: 58 	Loss: 0.066802, lr: 0.010000, Time: 6.38s
Clean ACC: 7489/8000 = 0.936125, Loss: 0.24095048010349274
ASR: 7193/7193 = 1.000000


<Backdoor Training> Train Epoch: 59 	Loss: 0.007855, lr: 0.010000, Time: 6.24s
Clean ACC: 7492/8000 = 0.936500, Loss: 0.2452520728111267
ASR: 7193/7193 = 1.000000


<Backdoor Training> Train Epoch: 60 	Loss: 0.004517, lr: 0.010000, Time: 6.34s
Clean ACC: 7509/8000 = 0.938625, Loss: 0.24335260689258575
ASR: 7193/7193 = 1.000000


<Backdoor Training> Train Epoch: 61 	Loss: 0.007181, lr: 0.010000, Time: 6.51s
Clean ACC: 7490/8000 = 0.936250, Loss: 0.2507381737232208
ASR: 7193/7193 = 1.000000


<Backdoor Training> Train Epoch: 62 	Loss: 0.007112, lr: 0.010000, Time: 6.32s
Clean ACC: 7506/8000 = 0.938250, Loss: 0.2504025399684906
ASR: 7193/7193 = 1.000000


<Backdoor Training> Train Epoch: 63 	Loss: 0.009562, lr: 0.010000, Time: 6.42s
Clean ACC: 7504/8000 = 0.938000, Loss: 0.2493811845779419
ASR: 7193/7193 = 1.000000


<Backdoor Training> Train Epoch: 64 	Loss: 0.032839, lr: 0.010000, Time: 6.33s
Clean ACC: 7501/8000 = 0.937625, Loss: 0.2493520975112915
ASR: 7193/7193 = 1.000000


<Backdoor Training> Train Epoch: 65 	Loss: 0.005279, lr: 0.010000, Time: 6.42s
Clean ACC: 7508/8000 = 0.938500, Loss: 0.2475755661725998
ASR: 7193/7193 = 1.000000


<Backdoor Training> Train Epoch: 66 	Loss: 0.004455, lr: 0.010000, Time: 6.42s
Clean ACC: 7511/8000 = 0.938875, Loss: 0.25205451250076294
ASR: 7193/7193 = 1.000000


<Backdoor Training> Train Epoch: 67 	Loss: 0.008910, lr: 0.010000, Time: 6.29s
Clean ACC: 7507/8000 = 0.938375, Loss: 0.2548881471157074
ASR: 7193/7193 = 1.000000


<Backdoor Training> Train Epoch: 68 	Loss: 0.004953, lr: 0.010000, Time: 6.35s
Clean ACC: 7514/8000 = 0.939250, Loss: 0.25336650013923645
ASR: 7193/7193 = 1.000000


<Backdoor Training> Train Epoch: 69 	Loss: 0.027204, lr: 0.010000, Time: 6.35s
Clean ACC: 7516/8000 = 0.939500, Loss: 0.25361770391464233
ASR: 7193/7193 = 1.000000


<Backdoor Training> Train Epoch: 70 	Loss: 0.004362, lr: 0.010000, Time: 6.22s
Clean ACC: 7509/8000 = 0.938625, Loss: 0.2590550482273102
ASR: 7193/7193 = 1.000000


<Backdoor Training> Train Epoch: 71 	Loss: 0.007626, lr: 0.010000, Time: 6.31s
Clean ACC: 7509/8000 = 0.938625, Loss: 0.25674426555633545
ASR: 7193/7193 = 1.000000


<Backdoor Training> Train Epoch: 72 	Loss: 0.001516, lr: 0.010000, Time: 6.45s
Clean ACC: 7516/8000 = 0.939500, Loss: 0.2562336027622223
ASR: 7193/7193 = 1.000000


<Backdoor Training> Train Epoch: 73 	Loss: 0.004999, lr: 0.010000, Time: 6.36s
Clean ACC: 7512/8000 = 0.939000, Loss: 0.2571794390678406
ASR: 7193/7193 = 1.000000


<Backdoor Training> Train Epoch: 74 	Loss: 0.003311, lr: 0.010000, Time: 6.46s
Clean ACC: 7519/8000 = 0.939875, Loss: 0.25882574915885925
ASR: 7193/7193 = 1.000000


<Backdoor Training> Train Epoch: 75 	Loss: 0.003950, lr: 0.010000, Time: 6.41s
Clean ACC: 7521/8000 = 0.940125, Loss: 0.2607526481151581
ASR: 7193/7193 = 1.000000


<Backdoor Training> Train Epoch: 76 	Loss: 0.011383, lr: 0.001000, Time: 6.39s
Clean ACC: 7519/8000 = 0.939875, Loss: 0.2581689953804016
ASR: 7193/7193 = 1.000000


<Backdoor Training> Train Epoch: 77 	Loss: 0.005165, lr: 0.001000, Time: 6.30s
Clean ACC: 7533/8000 = 0.941625, Loss: 0.25547710061073303
ASR: 7193/7193 = 1.000000


<Backdoor Training> Train Epoch: 78 	Loss: 0.003643, lr: 0.001000, Time: 6.42s
Clean ACC: 7527/8000 = 0.940875, Loss: 0.25565484166145325
ASR: 7193/7193 = 1.000000


<Backdoor Training> Train Epoch: 79 	Loss: 0.001539, lr: 0.001000, Time: 6.26s
Clean ACC: 7528/8000 = 0.941000, Loss: 0.2551530599594116
ASR: 7193/7193 = 1.000000


<Backdoor Training> Train Epoch: 80 	Loss: 0.006182, lr: 0.001000, Time: 6.31s
Clean ACC: 7525/8000 = 0.940625, Loss: 0.2555166482925415
ASR: 7193/7193 = 1.000000


<Backdoor Training> Train Epoch: 81 	Loss: 0.001649, lr: 0.001000, Time: 6.36s
Clean ACC: 7530/8000 = 0.941250, Loss: 0.25436586141586304
ASR: 7193/7193 = 1.000000


<Backdoor Training> Train Epoch: 82 	Loss: 0.031127, lr: 0.001000, Time: 6.38s
Clean ACC: 7530/8000 = 0.941250, Loss: 0.2547103464603424
ASR: 7193/7193 = 1.000000


<Backdoor Training> Train Epoch: 83 	Loss: 0.001739, lr: 0.001000, Time: 6.19s
Clean ACC: 7530/8000 = 0.941250, Loss: 0.2562461197376251
ASR: 7193/7193 = 1.000000


<Backdoor Training> Train Epoch: 84 	Loss: 0.002164, lr: 0.001000, Time: 6.35s
Clean ACC: 7527/8000 = 0.940875, Loss: 0.2547130286693573
ASR: 7193/7193 = 1.000000


<Backdoor Training> Train Epoch: 85 	Loss: 0.002607, lr: 0.001000, Time: 6.39s
Clean ACC: 7531/8000 = 0.941375, Loss: 0.253837913274765
ASR: 7193/7193 = 1.000000


<Backdoor Training> Train Epoch: 86 	Loss: 0.000573, lr: 0.001000, Time: 6.28s
Clean ACC: 7532/8000 = 0.941500, Loss: 0.2536832392215729
ASR: 7193/7193 = 1.000000


<Backdoor Training> Train Epoch: 87 	Loss: 0.005647, lr: 0.001000, Time: 6.24s
Clean ACC: 7517/8000 = 0.939625, Loss: 0.255849689245224
ASR: 7193/7193 = 1.000000


<Backdoor Training> Train Epoch: 88 	Loss: 0.001209, lr: 0.001000, Time: 6.34s
Clean ACC: 7527/8000 = 0.940875, Loss: 0.25545963644981384
ASR: 7193/7193 = 1.000000


<Backdoor Training> Train Epoch: 89 	Loss: 0.004180, lr: 0.001000, Time: 6.41s
Clean ACC: 7529/8000 = 0.941125, Loss: 0.2555807828903198
ASR: 7193/7193 = 1.000000


<Backdoor Training> Train Epoch: 90 	Loss: 0.003776, lr: 0.001000, Time: 6.30s
Clean ACC: 7526/8000 = 0.940750, Loss: 0.2554064989089966
ASR: 7193/7193 = 1.000000


<Backdoor Training> Train Epoch: 91 	Loss: 0.004001, lr: 0.001000, Time: 6.35s
Clean ACC: 7523/8000 = 0.940375, Loss: 0.25472763180732727
ASR: 7193/7193 = 1.000000


<Backdoor Training> Train Epoch: 92 	Loss: 0.002075, lr: 0.001000, Time: 6.35s
Clean ACC: 7532/8000 = 0.941500, Loss: 0.2563380002975464
ASR: 7193/7193 = 1.000000


<Backdoor Training> Train Epoch: 93 	Loss: 0.002597, lr: 0.001000, Time: 6.30s
Clean ACC: 7526/8000 = 0.940750, Loss: 0.2556704580783844
ASR: 7193/7193 = 1.000000


<Backdoor Training> Train Epoch: 94 	Loss: 0.007483, lr: 0.001000, Time: 6.39s
Clean ACC: 7525/8000 = 0.940625, Loss: 0.2561664283275604
ASR: 7193/7193 = 1.000000


<Backdoor Training> Train Epoch: 95 	Loss: 0.001463, lr: 0.001000, Time: 6.22s
Clean ACC: 7531/8000 = 0.941375, Loss: 0.25433582067489624
ASR: 7193/7193 = 1.000000


<Backdoor Training> Train Epoch: 96 	Loss: 0.001298, lr: 0.001000, Time: 6.48s
Clean ACC: 7519/8000 = 0.939875, Loss: 0.2563663721084595
ASR: 7193/7193 = 1.000000


<Backdoor Training> Train Epoch: 97 	Loss: 0.001837, lr: 0.001000, Time: 6.27s
Clean ACC: 7527/8000 = 0.940875, Loss: 0.25478044152259827
ASR: 7193/7193 = 1.000000


<Backdoor Training> Train Epoch: 98 	Loss: 0.001371, lr: 0.001000, Time: 6.28s
Clean ACC: 7529/8000 = 0.941125, Loss: 0.25618985295295715
ASR: 7193/7193 = 1.000000


<Backdoor Training> Train Epoch: 99 	Loss: 0.002062, lr: 0.001000, Time: 6.33s
Clean ACC: 7529/8000 = 0.941125, Loss: 0.25696900486946106
ASR: 7193/7193 = 1.000000


<Backdoor Training> Train Epoch: 100 	Loss: 0.003166, lr: 0.001000, Time: 6.36s
Clean ACC: 7533/8000 = 0.941625, Loss: 0.25571194291114807
ASR: 7193/7193 = 1.000000


Testing the backdoor model...
Evaluating model 'poisoned_train_set/cifar10/adaptive_patch_0.010_cover=0.000_poison_seed=0/full_base_aug_seed=2333.pt'...
Clean ACC: 7533/8000 = 0.941625, Loss: 0.25571194291114807
ASR: 7193/7193 = 1.000000

Visualizing the model's latent space...
Visualizing model 'poisoned_train_set/cifar10/adaptive_patch_0.010_cover=0.000_poison_seed=0/full_base_aug_seed=2333.pt' on cifar10...
[test]
Clean ACC: 7532/8000 = 0.941500, Loss: 0.2557145953178406
ASR: 7193/7193 = 1.000000

Total Clean: 49500
Total Poisoned: 500
torch.Size([512])
clean_dis: 3.389357, poison_dis: 8.509364
Silhouette Score: 0.46879452
Saved figure at assets/pca_cifar10_adaptive_patch_0.010_cover=0.000_poison_seed=0_full_base_aug_seed=2333.pt_class=0.png
Visualizing model 'poisoned_train_set/cifar10/adaptive_patch_0.010_cover=0.000_poison_seed=0/full_base_aug_seed=2333.pt' on cifar10...
[test]
Clean ACC: 7532/8000 = 0.941500, Loss: 0.2557145953178406
ASR: 7193/7193 = 1.000000

Total Clean: 49500
Total Poisoned: 500
torch.Size([512])
clean_dis: 3.389357, poison_dis: 8.509364
Silhouette Score: 0.46879452
Saved figure at assets/tsne_cifar10_adaptive_patch_0.010_cover=0.000_poison_seed=0_full_base_aug_seed=2333.pt_class=0.png
Visualizing model 'poisoned_train_set/cifar10/adaptive_patch_0.010_cover=0.000_poison_seed=0/full_base_aug_seed=2333.pt' on cifar10...
[test]
Clean ACC: 7532/8000 = 0.941500, Loss: 0.2557145953178406
ASR: 7193/7193 = 1.000000

Total Clean: 49500
Total Poisoned: 500
torch.Size([512])
clean_dis: 3.389357, poison_dis: 8.509364
Silhouette Score: 0.46879452
SVM Accuracy: 1.0
Saved figure at assets/oracle_cifar10_adaptive_patch_0.010_cover=0.000_poison_seed=0_full_base_aug_seed=2333.pt_class=0.png
Applying IBD_PSC defense method...
trigger_path: ./triggers/none
No trigger mask found! By default masking all black pixels...
Evaluating model 'poisoned_train_set/cifar10/adaptive_patch_0.010_cover=0.000_poison_seed=0/full_base_aug_seed=2333.pt'...
ba: 94.16250610351562
asr: 100.0
target label: tensor([0], device='cuda:0')
start_index: 6
TPR: 100.00
FPR: 9.05
AUC: 0.9966
f1 score: 0.9567089213106912
Elapsed time: 17.36s
Experiment for cifar10 with adaptive_patch completed.
