Creating poisoned training set for adaptive_k_way on cifar10...
[target class : 0]
Files already downloaded and verified
Poisoned set directory 'poisoned_train_set/cifar10/adaptive_k_way_0.010_poison_seed=0' to be created is not empty! Exiting...
Training the model on the poisoned dataset...
dataset : poisoned_train_set/cifar10/adaptive_k_way_0.010_poison_seed=0/imgs
Will save to 'poisoned_train_set/cifar10/adaptive_k_way_0.010_poison_seed=0/full_base_aug_seed=2333.pt'.
Model 'poisoned_train_set/cifar10/adaptive_k_way_0.010_poison_seed=0/full_base_aug_seed=2333.pt' already exists!
<Backdoor Training> Train Epoch: 1 	Loss: 1.451822, lr: 0.100000, Time: 9.96s
Clean ACC: 3318/8000 = 0.414750, Loss: 1.5982753038406372
ASR: 292/7193 = 0.040595


<Backdoor Training> Train Epoch: 2 	Loss: 1.165184, lr: 0.100000, Time: 6.23s
Clean ACC: 4575/8000 = 0.571875, Loss: 1.183748483657837
ASR: 439/7193 = 0.061032


<Backdoor Training> Train Epoch: 3 	Loss: 0.810779, lr: 0.100000, Time: 6.27s
Clean ACC: 5319/8000 = 0.664875, Loss: 0.9509330987930298
ASR: 398/7193 = 0.055332


<Backdoor Training> Train Epoch: 4 	Loss: 0.685806, lr: 0.100000, Time: 6.13s
Clean ACC: 5794/8000 = 0.724250, Loss: 0.8015686869621277
ASR: 116/7193 = 0.016127


<Backdoor Training> Train Epoch: 5 	Loss: 0.727472, lr: 0.100000, Time: 6.20s
Clean ACC: 5854/8000 = 0.731750, Loss: 0.7625738382339478
ASR: 116/7193 = 0.016127


<Backdoor Training> Train Epoch: 6 	Loss: 0.515522, lr: 0.100000, Time: 6.23s
Clean ACC: 6287/8000 = 0.785875, Loss: 0.6302831172943115
ASR: 263/7193 = 0.036563


<Backdoor Training> Train Epoch: 7 	Loss: 0.630321, lr: 0.100000, Time: 6.32s
Clean ACC: 6062/8000 = 0.757750, Loss: 0.7330461144447327
ASR: 879/7193 = 0.122202


<Backdoor Training> Train Epoch: 8 	Loss: 0.408363, lr: 0.100000, Time: 6.22s
Clean ACC: 6555/8000 = 0.819375, Loss: 0.5381053686141968
ASR: 175/7193 = 0.024329


<Backdoor Training> Train Epoch: 9 	Loss: 0.436371, lr: 0.100000, Time: 6.31s
Clean ACC: 6620/8000 = 0.827500, Loss: 0.49794694781303406
ASR: 261/7193 = 0.036285


<Backdoor Training> Train Epoch: 10 	Loss: 0.365232, lr: 0.100000, Time: 6.25s
Clean ACC: 6496/8000 = 0.812000, Loss: 0.5621410608291626
ASR: 578/7193 = 0.080356


<Backdoor Training> Train Epoch: 11 	Loss: 0.490605, lr: 0.100000, Time: 6.11s
Clean ACC: 6863/8000 = 0.857875, Loss: 0.42608681321144104
ASR: 426/7193 = 0.059224


<Backdoor Training> Train Epoch: 12 	Loss: 0.386879, lr: 0.100000, Time: 6.20s
Clean ACC: 6875/8000 = 0.859375, Loss: 0.41881853342056274
ASR: 770/7193 = 0.107049


<Backdoor Training> Train Epoch: 13 	Loss: 0.224543, lr: 0.100000, Time: 6.25s
Clean ACC: 6557/8000 = 0.819625, Loss: 0.5480660796165466
ASR: 1380/7193 = 0.191853


<Backdoor Training> Train Epoch: 14 	Loss: 0.264803, lr: 0.100000, Time: 6.20s
Clean ACC: 6607/8000 = 0.825875, Loss: 0.559959888458252
ASR: 5762/7193 = 0.801057


<Backdoor Training> Train Epoch: 15 	Loss: 0.265510, lr: 0.100000, Time: 6.09s
Clean ACC: 6996/8000 = 0.874500, Loss: 0.3720312714576721
ASR: 5324/7193 = 0.740164


<Backdoor Training> Train Epoch: 16 	Loss: 0.258594, lr: 0.100000, Time: 6.28s
Clean ACC: 6834/8000 = 0.854250, Loss: 0.43622955679893494
ASR: 6304/7193 = 0.876408


<Backdoor Training> Train Epoch: 17 	Loss: 0.255890, lr: 0.100000, Time: 6.11s
Clean ACC: 6994/8000 = 0.874250, Loss: 0.3803986608982086
ASR: 6833/7193 = 0.949951


<Backdoor Training> Train Epoch: 18 	Loss: 0.232835, lr: 0.100000, Time: 6.21s
Clean ACC: 6979/8000 = 0.872375, Loss: 0.38516655564308167
ASR: 6672/7193 = 0.927568


<Backdoor Training> Train Epoch: 19 	Loss: 0.360805, lr: 0.100000, Time: 6.25s
Clean ACC: 7034/8000 = 0.879250, Loss: 0.36655479669570923
ASR: 6330/7193 = 0.880022


<Backdoor Training> Train Epoch: 20 	Loss: 0.162985, lr: 0.100000, Time: 6.27s
Clean ACC: 7027/8000 = 0.878375, Loss: 0.37234193086624146
ASR: 5942/7193 = 0.826081


<Backdoor Training> Train Epoch: 21 	Loss: 0.215073, lr: 0.100000, Time: 6.20s
Clean ACC: 7000/8000 = 0.875000, Loss: 0.4021422564983368
ASR: 7001/7193 = 0.973307


<Backdoor Training> Train Epoch: 22 	Loss: 0.287721, lr: 0.100000, Time: 6.17s
Clean ACC: 6968/8000 = 0.871000, Loss: 0.3929106891155243
ASR: 6954/7193 = 0.966773


<Backdoor Training> Train Epoch: 23 	Loss: 0.191180, lr: 0.100000, Time: 6.12s
Clean ACC: 7052/8000 = 0.881500, Loss: 0.3744600713253021
ASR: 6990/7193 = 0.971778


<Backdoor Training> Train Epoch: 24 	Loss: 0.219486, lr: 0.100000, Time: 6.18s
Clean ACC: 6979/8000 = 0.872375, Loss: 0.42454397678375244
ASR: 6947/7193 = 0.965800


<Backdoor Training> Train Epoch: 25 	Loss: 0.206112, lr: 0.100000, Time: 6.21s
Clean ACC: 7083/8000 = 0.885375, Loss: 0.3652050197124481
ASR: 7038/7193 = 0.978451


<Backdoor Training> Train Epoch: 26 	Loss: 0.116616, lr: 0.100000, Time: 6.26s
Clean ACC: 7060/8000 = 0.882500, Loss: 0.3673223853111267
ASR: 7110/7193 = 0.988461


<Backdoor Training> Train Epoch: 27 	Loss: 0.414991, lr: 0.100000, Time: 6.19s
Clean ACC: 7114/8000 = 0.889250, Loss: 0.34653329849243164
ASR: 6644/7193 = 0.923676


<Backdoor Training> Train Epoch: 28 	Loss: 0.141618, lr: 0.100000, Time: 6.21s
Clean ACC: 7079/8000 = 0.884875, Loss: 0.3667243719100952
ASR: 6999/7193 = 0.973029


<Backdoor Training> Train Epoch: 29 	Loss: 0.252228, lr: 0.100000, Time: 6.21s
Clean ACC: 7073/8000 = 0.884125, Loss: 0.38147950172424316
ASR: 7020/7193 = 0.975949


<Backdoor Training> Train Epoch: 30 	Loss: 0.247662, lr: 0.100000, Time: 6.13s
Clean ACC: 7109/8000 = 0.888625, Loss: 0.37815186381340027
ASR: 6875/7193 = 0.955790


<Backdoor Training> Train Epoch: 31 	Loss: 0.313614, lr: 0.100000, Time: 6.21s
Clean ACC: 7155/8000 = 0.894375, Loss: 0.35468611121177673
ASR: 6852/7193 = 0.952593


<Backdoor Training> Train Epoch: 32 	Loss: 0.179434, lr: 0.100000, Time: 6.15s
Clean ACC: 7108/8000 = 0.888500, Loss: 0.3628050982952118
ASR: 6826/7193 = 0.948978


<Backdoor Training> Train Epoch: 33 	Loss: 0.182304, lr: 0.100000, Time: 6.28s
Clean ACC: 6967/8000 = 0.870875, Loss: 0.42385491728782654
ASR: 6887/7193 = 0.957459


<Backdoor Training> Train Epoch: 34 	Loss: 0.075988, lr: 0.100000, Time: 6.14s
Clean ACC: 7033/8000 = 0.879125, Loss: 0.40677186846733093
ASR: 7058/7193 = 0.981232


<Backdoor Training> Train Epoch: 35 	Loss: 0.219107, lr: 0.100000, Time: 6.13s
Clean ACC: 7114/8000 = 0.889250, Loss: 0.3520091474056244
ASR: 7083/7193 = 0.984707


<Backdoor Training> Train Epoch: 36 	Loss: 0.092671, lr: 0.100000, Time: 6.18s
Clean ACC: 7160/8000 = 0.895000, Loss: 0.34631362557411194
ASR: 7042/7193 = 0.979007


<Backdoor Training> Train Epoch: 37 	Loss: 0.223845, lr: 0.100000, Time: 6.25s
Clean ACC: 7046/8000 = 0.880750, Loss: 0.4047068953514099
ASR: 7046/7193 = 0.979563


<Backdoor Training> Train Epoch: 38 	Loss: 0.104470, lr: 0.100000, Time: 6.08s
Clean ACC: 7097/8000 = 0.887125, Loss: 0.38403722643852234
ASR: 7149/7193 = 0.993883


<Backdoor Training> Train Epoch: 39 	Loss: 0.101482, lr: 0.100000, Time: 6.27s
Clean ACC: 7179/8000 = 0.897375, Loss: 0.35404810309410095
ASR: 7149/7193 = 0.993883


<Backdoor Training> Train Epoch: 40 	Loss: 0.122900, lr: 0.100000, Time: 6.19s
Clean ACC: 7178/8000 = 0.897250, Loss: 0.34812185168266296
ASR: 7071/7193 = 0.983039


<Backdoor Training> Train Epoch: 41 	Loss: 0.163210, lr: 0.100000, Time: 6.34s
Clean ACC: 7147/8000 = 0.893375, Loss: 0.3679811954498291
ASR: 7142/7193 = 0.992910


<Backdoor Training> Train Epoch: 42 	Loss: 0.099358, lr: 0.100000, Time: 6.12s
Clean ACC: 7215/8000 = 0.901875, Loss: 0.3399930000305176
ASR: 7132/7193 = 0.991520


<Backdoor Training> Train Epoch: 43 	Loss: 0.141976, lr: 0.100000, Time: 6.20s
Clean ACC: 7139/8000 = 0.892375, Loss: 0.3663528561592102
ASR: 6951/7193 = 0.966356


<Backdoor Training> Train Epoch: 44 	Loss: 0.179387, lr: 0.100000, Time: 6.26s
Clean ACC: 7185/8000 = 0.898125, Loss: 0.35513293743133545
ASR: 7025/7193 = 0.976644


<Backdoor Training> Train Epoch: 45 	Loss: 0.205557, lr: 0.100000, Time: 6.35s
Clean ACC: 7093/8000 = 0.886625, Loss: 0.3641042411327362
ASR: 6982/7193 = 0.970666


<Backdoor Training> Train Epoch: 46 	Loss: 0.375223, lr: 0.100000, Time: 6.24s
Clean ACC: 7118/8000 = 0.889750, Loss: 0.37827616930007935
ASR: 7142/7193 = 0.992910


<Backdoor Training> Train Epoch: 47 	Loss: 0.239284, lr: 0.100000, Time: 6.06s
Clean ACC: 7083/8000 = 0.885375, Loss: 0.3910865783691406
ASR: 7140/7193 = 0.992632


<Backdoor Training> Train Epoch: 48 	Loss: 0.039829, lr: 0.100000, Time: 6.22s
Clean ACC: 7118/8000 = 0.889750, Loss: 0.3522396981716156
ASR: 7101/7193 = 0.987210


<Backdoor Training> Train Epoch: 49 	Loss: 0.168066, lr: 0.100000, Time: 6.31s
Clean ACC: 7152/8000 = 0.894000, Loss: 0.3579207956790924
ASR: 6682/7193 = 0.928959


<Backdoor Training> Train Epoch: 50 	Loss: 0.217263, lr: 0.100000, Time: 6.31s
Clean ACC: 7240/8000 = 0.905000, Loss: 0.3166736960411072
ASR: 6940/7193 = 0.964827


<Backdoor Training> Train Epoch: 51 	Loss: 0.084535, lr: 0.010000, Time: 6.09s
Clean ACC: 7448/8000 = 0.931000, Loss: 0.2254735827445984
ASR: 7118/7193 = 0.989573


<Backdoor Training> Train Epoch: 52 	Loss: 0.025494, lr: 0.010000, Time: 6.14s
Clean ACC: 7486/8000 = 0.935750, Loss: 0.2262750118970871
ASR: 7131/7193 = 0.991381


<Backdoor Training> Train Epoch: 53 	Loss: 0.030126, lr: 0.010000, Time: 6.21s
Clean ACC: 7497/8000 = 0.937125, Loss: 0.22996681928634644
ASR: 7126/7193 = 0.990685


<Backdoor Training> Train Epoch: 54 	Loss: 0.008523, lr: 0.010000, Time: 6.18s
Clean ACC: 7508/8000 = 0.938500, Loss: 0.2301279455423355
ASR: 7109/7193 = 0.988322


<Backdoor Training> Train Epoch: 55 	Loss: 0.004918, lr: 0.010000, Time: 6.29s
Clean ACC: 7477/8000 = 0.934625, Loss: 0.24028955399990082
ASR: 7145/7193 = 0.993327


<Backdoor Training> Train Epoch: 56 	Loss: 0.006126, lr: 0.010000, Time: 6.14s
Clean ACC: 7496/8000 = 0.937000, Loss: 0.2387901395559311
ASR: 7151/7193 = 0.994161


<Backdoor Training> Train Epoch: 57 	Loss: 0.033902, lr: 0.010000, Time: 6.30s
Clean ACC: 7495/8000 = 0.936875, Loss: 0.2456122487783432
ASR: 7124/7193 = 0.990407


<Backdoor Training> Train Epoch: 58 	Loss: 0.004113, lr: 0.010000, Time: 6.19s
Clean ACC: 7493/8000 = 0.936625, Loss: 0.24195532500743866
ASR: 7117/7193 = 0.989434


<Backdoor Training> Train Epoch: 59 	Loss: 0.004743, lr: 0.010000, Time: 6.22s
Clean ACC: 7500/8000 = 0.937500, Loss: 0.24431370198726654
ASR: 7121/7193 = 0.989990


<Backdoor Training> Train Epoch: 60 	Loss: 0.031585, lr: 0.010000, Time: 6.28s
Clean ACC: 7506/8000 = 0.938250, Loss: 0.24904583394527435
ASR: 7134/7193 = 0.991798


<Backdoor Training> Train Epoch: 61 	Loss: 0.005773, lr: 0.010000, Time: 6.18s
Clean ACC: 7503/8000 = 0.937875, Loss: 0.25222769379615784
ASR: 7136/7193 = 0.992076


<Backdoor Training> Train Epoch: 62 	Loss: 0.003077, lr: 0.010000, Time: 6.27s
Clean ACC: 7502/8000 = 0.937750, Loss: 0.25678297877311707
ASR: 7130/7193 = 0.991241


<Backdoor Training> Train Epoch: 63 	Loss: 0.004291, lr: 0.010000, Time: 6.18s
Clean ACC: 7497/8000 = 0.937125, Loss: 0.2582838833332062
ASR: 7138/7193 = 0.992354


<Backdoor Training> Train Epoch: 64 	Loss: 0.002333, lr: 0.010000, Time: 6.14s
Clean ACC: 7517/8000 = 0.939625, Loss: 0.26000282168388367
ASR: 7115/7193 = 0.989156


<Backdoor Training> Train Epoch: 65 	Loss: 0.045926, lr: 0.010000, Time: 6.09s
Clean ACC: 7505/8000 = 0.938125, Loss: 0.25932350754737854
ASR: 7139/7193 = 0.992493


<Backdoor Training> Train Epoch: 66 	Loss: 0.030261, lr: 0.010000, Time: 6.25s
Clean ACC: 7499/8000 = 0.937375, Loss: 0.2663581967353821
ASR: 7133/7193 = 0.991659


<Backdoor Training> Train Epoch: 67 	Loss: 0.007258, lr: 0.010000, Time: 6.16s
Clean ACC: 7494/8000 = 0.936750, Loss: 0.2691962420940399
ASR: 7136/7193 = 0.992076


<Backdoor Training> Train Epoch: 68 	Loss: 0.007827, lr: 0.010000, Time: 6.23s
Clean ACC: 7507/8000 = 0.938375, Loss: 0.27207058668136597
ASR: 7143/7193 = 0.993049


<Backdoor Training> Train Epoch: 69 	Loss: 0.007999, lr: 0.010000, Time: 6.17s
Clean ACC: 7492/8000 = 0.936500, Loss: 0.27541375160217285
ASR: 7130/7193 = 0.991241


<Backdoor Training> Train Epoch: 70 	Loss: 0.011888, lr: 0.010000, Time: 6.22s
Clean ACC: 7506/8000 = 0.938250, Loss: 0.27307021617889404
ASR: 7133/7193 = 0.991659


<Backdoor Training> Train Epoch: 71 	Loss: 0.010781, lr: 0.010000, Time: 6.57s
Clean ACC: 7504/8000 = 0.938000, Loss: 0.27200475335121155
ASR: 7123/7193 = 0.990268


<Backdoor Training> Train Epoch: 72 	Loss: 0.012247, lr: 0.010000, Time: 6.54s
Clean ACC: 7500/8000 = 0.937500, Loss: 0.27444496750831604
ASR: 7134/7193 = 0.991798


<Backdoor Training> Train Epoch: 73 	Loss: 0.002688, lr: 0.010000, Time: 6.42s
Clean ACC: 7494/8000 = 0.936750, Loss: 0.27802160382270813
ASR: 7135/7193 = 0.991937


<Backdoor Training> Train Epoch: 74 	Loss: 0.001236, lr: 0.010000, Time: 6.50s
Clean ACC: 7518/8000 = 0.939750, Loss: 0.27469855546951294
ASR: 7124/7193 = 0.990407


<Backdoor Training> Train Epoch: 75 	Loss: 0.001456, lr: 0.010000, Time: 6.64s
Clean ACC: 7510/8000 = 0.938750, Loss: 0.2742283046245575
ASR: 7133/7193 = 0.991659


<Backdoor Training> Train Epoch: 76 	Loss: 0.003792, lr: 0.001000, Time: 6.63s
Clean ACC: 7519/8000 = 0.939875, Loss: 0.2720572352409363
ASR: 7135/7193 = 0.991937


<Backdoor Training> Train Epoch: 77 	Loss: 0.004313, lr: 0.001000, Time: 6.56s
Clean ACC: 7513/8000 = 0.939125, Loss: 0.27299535274505615
ASR: 7136/7193 = 0.992076


<Backdoor Training> Train Epoch: 78 	Loss: 0.002060, lr: 0.001000, Time: 6.58s
Clean ACC: 7502/8000 = 0.937750, Loss: 0.27254363894462585
ASR: 7132/7193 = 0.991520


<Backdoor Training> Train Epoch: 79 	Loss: 0.003010, lr: 0.001000, Time: 6.33s
Clean ACC: 7514/8000 = 0.939250, Loss: 0.2748121917247772
ASR: 7132/7193 = 0.991520


<Backdoor Training> Train Epoch: 80 	Loss: 0.004055, lr: 0.001000, Time: 6.25s
Clean ACC: 7518/8000 = 0.939750, Loss: 0.2722403407096863
ASR: 7131/7193 = 0.991381


<Backdoor Training> Train Epoch: 81 	Loss: 0.003827, lr: 0.001000, Time: 6.27s
Clean ACC: 7512/8000 = 0.939000, Loss: 0.27308326959609985
ASR: 7133/7193 = 0.991659


<Backdoor Training> Train Epoch: 82 	Loss: 0.002155, lr: 0.001000, Time: 6.22s
Clean ACC: 7508/8000 = 0.938500, Loss: 0.27197006344795227
ASR: 7131/7193 = 0.991381


<Backdoor Training> Train Epoch: 83 	Loss: 0.016798, lr: 0.001000, Time: 6.19s
Clean ACC: 7508/8000 = 0.938500, Loss: 0.27269378304481506
ASR: 7130/7193 = 0.991241


<Backdoor Training> Train Epoch: 84 	Loss: 0.001234, lr: 0.001000, Time: 6.13s
Clean ACC: 7510/8000 = 0.938750, Loss: 0.27384665608406067
ASR: 7127/7193 = 0.990824


<Backdoor Training> Train Epoch: 85 	Loss: 0.003997, lr: 0.001000, Time: 6.23s
Clean ACC: 7513/8000 = 0.939125, Loss: 0.27448463439941406
ASR: 7123/7193 = 0.990268


<Backdoor Training> Train Epoch: 86 	Loss: 0.003232, lr: 0.001000, Time: 6.36s
Clean ACC: 7510/8000 = 0.938750, Loss: 0.2745259404182434
ASR: 7124/7193 = 0.990407


<Backdoor Training> Train Epoch: 87 	Loss: 0.001786, lr: 0.001000, Time: 6.07s
Clean ACC: 7513/8000 = 0.939125, Loss: 0.27502313256263733
ASR: 7125/7193 = 0.990546


<Backdoor Training> Train Epoch: 88 	Loss: 0.004466, lr: 0.001000, Time: 6.15s
Clean ACC: 7517/8000 = 0.939625, Loss: 0.27236008644104004
ASR: 7123/7193 = 0.990268


<Backdoor Training> Train Epoch: 89 	Loss: 0.077572, lr: 0.001000, Time: 6.26s
Clean ACC: 7517/8000 = 0.939625, Loss: 0.2731230854988098
ASR: 7125/7193 = 0.990546


<Backdoor Training> Train Epoch: 90 	Loss: 0.000713, lr: 0.001000, Time: 6.20s
Clean ACC: 7520/8000 = 0.940000, Loss: 0.27389487624168396
ASR: 7120/7193 = 0.989851


<Backdoor Training> Train Epoch: 91 	Loss: 0.004688, lr: 0.001000, Time: 6.22s
Clean ACC: 7512/8000 = 0.939000, Loss: 0.2732681334018707
ASR: 7124/7193 = 0.990407


<Backdoor Training> Train Epoch: 92 	Loss: 0.014277, lr: 0.001000, Time: 6.20s
Clean ACC: 7512/8000 = 0.939000, Loss: 0.274980753660202
ASR: 7125/7193 = 0.990546


<Backdoor Training> Train Epoch: 93 	Loss: 0.002070, lr: 0.001000, Time: 6.11s
Clean ACC: 7513/8000 = 0.939125, Loss: 0.2764001786708832
ASR: 7123/7193 = 0.990268


<Backdoor Training> Train Epoch: 94 	Loss: 0.002525, lr: 0.001000, Time: 6.30s
Clean ACC: 7509/8000 = 0.938625, Loss: 0.2747023403644562
ASR: 7121/7193 = 0.989990


<Backdoor Training> Train Epoch: 95 	Loss: 0.016811, lr: 0.001000, Time: 6.13s
Clean ACC: 7512/8000 = 0.939000, Loss: 0.27598264813423157
ASR: 7126/7193 = 0.990685


<Backdoor Training> Train Epoch: 96 	Loss: 0.005422, lr: 0.001000, Time: 6.19s
Clean ACC: 7519/8000 = 0.939875, Loss: 0.27441951632499695
ASR: 7121/7193 = 0.989990


<Backdoor Training> Train Epoch: 97 	Loss: 0.010932, lr: 0.001000, Time: 6.30s
Clean ACC: 7521/8000 = 0.940125, Loss: 0.27567747235298157
ASR: 7126/7193 = 0.990685


<Backdoor Training> Train Epoch: 98 	Loss: 0.002095, lr: 0.001000, Time: 6.12s
Clean ACC: 7517/8000 = 0.939625, Loss: 0.27418383955955505
ASR: 7128/7193 = 0.990963


<Backdoor Training> Train Epoch: 99 	Loss: 0.004706, lr: 0.001000, Time: 6.14s
Clean ACC: 7516/8000 = 0.939500, Loss: 0.27706122398376465
ASR: 7123/7193 = 0.990268


<Backdoor Training> Train Epoch: 100 	Loss: 0.001173, lr: 0.001000, Time: 6.20s
Clean ACC: 7521/8000 = 0.940125, Loss: 0.2740844786167145
ASR: 7119/7193 = 0.989712


Testing the backdoor model...
Evaluating model 'poisoned_train_set/cifar10/adaptive_k_way_0.010_poison_seed=0/full_base_aug_seed=2333.pt'...
Clean ACC: 7521/8000 = 0.940125, Loss: 0.2740844786167145
ASR: 7119/7193 = 0.989712

Visualizing the model's latent space...
Visualizing model 'poisoned_train_set/cifar10/adaptive_k_way_0.010_poison_seed=0/full_base_aug_seed=2333.pt' on cifar10...
[test]
Clean ACC: 7521/8000 = 0.940125, Loss: 0.2740907371044159
ASR: 7119/7193 = 0.989712

Total Clean: 49500
Total Poisoned: 500
torch.Size([512])
clean_dis: 2.906111, poison_dis: 6.669575
Silhouette Score: 0.4131259
Saved figure at assets/pca_cifar10_adaptive_k_way_0.010_poison_seed=0_full_base_aug_seed=2333.pt_class=0.png
Visualizing model 'poisoned_train_set/cifar10/adaptive_k_way_0.010_poison_seed=0/full_base_aug_seed=2333.pt' on cifar10...
[test]
Clean ACC: 7521/8000 = 0.940125, Loss: 0.2740907371044159
ASR: 7119/7193 = 0.989712

Total Clean: 49500
Total Poisoned: 500
torch.Size([512])
clean_dis: 2.906111, poison_dis: 6.669575
Silhouette Score: 0.4131259
Saved figure at assets/tsne_cifar10_adaptive_k_way_0.010_poison_seed=0_full_base_aug_seed=2333.pt_class=0.png
Visualizing model 'poisoned_train_set/cifar10/adaptive_k_way_0.010_poison_seed=0/full_base_aug_seed=2333.pt' on cifar10...
[test]
Clean ACC: 7521/8000 = 0.940125, Loss: 0.2740907371044159
ASR: 7119/7193 = 0.989712

Total Clean: 49500
Total Poisoned: 500
torch.Size([512])
clean_dis: 2.906111, poison_dis: 6.669575
Silhouette Score: 0.4131259
SVM Accuracy: 0.99651376146789
Saved figure at assets/oracle_cifar10_adaptive_k_way_0.010_poison_seed=0_full_base_aug_seed=2333.pt_class=0.png
Applying IBD_PSC defense method...
trigger_path: ./triggers/none
No trigger mask found! By default masking all black pixels...
Evaluating model 'poisoned_train_set/cifar10/adaptive_k_way_0.010_poison_seed=0/full_base_aug_seed=2333.pt'...
ba: 94.01250457763672
asr: 98.97122192382812
target label: tensor([0], device='cuda:0')
start_index: 5
TPR: 98.89
FPR: 13.39
AUC: 0.9847
f1 score: 0.9316923801672359
Elapsed time: 16.05s
Experiment for cifar10 with adaptive_k_way completed.
