Creating poisoned training set for badnet on cifar10...
[target class : 0]
Files already downloaded and verified
Poisoned set directory 'poisoned_train_set/cifar10/badnet_0.010_poison_seed=0' to be created is not empty! Exiting...
Training the model on the poisoned dataset...
dataset : poisoned_train_set/cifar10/badnet_0.010_poison_seed=0/imgs
Will save to 'poisoned_train_set/cifar10/badnet_0.010_poison_seed=0/full_base_aug_seed=2333.pt'.
Model 'poisoned_train_set/cifar10/badnet_0.010_poison_seed=0/full_base_aug_seed=2333.pt' already exists!
<Backdoor Training> Train Epoch: 1 	Loss: 1.710834, lr: 0.100000, Time: 10.35s
Clean ACC: 3120/8000 = 0.390000, Loss: 1.6253818273544312
ASR: 469/7193 = 0.065202


<Backdoor Training> Train Epoch: 2 	Loss: 1.410507, lr: 0.100000, Time: 6.20s
Clean ACC: 3917/8000 = 0.489625, Loss: 1.3932111263275146
ASR: 189/7193 = 0.026276


<Backdoor Training> Train Epoch: 3 	Loss: 1.278340, lr: 0.100000, Time: 6.37s
Clean ACC: 4459/8000 = 0.557375, Loss: 1.2180153131484985
ASR: 340/7193 = 0.047268


<Backdoor Training> Train Epoch: 4 	Loss: 0.949583, lr: 0.100000, Time: 6.29s
Clean ACC: 5093/8000 = 0.636625, Loss: 1.0282957553863525
ASR: 227/7193 = 0.031558


<Backdoor Training> Train Epoch: 5 	Loss: 1.069178, lr: 0.100000, Time: 6.24s
Clean ACC: 4856/8000 = 0.607000, Loss: 1.145961880683899
ASR: 482/7193 = 0.067010


<Backdoor Training> Train Epoch: 6 	Loss: 0.866003, lr: 0.100000, Time: 6.30s
Clean ACC: 5611/8000 = 0.701375, Loss: 0.8556416630744934
ASR: 219/7193 = 0.030446


<Backdoor Training> Train Epoch: 7 	Loss: 0.772937, lr: 0.100000, Time: 6.33s
Clean ACC: 5836/8000 = 0.729500, Loss: 0.8020738363265991
ASR: 143/7193 = 0.019880


<Backdoor Training> Train Epoch: 8 	Loss: 0.666516, lr: 0.100000, Time: 6.37s
Clean ACC: 5890/8000 = 0.736250, Loss: 0.7590871453285217
ASR: 118/7193 = 0.016405


<Backdoor Training> Train Epoch: 9 	Loss: 0.522974, lr: 0.100000, Time: 6.32s
Clean ACC: 5844/8000 = 0.730500, Loss: 0.7728545069694519
ASR: 131/7193 = 0.018212


<Backdoor Training> Train Epoch: 10 	Loss: 0.377240, lr: 0.100000, Time: 6.43s
Clean ACC: 6404/8000 = 0.800500, Loss: 0.586717426776886
ASR: 238/7193 = 0.033088


<Backdoor Training> Train Epoch: 11 	Loss: 0.593571, lr: 0.100000, Time: 6.33s
Clean ACC: 6456/8000 = 0.807000, Loss: 0.5766982436180115
ASR: 302/7193 = 0.041985


<Backdoor Training> Train Epoch: 12 	Loss: 0.384261, lr: 0.100000, Time: 6.30s
Clean ACC: 6463/8000 = 0.807875, Loss: 0.5666292905807495
ASR: 6852/7193 = 0.952593


<Backdoor Training> Train Epoch: 13 	Loss: 0.386263, lr: 0.100000, Time: 6.25s
Clean ACC: 6757/8000 = 0.844625, Loss: 0.47191211581230164
ASR: 7186/7193 = 0.999027


<Backdoor Training> Train Epoch: 14 	Loss: 0.482565, lr: 0.100000, Time: 6.28s
Clean ACC: 6567/8000 = 0.820875, Loss: 0.5209571123123169
ASR: 7176/7193 = 0.997637


<Backdoor Training> Train Epoch: 15 	Loss: 0.473109, lr: 0.100000, Time: 6.36s
Clean ACC: 6712/8000 = 0.839000, Loss: 0.47557687759399414
ASR: 7193/7193 = 1.000000


<Backdoor Training> Train Epoch: 16 	Loss: 0.406397, lr: 0.100000, Time: 6.31s
Clean ACC: 6830/8000 = 0.853750, Loss: 0.4464960992336273
ASR: 7193/7193 = 1.000000


<Backdoor Training> Train Epoch: 17 	Loss: 0.294279, lr: 0.100000, Time: 6.31s
Clean ACC: 6969/8000 = 0.871125, Loss: 0.39625051617622375
ASR: 7193/7193 = 1.000000


<Backdoor Training> Train Epoch: 18 	Loss: 0.308424, lr: 0.100000, Time: 6.31s
Clean ACC: 6915/8000 = 0.864375, Loss: 0.4057661294937134
ASR: 7193/7193 = 1.000000


<Backdoor Training> Train Epoch: 19 	Loss: 0.144178, lr: 0.100000, Time: 6.35s
Clean ACC: 6914/8000 = 0.864250, Loss: 0.4073263108730316
ASR: 7193/7193 = 1.000000


<Backdoor Training> Train Epoch: 20 	Loss: 0.326730, lr: 0.100000, Time: 6.20s
Clean ACC: 6804/8000 = 0.850500, Loss: 0.4721684455871582
ASR: 7193/7193 = 1.000000


<Backdoor Training> Train Epoch: 21 	Loss: 0.234631, lr: 0.100000, Time: 6.66s
Clean ACC: 6871/8000 = 0.858875, Loss: 0.4211081564426422
ASR: 7193/7193 = 1.000000


<Backdoor Training> Train Epoch: 22 	Loss: 0.335822, lr: 0.100000, Time: 6.70s
Clean ACC: 6956/8000 = 0.869500, Loss: 0.39972737431526184
ASR: 7193/7193 = 1.000000


<Backdoor Training> Train Epoch: 23 	Loss: 0.266033, lr: 0.100000, Time: 6.73s
Clean ACC: 7062/8000 = 0.882750, Loss: 0.3442024290561676
ASR: 7193/7193 = 1.000000


<Backdoor Training> Train Epoch: 24 	Loss: 0.456714, lr: 0.100000, Time: 6.69s
Clean ACC: 6897/8000 = 0.862125, Loss: 0.43173301219940186
ASR: 7193/7193 = 1.000000


<Backdoor Training> Train Epoch: 25 	Loss: 0.309115, lr: 0.100000, Time: 6.60s
Clean ACC: 6988/8000 = 0.873500, Loss: 0.392913281917572
ASR: 7193/7193 = 1.000000


<Backdoor Training> Train Epoch: 26 	Loss: 0.195924, lr: 0.100000, Time: 6.65s
Clean ACC: 7021/8000 = 0.877625, Loss: 0.38291826844215393
ASR: 7193/7193 = 1.000000


<Backdoor Training> Train Epoch: 27 	Loss: 0.149663, lr: 0.100000, Time: 6.70s
Clean ACC: 7008/8000 = 0.876000, Loss: 0.3922812044620514
ASR: 7193/7193 = 1.000000


<Backdoor Training> Train Epoch: 28 	Loss: 0.343200, lr: 0.100000, Time: 6.62s
Clean ACC: 7077/8000 = 0.884625, Loss: 0.37017592787742615
ASR: 7193/7193 = 1.000000


<Backdoor Training> Train Epoch: 29 	Loss: 0.228598, lr: 0.100000, Time: 6.70s
Clean ACC: 6988/8000 = 0.873500, Loss: 0.4321752190589905
ASR: 7193/7193 = 1.000000


<Backdoor Training> Train Epoch: 30 	Loss: 0.218882, lr: 0.100000, Time: 6.31s
Clean ACC: 7058/8000 = 0.882250, Loss: 0.3930189311504364
ASR: 7193/7193 = 1.000000


<Backdoor Training> Train Epoch: 31 	Loss: 0.172578, lr: 0.100000, Time: 6.43s
Clean ACC: 7014/8000 = 0.876750, Loss: 0.4052324593067169
ASR: 7193/7193 = 1.000000


<Backdoor Training> Train Epoch: 32 	Loss: 0.120642, lr: 0.100000, Time: 6.33s
Clean ACC: 7081/8000 = 0.885125, Loss: 0.37566715478897095
ASR: 7193/7193 = 1.000000


<Backdoor Training> Train Epoch: 33 	Loss: 0.180413, lr: 0.100000, Time: 6.35s
Clean ACC: 6902/8000 = 0.862750, Loss: 0.46435731649398804
ASR: 7193/7193 = 1.000000


<Backdoor Training> Train Epoch: 34 	Loss: 0.294773, lr: 0.100000, Time: 6.25s
Clean ACC: 7048/8000 = 0.881000, Loss: 0.40115249156951904
ASR: 7193/7193 = 1.000000


<Backdoor Training> Train Epoch: 35 	Loss: 0.192327, lr: 0.100000, Time: 6.35s
Clean ACC: 7013/8000 = 0.876625, Loss: 0.3860354721546173
ASR: 7193/7193 = 1.000000


<Backdoor Training> Train Epoch: 36 	Loss: 0.269704, lr: 0.100000, Time: 6.22s
Clean ACC: 7032/8000 = 0.879000, Loss: 0.4115622341632843
ASR: 7193/7193 = 1.000000


<Backdoor Training> Train Epoch: 37 	Loss: 0.202872, lr: 0.100000, Time: 6.47s
Clean ACC: 7051/8000 = 0.881375, Loss: 0.3857118487358093
ASR: 7193/7193 = 1.000000


<Backdoor Training> Train Epoch: 38 	Loss: 0.339510, lr: 0.100000, Time: 6.34s
Clean ACC: 7175/8000 = 0.896875, Loss: 0.3349766731262207
ASR: 7193/7193 = 1.000000


<Backdoor Training> Train Epoch: 39 	Loss: 0.257525, lr: 0.100000, Time: 6.40s
Clean ACC: 6985/8000 = 0.873125, Loss: 0.430832177400589
ASR: 7193/7193 = 1.000000


<Backdoor Training> Train Epoch: 40 	Loss: 0.301935, lr: 0.100000, Time: 6.27s
Clean ACC: 7058/8000 = 0.882250, Loss: 0.3918246030807495
ASR: 7193/7193 = 1.000000


<Backdoor Training> Train Epoch: 41 	Loss: 0.126478, lr: 0.100000, Time: 6.26s
Clean ACC: 6966/8000 = 0.870750, Loss: 0.48807233572006226
ASR: 7193/7193 = 1.000000


<Backdoor Training> Train Epoch: 42 	Loss: 0.089221, lr: 0.100000, Time: 6.24s
Clean ACC: 7071/8000 = 0.883875, Loss: 0.39495688676834106
ASR: 7193/7193 = 1.000000


<Backdoor Training> Train Epoch: 43 	Loss: 0.224530, lr: 0.100000, Time: 6.16s
Clean ACC: 7104/8000 = 0.888000, Loss: 0.38025885820388794
ASR: 7193/7193 = 1.000000


<Backdoor Training> Train Epoch: 44 	Loss: 0.143420, lr: 0.100000, Time: 6.41s
Clean ACC: 7107/8000 = 0.888375, Loss: 0.371695876121521
ASR: 7193/7193 = 1.000000


<Backdoor Training> Train Epoch: 45 	Loss: 0.157839, lr: 0.100000, Time: 6.27s
Clean ACC: 7084/8000 = 0.885500, Loss: 0.4050755500793457
ASR: 7193/7193 = 1.000000


<Backdoor Training> Train Epoch: 46 	Loss: 0.219665, lr: 0.100000, Time: 6.18s
Clean ACC: 7136/8000 = 0.892000, Loss: 0.3563861548900604
ASR: 7193/7193 = 1.000000


<Backdoor Training> Train Epoch: 47 	Loss: 0.261646, lr: 0.100000, Time: 6.45s
Clean ACC: 7104/8000 = 0.888000, Loss: 0.4022579491138458
ASR: 7193/7193 = 1.000000


<Backdoor Training> Train Epoch: 48 	Loss: 0.207661, lr: 0.100000, Time: 6.45s
Clean ACC: 7117/8000 = 0.889625, Loss: 0.38633593916893005
ASR: 7193/7193 = 1.000000


<Backdoor Training> Train Epoch: 49 	Loss: 0.174352, lr: 0.100000, Time: 6.30s
Clean ACC: 7166/8000 = 0.895750, Loss: 0.342094361782074
ASR: 7193/7193 = 1.000000


<Backdoor Training> Train Epoch: 50 	Loss: 0.193954, lr: 0.100000, Time: 6.46s
Clean ACC: 7137/8000 = 0.892125, Loss: 0.37396490573883057
ASR: 7193/7193 = 1.000000


<Backdoor Training> Train Epoch: 51 	Loss: 0.089945, lr: 0.010000, Time: 6.33s
Clean ACC: 7432/8000 = 0.929000, Loss: 0.24239352345466614
ASR: 7193/7193 = 1.000000


<Backdoor Training> Train Epoch: 52 	Loss: 0.070760, lr: 0.010000, Time: 6.30s
Clean ACC: 7430/8000 = 0.928750, Loss: 0.24443070590496063
ASR: 7193/7193 = 1.000000


<Backdoor Training> Train Epoch: 53 	Loss: 0.014357, lr: 0.010000, Time: 6.31s
Clean ACC: 7439/8000 = 0.929875, Loss: 0.24475574493408203
ASR: 7193/7193 = 1.000000


<Backdoor Training> Train Epoch: 54 	Loss: 0.036646, lr: 0.010000, Time: 6.34s
Clean ACC: 7444/8000 = 0.930500, Loss: 0.2472260594367981
ASR: 7193/7193 = 1.000000


<Backdoor Training> Train Epoch: 55 	Loss: 0.098919, lr: 0.010000, Time: 6.26s
Clean ACC: 7454/8000 = 0.931750, Loss: 0.24894560873508453
ASR: 7193/7193 = 1.000000


<Backdoor Training> Train Epoch: 56 	Loss: 0.010357, lr: 0.010000, Time: 6.17s
Clean ACC: 7450/8000 = 0.931250, Loss: 0.2525102198123932
ASR: 7193/7193 = 1.000000


<Backdoor Training> Train Epoch: 57 	Loss: 0.048755, lr: 0.010000, Time: 6.34s
Clean ACC: 7464/8000 = 0.933000, Loss: 0.25710099935531616
ASR: 7193/7193 = 1.000000


<Backdoor Training> Train Epoch: 58 	Loss: 0.010059, lr: 0.010000, Time: 6.17s
Clean ACC: 7466/8000 = 0.933250, Loss: 0.2548515796661377
ASR: 7193/7193 = 1.000000


<Backdoor Training> Train Epoch: 59 	Loss: 0.020889, lr: 0.010000, Time: 6.21s
Clean ACC: 7436/8000 = 0.929500, Loss: 0.26653075218200684
ASR: 7193/7193 = 1.000000


<Backdoor Training> Train Epoch: 60 	Loss: 0.021308, lr: 0.010000, Time: 6.33s
Clean ACC: 7443/8000 = 0.930375, Loss: 0.2682526111602783
ASR: 7193/7193 = 1.000000


<Backdoor Training> Train Epoch: 61 	Loss: 0.005246, lr: 0.010000, Time: 6.32s
Clean ACC: 7445/8000 = 0.930625, Loss: 0.26868507266044617
ASR: 7193/7193 = 1.000000


<Backdoor Training> Train Epoch: 62 	Loss: 0.102496, lr: 0.010000, Time: 6.38s
Clean ACC: 7464/8000 = 0.933000, Loss: 0.2734672427177429
ASR: 7193/7193 = 1.000000


<Backdoor Training> Train Epoch: 63 	Loss: 0.004125, lr: 0.010000, Time: 6.19s
Clean ACC: 7445/8000 = 0.930625, Loss: 0.27456504106521606
ASR: 7193/7193 = 1.000000


<Backdoor Training> Train Epoch: 64 	Loss: 0.055858, lr: 0.010000, Time: 6.27s
Clean ACC: 7447/8000 = 0.930875, Loss: 0.2780866026878357
ASR: 7193/7193 = 1.000000


<Backdoor Training> Train Epoch: 65 	Loss: 0.004862, lr: 0.010000, Time: 6.38s
Clean ACC: 7453/8000 = 0.931625, Loss: 0.28072869777679443
ASR: 7193/7193 = 1.000000


<Backdoor Training> Train Epoch: 66 	Loss: 0.066325, lr: 0.010000, Time: 6.34s
Clean ACC: 7449/8000 = 0.931125, Loss: 0.28354600071907043
ASR: 7193/7193 = 1.000000


<Backdoor Training> Train Epoch: 67 	Loss: 0.006921, lr: 0.010000, Time: 6.33s
Clean ACC: 7458/8000 = 0.932250, Loss: 0.2813202440738678
ASR: 7193/7193 = 1.000000


<Backdoor Training> Train Epoch: 68 	Loss: 0.008246, lr: 0.010000, Time: 6.40s
Clean ACC: 7466/8000 = 0.933250, Loss: 0.28270256519317627
ASR: 7193/7193 = 1.000000


<Backdoor Training> Train Epoch: 69 	Loss: 0.005911, lr: 0.010000, Time: 6.31s
Clean ACC: 7464/8000 = 0.933000, Loss: 0.2806139290332794
ASR: 7193/7193 = 1.000000


<Backdoor Training> Train Epoch: 70 	Loss: 0.010058, lr: 0.010000, Time: 6.29s
Clean ACC: 7445/8000 = 0.930625, Loss: 0.29054030776023865
ASR: 7193/7193 = 1.000000


<Backdoor Training> Train Epoch: 71 	Loss: 0.005948, lr: 0.010000, Time: 6.29s
Clean ACC: 7473/8000 = 0.934125, Loss: 0.2835381031036377
ASR: 7193/7193 = 1.000000


<Backdoor Training> Train Epoch: 72 	Loss: 0.004559, lr: 0.010000, Time: 6.39s
Clean ACC: 7473/8000 = 0.934125, Loss: 0.2940845191478729
ASR: 7193/7193 = 1.000000


<Backdoor Training> Train Epoch: 73 	Loss: 0.017360, lr: 0.010000, Time: 6.37s
Clean ACC: 7456/8000 = 0.932000, Loss: 0.2972358763217926
ASR: 7193/7193 = 1.000000


<Backdoor Training> Train Epoch: 74 	Loss: 0.005639, lr: 0.010000, Time: 6.33s
Clean ACC: 7466/8000 = 0.933250, Loss: 0.29213976860046387
ASR: 7193/7193 = 1.000000


<Backdoor Training> Train Epoch: 75 	Loss: 0.004161, lr: 0.010000, Time: 6.40s
Clean ACC: 7475/8000 = 0.934375, Loss: 0.294416606426239
ASR: 7193/7193 = 1.000000


<Backdoor Training> Train Epoch: 76 	Loss: 0.037296, lr: 0.001000, Time: 6.20s
Clean ACC: 7462/8000 = 0.932750, Loss: 0.2958214581012726
ASR: 7193/7193 = 1.000000


<Backdoor Training> Train Epoch: 77 	Loss: 0.010144, lr: 0.001000, Time: 6.23s
Clean ACC: 7473/8000 = 0.934125, Loss: 0.2931370735168457
ASR: 7193/7193 = 1.000000


<Backdoor Training> Train Epoch: 78 	Loss: 0.009239, lr: 0.001000, Time: 6.15s
Clean ACC: 7472/8000 = 0.934000, Loss: 0.29216814041137695
ASR: 7193/7193 = 1.000000


<Backdoor Training> Train Epoch: 79 	Loss: 0.004977, lr: 0.001000, Time: 6.22s
Clean ACC: 7477/8000 = 0.934625, Loss: 0.29350078105926514
ASR: 7193/7193 = 1.000000


<Backdoor Training> Train Epoch: 80 	Loss: 0.040527, lr: 0.001000, Time: 6.25s
Clean ACC: 7471/8000 = 0.933875, Loss: 0.2907799780368805
ASR: 7193/7193 = 1.000000


<Backdoor Training> Train Epoch: 81 	Loss: 0.011348, lr: 0.001000, Time: 6.20s
Clean ACC: 7468/8000 = 0.933500, Loss: 0.29197707772254944
ASR: 7193/7193 = 1.000000


<Backdoor Training> Train Epoch: 82 	Loss: 0.009288, lr: 0.001000, Time: 6.21s
Clean ACC: 7466/8000 = 0.933250, Loss: 0.29278436303138733
ASR: 7193/7193 = 1.000000


<Backdoor Training> Train Epoch: 83 	Loss: 0.005945, lr: 0.001000, Time: 6.17s
Clean ACC: 7474/8000 = 0.934250, Loss: 0.29300203919410706
ASR: 7193/7193 = 1.000000


<Backdoor Training> Train Epoch: 84 	Loss: 0.020133, lr: 0.001000, Time: 6.15s
Clean ACC: 7462/8000 = 0.932750, Loss: 0.29178476333618164
ASR: 7193/7193 = 1.000000


<Backdoor Training> Train Epoch: 85 	Loss: 0.009185, lr: 0.001000, Time: 6.16s
Clean ACC: 7469/8000 = 0.933625, Loss: 0.29379695653915405
ASR: 7193/7193 = 1.000000


<Backdoor Training> Train Epoch: 86 	Loss: 0.005935, lr: 0.001000, Time: 6.12s
Clean ACC: 7457/8000 = 0.932125, Loss: 0.2954035997390747
ASR: 7193/7193 = 1.000000


<Backdoor Training> Train Epoch: 87 	Loss: 0.015663, lr: 0.001000, Time: 6.19s
Clean ACC: 7462/8000 = 0.932750, Loss: 0.2931116819381714
ASR: 7193/7193 = 1.000000


<Backdoor Training> Train Epoch: 88 	Loss: 0.002861, lr: 0.001000, Time: 6.29s
Clean ACC: 7474/8000 = 0.934250, Loss: 0.29170721769332886
ASR: 7193/7193 = 1.000000


<Backdoor Training> Train Epoch: 89 	Loss: 0.011615, lr: 0.001000, Time: 6.27s
Clean ACC: 7466/8000 = 0.933250, Loss: 0.2922069728374481
ASR: 7193/7193 = 1.000000


<Backdoor Training> Train Epoch: 90 	Loss: 0.011004, lr: 0.001000, Time: 6.33s
Clean ACC: 7463/8000 = 0.932875, Loss: 0.2931450307369232
ASR: 7193/7193 = 1.000000


<Backdoor Training> Train Epoch: 91 	Loss: 0.003579, lr: 0.001000, Time: 6.42s
Clean ACC: 7468/8000 = 0.933500, Loss: 0.29192909598350525
ASR: 7193/7193 = 1.000000


<Backdoor Training> Train Epoch: 92 	Loss: 0.015938, lr: 0.001000, Time: 6.24s
Clean ACC: 7475/8000 = 0.934375, Loss: 0.28993314504623413
ASR: 7193/7193 = 1.000000


<Backdoor Training> Train Epoch: 93 	Loss: 0.004196, lr: 0.001000, Time: 6.37s
Clean ACC: 7479/8000 = 0.934875, Loss: 0.29048123955726624
ASR: 7193/7193 = 1.000000


<Backdoor Training> Train Epoch: 94 	Loss: 0.002109, lr: 0.001000, Time: 6.10s
Clean ACC: 7463/8000 = 0.932875, Loss: 0.2941038906574249
ASR: 7193/7193 = 1.000000


<Backdoor Training> Train Epoch: 95 	Loss: 0.004332, lr: 0.001000, Time: 6.23s
Clean ACC: 7467/8000 = 0.933375, Loss: 0.2936141788959503
ASR: 7193/7193 = 1.000000


<Backdoor Training> Train Epoch: 96 	Loss: 0.082023, lr: 0.001000, Time: 6.17s
Clean ACC: 7464/8000 = 0.933000, Loss: 0.29237619042396545
ASR: 7193/7193 = 1.000000


<Backdoor Training> Train Epoch: 97 	Loss: 0.027149, lr: 0.001000, Time: 6.21s
Clean ACC: 7467/8000 = 0.933375, Loss: 0.2937465310096741
ASR: 7193/7193 = 1.000000


<Backdoor Training> Train Epoch: 98 	Loss: 0.012732, lr: 0.001000, Time: 6.27s
Clean ACC: 7480/8000 = 0.935000, Loss: 0.290729284286499
ASR: 7193/7193 = 1.000000


<Backdoor Training> Train Epoch: 99 	Loss: 0.029995, lr: 0.001000, Time: 6.30s
Clean ACC: 7474/8000 = 0.934250, Loss: 0.2910829782485962
ASR: 7193/7193 = 1.000000


<Backdoor Training> Train Epoch: 100 	Loss: 0.020169, lr: 0.001000, Time: 6.22s
Clean ACC: 7477/8000 = 0.934625, Loss: 0.29169952869415283
ASR: 7193/7193 = 1.000000


Testing the backdoor model...
Evaluating model 'poisoned_train_set/cifar10/badnet_0.010_poison_seed=0/full_base_aug_seed=2333.pt'...
Clean ACC: 7477/8000 = 0.934625, Loss: 0.29169952869415283
ASR: 7193/7193 = 1.000000

Visualizing the model's latent space...
Visualizing model 'poisoned_train_set/cifar10/badnet_0.010_poison_seed=0/full_base_aug_seed=2333.pt' on cifar10...
[test]
Clean ACC: 7477/8000 = 0.934625, Loss: 0.2916965186595917
ASR: 7193/7193 = 1.000000

Total Clean: 49500
Total Poisoned: 500
torch.Size([512])
clean_dis: 3.242377, poison_dis: 8.779560
Silhouette Score: 0.5077694
Saved figure at assets/pca_cifar10_badnet_0.010_poison_seed=0_full_base_aug_seed=2333.pt_class=0.png
Visualizing model 'poisoned_train_set/cifar10/badnet_0.010_poison_seed=0/full_base_aug_seed=2333.pt' on cifar10...
[test]
Clean ACC: 7477/8000 = 0.934625, Loss: 0.2916965186595917
ASR: 7193/7193 = 1.000000

Total Clean: 49500
Total Poisoned: 500
torch.Size([512])
clean_dis: 3.242377, poison_dis: 8.779560
Silhouette Score: 0.5077694
Saved figure at assets/tsne_cifar10_badnet_0.010_poison_seed=0_full_base_aug_seed=2333.pt_class=0.png
Visualizing model 'poisoned_train_set/cifar10/badnet_0.010_poison_seed=0/full_base_aug_seed=2333.pt' on cifar10...
[test]
Clean ACC: 7477/8000 = 0.934625, Loss: 0.2916965186595917
ASR: 7193/7193 = 1.000000

Total Clean: 49500
Total Poisoned: 500
torch.Size([512])
clean_dis: 3.242377, poison_dis: 8.779560
Silhouette Score: 0.5077694
SVM Accuracy: 1.0
Saved figure at assets/oracle_cifar10_badnet_0.010_poison_seed=0_full_base_aug_seed=2333.pt_class=0.png
Applying IBD_PSC defense method...
trigger_path: ./triggers/badnet_patch_32.png
trigger_mask_path: ./triggers/mask_badnet_patch_32.png
Evaluating model 'poisoned_train_set/cifar10/badnet_0.010_poison_seed=0/full_base_aug_seed=2333.pt'...
ba: 93.4625015258789
asr: 100.0
target label: tensor([0], device='cuda:0')
start_index: 10
TPR: 99.19
FPR: 9.53
AUC: 0.9677
f1 score: 0.9504701443373061
Elapsed time: 39.01s
Experiment for cifar10 with badnet completed.
