Creating poisoned training set for TaCT on cifar10...
[target class : 0]
Files already downloaded and verified
Poisoned set directory 'poisoned_train_set/cifar10/TaCT_0.010_cover=0.000_poison_seed=0' to be created is not empty! Exiting...
Training the model on the poisoned dataset...
dataset : poisoned_train_set/cifar10/TaCT_0.010_cover=0.000_poison_seed=0/imgs
Will save to 'poisoned_train_set/cifar10/TaCT_0.010_cover=0.000_poison_seed=0/full_base_aug_seed=2333.pt'.
Model 'poisoned_train_set/cifar10/TaCT_0.010_cover=0.000_poison_seed=0/full_base_aug_seed=2333.pt' already exists!
<Backdoor Training> Train Epoch: 1 	Loss: 1.524465, lr: 0.100000, Time: 6.84s
Clean ACC: 3164/8000 = 0.395500, Loss: 1.6094727516174316
ASR: 220/797 = 0.276035


<Backdoor Training> Train Epoch: 2 	Loss: 1.514785, lr: 0.100000, Time: 6.27s
Clean ACC: 4288/8000 = 0.536000, Loss: 1.271422266960144
ASR: 113/797 = 0.141782


<Backdoor Training> Train Epoch: 3 	Loss: 1.023529, lr: 0.100000, Time: 6.35s
Clean ACC: 4719/8000 = 0.589875, Loss: 1.1847262382507324
ASR: 674/797 = 0.845671


<Backdoor Training> Train Epoch: 4 	Loss: 1.044158, lr: 0.100000, Time: 6.24s
Clean ACC: 5334/8000 = 0.666750, Loss: 0.9480887055397034
ASR: 787/797 = 0.987453


<Backdoor Training> Train Epoch: 5 	Loss: 0.872861, lr: 0.100000, Time: 6.26s
Clean ACC: 5420/8000 = 0.677500, Loss: 0.9160038232803345
ASR: 795/797 = 0.997491


<Backdoor Training> Train Epoch: 6 	Loss: 0.675082, lr: 0.100000, Time: 6.16s
Clean ACC: 5820/8000 = 0.727500, Loss: 0.7957102656364441
ASR: 797/797 = 1.000000


<Backdoor Training> Train Epoch: 7 	Loss: 0.633922, lr: 0.100000, Time: 6.29s
Clean ACC: 6133/8000 = 0.766625, Loss: 0.6811659932136536
ASR: 797/797 = 1.000000


<Backdoor Training> Train Epoch: 8 	Loss: 0.458542, lr: 0.100000, Time: 6.18s
Clean ACC: 6235/8000 = 0.779375, Loss: 0.6336728930473328
ASR: 796/797 = 0.998745


<Backdoor Training> Train Epoch: 9 	Loss: 0.565441, lr: 0.100000, Time: 6.18s
Clean ACC: 6373/8000 = 0.796625, Loss: 0.5912532210350037
ASR: 795/797 = 0.997491


<Backdoor Training> Train Epoch: 10 	Loss: 0.330930, lr: 0.100000, Time: 6.24s
Clean ACC: 6486/8000 = 0.810750, Loss: 0.572047770023346
ASR: 797/797 = 1.000000


<Backdoor Training> Train Epoch: 11 	Loss: 0.407904, lr: 0.100000, Time: 6.19s
Clean ACC: 6633/8000 = 0.829125, Loss: 0.4940144419670105
ASR: 796/797 = 0.998745


<Backdoor Training> Train Epoch: 12 	Loss: 0.281475, lr: 0.100000, Time: 6.25s
Clean ACC: 6736/8000 = 0.842000, Loss: 0.48334965109825134
ASR: 797/797 = 1.000000


<Backdoor Training> Train Epoch: 13 	Loss: 0.264933, lr: 0.100000, Time: 6.32s
Clean ACC: 6811/8000 = 0.851375, Loss: 0.43075796961784363
ASR: 797/797 = 1.000000


<Backdoor Training> Train Epoch: 14 	Loss: 0.254926, lr: 0.100000, Time: 6.17s
Clean ACC: 6647/8000 = 0.830875, Loss: 0.4981144368648529
ASR: 797/797 = 1.000000


<Backdoor Training> Train Epoch: 15 	Loss: 0.431171, lr: 0.100000, Time: 6.19s
Clean ACC: 6933/8000 = 0.866625, Loss: 0.39791789650917053
ASR: 797/797 = 1.000000


<Backdoor Training> Train Epoch: 16 	Loss: 0.296637, lr: 0.100000, Time: 6.31s
Clean ACC: 6914/8000 = 0.864250, Loss: 0.3934989869594574
ASR: 797/797 = 1.000000


<Backdoor Training> Train Epoch: 17 	Loss: 0.496015, lr: 0.100000, Time: 6.29s
Clean ACC: 6895/8000 = 0.861875, Loss: 0.4174051582813263
ASR: 797/797 = 1.000000


<Backdoor Training> Train Epoch: 18 	Loss: 0.285932, lr: 0.100000, Time: 6.24s
Clean ACC: 6824/8000 = 0.853000, Loss: 0.44866225123405457
ASR: 797/797 = 1.000000


<Backdoor Training> Train Epoch: 19 	Loss: 0.361540, lr: 0.100000, Time: 6.30s
Clean ACC: 6890/8000 = 0.861250, Loss: 0.4198355972766876
ASR: 797/797 = 1.000000


<Backdoor Training> Train Epoch: 20 	Loss: 0.204862, lr: 0.100000, Time: 6.19s
Clean ACC: 6989/8000 = 0.873625, Loss: 0.37099236249923706
ASR: 797/797 = 1.000000


<Backdoor Training> Train Epoch: 21 	Loss: 0.266511, lr: 0.100000, Time: 6.14s
Clean ACC: 6944/8000 = 0.868000, Loss: 0.404539555311203
ASR: 797/797 = 1.000000


<Backdoor Training> Train Epoch: 22 	Loss: 0.347555, lr: 0.100000, Time: 6.35s
Clean ACC: 6977/8000 = 0.872125, Loss: 0.3982389271259308
ASR: 797/797 = 1.000000


<Backdoor Training> Train Epoch: 23 	Loss: 0.150547, lr: 0.100000, Time: 6.33s
Clean ACC: 6944/8000 = 0.868000, Loss: 0.4083976447582245
ASR: 797/797 = 1.000000


<Backdoor Training> Train Epoch: 24 	Loss: 0.221639, lr: 0.100000, Time: 6.34s
Clean ACC: 7063/8000 = 0.882875, Loss: 0.3544546961784363
ASR: 795/797 = 0.997491


<Backdoor Training> Train Epoch: 25 	Loss: 0.400537, lr: 0.100000, Time: 6.31s
Clean ACC: 6843/8000 = 0.855375, Loss: 0.45786139369010925
ASR: 797/797 = 1.000000


<Backdoor Training> Train Epoch: 26 	Loss: 0.179560, lr: 0.100000, Time: 6.47s
Clean ACC: 7066/8000 = 0.883250, Loss: 0.3617100119590759
ASR: 790/797 = 0.991217


<Backdoor Training> Train Epoch: 27 	Loss: 0.249858, lr: 0.100000, Time: 6.29s
Clean ACC: 7065/8000 = 0.883125, Loss: 0.38282889127731323
ASR: 785/797 = 0.984944


<Backdoor Training> Train Epoch: 28 	Loss: 0.110048, lr: 0.100000, Time: 6.37s
Clean ACC: 7109/8000 = 0.888625, Loss: 0.33882394433021545
ASR: 797/797 = 1.000000


<Backdoor Training> Train Epoch: 29 	Loss: 0.273306, lr: 0.100000, Time: 6.37s
Clean ACC: 7114/8000 = 0.889250, Loss: 0.34817221760749817
ASR: 797/797 = 1.000000


<Backdoor Training> Train Epoch: 30 	Loss: 0.098282, lr: 0.100000, Time: 6.33s
Clean ACC: 7086/8000 = 0.885750, Loss: 0.38738369941711426
ASR: 797/797 = 1.000000


<Backdoor Training> Train Epoch: 31 	Loss: 0.190308, lr: 0.100000, Time: 6.23s
Clean ACC: 7171/8000 = 0.896375, Loss: 0.3293011486530304
ASR: 793/797 = 0.994981


<Backdoor Training> Train Epoch: 32 	Loss: 0.188586, lr: 0.100000, Time: 6.23s
Clean ACC: 7141/8000 = 0.892625, Loss: 0.34477517008781433
ASR: 797/797 = 1.000000


<Backdoor Training> Train Epoch: 33 	Loss: 0.116838, lr: 0.100000, Time: 6.36s
Clean ACC: 7117/8000 = 0.889625, Loss: 0.3526175618171692
ASR: 797/797 = 1.000000


<Backdoor Training> Train Epoch: 34 	Loss: 0.225591, lr: 0.100000, Time: 6.31s
Clean ACC: 7001/8000 = 0.875125, Loss: 0.42387720942497253
ASR: 797/797 = 1.000000


<Backdoor Training> Train Epoch: 35 	Loss: 0.201119, lr: 0.100000, Time: 6.38s
Clean ACC: 7082/8000 = 0.885250, Loss: 0.386046826839447
ASR: 796/797 = 0.998745


<Backdoor Training> Train Epoch: 36 	Loss: 0.113833, lr: 0.100000, Time: 6.29s
Clean ACC: 7134/8000 = 0.891750, Loss: 0.3608977198600769
ASR: 793/797 = 0.994981


<Backdoor Training> Train Epoch: 37 	Loss: 0.268853, lr: 0.100000, Time: 6.27s
Clean ACC: 7108/8000 = 0.888500, Loss: 0.3752329647541046
ASR: 797/797 = 1.000000


<Backdoor Training> Train Epoch: 38 	Loss: 0.184802, lr: 0.100000, Time: 6.49s
Clean ACC: 7120/8000 = 0.890000, Loss: 0.36063534021377563
ASR: 797/797 = 1.000000


<Backdoor Training> Train Epoch: 39 	Loss: 0.199485, lr: 0.100000, Time: 6.20s
Clean ACC: 6935/8000 = 0.866875, Loss: 0.44260361790657043
ASR: 797/797 = 1.000000


<Backdoor Training> Train Epoch: 40 	Loss: 0.122409, lr: 0.100000, Time: 6.19s
Clean ACC: 6999/8000 = 0.874875, Loss: 0.42895814776420593
ASR: 797/797 = 1.000000


<Backdoor Training> Train Epoch: 41 	Loss: 0.126058, lr: 0.100000, Time: 6.22s
Clean ACC: 7117/8000 = 0.889625, Loss: 0.3743688464164734
ASR: 797/797 = 1.000000


<Backdoor Training> Train Epoch: 42 	Loss: 0.179350, lr: 0.100000, Time: 6.37s
Clean ACC: 7163/8000 = 0.895375, Loss: 0.33547061681747437
ASR: 796/797 = 0.998745


<Backdoor Training> Train Epoch: 43 	Loss: 0.171856, lr: 0.100000, Time: 6.68s
Clean ACC: 7139/8000 = 0.892375, Loss: 0.36180368065834045
ASR: 797/797 = 1.000000


<Backdoor Training> Train Epoch: 44 	Loss: 0.138122, lr: 0.100000, Time: 6.61s
Clean ACC: 7092/8000 = 0.886500, Loss: 0.3893505334854126
ASR: 784/797 = 0.983689


<Backdoor Training> Train Epoch: 45 	Loss: 0.265192, lr: 0.100000, Time: 6.64s
Clean ACC: 7138/8000 = 0.892250, Loss: 0.37019026279449463
ASR: 797/797 = 1.000000


<Backdoor Training> Train Epoch: 46 	Loss: 0.260692, lr: 0.100000, Time: 6.72s
Clean ACC: 7080/8000 = 0.885000, Loss: 0.39072155952453613
ASR: 797/797 = 1.000000


<Backdoor Training> Train Epoch: 47 	Loss: 0.163629, lr: 0.100000, Time: 6.71s
Clean ACC: 7077/8000 = 0.884625, Loss: 0.39670443534851074
ASR: 797/797 = 1.000000


<Backdoor Training> Train Epoch: 48 	Loss: 0.132277, lr: 0.100000, Time: 6.70s
Clean ACC: 7155/8000 = 0.894375, Loss: 0.3688754737377167
ASR: 797/797 = 1.000000


<Backdoor Training> Train Epoch: 49 	Loss: 0.161112, lr: 0.100000, Time: 6.65s
Clean ACC: 7180/8000 = 0.897500, Loss: 0.35773754119873047
ASR: 796/797 = 0.998745


<Backdoor Training> Train Epoch: 50 	Loss: 0.046768, lr: 0.100000, Time: 6.69s
Clean ACC: 7241/8000 = 0.905125, Loss: 0.33081722259521484
ASR: 796/797 = 0.998745


<Backdoor Training> Train Epoch: 51 	Loss: 0.022502, lr: 0.010000, Time: 6.67s
Clean ACC: 7453/8000 = 0.931625, Loss: 0.23043715953826904
ASR: 797/797 = 1.000000


<Backdoor Training> Train Epoch: 52 	Loss: 0.035915, lr: 0.010000, Time: 6.61s
Clean ACC: 7459/8000 = 0.932375, Loss: 0.23510076105594635
ASR: 797/797 = 1.000000


<Backdoor Training> Train Epoch: 53 	Loss: 0.020940, lr: 0.010000, Time: 6.44s
Clean ACC: 7474/8000 = 0.934250, Loss: 0.23486679792404175
ASR: 797/797 = 1.000000


<Backdoor Training> Train Epoch: 54 	Loss: 0.067672, lr: 0.010000, Time: 6.18s
Clean ACC: 7491/8000 = 0.936375, Loss: 0.24002331495285034
ASR: 797/797 = 1.000000


<Backdoor Training> Train Epoch: 55 	Loss: 0.011408, lr: 0.010000, Time: 6.15s
Clean ACC: 7485/8000 = 0.935625, Loss: 0.2406848818063736
ASR: 797/797 = 1.000000


<Backdoor Training> Train Epoch: 56 	Loss: 0.012109, lr: 0.010000, Time: 6.30s
Clean ACC: 7501/8000 = 0.937625, Loss: 0.2381656914949417
ASR: 797/797 = 1.000000


<Backdoor Training> Train Epoch: 57 	Loss: 0.025049, lr: 0.010000, Time: 6.16s
Clean ACC: 7498/8000 = 0.937250, Loss: 0.24441343545913696
ASR: 797/797 = 1.000000


<Backdoor Training> Train Epoch: 58 	Loss: 0.003745, lr: 0.010000, Time: 6.34s
Clean ACC: 7509/8000 = 0.938625, Loss: 0.2471054047346115
ASR: 797/797 = 1.000000


<Backdoor Training> Train Epoch: 59 	Loss: 0.014987, lr: 0.010000, Time: 6.22s
Clean ACC: 7512/8000 = 0.939000, Loss: 0.24764876067638397
ASR: 797/797 = 1.000000


<Backdoor Training> Train Epoch: 60 	Loss: 0.035328, lr: 0.010000, Time: 6.20s
Clean ACC: 7505/8000 = 0.938125, Loss: 0.25091037154197693
ASR: 797/797 = 1.000000


<Backdoor Training> Train Epoch: 61 	Loss: 0.002392, lr: 0.010000, Time: 6.44s
Clean ACC: 7499/8000 = 0.937375, Loss: 0.252647340297699
ASR: 797/797 = 1.000000


<Backdoor Training> Train Epoch: 62 	Loss: 0.004033, lr: 0.010000, Time: 6.26s
Clean ACC: 7492/8000 = 0.936500, Loss: 0.2586652934551239
ASR: 797/797 = 1.000000


<Backdoor Training> Train Epoch: 63 	Loss: 0.008077, lr: 0.010000, Time: 6.34s
Clean ACC: 7510/8000 = 0.938750, Loss: 0.25841835141181946
ASR: 797/797 = 1.000000


<Backdoor Training> Train Epoch: 64 	Loss: 0.001147, lr: 0.010000, Time: 6.29s
Clean ACC: 7508/8000 = 0.938500, Loss: 0.25878825783729553
ASR: 797/797 = 1.000000


<Backdoor Training> Train Epoch: 65 	Loss: 0.009832, lr: 0.010000, Time: 6.29s
Clean ACC: 7515/8000 = 0.939375, Loss: 0.2626633644104004
ASR: 797/797 = 1.000000


<Backdoor Training> Train Epoch: 66 	Loss: 0.001796, lr: 0.010000, Time: 6.16s
Clean ACC: 7514/8000 = 0.939250, Loss: 0.26508134603500366
ASR: 797/797 = 1.000000


<Backdoor Training> Train Epoch: 67 	Loss: 0.005175, lr: 0.010000, Time: 6.31s
Clean ACC: 7520/8000 = 0.940000, Loss: 0.2641376256942749
ASR: 797/797 = 1.000000


<Backdoor Training> Train Epoch: 68 	Loss: 0.034632, lr: 0.010000, Time: 6.16s
Clean ACC: 7515/8000 = 0.939375, Loss: 0.2687424421310425
ASR: 797/797 = 1.000000


<Backdoor Training> Train Epoch: 69 	Loss: 0.005508, lr: 0.010000, Time: 6.12s
Clean ACC: 7515/8000 = 0.939375, Loss: 0.2718711197376251
ASR: 797/797 = 1.000000


<Backdoor Training> Train Epoch: 70 	Loss: 0.000754, lr: 0.010000, Time: 6.18s
Clean ACC: 7515/8000 = 0.939375, Loss: 0.27362874150276184
ASR: 797/797 = 1.000000


<Backdoor Training> Train Epoch: 71 	Loss: 0.001123, lr: 0.010000, Time: 6.21s
Clean ACC: 7525/8000 = 0.940625, Loss: 0.27572423219680786
ASR: 797/797 = 1.000000


<Backdoor Training> Train Epoch: 72 	Loss: 0.001706, lr: 0.010000, Time: 6.30s
Clean ACC: 7527/8000 = 0.940875, Loss: 0.2709404528141022
ASR: 797/797 = 1.000000


<Backdoor Training> Train Epoch: 73 	Loss: 0.003723, lr: 0.010000, Time: 6.26s
Clean ACC: 7502/8000 = 0.937750, Loss: 0.2740626335144043
ASR: 797/797 = 1.000000


<Backdoor Training> Train Epoch: 74 	Loss: 0.007843, lr: 0.010000, Time: 6.28s
Clean ACC: 7509/8000 = 0.938625, Loss: 0.27706673741340637
ASR: 797/797 = 1.000000


<Backdoor Training> Train Epoch: 75 	Loss: 0.001589, lr: 0.010000, Time: 6.36s
Clean ACC: 7508/8000 = 0.938500, Loss: 0.2719811797142029
ASR: 797/797 = 1.000000


<Backdoor Training> Train Epoch: 76 	Loss: 0.001621, lr: 0.001000, Time: 6.28s
Clean ACC: 7510/8000 = 0.938750, Loss: 0.27169156074523926
ASR: 797/797 = 1.000000


<Backdoor Training> Train Epoch: 77 	Loss: 0.001716, lr: 0.001000, Time: 6.25s
Clean ACC: 7518/8000 = 0.939750, Loss: 0.2730397582054138
ASR: 797/797 = 1.000000


<Backdoor Training> Train Epoch: 78 	Loss: 0.007222, lr: 0.001000, Time: 6.26s
Clean ACC: 7519/8000 = 0.939875, Loss: 0.2714499831199646
ASR: 797/797 = 1.000000


<Backdoor Training> Train Epoch: 79 	Loss: 0.000519, lr: 0.001000, Time: 6.32s
Clean ACC: 7511/8000 = 0.938875, Loss: 0.2722131013870239
ASR: 797/797 = 1.000000


<Backdoor Training> Train Epoch: 80 	Loss: 0.002135, lr: 0.001000, Time: 6.24s
Clean ACC: 7517/8000 = 0.939625, Loss: 0.27048927545547485
ASR: 797/797 = 1.000000


<Backdoor Training> Train Epoch: 81 	Loss: 0.004460, lr: 0.001000, Time: 6.18s
Clean ACC: 7516/8000 = 0.939500, Loss: 0.27258843183517456
ASR: 797/797 = 1.000000


<Backdoor Training> Train Epoch: 82 	Loss: 0.001576, lr: 0.001000, Time: 6.30s
Clean ACC: 7514/8000 = 0.939250, Loss: 0.27411019802093506
ASR: 797/797 = 1.000000


<Backdoor Training> Train Epoch: 83 	Loss: 0.003869, lr: 0.001000, Time: 6.20s
Clean ACC: 7518/8000 = 0.939750, Loss: 0.2722817659378052
ASR: 797/797 = 1.000000


<Backdoor Training> Train Epoch: 84 	Loss: 0.002853, lr: 0.001000, Time: 6.32s
Clean ACC: 7512/8000 = 0.939000, Loss: 0.27308031916618347
ASR: 797/797 = 1.000000


<Backdoor Training> Train Epoch: 85 	Loss: 0.019122, lr: 0.001000, Time: 6.39s
Clean ACC: 7517/8000 = 0.939625, Loss: 0.2729450762271881
ASR: 797/797 = 1.000000


<Backdoor Training> Train Epoch: 86 	Loss: 0.003502, lr: 0.001000, Time: 6.28s
Clean ACC: 7512/8000 = 0.939000, Loss: 0.2710907757282257
ASR: 797/797 = 1.000000


<Backdoor Training> Train Epoch: 87 	Loss: 0.007913, lr: 0.001000, Time: 6.32s
Clean ACC: 7512/8000 = 0.939000, Loss: 0.2724778652191162
ASR: 797/797 = 1.000000


<Backdoor Training> Train Epoch: 88 	Loss: 0.001821, lr: 0.001000, Time: 6.31s
Clean ACC: 7517/8000 = 0.939625, Loss: 0.2735017240047455
ASR: 797/797 = 1.000000


<Backdoor Training> Train Epoch: 89 	Loss: 0.004039, lr: 0.001000, Time: 6.30s
Clean ACC: 7520/8000 = 0.940000, Loss: 0.2724359929561615
ASR: 797/797 = 1.000000


<Backdoor Training> Train Epoch: 90 	Loss: 0.001170, lr: 0.001000, Time: 6.27s
Clean ACC: 7517/8000 = 0.939625, Loss: 0.2684895992279053
ASR: 797/797 = 1.000000


<Backdoor Training> Train Epoch: 91 	Loss: 0.000484, lr: 0.001000, Time: 6.43s
Clean ACC: 7516/8000 = 0.939500, Loss: 0.27112123370170593
ASR: 797/797 = 1.000000


<Backdoor Training> Train Epoch: 92 	Loss: 0.004189, lr: 0.001000, Time: 6.20s
Clean ACC: 7525/8000 = 0.940625, Loss: 0.2721046209335327
ASR: 797/797 = 1.000000


<Backdoor Training> Train Epoch: 93 	Loss: 0.000751, lr: 0.001000, Time: 6.37s
Clean ACC: 7523/8000 = 0.940375, Loss: 0.27204442024230957
ASR: 797/797 = 1.000000


<Backdoor Training> Train Epoch: 94 	Loss: 0.004186, lr: 0.001000, Time: 6.15s
Clean ACC: 7520/8000 = 0.940000, Loss: 0.2719074785709381
ASR: 797/797 = 1.000000


<Backdoor Training> Train Epoch: 95 	Loss: 0.001603, lr: 0.001000, Time: 6.28s
Clean ACC: 7525/8000 = 0.940625, Loss: 0.2730455696582794
ASR: 797/797 = 1.000000


<Backdoor Training> Train Epoch: 96 	Loss: 0.004662, lr: 0.001000, Time: 6.20s
Clean ACC: 7514/8000 = 0.939250, Loss: 0.2723769247531891
ASR: 797/797 = 1.000000


<Backdoor Training> Train Epoch: 97 	Loss: 0.006050, lr: 0.001000, Time: 6.15s
Clean ACC: 7522/8000 = 0.940250, Loss: 0.27199119329452515
ASR: 797/797 = 1.000000


<Backdoor Training> Train Epoch: 98 	Loss: 0.002025, lr: 0.001000, Time: 6.29s
Clean ACC: 7522/8000 = 0.940250, Loss: 0.27292636036872864
ASR: 797/797 = 1.000000


<Backdoor Training> Train Epoch: 99 	Loss: 0.001748, lr: 0.001000, Time: 6.22s
Clean ACC: 7519/8000 = 0.939875, Loss: 0.27461040019989014
ASR: 797/797 = 1.000000


<Backdoor Training> Train Epoch: 100 	Loss: 0.007480, lr: 0.001000, Time: 6.22s
Clean ACC: 7531/8000 = 0.941375, Loss: 0.26996544003486633
ASR: 797/797 = 1.000000


Testing the backdoor model...
Evaluating model 'poisoned_train_set/cifar10/TaCT_0.010_cover=0.000_poison_seed=0/full_base_aug_seed=2333.pt'...
Clean ACC: 7531/8000 = 0.941375, Loss: 0.26996544003486633
ASR: 797/797 = 1.000000

Visualizing the model's latent space...
Visualizing model 'poisoned_train_set/cifar10/TaCT_0.010_cover=0.000_poison_seed=0/full_base_aug_seed=2333.pt' on cifar10...
[test]
Clean ACC: 7531/8000 = 0.941375, Loss: 0.2699725031852722
ASR: 797/797 = 1.000000

Total Clean: 49500
Total Poisoned: 500
torch.Size([512])
clean_dis: 3.520719, poison_dis: 3.378134
Silhouette Score: 0.014144384
Saved figure at assets/pca_cifar10_TaCT_0.010_cover=0.000_poison_seed=0_full_base_aug_seed=2333.pt_class=0.png
Visualizing model 'poisoned_train_set/cifar10/TaCT_0.010_cover=0.000_poison_seed=0/full_base_aug_seed=2333.pt' on cifar10...
[test]
Clean ACC: 7531/8000 = 0.941375, Loss: 0.2699725031852722
ASR: 797/797 = 1.000000

Total Clean: 49500
Total Poisoned: 500
torch.Size([512])
clean_dis: 3.520719, poison_dis: 3.378134
Silhouette Score: 0.014144384
Saved figure at assets/tsne_cifar10_TaCT_0.010_cover=0.000_poison_seed=0_full_base_aug_seed=2333.pt_class=0.png
Visualizing model 'poisoned_train_set/cifar10/TaCT_0.010_cover=0.000_poison_seed=0/full_base_aug_seed=2333.pt' on cifar10...
[test]
Clean ACC: 7531/8000 = 0.941375, Loss: 0.2699725031852722
ASR: 797/797 = 1.000000

Total Clean: 49500
Total Poisoned: 500
torch.Size([512])
clean_dis: 3.520719, poison_dis: 3.378134
Silhouette Score: 0.014144384
SVM Accuracy: 1.0
Saved figure at assets/oracle_cifar10_TaCT_0.010_cover=0.000_poison_seed=0_full_base_aug_seed=2333.pt_class=0.png
Applying IBD_PSC defense method...
trigger_path: ./triggers/trojan_square_32.png
trigger_mask_path: ./triggers/mask_trojan_square_32.png
Evaluating model 'poisoned_train_set/cifar10/TaCT_0.010_cover=0.000_poison_seed=0/full_base_aug_seed=2333.pt'...
Experiment for cifar10 with TaCT completed.
