Creating poisoned training set for TaCT on cifar10...
[target class : 0]
Files already downloaded and verified
Poisoned set directory 'poisoned_train_set/cifar10/TaCT_0.010_cover=0.000_poison_seed=0' to be created is not empty! Exiting...
Training the model on the poisoned dataset...
dataset : poisoned_train_set/cifar10/TaCT_0.010_cover=0.000_poison_seed=0/imgs
Will save to 'poisoned_train_set/cifar10/TaCT_0.010_cover=0.000_poison_seed=0/full_base_aug_seed=2333.pt'.
Model 'poisoned_train_set/cifar10/TaCT_0.010_cover=0.000_poison_seed=0/full_base_aug_seed=2333.pt' already exists!
<Backdoor Training> Train Epoch: 1 	Loss: 1.520367, lr: 0.100000, Time: 9.97s
Clean ACC: 3570/8000 = 0.446250, Loss: 1.4735532999038696
ASR: 95/797 = 0.119197


<Backdoor Training> Train Epoch: 2 	Loss: 1.379138, lr: 0.100000, Time: 6.39s
Clean ACC: 4715/8000 = 0.589375, Loss: 1.1393849849700928
ASR: 193/797 = 0.242158


<Backdoor Training> Train Epoch: 3 	Loss: 0.803864, lr: 0.100000, Time: 6.52s
Clean ACC: 5287/8000 = 0.660875, Loss: 0.996485710144043
ASR: 698/797 = 0.875784


<Backdoor Training> Train Epoch: 4 	Loss: 0.824521, lr: 0.100000, Time: 6.35s
Clean ACC: 5775/8000 = 0.721875, Loss: 0.8056548833847046
ASR: 768/797 = 0.963614


<Backdoor Training> Train Epoch: 5 	Loss: 0.673017, lr: 0.100000, Time: 6.40s
Clean ACC: 5863/8000 = 0.732875, Loss: 0.7803969383239746
ASR: 788/797 = 0.988708


<Backdoor Training> Train Epoch: 6 	Loss: 0.506419, lr: 0.100000, Time: 6.44s
Clean ACC: 6231/8000 = 0.778875, Loss: 0.6563395261764526
ASR: 765/797 = 0.959849


<Backdoor Training> Train Epoch: 7 	Loss: 0.575730, lr: 0.100000, Time: 6.29s
Clean ACC: 6481/8000 = 0.810125, Loss: 0.5769228935241699
ASR: 781/797 = 0.979925


<Backdoor Training> Train Epoch: 8 	Loss: 0.708855, lr: 0.100000, Time: 6.47s
Clean ACC: 6445/8000 = 0.805625, Loss: 0.5952401757240295
ASR: 797/797 = 1.000000


<Backdoor Training> Train Epoch: 9 	Loss: 0.468394, lr: 0.100000, Time: 6.54s
Clean ACC: 6572/8000 = 0.821500, Loss: 0.5282720923423767
ASR: 796/797 = 0.998745


<Backdoor Training> Train Epoch: 10 	Loss: 0.381959, lr: 0.100000, Time: 6.64s
Clean ACC: 6687/8000 = 0.835875, Loss: 0.49705472588539124
ASR: 797/797 = 1.000000


<Backdoor Training> Train Epoch: 11 	Loss: 0.293265, lr: 0.100000, Time: 6.66s
Clean ACC: 6649/8000 = 0.831125, Loss: 0.5020179748535156
ASR: 796/797 = 0.998745


<Backdoor Training> Train Epoch: 12 	Loss: 0.394954, lr: 0.100000, Time: 6.62s
Clean ACC: 6868/8000 = 0.858500, Loss: 0.41911694407463074
ASR: 797/797 = 1.000000


<Backdoor Training> Train Epoch: 13 	Loss: 0.559129, lr: 0.100000, Time: 6.61s
Clean ACC: 6872/8000 = 0.859000, Loss: 0.4057638347148895
ASR: 797/797 = 1.000000


<Backdoor Training> Train Epoch: 14 	Loss: 0.373926, lr: 0.100000, Time: 6.56s
Clean ACC: 6970/8000 = 0.871250, Loss: 0.3865499794483185
ASR: 797/797 = 1.000000


<Backdoor Training> Train Epoch: 15 	Loss: 0.290518, lr: 0.100000, Time: 6.54s
Clean ACC: 6909/8000 = 0.863625, Loss: 0.4273928701877594
ASR: 797/797 = 1.000000


<Backdoor Training> Train Epoch: 16 	Loss: 0.214120, lr: 0.100000, Time: 6.63s
Clean ACC: 6900/8000 = 0.862500, Loss: 0.4378565549850464
ASR: 797/797 = 1.000000


<Backdoor Training> Train Epoch: 17 	Loss: 0.265381, lr: 0.100000, Time: 6.68s
Clean ACC: 6965/8000 = 0.870625, Loss: 0.40319737792015076
ASR: 795/797 = 0.997491


<Backdoor Training> Train Epoch: 18 	Loss: 0.348555, lr: 0.100000, Time: 6.61s
Clean ACC: 7010/8000 = 0.876250, Loss: 0.39328324794769287
ASR: 797/797 = 1.000000


<Backdoor Training> Train Epoch: 19 	Loss: 0.094144, lr: 0.100000, Time: 6.58s
Clean ACC: 7020/8000 = 0.877500, Loss: 0.372551292181015
ASR: 795/797 = 0.997491


<Backdoor Training> Train Epoch: 20 	Loss: 0.381726, lr: 0.100000, Time: 6.63s
Clean ACC: 7017/8000 = 0.877125, Loss: 0.3873894214630127
ASR: 796/797 = 0.998745


<Backdoor Training> Train Epoch: 21 	Loss: 0.237307, lr: 0.100000, Time: 6.59s
Clean ACC: 6972/8000 = 0.871500, Loss: 0.4130537211894989
ASR: 797/797 = 1.000000


<Backdoor Training> Train Epoch: 22 	Loss: 0.265635, lr: 0.100000, Time: 6.67s
Clean ACC: 7039/8000 = 0.879875, Loss: 0.38885119557380676
ASR: 797/797 = 1.000000


<Backdoor Training> Train Epoch: 23 	Loss: 0.236908, lr: 0.100000, Time: 6.58s
Clean ACC: 7073/8000 = 0.884125, Loss: 0.3632305860519409
ASR: 797/797 = 1.000000


<Backdoor Training> Train Epoch: 24 	Loss: 0.127975, lr: 0.100000, Time: 6.49s
Clean ACC: 6987/8000 = 0.873375, Loss: 0.4042193591594696
ASR: 797/797 = 1.000000


<Backdoor Training> Train Epoch: 25 	Loss: 0.175978, lr: 0.100000, Time: 6.40s
Clean ACC: 7098/8000 = 0.887250, Loss: 0.34599608182907104
ASR: 797/797 = 1.000000


<Backdoor Training> Train Epoch: 26 	Loss: 0.143129, lr: 0.100000, Time: 6.51s
Clean ACC: 6969/8000 = 0.871125, Loss: 0.42258647084236145
ASR: 796/797 = 0.998745


<Backdoor Training> Train Epoch: 27 	Loss: 0.286378, lr: 0.100000, Time: 6.49s
Clean ACC: 6957/8000 = 0.869625, Loss: 0.41748902201652527
ASR: 797/797 = 1.000000


<Backdoor Training> Train Epoch: 28 	Loss: 0.322813, lr: 0.100000, Time: 6.46s
Clean ACC: 7142/8000 = 0.892750, Loss: 0.35302749276161194
ASR: 792/797 = 0.993726


<Backdoor Training> Train Epoch: 29 	Loss: 0.234218, lr: 0.100000, Time: 6.54s
Clean ACC: 7006/8000 = 0.875750, Loss: 0.45476269721984863
ASR: 797/797 = 1.000000


<Backdoor Training> Train Epoch: 30 	Loss: 0.213684, lr: 0.100000, Time: 6.45s
Clean ACC: 7223/8000 = 0.902875, Loss: 0.3220480680465698
ASR: 797/797 = 1.000000


<Backdoor Training> Train Epoch: 31 	Loss: 0.266736, lr: 0.100000, Time: 6.48s
Clean ACC: 7140/8000 = 0.892500, Loss: 0.337006539106369
ASR: 795/797 = 0.997491


<Backdoor Training> Train Epoch: 32 	Loss: 0.323558, lr: 0.100000, Time: 6.44s
Clean ACC: 7080/8000 = 0.885000, Loss: 0.3938567340373993
ASR: 795/797 = 0.997491


<Backdoor Training> Train Epoch: 33 	Loss: 0.127267, lr: 0.100000, Time: 6.49s
Clean ACC: 7054/8000 = 0.881750, Loss: 0.37929588556289673
ASR: 797/797 = 1.000000


<Backdoor Training> Train Epoch: 34 	Loss: 0.224262, lr: 0.100000, Time: 6.37s
Clean ACC: 7183/8000 = 0.897875, Loss: 0.3415801227092743
ASR: 797/797 = 1.000000


<Backdoor Training> Train Epoch: 35 	Loss: 0.231017, lr: 0.100000, Time: 6.50s
Clean ACC: 7178/8000 = 0.897250, Loss: 0.3471881151199341
ASR: 797/797 = 1.000000


<Backdoor Training> Train Epoch: 36 	Loss: 0.082035, lr: 0.100000, Time: 6.47s
Clean ACC: 7139/8000 = 0.892375, Loss: 0.3748888075351715
ASR: 794/797 = 0.996236


<Backdoor Training> Train Epoch: 37 	Loss: 0.137572, lr: 0.100000, Time: 6.49s
Clean ACC: 7120/8000 = 0.890000, Loss: 0.37298741936683655
ASR: 790/797 = 0.991217


<Backdoor Training> Train Epoch: 38 	Loss: 0.067512, lr: 0.100000, Time: 6.40s
Clean ACC: 7076/8000 = 0.884500, Loss: 0.39673367142677307
ASR: 797/797 = 1.000000


<Backdoor Training> Train Epoch: 39 	Loss: 0.179786, lr: 0.100000, Time: 6.50s
Clean ACC: 6898/8000 = 0.862250, Loss: 0.4838688373565674
ASR: 797/797 = 1.000000


<Backdoor Training> Train Epoch: 40 	Loss: 0.309691, lr: 0.100000, Time: 6.47s
Clean ACC: 6904/8000 = 0.863000, Loss: 0.4982399046421051
ASR: 797/797 = 1.000000


<Backdoor Training> Train Epoch: 41 	Loss: 0.182317, lr: 0.100000, Time: 6.46s
Clean ACC: 7096/8000 = 0.887000, Loss: 0.38290712237358093
ASR: 797/797 = 1.000000


<Backdoor Training> Train Epoch: 42 	Loss: 0.152887, lr: 0.100000, Time: 6.58s
Clean ACC: 7116/8000 = 0.889500, Loss: 0.37317487597465515
ASR: 797/797 = 1.000000


<Backdoor Training> Train Epoch: 43 	Loss: 0.097549, lr: 0.100000, Time: 6.46s
Clean ACC: 7020/8000 = 0.877500, Loss: 0.4254159927368164
ASR: 797/797 = 1.000000


<Backdoor Training> Train Epoch: 44 	Loss: 0.099614, lr: 0.100000, Time: 6.48s
Clean ACC: 7114/8000 = 0.889250, Loss: 0.39648860692977905
ASR: 797/797 = 1.000000


<Backdoor Training> Train Epoch: 45 	Loss: 0.189061, lr: 0.100000, Time: 6.40s
Clean ACC: 7151/8000 = 0.893875, Loss: 0.35003435611724854
ASR: 795/797 = 0.997491


<Backdoor Training> Train Epoch: 46 	Loss: 0.098303, lr: 0.100000, Time: 6.48s
Clean ACC: 7166/8000 = 0.895750, Loss: 0.349979043006897
ASR: 797/797 = 1.000000


<Backdoor Training> Train Epoch: 47 	Loss: 0.059776, lr: 0.100000, Time: 6.50s
Clean ACC: 7038/8000 = 0.879750, Loss: 0.45103901624679565
ASR: 796/797 = 0.998745


<Backdoor Training> Train Epoch: 48 	Loss: 0.094775, lr: 0.100000, Time: 6.57s
Clean ACC: 7164/8000 = 0.895500, Loss: 0.3908718228340149
ASR: 797/797 = 1.000000


<Backdoor Training> Train Epoch: 49 	Loss: 0.193738, lr: 0.100000, Time: 6.58s
Clean ACC: 7121/8000 = 0.890125, Loss: 0.37286612391471863
ASR: 797/797 = 1.000000


<Backdoor Training> Train Epoch: 50 	Loss: 0.082822, lr: 0.100000, Time: 6.54s
Clean ACC: 7197/8000 = 0.899625, Loss: 0.3594519793987274
ASR: 797/797 = 1.000000


<Backdoor Training> Train Epoch: 51 	Loss: 0.080599, lr: 0.010000, Time: 6.51s
Clean ACC: 7479/8000 = 0.934875, Loss: 0.2222640961408615
ASR: 797/797 = 1.000000


<Backdoor Training> Train Epoch: 52 	Loss: 0.029065, lr: 0.010000, Time: 6.40s
Clean ACC: 7495/8000 = 0.936875, Loss: 0.21309903264045715
ASR: 797/797 = 1.000000


<Backdoor Training> Train Epoch: 53 	Loss: 0.014246, lr: 0.010000, Time: 6.38s
Clean ACC: 7490/8000 = 0.936250, Loss: 0.21839885413646698
ASR: 797/797 = 1.000000


<Backdoor Training> Train Epoch: 54 	Loss: 0.021578, lr: 0.010000, Time: 6.35s
Clean ACC: 7505/8000 = 0.938125, Loss: 0.22021393477916718
ASR: 797/797 = 1.000000


<Backdoor Training> Train Epoch: 55 	Loss: 0.026802, lr: 0.010000, Time: 6.47s
Clean ACC: 7491/8000 = 0.936375, Loss: 0.22310802340507507
ASR: 797/797 = 1.000000


<Backdoor Training> Train Epoch: 56 	Loss: 0.009165, lr: 0.010000, Time: 6.36s
Clean ACC: 7518/8000 = 0.939750, Loss: 0.22572219371795654
ASR: 797/797 = 1.000000


<Backdoor Training> Train Epoch: 57 	Loss: 0.007536, lr: 0.010000, Time: 6.41s
Clean ACC: 7512/8000 = 0.939000, Loss: 0.2302531749010086
ASR: 797/797 = 1.000000


<Backdoor Training> Train Epoch: 58 	Loss: 0.009993, lr: 0.010000, Time: 6.46s
Clean ACC: 7506/8000 = 0.938250, Loss: 0.22701914608478546
ASR: 797/797 = 1.000000


<Backdoor Training> Train Epoch: 59 	Loss: 0.014446, lr: 0.010000, Time: 6.41s
Clean ACC: 7504/8000 = 0.938000, Loss: 0.23450735211372375
ASR: 797/797 = 1.000000


<Backdoor Training> Train Epoch: 60 	Loss: 0.006710, lr: 0.010000, Time: 6.55s
Clean ACC: 7501/8000 = 0.937625, Loss: 0.23534564673900604
ASR: 797/797 = 1.000000


<Backdoor Training> Train Epoch: 61 	Loss: 0.010528, lr: 0.010000, Time: 6.44s
Clean ACC: 7519/8000 = 0.939875, Loss: 0.23740823566913605
ASR: 797/797 = 1.000000


<Backdoor Training> Train Epoch: 62 	Loss: 0.002013, lr: 0.010000, Time: 6.37s
Clean ACC: 7528/8000 = 0.941000, Loss: 0.23813998699188232
ASR: 797/797 = 1.000000


<Backdoor Training> Train Epoch: 63 	Loss: 0.036839, lr: 0.010000, Time: 6.56s
Clean ACC: 7512/8000 = 0.939000, Loss: 0.24574625492095947
ASR: 797/797 = 1.000000


<Backdoor Training> Train Epoch: 64 	Loss: 0.002930, lr: 0.010000, Time: 6.47s
Clean ACC: 7507/8000 = 0.938375, Loss: 0.2450391799211502
ASR: 797/797 = 1.000000


<Backdoor Training> Train Epoch: 65 	Loss: 0.034058, lr: 0.010000, Time: 6.37s
Clean ACC: 7527/8000 = 0.940875, Loss: 0.23978501558303833
ASR: 797/797 = 1.000000


<Backdoor Training> Train Epoch: 66 	Loss: 0.004521, lr: 0.010000, Time: 6.48s
Clean ACC: 7504/8000 = 0.938000, Loss: 0.24230550229549408
ASR: 797/797 = 1.000000


<Backdoor Training> Train Epoch: 67 	Loss: 0.003966, lr: 0.010000, Time: 6.47s
Clean ACC: 7505/8000 = 0.938125, Loss: 0.24868586659431458
ASR: 797/797 = 1.000000


<Backdoor Training> Train Epoch: 68 	Loss: 0.004471, lr: 0.010000, Time: 6.56s
Clean ACC: 7520/8000 = 0.940000, Loss: 0.2449500560760498
ASR: 797/797 = 1.000000


<Backdoor Training> Train Epoch: 69 	Loss: 0.000547, lr: 0.010000, Time: 6.55s
Clean ACC: 7506/8000 = 0.938250, Loss: 0.24853013455867767
ASR: 797/797 = 1.000000


<Backdoor Training> Train Epoch: 70 	Loss: 0.002376, lr: 0.010000, Time: 6.33s
Clean ACC: 7529/8000 = 0.941125, Loss: 0.2467414140701294
ASR: 797/797 = 1.000000


<Backdoor Training> Train Epoch: 71 	Loss: 0.000825, lr: 0.010000, Time: 6.51s
Clean ACC: 7521/8000 = 0.940125, Loss: 0.24605053663253784
ASR: 797/797 = 1.000000


<Backdoor Training> Train Epoch: 72 	Loss: 0.001977, lr: 0.010000, Time: 6.53s
Clean ACC: 7524/8000 = 0.940500, Loss: 0.24546463787555695
ASR: 797/797 = 1.000000


<Backdoor Training> Train Epoch: 73 	Loss: 0.000534, lr: 0.010000, Time: 6.55s
Clean ACC: 7510/8000 = 0.938750, Loss: 0.2484024465084076
ASR: 797/797 = 1.000000


<Backdoor Training> Train Epoch: 74 	Loss: 0.004564, lr: 0.010000, Time: 6.46s
Clean ACC: 7515/8000 = 0.939375, Loss: 0.2465546727180481
ASR: 797/797 = 1.000000


<Backdoor Training> Train Epoch: 75 	Loss: 0.001768, lr: 0.010000, Time: 6.55s
Clean ACC: 7511/8000 = 0.938875, Loss: 0.2514866888523102
ASR: 797/797 = 1.000000


<Backdoor Training> Train Epoch: 76 	Loss: 0.002079, lr: 0.001000, Time: 6.51s
Clean ACC: 7509/8000 = 0.938625, Loss: 0.2521519958972931
ASR: 797/797 = 1.000000


<Backdoor Training> Train Epoch: 77 	Loss: 0.013338, lr: 0.001000, Time: 6.47s
Clean ACC: 7508/8000 = 0.938500, Loss: 0.2501574754714966
ASR: 797/797 = 1.000000


<Backdoor Training> Train Epoch: 78 	Loss: 0.015382, lr: 0.001000, Time: 6.47s
Clean ACC: 7504/8000 = 0.938000, Loss: 0.24780260026454926
ASR: 797/797 = 1.000000


<Backdoor Training> Train Epoch: 79 	Loss: 0.015600, lr: 0.001000, Time: 6.56s
Clean ACC: 7513/8000 = 0.939125, Loss: 0.24949736893177032
ASR: 797/797 = 1.000000


<Backdoor Training> Train Epoch: 80 	Loss: 0.006961, lr: 0.001000, Time: 6.46s
Clean ACC: 7510/8000 = 0.938750, Loss: 0.24642139673233032
ASR: 797/797 = 1.000000


<Backdoor Training> Train Epoch: 81 	Loss: 0.001227, lr: 0.001000, Time: 6.47s
Clean ACC: 7514/8000 = 0.939250, Loss: 0.24772530794143677
ASR: 797/797 = 1.000000


<Backdoor Training> Train Epoch: 82 	Loss: 0.026201, lr: 0.001000, Time: 6.53s
Clean ACC: 7527/8000 = 0.940875, Loss: 0.24973338842391968
ASR: 797/797 = 1.000000


<Backdoor Training> Train Epoch: 83 	Loss: 0.001735, lr: 0.001000, Time: 6.44s
Clean ACC: 7515/8000 = 0.939375, Loss: 0.24818167090415955
ASR: 797/797 = 1.000000


<Backdoor Training> Train Epoch: 84 	Loss: 0.012234, lr: 0.001000, Time: 6.50s
Clean ACC: 7516/8000 = 0.939500, Loss: 0.24678127467632294
ASR: 797/797 = 1.000000


<Backdoor Training> Train Epoch: 85 	Loss: 0.000938, lr: 0.001000, Time: 6.45s
Clean ACC: 7516/8000 = 0.939500, Loss: 0.24937810003757477
ASR: 797/797 = 1.000000


<Backdoor Training> Train Epoch: 86 	Loss: 0.002858, lr: 0.001000, Time: 6.48s
Clean ACC: 7519/8000 = 0.939875, Loss: 0.24657917022705078
ASR: 797/797 = 1.000000


<Backdoor Training> Train Epoch: 87 	Loss: 0.011817, lr: 0.001000, Time: 6.55s
Clean ACC: 7511/8000 = 0.938875, Loss: 0.24929149448871613
ASR: 797/797 = 1.000000


<Backdoor Training> Train Epoch: 88 	Loss: 0.004531, lr: 0.001000, Time: 6.53s
Clean ACC: 7523/8000 = 0.940375, Loss: 0.24865643680095673
ASR: 797/797 = 1.000000


<Backdoor Training> Train Epoch: 89 	Loss: 0.002221, lr: 0.001000, Time: 6.46s
Clean ACC: 7519/8000 = 0.939875, Loss: 0.24688708782196045
ASR: 797/797 = 1.000000


<Backdoor Training> Train Epoch: 90 	Loss: 0.010005, lr: 0.001000, Time: 6.48s
Clean ACC: 7520/8000 = 0.940000, Loss: 0.24764873087406158
ASR: 797/797 = 1.000000


<Backdoor Training> Train Epoch: 91 	Loss: 0.012764, lr: 0.001000, Time: 6.41s
Clean ACC: 7513/8000 = 0.939125, Loss: 0.24835805594921112
ASR: 797/797 = 1.000000


<Backdoor Training> Train Epoch: 92 	Loss: 0.008043, lr: 0.001000, Time: 6.53s
Clean ACC: 7508/8000 = 0.938500, Loss: 0.2485983520746231
ASR: 797/797 = 1.000000


<Backdoor Training> Train Epoch: 93 	Loss: 0.000865, lr: 0.001000, Time: 6.58s
Clean ACC: 7515/8000 = 0.939375, Loss: 0.24763846397399902
ASR: 797/797 = 1.000000


<Backdoor Training> Train Epoch: 94 	Loss: 0.000348, lr: 0.001000, Time: 6.40s
Clean ACC: 7525/8000 = 0.940625, Loss: 0.2496418058872223
ASR: 797/797 = 1.000000


<Backdoor Training> Train Epoch: 95 	Loss: 0.004406, lr: 0.001000, Time: 6.36s
Clean ACC: 7513/8000 = 0.939125, Loss: 0.25226426124572754
ASR: 797/797 = 1.000000


<Backdoor Training> Train Epoch: 96 	Loss: 0.011328, lr: 0.001000, Time: 6.50s
Clean ACC: 7519/8000 = 0.939875, Loss: 0.2483365833759308
ASR: 797/797 = 1.000000


<Backdoor Training> Train Epoch: 97 	Loss: 0.000505, lr: 0.001000, Time: 6.32s
Clean ACC: 7521/8000 = 0.940125, Loss: 0.2500634789466858
ASR: 797/797 = 1.000000


<Backdoor Training> Train Epoch: 98 	Loss: 0.001391, lr: 0.001000, Time: 6.50s
Clean ACC: 7514/8000 = 0.939250, Loss: 0.2515074908733368
ASR: 797/797 = 1.000000


<Backdoor Training> Train Epoch: 99 	Loss: 0.000710, lr: 0.001000, Time: 6.37s
Clean ACC: 7521/8000 = 0.940125, Loss: 0.2507941722869873
ASR: 797/797 = 1.000000


<Backdoor Training> Train Epoch: 100 	Loss: 0.001105, lr: 0.001000, Time: 6.45s
Clean ACC: 7517/8000 = 0.939625, Loss: 0.24804604053497314
ASR: 797/797 = 1.000000


Testing the backdoor model...
Evaluating model 'poisoned_train_set/cifar10/TaCT_0.010_cover=0.000_poison_seed=0/full_base_aug_seed=2333.pt'...
Clean ACC: 7517/8000 = 0.939625, Loss: 0.24804604053497314
ASR: 797/797 = 1.000000

Visualizing the model's latent space...
Using method: pca
Visualizing model 'poisoned_train_set/cifar10/TaCT_0.010_cover=0.000_poison_seed=0/full_base_aug_seed=2333.pt' on cifar10...
[test]
Clean ACC: 7517/8000 = 0.939625, Loss: 0.248043492436409
ASR: 797/797 = 1.000000

Total Clean: 49500
Total Poisoned: 500
torch.Size([512])
clean_dis: 3.178422, poison_dis: 3.177439
Saved figure at assets/pca_cifar10_TaCT_0.010_cover=0.000_poison_seed=0_full_base_aug_seed=2333.pt_class=0.png
Using method: tsne
Visualizing model 'poisoned_train_set/cifar10/TaCT_0.010_cover=0.000_poison_seed=0/full_base_aug_seed=2333.pt' on cifar10...
[test]
Clean ACC: 7517/8000 = 0.939625, Loss: 0.248043492436409
ASR: 797/797 = 1.000000

Total Clean: 49500
Total Poisoned: 500
torch.Size([512])
clean_dis: 3.178422, poison_dis: 3.177439
Saved figure at assets/tsne_cifar10_TaCT_0.010_cover=0.000_poison_seed=0_full_base_aug_seed=2333.pt_class=0.png
Using method: umap
Visualizing model 'poisoned_train_set/cifar10/TaCT_0.010_cover=0.000_poison_seed=0/full_base_aug_seed=2333.pt' on cifar10...
[test]
Clean ACC: 7517/8000 = 0.939625, Loss: 0.248043492436409
ASR: 797/797 = 1.000000

Total Clean: 49500
Total Poisoned: 500
torch.Size([512])
clean_dis: 3.178422, poison_dis: 3.177439
Saved figure at assets/umap_cifar10_TaCT_0.010_cover=0.000_poison_seed=0_full_base_aug_seed=2333.pt_class=0.png
Using method: oracle
Visualizing model 'poisoned_train_set/cifar10/TaCT_0.010_cover=0.000_poison_seed=0/full_base_aug_seed=2333.pt' on cifar10...
[test]
Clean ACC: 7517/8000 = 0.939625, Loss: 0.248043492436409
ASR: 797/797 = 1.000000

Total Clean: 49500
Total Poisoned: 500
torch.Size([512])
clean_dis: 3.178422, poison_dis: 3.177439
SVM Accuracy: 1.0
Saved figure at assets/oracle_cifar10_TaCT_0.010_cover=0.000_poison_seed=0_full_base_aug_seed=2333.pt_class=0.png
Using method: mean_diff
Visualizing model 'poisoned_train_set/cifar10/TaCT_0.010_cover=0.000_poison_seed=0/full_base_aug_seed=2333.pt' on cifar10...
[test]
Clean ACC: 7517/8000 = 0.939625, Loss: 0.248043492436409
ASR: 797/797 = 1.000000

Total Clean: 49500
Total Poisoned: 500
torch.Size([512])
clean_dis: 3.178422, poison_dis: 3.177439
Mean L2 distance between poison and clean: 2.4231510162353516
Saved figure at assets/mean_diff_cifar10_TaCT_0.010_cover=0.000_poison_seed=0_full_base_aug_seed=2333.pt_class=0.png
Using method: SS
Visualizing model 'poisoned_train_set/cifar10/TaCT_0.010_cover=0.000_poison_seed=0/full_base_aug_seed=2333.pt' on cifar10...
[test]
Clean ACC: 7517/8000 = 0.939625, Loss: 0.248043492436409
ASR: 797/797 = 1.000000

Total Clean: 49500
Total Poisoned: 500
torch.Size([512])
clean_dis: 3.178422, poison_dis: 3.177439
torch.Size([5500])
Saved figure at assets/SS_cifar10_TaCT_0.010_cover=0.000_poison_seed=0_full_base_aug_seed=2333.pt_class=0.png
Using method: isomap
Visualizing model 'poisoned_train_set/cifar10/TaCT_0.010_cover=0.000_poison_seed=0/full_base_aug_seed=2333.pt' on cifar10...
[test]
Clean ACC: 7517/8000 = 0.939625, Loss: 0.248043492436409
ASR: 797/797 = 1.000000

Total Clean: 49500
Total Poisoned: 500
torch.Size([512])
clean_dis: 3.178422, poison_dis: 3.177439
Saved figure at assets/isomap_cifar10_TaCT_0.010_cover=0.000_poison_seed=0_full_base_aug_seed=2333.pt_class=0.png
Using method: lle
Visualizing model 'poisoned_train_set/cifar10/TaCT_0.010_cover=0.000_poison_seed=0/full_base_aug_seed=2333.pt' on cifar10...
[test]
Clean ACC: 7517/8000 = 0.939625, Loss: 0.248043492436409
ASR: 797/797 = 1.000000

Total Clean: 49500
Total Poisoned: 500
torch.Size([512])
clean_dis: 3.178422, poison_dis: 3.177439
Saved figure at assets/lle_cifar10_TaCT_0.010_cover=0.000_poison_seed=0_full_base_aug_seed=2333.pt_class=0.png
Using method: kpca
Visualizing model 'poisoned_train_set/cifar10/TaCT_0.010_cover=0.000_poison_seed=0/full_base_aug_seed=2333.pt' on cifar10...
[test]
Clean ACC: 7517/8000 = 0.939625, Loss: 0.248043492436409
ASR: 797/797 = 1.000000

Total Clean: 49500
Total Poisoned: 500
torch.Size([512])
clean_dis: 3.178422, poison_dis: 3.177439
Saved figure at assets/kpca_cifar10_TaCT_0.010_cover=0.000_poison_seed=0_full_base_aug_seed=2333.pt_class=0.png
Using method: spectral
Visualizing model 'poisoned_train_set/cifar10/TaCT_0.010_cover=0.000_poison_seed=0/full_base_aug_seed=2333.pt' on cifar10...
[test]
Clean ACC: 7517/8000 = 0.939625, Loss: 0.248043492436409
ASR: 797/797 = 1.000000

Total Clean: 49500
Total Poisoned: 500
torch.Size([512])
clean_dis: 3.178422, poison_dis: 3.177439
Saved figure at assets/spectral_cifar10_TaCT_0.010_cover=0.000_poison_seed=0_full_base_aug_seed=2333.pt_class=0.png
Applying IBD_PSC defense method...
trigger_path: ./triggers/trojan_square_32.png
trigger_mask_path: ./triggers/mask_trojan_square_32.png
Evaluating model 'poisoned_train_set/cifar10/TaCT_0.010_cover=0.000_poison_seed=0/full_base_aug_seed=2333.pt'...
Experiment for cifar10 with TaCT completed.
