Creating poisoned training set for ISSBA on cifar10...
[target class : 0]
Files already downloaded and verified
Poisoned set directory 'poisoned_train_set/cifar10/ISSBA_0.010_poison_seed=0' to be created is not empty! Exiting...
Training the model on the poisoned dataset...
dataset : poisoned_train_set/cifar10/ISSBA_0.010_poison_seed=0/imgs
Will save to 'poisoned_train_set/cifar10/ISSBA_0.010_poison_seed=0/full_base_aug_seed=2333.pt'.
Model 'poisoned_train_set/cifar10/ISSBA_0.010_poison_seed=0/full_base_aug_seed=2333.pt' already exists!
<Backdoor Training> Train Epoch: 1 	Loss: 1.572895, lr: 0.100000, Time: 9.58s
Clean ACC: 3100/8000 = 0.387500, Loss: 1.6835867166519165
ASR: 580/7193 = 0.080634


<Backdoor Training> Train Epoch: 2 	Loss: 1.162857, lr: 0.100000, Time: 6.48s
Clean ACC: 4033/8000 = 0.504125, Loss: 1.353009581565857
ASR: 515/7193 = 0.071597


<Backdoor Training> Train Epoch: 3 	Loss: 0.935557, lr: 0.100000, Time: 6.43s
Clean ACC: 4839/8000 = 0.604875, Loss: 1.0854644775390625
ASR: 427/7193 = 0.059363


<Backdoor Training> Train Epoch: 4 	Loss: 1.147741, lr: 0.100000, Time: 6.39s
Clean ACC: 5031/8000 = 0.628875, Loss: 1.061240792274475
ASR: 105/7193 = 0.014598


<Backdoor Training> Train Epoch: 5 	Loss: 0.737313, lr: 0.100000, Time: 6.36s
Clean ACC: 5840/8000 = 0.730000, Loss: 0.7950162291526794
ASR: 314/7193 = 0.043654


<Backdoor Training> Train Epoch: 6 	Loss: 0.935105, lr: 0.100000, Time: 6.35s
Clean ACC: 5940/8000 = 0.742500, Loss: 0.7489582300186157
ASR: 209/7193 = 0.029056


<Backdoor Training> Train Epoch: 7 	Loss: 0.745834, lr: 0.100000, Time: 6.17s
Clean ACC: 6151/8000 = 0.768875, Loss: 0.6800694465637207
ASR: 239/7193 = 0.033227


<Backdoor Training> Train Epoch: 8 	Loss: 0.587957, lr: 0.100000, Time: 6.46s
Clean ACC: 6463/8000 = 0.807875, Loss: 0.5503270030021667
ASR: 152/7193 = 0.021132


<Backdoor Training> Train Epoch: 9 	Loss: 0.658953, lr: 0.100000, Time: 6.34s
Clean ACC: 6586/8000 = 0.823250, Loss: 0.5163354277610779
ASR: 180/7193 = 0.025024


<Backdoor Training> Train Epoch: 10 	Loss: 0.457765, lr: 0.100000, Time: 6.43s
Clean ACC: 6683/8000 = 0.835375, Loss: 0.4889522194862366
ASR: 276/7193 = 0.038371


<Backdoor Training> Train Epoch: 11 	Loss: 0.484355, lr: 0.100000, Time: 6.21s
Clean ACC: 6610/8000 = 0.826250, Loss: 0.5211143493652344
ASR: 70/7193 = 0.009732


<Backdoor Training> Train Epoch: 12 	Loss: 0.447910, lr: 0.100000, Time: 6.35s
Clean ACC: 6896/8000 = 0.862000, Loss: 0.4325810670852661
ASR: 110/7193 = 0.015293


<Backdoor Training> Train Epoch: 13 	Loss: 0.392568, lr: 0.100000, Time: 6.23s
Clean ACC: 6844/8000 = 0.855500, Loss: 0.42058342695236206
ASR: 126/7193 = 0.017517


<Backdoor Training> Train Epoch: 14 	Loss: 0.516255, lr: 0.100000, Time: 6.34s
Clean ACC: 6744/8000 = 0.843000, Loss: 0.47021380066871643
ASR: 129/7193 = 0.017934


<Backdoor Training> Train Epoch: 15 	Loss: 0.351060, lr: 0.100000, Time: 6.22s
Clean ACC: 6875/8000 = 0.859375, Loss: 0.4223153293132782
ASR: 127/7193 = 0.017656


<Backdoor Training> Train Epoch: 16 	Loss: 0.238893, lr: 0.100000, Time: 6.23s
Clean ACC: 6928/8000 = 0.866000, Loss: 0.4136382043361664
ASR: 97/7193 = 0.013485


<Backdoor Training> Train Epoch: 17 	Loss: 0.217342, lr: 0.100000, Time: 6.39s
Clean ACC: 7044/8000 = 0.880500, Loss: 0.3688245415687561
ASR: 93/7193 = 0.012929


<Backdoor Training> Train Epoch: 18 	Loss: 0.268874, lr: 0.100000, Time: 6.79s
Clean ACC: 6841/8000 = 0.855125, Loss: 0.45734068751335144
ASR: 162/7193 = 0.022522


<Backdoor Training> Train Epoch: 19 	Loss: 0.489525, lr: 0.100000, Time: 6.72s
Clean ACC: 6899/8000 = 0.862375, Loss: 0.43309223651885986
ASR: 232/7193 = 0.032254


<Backdoor Training> Train Epoch: 20 	Loss: 0.331077, lr: 0.100000, Time: 6.75s
Clean ACC: 6901/8000 = 0.862625, Loss: 0.4280472993850708
ASR: 274/7193 = 0.038093


<Backdoor Training> Train Epoch: 21 	Loss: 0.253362, lr: 0.100000, Time: 6.37s
Clean ACC: 6898/8000 = 0.862250, Loss: 0.44053974747657776
ASR: 117/7193 = 0.016266


<Backdoor Training> Train Epoch: 22 	Loss: 0.290826, lr: 0.100000, Time: 6.21s
Clean ACC: 6954/8000 = 0.869250, Loss: 0.411150723695755
ASR: 65/7193 = 0.009037


<Backdoor Training> Train Epoch: 23 	Loss: 0.280327, lr: 0.100000, Time: 6.35s
Clean ACC: 6999/8000 = 0.874875, Loss: 0.39233651757240295
ASR: 79/7193 = 0.010983


<Backdoor Training> Train Epoch: 24 	Loss: 0.274257, lr: 0.100000, Time: 6.36s
Clean ACC: 6712/8000 = 0.839000, Loss: 0.5101069211959839
ASR: 111/7193 = 0.015432


<Backdoor Training> Train Epoch: 25 	Loss: 0.265327, lr: 0.100000, Time: 6.23s
Clean ACC: 7001/8000 = 0.875125, Loss: 0.3959084749221802
ASR: 101/7193 = 0.014041


<Backdoor Training> Train Epoch: 26 	Loss: 0.186171, lr: 0.100000, Time: 6.21s
Clean ACC: 7063/8000 = 0.882875, Loss: 0.36623942852020264
ASR: 68/7193 = 0.009454


<Backdoor Training> Train Epoch: 27 	Loss: 0.351737, lr: 0.100000, Time: 6.24s
Clean ACC: 7078/8000 = 0.884750, Loss: 0.3706715404987335
ASR: 77/7193 = 0.010705


<Backdoor Training> Train Epoch: 28 	Loss: 0.329053, lr: 0.100000, Time: 6.29s
Clean ACC: 7023/8000 = 0.877875, Loss: 0.38225650787353516
ASR: 109/7193 = 0.015154


<Backdoor Training> Train Epoch: 29 	Loss: 0.377808, lr: 0.100000, Time: 6.45s
Clean ACC: 7082/8000 = 0.885250, Loss: 0.35521942377090454
ASR: 206/7193 = 0.028639


<Backdoor Training> Train Epoch: 30 	Loss: 0.202119, lr: 0.100000, Time: 6.16s
Clean ACC: 7114/8000 = 0.889250, Loss: 0.35133686661720276
ASR: 36/7193 = 0.005005


<Backdoor Training> Train Epoch: 31 	Loss: 0.229135, lr: 0.100000, Time: 6.26s
Clean ACC: 7192/8000 = 0.899000, Loss: 0.3440154194831848
ASR: 121/7193 = 0.016822


<Backdoor Training> Train Epoch: 32 	Loss: 0.226158, lr: 0.100000, Time: 6.32s
Clean ACC: 7115/8000 = 0.889375, Loss: 0.39156049489974976
ASR: 109/7193 = 0.015154


<Backdoor Training> Train Epoch: 33 	Loss: 0.361929, lr: 0.100000, Time: 6.39s
Clean ACC: 6982/8000 = 0.872750, Loss: 0.44336068630218506
ASR: 205/7193 = 0.028500


<Backdoor Training> Train Epoch: 34 	Loss: 0.306154, lr: 0.100000, Time: 6.24s
Clean ACC: 7110/8000 = 0.888750, Loss: 0.37002959847450256
ASR: 88/7193 = 0.012234


<Backdoor Training> Train Epoch: 35 	Loss: 0.182789, lr: 0.100000, Time: 6.24s
Clean ACC: 7184/8000 = 0.898000, Loss: 0.33127015829086304
ASR: 42/7193 = 0.005839


<Backdoor Training> Train Epoch: 36 	Loss: 0.130693, lr: 0.100000, Time: 6.24s
Clean ACC: 7015/8000 = 0.876875, Loss: 0.4064749479293823
ASR: 117/7193 = 0.016266


<Backdoor Training> Train Epoch: 37 	Loss: 0.146922, lr: 0.100000, Time: 6.41s
Clean ACC: 7119/8000 = 0.889875, Loss: 0.3586261570453644
ASR: 68/7193 = 0.009454


<Backdoor Training> Train Epoch: 38 	Loss: 0.205948, lr: 0.100000, Time: 6.40s
Clean ACC: 7147/8000 = 0.893375, Loss: 0.36376404762268066
ASR: 91/7193 = 0.012651


<Backdoor Training> Train Epoch: 39 	Loss: 0.139048, lr: 0.100000, Time: 6.28s
Clean ACC: 7141/8000 = 0.892625, Loss: 0.3739883601665497
ASR: 203/7193 = 0.028222


<Backdoor Training> Train Epoch: 40 	Loss: 0.207393, lr: 0.100000, Time: 6.34s
Clean ACC: 7126/8000 = 0.890750, Loss: 0.36752384901046753
ASR: 104/7193 = 0.014459


<Backdoor Training> Train Epoch: 41 	Loss: 0.224303, lr: 0.100000, Time: 6.44s
Clean ACC: 7205/8000 = 0.900625, Loss: 0.3373946249485016
ASR: 76/7193 = 0.010566


<Backdoor Training> Train Epoch: 42 	Loss: 0.285391, lr: 0.100000, Time: 6.25s
Clean ACC: 7144/8000 = 0.893000, Loss: 0.3671231269836426
ASR: 84/7193 = 0.011678


<Backdoor Training> Train Epoch: 43 	Loss: 0.095935, lr: 0.100000, Time: 6.35s
Clean ACC: 7116/8000 = 0.889500, Loss: 0.40748757123947144
ASR: 142/7193 = 0.019741


<Backdoor Training> Train Epoch: 44 	Loss: 0.117399, lr: 0.100000, Time: 6.43s
Clean ACC: 7182/8000 = 0.897750, Loss: 0.35380563139915466
ASR: 38/7193 = 0.005283


<Backdoor Training> Train Epoch: 45 	Loss: 0.071738, lr: 0.100000, Time: 6.26s
Clean ACC: 7160/8000 = 0.895000, Loss: 0.35212311148643494
ASR: 94/7193 = 0.013068


<Backdoor Training> Train Epoch: 46 	Loss: 0.136126, lr: 0.100000, Time: 6.35s
Clean ACC: 7144/8000 = 0.893000, Loss: 0.36376848816871643
ASR: 60/7193 = 0.008341


<Backdoor Training> Train Epoch: 47 	Loss: 0.199997, lr: 0.100000, Time: 6.22s
Clean ACC: 7215/8000 = 0.901875, Loss: 0.3431263267993927
ASR: 82/7193 = 0.011400


<Backdoor Training> Train Epoch: 48 	Loss: 0.205261, lr: 0.100000, Time: 6.26s
Clean ACC: 7040/8000 = 0.880000, Loss: 0.4054671823978424
ASR: 91/7193 = 0.012651


<Backdoor Training> Train Epoch: 49 	Loss: 0.342852, lr: 0.100000, Time: 6.22s
Clean ACC: 7107/8000 = 0.888375, Loss: 0.38150566816329956
ASR: 143/7193 = 0.019880


<Backdoor Training> Train Epoch: 50 	Loss: 0.179639, lr: 0.100000, Time: 6.69s
Clean ACC: 7098/8000 = 0.887250, Loss: 0.38868287205696106
ASR: 59/7193 = 0.008202


<Backdoor Training> Train Epoch: 51 	Loss: 0.043285, lr: 0.010000, Time: 6.35s
Clean ACC: 7439/8000 = 0.929875, Loss: 0.2439209520816803
ASR: 60/7193 = 0.008341


<Backdoor Training> Train Epoch: 52 	Loss: 0.116759, lr: 0.010000, Time: 6.42s
Clean ACC: 7464/8000 = 0.933000, Loss: 0.24300764501094818
ASR: 77/7193 = 0.010705


<Backdoor Training> Train Epoch: 53 	Loss: 0.011238, lr: 0.010000, Time: 6.31s
Clean ACC: 7472/8000 = 0.934000, Loss: 0.24813109636306763
ASR: 75/7193 = 0.010427


<Backdoor Training> Train Epoch: 54 	Loss: 0.082190, lr: 0.010000, Time: 6.19s
Clean ACC: 7458/8000 = 0.932250, Loss: 0.2542745769023895
ASR: 61/7193 = 0.008480


<Backdoor Training> Train Epoch: 55 	Loss: 0.041381, lr: 0.010000, Time: 6.79s
Clean ACC: 7442/8000 = 0.930250, Loss: 0.25712060928344727
ASR: 73/7193 = 0.010149


<Backdoor Training> Train Epoch: 56 	Loss: 0.089305, lr: 0.010000, Time: 6.75s
Clean ACC: 7464/8000 = 0.933000, Loss: 0.25928783416748047
ASR: 76/7193 = 0.010566


<Backdoor Training> Train Epoch: 57 	Loss: 0.032463, lr: 0.010000, Time: 6.75s
Clean ACC: 7465/8000 = 0.933125, Loss: 0.2660021185874939
ASR: 72/7193 = 0.010010


<Backdoor Training> Train Epoch: 58 	Loss: 0.028187, lr: 0.010000, Time: 6.45s
Clean ACC: 7464/8000 = 0.933000, Loss: 0.265607088804245
ASR: 76/7193 = 0.010566


<Backdoor Training> Train Epoch: 59 	Loss: 0.005382, lr: 0.010000, Time: 6.36s
Clean ACC: 7454/8000 = 0.931750, Loss: 0.2686735689640045
ASR: 64/7193 = 0.008898


<Backdoor Training> Train Epoch: 60 	Loss: 0.087703, lr: 0.010000, Time: 6.35s
Clean ACC: 7450/8000 = 0.931250, Loss: 0.2765868604183197
ASR: 85/7193 = 0.011817


<Backdoor Training> Train Epoch: 61 	Loss: 0.006667, lr: 0.010000, Time: 6.33s
Clean ACC: 7454/8000 = 0.931750, Loss: 0.27198126912117004
ASR: 61/7193 = 0.008480


<Backdoor Training> Train Epoch: 62 	Loss: 0.039536, lr: 0.010000, Time: 6.34s
Clean ACC: 7448/8000 = 0.931000, Loss: 0.28516528010368347
ASR: 99/7193 = 0.013763


<Backdoor Training> Train Epoch: 63 	Loss: 0.006784, lr: 0.010000, Time: 6.35s
Clean ACC: 7447/8000 = 0.930875, Loss: 0.2824854552745819
ASR: 83/7193 = 0.011539


<Backdoor Training> Train Epoch: 64 	Loss: 0.013141, lr: 0.010000, Time: 6.32s
Clean ACC: 7472/8000 = 0.934000, Loss: 0.27831998467445374
ASR: 65/7193 = 0.009037


<Backdoor Training> Train Epoch: 65 	Loss: 0.045232, lr: 0.010000, Time: 6.34s
Clean ACC: 7460/8000 = 0.932500, Loss: 0.2807784080505371
ASR: 69/7193 = 0.009593


<Backdoor Training> Train Epoch: 66 	Loss: 0.026550, lr: 0.010000, Time: 6.45s
Clean ACC: 7462/8000 = 0.932750, Loss: 0.28998905420303345
ASR: 82/7193 = 0.011400


<Backdoor Training> Train Epoch: 67 	Loss: 0.010392, lr: 0.010000, Time: 6.34s
Clean ACC: 7438/8000 = 0.929750, Loss: 0.2903038561344147
ASR: 92/7193 = 0.012790


<Backdoor Training> Train Epoch: 68 	Loss: 0.013440, lr: 0.010000, Time: 6.22s
Clean ACC: 7463/8000 = 0.932875, Loss: 0.29077520966529846
ASR: 79/7193 = 0.010983


<Backdoor Training> Train Epoch: 69 	Loss: 0.033075, lr: 0.010000, Time: 6.30s
Clean ACC: 7478/8000 = 0.934750, Loss: 0.2853981852531433
ASR: 67/7193 = 0.009315


<Backdoor Training> Train Epoch: 70 	Loss: 0.002668, lr: 0.010000, Time: 6.27s
Clean ACC: 7469/8000 = 0.933625, Loss: 0.28793004155158997
ASR: 64/7193 = 0.008898


<Backdoor Training> Train Epoch: 71 	Loss: 0.049391, lr: 0.010000, Time: 6.23s
Clean ACC: 7465/8000 = 0.933125, Loss: 0.29115673899650574
ASR: 74/7193 = 0.010288


<Backdoor Training> Train Epoch: 72 	Loss: 0.005253, lr: 0.010000, Time: 6.29s
Clean ACC: 7451/8000 = 0.931375, Loss: 0.2929525077342987
ASR: 78/7193 = 0.010844


<Backdoor Training> Train Epoch: 73 	Loss: 0.005103, lr: 0.010000, Time: 6.34s
Clean ACC: 7446/8000 = 0.930750, Loss: 0.30458974838256836
ASR: 78/7193 = 0.010844


<Backdoor Training> Train Epoch: 74 	Loss: 0.043220, lr: 0.010000, Time: 6.37s
Clean ACC: 7458/8000 = 0.932250, Loss: 0.3027881383895874
ASR: 70/7193 = 0.009732


<Backdoor Training> Train Epoch: 75 	Loss: 0.001987, lr: 0.010000, Time: 6.36s
Clean ACC: 7457/8000 = 0.932125, Loss: 0.30334702134132385
ASR: 69/7193 = 0.009593


<Backdoor Training> Train Epoch: 76 	Loss: 0.040894, lr: 0.001000, Time: 6.18s
Clean ACC: 7467/8000 = 0.933375, Loss: 0.29943159222602844
ASR: 73/7193 = 0.010149


<Backdoor Training> Train Epoch: 77 	Loss: 0.004716, lr: 0.001000, Time: 6.40s
Clean ACC: 7464/8000 = 0.933000, Loss: 0.29736804962158203
ASR: 63/7193 = 0.008759


<Backdoor Training> Train Epoch: 78 	Loss: 0.001585, lr: 0.001000, Time: 6.31s
Clean ACC: 7458/8000 = 0.932250, Loss: 0.2997813820838928
ASR: 62/7193 = 0.008619


<Backdoor Training> Train Epoch: 79 	Loss: 0.019098, lr: 0.001000, Time: 6.30s
Clean ACC: 7464/8000 = 0.933000, Loss: 0.29661503434181213
ASR: 62/7193 = 0.008619


<Backdoor Training> Train Epoch: 80 	Loss: 0.001906, lr: 0.001000, Time: 6.25s
Clean ACC: 7459/8000 = 0.932375, Loss: 0.29570555686950684
ASR: 55/7193 = 0.007646


<Backdoor Training> Train Epoch: 81 	Loss: 0.001634, lr: 0.001000, Time: 6.26s
Clean ACC: 7463/8000 = 0.932875, Loss: 0.2976186275482178
ASR: 69/7193 = 0.009593


<Backdoor Training> Train Epoch: 82 	Loss: 0.009060, lr: 0.001000, Time: 6.21s
Clean ACC: 7464/8000 = 0.933000, Loss: 0.29974639415740967
ASR: 64/7193 = 0.008898


<Backdoor Training> Train Epoch: 83 	Loss: 0.003707, lr: 0.001000, Time: 6.44s
Clean ACC: 7463/8000 = 0.932875, Loss: 0.2976422607898712
ASR: 69/7193 = 0.009593


<Backdoor Training> Train Epoch: 84 	Loss: 0.003871, lr: 0.001000, Time: 6.13s
Clean ACC: 7458/8000 = 0.932250, Loss: 0.2994498610496521
ASR: 62/7193 = 0.008619


<Backdoor Training> Train Epoch: 85 	Loss: 0.009882, lr: 0.001000, Time: 6.52s
Clean ACC: 7478/8000 = 0.934750, Loss: 0.2969498932361603
ASR: 60/7193 = 0.008341


<Backdoor Training> Train Epoch: 86 	Loss: 0.001665, lr: 0.001000, Time: 6.28s
Clean ACC: 7465/8000 = 0.933125, Loss: 0.298862099647522
ASR: 66/7193 = 0.009176


<Backdoor Training> Train Epoch: 87 	Loss: 0.015818, lr: 0.001000, Time: 6.36s
Clean ACC: 7471/8000 = 0.933875, Loss: 0.29902589321136475
ASR: 62/7193 = 0.008619


<Backdoor Training> Train Epoch: 88 	Loss: 0.001282, lr: 0.001000, Time: 6.55s
Clean ACC: 7463/8000 = 0.932875, Loss: 0.2979520261287689
ASR: 63/7193 = 0.008759


<Backdoor Training> Train Epoch: 89 	Loss: 0.001666, lr: 0.001000, Time: 6.34s
Clean ACC: 7474/8000 = 0.934250, Loss: 0.29623401165008545
ASR: 62/7193 = 0.008619


<Backdoor Training> Train Epoch: 90 	Loss: 0.002164, lr: 0.001000, Time: 6.42s
Clean ACC: 7476/8000 = 0.934500, Loss: 0.29432252049446106
ASR: 56/7193 = 0.007785


<Backdoor Training> Train Epoch: 91 	Loss: 0.008972, lr: 0.001000, Time: 6.37s
Clean ACC: 7476/8000 = 0.934500, Loss: 0.2975023686885834
ASR: 67/7193 = 0.009315


<Backdoor Training> Train Epoch: 92 	Loss: 0.024375, lr: 0.001000, Time: 6.82s
Clean ACC: 7474/8000 = 0.934250, Loss: 0.29912152886390686
ASR: 68/7193 = 0.009454


<Backdoor Training> Train Epoch: 93 	Loss: 0.002417, lr: 0.001000, Time: 6.49s
Clean ACC: 7476/8000 = 0.934500, Loss: 0.296619713306427
ASR: 71/7193 = 0.009871


<Backdoor Training> Train Epoch: 94 	Loss: 0.006792, lr: 0.001000, Time: 6.24s
Clean ACC: 7475/8000 = 0.934375, Loss: 0.29498928785324097
ASR: 58/7193 = 0.008063


<Backdoor Training> Train Epoch: 95 	Loss: 0.001950, lr: 0.001000, Time: 6.37s
Clean ACC: 7477/8000 = 0.934625, Loss: 0.29793599247932434
ASR: 70/7193 = 0.009732


<Backdoor Training> Train Epoch: 96 	Loss: 0.010245, lr: 0.001000, Time: 6.29s
Clean ACC: 7466/8000 = 0.933250, Loss: 0.29796406626701355
ASR: 65/7193 = 0.009037


<Backdoor Training> Train Epoch: 97 	Loss: 0.001309, lr: 0.001000, Time: 6.30s
Clean ACC: 7466/8000 = 0.933250, Loss: 0.29719388484954834
ASR: 61/7193 = 0.008480


<Backdoor Training> Train Epoch: 98 	Loss: 0.002599, lr: 0.001000, Time: 6.42s
Clean ACC: 7477/8000 = 0.934625, Loss: 0.2946670949459076
ASR: 60/7193 = 0.008341


<Backdoor Training> Train Epoch: 99 	Loss: 0.005669, lr: 0.001000, Time: 6.29s
Clean ACC: 7468/8000 = 0.933500, Loss: 0.29618388414382935
ASR: 58/7193 = 0.008063


<Backdoor Training> Train Epoch: 100 	Loss: 0.001896, lr: 0.001000, Time: 6.36s
Clean ACC: 7462/8000 = 0.932750, Loss: 0.2967820465564728
ASR: 69/7193 = 0.009593


Testing the backdoor model...
Evaluating model 'poisoned_train_set/cifar10/ISSBA_0.010_poison_seed=0/full_base_aug_seed=2333.pt'...
Clean ACC: 7462/8000 = 0.932750, Loss: 0.2967820465564728
ASR: 69/7193 = 0.009593

Visualizing the model's latent space...
Using method: pca
Visualizing model 'poisoned_train_set/cifar10/ISSBA_0.010_poison_seed=0/full_base_aug_seed=2333.pt' on cifar10...
[test]
Clean ACC: 7462/8000 = 0.932750, Loss: 0.29679837822914124
ASR: 69/7193 = 0.009593

Total Clean: 49500
Total Poisoned: 500
torch.Size([512])
clean_dis: 3.054817, poison_dis: 6.480781
Saved figure at assets/pca_cifar10_ISSBA_0.010_poison_seed=0_full_base_aug_seed=2333.pt_class=0.png
Using method: tsne
Visualizing model 'poisoned_train_set/cifar10/ISSBA_0.010_poison_seed=0/full_base_aug_seed=2333.pt' on cifar10...
[test]
Clean ACC: 7462/8000 = 0.932750, Loss: 0.29679837822914124
ASR: 69/7193 = 0.009593

Total Clean: 49500
Total Poisoned: 500
torch.Size([512])
clean_dis: 3.054817, poison_dis: 6.480781
Saved figure at assets/tsne_cifar10_ISSBA_0.010_poison_seed=0_full_base_aug_seed=2333.pt_class=0.png
Using method: umap
Visualizing model 'poisoned_train_set/cifar10/ISSBA_0.010_poison_seed=0/full_base_aug_seed=2333.pt' on cifar10...
[test]
Clean ACC: 7462/8000 = 0.932750, Loss: 0.29679837822914124
ASR: 69/7193 = 0.009593

Total Clean: 49500
Total Poisoned: 500
torch.Size([512])
clean_dis: 3.054817, poison_dis: 6.480781
Saved figure at assets/umap_cifar10_ISSBA_0.010_poison_seed=0_full_base_aug_seed=2333.pt_class=0.png
Using method: oracle
Visualizing model 'poisoned_train_set/cifar10/ISSBA_0.010_poison_seed=0/full_base_aug_seed=2333.pt' on cifar10...
[test]
Clean ACC: 7462/8000 = 0.932750, Loss: 0.29679837822914124
ASR: 69/7193 = 0.009593

Total Clean: 49500
Total Poisoned: 500
torch.Size([512])
clean_dis: 3.054817, poison_dis: 6.480781
SVM Accuracy: 0.9809174311926605
Saved figure at assets/oracle_cifar10_ISSBA_0.010_poison_seed=0_full_base_aug_seed=2333.pt_class=0.png
Using method: mean_diff
Visualizing model 'poisoned_train_set/cifar10/ISSBA_0.010_poison_seed=0/full_base_aug_seed=2333.pt' on cifar10...
[test]
Clean ACC: 7462/8000 = 0.932750, Loss: 0.29679837822914124
ASR: 69/7193 = 0.009593

Total Clean: 49500
Total Poisoned: 500
torch.Size([512])
clean_dis: 3.054817, poison_dis: 6.480781
Mean L2 distance between poison and clean: 4.380644798278809
Saved figure at assets/mean_diff_cifar10_ISSBA_0.010_poison_seed=0_full_base_aug_seed=2333.pt_class=0.png
Using method: SS
Visualizing model 'poisoned_train_set/cifar10/ISSBA_0.010_poison_seed=0/full_base_aug_seed=2333.pt' on cifar10...
[test]
Clean ACC: 7462/8000 = 0.932750, Loss: 0.29679837822914124
ASR: 69/7193 = 0.009593

Total Clean: 49500
Total Poisoned: 500
torch.Size([512])
clean_dis: 3.054817, poison_dis: 6.480781
torch.Size([5450])
Saved figure at assets/SS_cifar10_ISSBA_0.010_poison_seed=0_full_base_aug_seed=2333.pt_class=0.png
Using method: isomap
Visualizing model 'poisoned_train_set/cifar10/ISSBA_0.010_poison_seed=0/full_base_aug_seed=2333.pt' on cifar10...
[test]
Clean ACC: 7462/8000 = 0.932750, Loss: 0.29679837822914124
ASR: 69/7193 = 0.009593

Total Clean: 49500
Total Poisoned: 500
torch.Size([512])
clean_dis: 3.054817, poison_dis: 6.480781
Saved figure at assets/isomap_cifar10_ISSBA_0.010_poison_seed=0_full_base_aug_seed=2333.pt_class=0.png
Using method: lle
Visualizing model 'poisoned_train_set/cifar10/ISSBA_0.010_poison_seed=0/full_base_aug_seed=2333.pt' on cifar10...
[test]
Clean ACC: 7462/8000 = 0.932750, Loss: 0.29679837822914124
ASR: 69/7193 = 0.009593

Total Clean: 49500
Total Poisoned: 500
torch.Size([512])
clean_dis: 3.054817, poison_dis: 6.480781
Saved figure at assets/lle_cifar10_ISSBA_0.010_poison_seed=0_full_base_aug_seed=2333.pt_class=0.png
Using method: kpca
Visualizing model 'poisoned_train_set/cifar10/ISSBA_0.010_poison_seed=0/full_base_aug_seed=2333.pt' on cifar10...
[test]
Clean ACC: 7462/8000 = 0.932750, Loss: 0.29679837822914124
ASR: 69/7193 = 0.009593

Total Clean: 49500
Total Poisoned: 500
torch.Size([512])
clean_dis: 3.054817, poison_dis: 6.480781
Saved figure at assets/kpca_cifar10_ISSBA_0.010_poison_seed=0_full_base_aug_seed=2333.pt_class=0.png
Using method: spectral
Visualizing model 'poisoned_train_set/cifar10/ISSBA_0.010_poison_seed=0/full_base_aug_seed=2333.pt' on cifar10...
[test]
Clean ACC: 7462/8000 = 0.932750, Loss: 0.29679837822914124
ASR: 69/7193 = 0.009593

Total Clean: 49500
Total Poisoned: 500
torch.Size([512])
clean_dis: 3.054817, poison_dis: 6.480781
Saved figure at assets/spectral_cifar10_ISSBA_0.010_poison_seed=0_full_base_aug_seed=2333.pt_class=0.png
Applying IBD_PSC defense method...
trigger_path: ./triggers/none
No trigger mask found! By default masking all black pixels...
Evaluating model 'poisoned_train_set/cifar10/ISSBA_0.010_poison_seed=0/full_base_aug_seed=2333.pt'...
ba: 93.2750015258789
asr: 0.959265947341919
target label: tensor([0], device='cuda:0')
start_index: 5
TPR: 8.09
FPR: 8.16
AUC: 0.4995
f1 score: 0.13913978494623655
Elapsed time: 46.43s
Experiment for cifar10 with ISSBA completed.
