Creating poisoned training set for TaCT on cifar10...
[target class : 0]
Files already downloaded and verified
trigger: ./triggers/trojan_square_32.png
[Generate Poisoned Set] Save 50000 Images
[Generate Poisoned Set] Save poisoned_train_set/cifar10/TaCT_0.010_cover=0.000_poison_seed=0/cover_indices
[Generate Poisoned Set] Save poisoned_train_set/cifar10/TaCT_0.010_cover=0.000_poison_seed=0/imgs
[Generate Poisoned Set] Save poisoned_train_set/cifar10/TaCT_0.010_cover=0.000_poison_seed=0/labels
[Generate Poisoned Set] Save poisoned_train_set/cifar10/TaCT_0.010_cover=0.000_poison_seed=0/poison_indices
Training the model on the poisoned dataset...
dataset : poisoned_train_set/cifar10/TaCT_0.010_cover=0.000_poison_seed=0/imgs
Will save to 'poisoned_train_set/cifar10/TaCT_0.010_cover=0.000_poison_seed=0/full_base_aug_seed=2333.pt'.
<Backdoor Training> Train Epoch: 1 	Loss: 1.527209, lr: 0.100000, Time: 9.98s
Clean ACC: 3659/8000 = 0.457375, Loss: 1.521826982498169
ASR: 34/797 = 0.042660


<Backdoor Training> Train Epoch: 2 	Loss: 0.924486, lr: 0.100000, Time: 6.47s
Clean ACC: 4774/8000 = 0.596750, Loss: 1.1106305122375488
ASR: 230/797 = 0.288582


<Backdoor Training> Train Epoch: 3 	Loss: 0.896566, lr: 0.100000, Time: 6.69s
Clean ACC: 5398/8000 = 0.674750, Loss: 0.9033963084220886
ASR: 614/797 = 0.770389


<Backdoor Training> Train Epoch: 4 	Loss: 0.841911, lr: 0.100000, Time: 6.69s
Clean ACC: 5589/8000 = 0.698625, Loss: 0.8885630965232849
ASR: 782/797 = 0.981179


<Backdoor Training> Train Epoch: 5 	Loss: 0.714454, lr: 0.100000, Time: 6.73s
Clean ACC: 5836/8000 = 0.729500, Loss: 0.8205899596214294
ASR: 797/797 = 1.000000


<Backdoor Training> Train Epoch: 6 	Loss: 0.419301, lr: 0.100000, Time: 6.79s
Clean ACC: 5983/8000 = 0.747875, Loss: 0.7591069936752319
ASR: 789/797 = 0.989962


<Backdoor Training> Train Epoch: 7 	Loss: 0.484925, lr: 0.100000, Time: 6.79s
Clean ACC: 6526/8000 = 0.815750, Loss: 0.5355080962181091
ASR: 797/797 = 1.000000


<Backdoor Training> Train Epoch: 8 	Loss: 0.310015, lr: 0.100000, Time: 6.08s
Clean ACC: 6654/8000 = 0.831750, Loss: 0.49270832538604736
ASR: 797/797 = 1.000000


<Backdoor Training> Train Epoch: 9 	Loss: 0.476920, lr: 0.100000, Time: 6.24s
Clean ACC: 6577/8000 = 0.822125, Loss: 0.5404242277145386
ASR: 797/797 = 1.000000


<Backdoor Training> Train Epoch: 10 	Loss: 0.603556, lr: 0.100000, Time: 6.27s
Clean ACC: 6757/8000 = 0.844625, Loss: 0.47401219606399536
ASR: 797/797 = 1.000000


<Backdoor Training> Train Epoch: 11 	Loss: 0.381614, lr: 0.100000, Time: 6.16s
Clean ACC: 6850/8000 = 0.856250, Loss: 0.42312851548194885
ASR: 795/797 = 0.997491


<Backdoor Training> Train Epoch: 12 	Loss: 0.357563, lr: 0.100000, Time: 6.22s
Clean ACC: 6748/8000 = 0.843500, Loss: 0.460563987493515
ASR: 797/797 = 1.000000


<Backdoor Training> Train Epoch: 13 	Loss: 0.484358, lr: 0.100000, Time: 6.29s
Clean ACC: 6807/8000 = 0.850875, Loss: 0.4441320598125458
ASR: 797/797 = 1.000000


<Backdoor Training> Train Epoch: 14 	Loss: 0.425945, lr: 0.100000, Time: 6.33s
Clean ACC: 6810/8000 = 0.851250, Loss: 0.4587257504463196
ASR: 797/797 = 1.000000


<Backdoor Training> Train Epoch: 15 	Loss: 0.205426, lr: 0.100000, Time: 6.78s
Clean ACC: 6785/8000 = 0.848125, Loss: 0.45168501138687134
ASR: 797/797 = 1.000000


<Backdoor Training> Train Epoch: 16 	Loss: 0.298240, lr: 0.100000, Time: 6.88s
Clean ACC: 6668/8000 = 0.833500, Loss: 0.5312986969947815
ASR: 796/797 = 0.998745


<Backdoor Training> Train Epoch: 17 	Loss: 0.195057, lr: 0.100000, Time: 6.85s
Clean ACC: 6796/8000 = 0.849500, Loss: 0.4781160056591034
ASR: 797/797 = 1.000000


<Backdoor Training> Train Epoch: 18 	Loss: 0.120406, lr: 0.100000, Time: 6.67s
Clean ACC: 7022/8000 = 0.877750, Loss: 0.3641875386238098
ASR: 797/797 = 1.000000


<Backdoor Training> Train Epoch: 19 	Loss: 0.349790, lr: 0.100000, Time: 6.89s
Clean ACC: 6974/8000 = 0.871750, Loss: 0.40226054191589355
ASR: 796/797 = 0.998745


<Backdoor Training> Train Epoch: 20 	Loss: 0.227923, lr: 0.100000, Time: 6.36s
Clean ACC: 7058/8000 = 0.882250, Loss: 0.37768349051475525
ASR: 797/797 = 1.000000


<Backdoor Training> Train Epoch: 21 	Loss: 0.414868, lr: 0.100000, Time: 6.34s
Clean ACC: 7010/8000 = 0.876250, Loss: 0.3716045320034027
ASR: 786/797 = 0.986198


<Backdoor Training> Train Epoch: 22 	Loss: 0.255811, lr: 0.100000, Time: 6.16s
Clean ACC: 7117/8000 = 0.889625, Loss: 0.3522847890853882
ASR: 797/797 = 1.000000


<Backdoor Training> Train Epoch: 23 	Loss: 0.099037, lr: 0.100000, Time: 6.16s
Clean ACC: 7055/8000 = 0.881875, Loss: 0.3761031925678253
ASR: 797/797 = 1.000000


<Backdoor Training> Train Epoch: 24 	Loss: 0.216671, lr: 0.100000, Time: 6.21s
Clean ACC: 7038/8000 = 0.879750, Loss: 0.3664783239364624
ASR: 794/797 = 0.996236


<Backdoor Training> Train Epoch: 25 	Loss: 0.279201, lr: 0.100000, Time: 6.23s
Clean ACC: 7088/8000 = 0.886000, Loss: 0.36229002475738525
ASR: 797/797 = 1.000000


<Backdoor Training> Train Epoch: 26 	Loss: 0.232885, lr: 0.100000, Time: 6.30s
Clean ACC: 6871/8000 = 0.858875, Loss: 0.4397805333137512
ASR: 797/797 = 1.000000


<Backdoor Training> Train Epoch: 27 	Loss: 0.168012, lr: 0.100000, Time: 6.60s
Clean ACC: 6938/8000 = 0.867250, Loss: 0.4150594174861908
ASR: 797/797 = 1.000000


<Backdoor Training> Train Epoch: 28 	Loss: 0.313938, lr: 0.100000, Time: 6.76s
Clean ACC: 7157/8000 = 0.894625, Loss: 0.32540369033813477
ASR: 797/797 = 1.000000


<Backdoor Training> Train Epoch: 29 	Loss: 0.234199, lr: 0.100000, Time: 6.91s
Clean ACC: 7092/8000 = 0.886500, Loss: 0.3472481966018677
ASR: 796/797 = 0.998745


<Backdoor Training> Train Epoch: 30 	Loss: 0.150710, lr: 0.100000, Time: 6.89s
Clean ACC: 7210/8000 = 0.901250, Loss: 0.3104471266269684
ASR: 797/797 = 1.000000


<Backdoor Training> Train Epoch: 31 	Loss: 0.294589, lr: 0.100000, Time: 6.90s
Clean ACC: 7027/8000 = 0.878375, Loss: 0.39145341515541077
ASR: 793/797 = 0.994981


<Backdoor Training> Train Epoch: 32 	Loss: 0.167532, lr: 0.100000, Time: 6.76s
Clean ACC: 7056/8000 = 0.882000, Loss: 0.3900049328804016
ASR: 797/797 = 1.000000


<Backdoor Training> Train Epoch: 33 	Loss: 0.182434, lr: 0.100000, Time: 6.33s
Clean ACC: 7133/8000 = 0.891625, Loss: 0.356637567281723
ASR: 797/797 = 1.000000


<Backdoor Training> Train Epoch: 34 	Loss: 0.097603, lr: 0.100000, Time: 6.37s
Clean ACC: 7137/8000 = 0.892125, Loss: 0.3542671799659729
ASR: 797/797 = 1.000000


<Backdoor Training> Train Epoch: 35 	Loss: 0.193668, lr: 0.100000, Time: 6.26s
Clean ACC: 7175/8000 = 0.896875, Loss: 0.3341720402240753
ASR: 797/797 = 1.000000


<Backdoor Training> Train Epoch: 36 	Loss: 0.171789, lr: 0.100000, Time: 6.33s
Clean ACC: 7162/8000 = 0.895250, Loss: 0.3288343846797943
ASR: 797/797 = 1.000000


<Backdoor Training> Train Epoch: 37 	Loss: 0.161475, lr: 0.100000, Time: 6.31s
Clean ACC: 7152/8000 = 0.894000, Loss: 0.3571138381958008
ASR: 797/797 = 1.000000


<Backdoor Training> Train Epoch: 38 	Loss: 0.215168, lr: 0.100000, Time: 6.22s
Clean ACC: 7195/8000 = 0.899375, Loss: 0.34726932644844055
ASR: 796/797 = 0.998745


<Backdoor Training> Train Epoch: 39 	Loss: 0.174589, lr: 0.100000, Time: 6.87s
Clean ACC: 7172/8000 = 0.896500, Loss: 0.3332284688949585
ASR: 797/797 = 1.000000


<Backdoor Training> Train Epoch: 40 	Loss: 0.116873, lr: 0.100000, Time: 6.72s
Clean ACC: 7225/8000 = 0.903125, Loss: 0.3097122609615326
ASR: 793/797 = 0.994981


<Backdoor Training> Train Epoch: 41 	Loss: 0.086728, lr: 0.100000, Time: 6.79s
Clean ACC: 6989/8000 = 0.873625, Loss: 0.4459891617298126
ASR: 739/797 = 0.927227


<Backdoor Training> Train Epoch: 42 	Loss: 0.185814, lr: 0.100000, Time: 6.79s
Clean ACC: 7115/8000 = 0.889375, Loss: 0.3687354326248169
ASR: 797/797 = 1.000000


<Backdoor Training> Train Epoch: 43 	Loss: 0.050559, lr: 0.100000, Time: 6.80s
Clean ACC: 7237/8000 = 0.904625, Loss: 0.31556394696235657
ASR: 797/797 = 1.000000


<Backdoor Training> Train Epoch: 44 	Loss: 0.127245, lr: 0.100000, Time: 6.48s
Clean ACC: 6832/8000 = 0.854000, Loss: 0.6082216501235962
ASR: 797/797 = 1.000000


<Backdoor Training> Train Epoch: 45 	Loss: 0.113387, lr: 0.100000, Time: 6.23s
Clean ACC: 7220/8000 = 0.902500, Loss: 0.34508565068244934
ASR: 797/797 = 1.000000


<Backdoor Training> Train Epoch: 46 	Loss: 0.078335, lr: 0.100000, Time: 6.28s
Clean ACC: 7091/8000 = 0.886375, Loss: 0.4031420052051544
ASR: 795/797 = 0.997491


<Backdoor Training> Train Epoch: 47 	Loss: 0.209940, lr: 0.100000, Time: 6.20s
Clean ACC: 7185/8000 = 0.898125, Loss: 0.35300350189208984
ASR: 797/797 = 1.000000


<Backdoor Training> Train Epoch: 48 	Loss: 0.205164, lr: 0.100000, Time: 6.27s
Clean ACC: 7206/8000 = 0.900750, Loss: 0.34089699387550354
ASR: 797/797 = 1.000000


<Backdoor Training> Train Epoch: 49 	Loss: 0.093185, lr: 0.100000, Time: 6.13s
Clean ACC: 7238/8000 = 0.904750, Loss: 0.3258204162120819
ASR: 797/797 = 1.000000


<Backdoor Training> Train Epoch: 50 	Loss: 0.211861, lr: 0.100000, Time: 6.28s
Clean ACC: 7109/8000 = 0.888625, Loss: 0.3759196400642395
ASR: 797/797 = 1.000000


<Backdoor Training> Train Epoch: 51 	Loss: 0.047454, lr: 0.010000, Time: 6.71s
Clean ACC: 7475/8000 = 0.934375, Loss: 0.21330831944942474
ASR: 797/797 = 1.000000


<Backdoor Training> Train Epoch: 52 	Loss: 0.024158, lr: 0.010000, Time: 6.92s
Clean ACC: 7500/8000 = 0.937500, Loss: 0.21619050204753876
ASR: 797/797 = 1.000000


<Backdoor Training> Train Epoch: 53 	Loss: 0.018306, lr: 0.010000, Time: 6.82s
Clean ACC: 7510/8000 = 0.938750, Loss: 0.21621906757354736
ASR: 797/797 = 1.000000


<Backdoor Training> Train Epoch: 54 	Loss: 0.006430, lr: 0.010000, Time: 6.90s
Clean ACC: 7508/8000 = 0.938500, Loss: 0.22041884064674377
ASR: 797/797 = 1.000000


<Backdoor Training> Train Epoch: 55 	Loss: 0.011366, lr: 0.010000, Time: 6.91s
Clean ACC: 7513/8000 = 0.939125, Loss: 0.2251855581998825
ASR: 797/797 = 1.000000


<Backdoor Training> Train Epoch: 56 	Loss: 0.080005, lr: 0.010000, Time: 6.37s
Clean ACC: 7510/8000 = 0.938750, Loss: 0.22791151702404022
ASR: 797/797 = 1.000000


<Backdoor Training> Train Epoch: 57 	Loss: 0.014326, lr: 0.010000, Time: 6.21s
Clean ACC: 7513/8000 = 0.939125, Loss: 0.2243005484342575
ASR: 797/797 = 1.000000


<Backdoor Training> Train Epoch: 58 	Loss: 0.002875, lr: 0.010000, Time: 6.26s
Clean ACC: 7517/8000 = 0.939625, Loss: 0.22854875028133392
ASR: 797/797 = 1.000000


<Backdoor Training> Train Epoch: 59 	Loss: 0.042255, lr: 0.010000, Time: 6.25s
Clean ACC: 7529/8000 = 0.941125, Loss: 0.22768688201904297
ASR: 797/797 = 1.000000


<Backdoor Training> Train Epoch: 60 	Loss: 0.008696, lr: 0.010000, Time: 6.28s
Clean ACC: 7513/8000 = 0.939125, Loss: 0.2309385985136032
ASR: 797/797 = 1.000000


<Backdoor Training> Train Epoch: 61 	Loss: 0.004195, lr: 0.010000, Time: 6.09s
Clean ACC: 7512/8000 = 0.939000, Loss: 0.23487485945224762
ASR: 797/797 = 1.000000


<Backdoor Training> Train Epoch: 62 	Loss: 0.001364, lr: 0.010000, Time: 6.36s
Clean ACC: 7521/8000 = 0.940125, Loss: 0.23877693712711334
ASR: 797/797 = 1.000000


<Backdoor Training> Train Epoch: 63 	Loss: 0.004037, lr: 0.010000, Time: 6.76s
Clean ACC: 7517/8000 = 0.939625, Loss: 0.24392582476139069
ASR: 797/797 = 1.000000


<Backdoor Training> Train Epoch: 64 	Loss: 0.009874, lr: 0.010000, Time: 6.87s
Clean ACC: 7520/8000 = 0.940000, Loss: 0.24314597249031067
ASR: 797/797 = 1.000000


<Backdoor Training> Train Epoch: 65 	Loss: 0.001541, lr: 0.010000, Time: 6.79s
Clean ACC: 7521/8000 = 0.940125, Loss: 0.24541841447353363
ASR: 797/797 = 1.000000


<Backdoor Training> Train Epoch: 66 	Loss: 0.004919, lr: 0.010000, Time: 6.76s
Clean ACC: 7526/8000 = 0.940750, Loss: 0.24412429332733154
ASR: 797/797 = 1.000000


<Backdoor Training> Train Epoch: 67 	Loss: 0.004076, lr: 0.010000, Time: 6.88s
Clean ACC: 7537/8000 = 0.942125, Loss: 0.24644948542118073
ASR: 797/797 = 1.000000


<Backdoor Training> Train Epoch: 68 	Loss: 0.000995, lr: 0.010000, Time: 6.43s
Clean ACC: 7517/8000 = 0.939625, Loss: 0.24567848443984985
ASR: 797/797 = 1.000000


<Backdoor Training> Train Epoch: 69 	Loss: 0.001194, lr: 0.010000, Time: 6.34s
Clean ACC: 7512/8000 = 0.939000, Loss: 0.2487776130437851
ASR: 797/797 = 1.000000


<Backdoor Training> Train Epoch: 70 	Loss: 0.001964, lr: 0.010000, Time: 6.23s
Clean ACC: 7519/8000 = 0.939875, Loss: 0.25181570649147034
ASR: 797/797 = 1.000000


<Backdoor Training> Train Epoch: 71 	Loss: 0.025748, lr: 0.010000, Time: 6.25s
Clean ACC: 7515/8000 = 0.939375, Loss: 0.253826379776001
ASR: 797/797 = 1.000000


<Backdoor Training> Train Epoch: 72 	Loss: 0.004450, lr: 0.010000, Time: 6.35s
Clean ACC: 7524/8000 = 0.940500, Loss: 0.2507372498512268
ASR: 797/797 = 1.000000


<Backdoor Training> Train Epoch: 73 	Loss: 0.014380, lr: 0.010000, Time: 6.18s
Clean ACC: 7526/8000 = 0.940750, Loss: 0.2536640465259552
ASR: 797/797 = 1.000000


<Backdoor Training> Train Epoch: 74 	Loss: 0.001644, lr: 0.010000, Time: 6.29s
Clean ACC: 7530/8000 = 0.941250, Loss: 0.2537398636341095
ASR: 797/797 = 1.000000


<Backdoor Training> Train Epoch: 75 	Loss: 0.000650, lr: 0.010000, Time: 6.59s
Clean ACC: 7527/8000 = 0.940875, Loss: 0.2544851005077362
ASR: 797/797 = 1.000000


<Backdoor Training> Train Epoch: 76 	Loss: 0.000734, lr: 0.001000, Time: 6.74s
Clean ACC: 7533/8000 = 0.941625, Loss: 0.25403302907943726
ASR: 797/797 = 1.000000


<Backdoor Training> Train Epoch: 77 	Loss: 0.001168, lr: 0.001000, Time: 6.88s
Clean ACC: 7522/8000 = 0.940250, Loss: 0.254203200340271
ASR: 797/797 = 1.000000


<Backdoor Training> Train Epoch: 78 	Loss: 0.003086, lr: 0.001000, Time: 6.71s
Clean ACC: 7529/8000 = 0.941125, Loss: 0.25291797518730164
ASR: 797/797 = 1.000000


<Backdoor Training> Train Epoch: 79 	Loss: 0.002564, lr: 0.001000, Time: 6.91s
Clean ACC: 7527/8000 = 0.940875, Loss: 0.2534785270690918
ASR: 797/797 = 1.000000


<Backdoor Training> Train Epoch: 80 	Loss: 0.000751, lr: 0.001000, Time: 6.63s
Clean ACC: 7528/8000 = 0.941000, Loss: 0.2531038522720337
ASR: 797/797 = 1.000000


<Backdoor Training> Train Epoch: 81 	Loss: 0.000913, lr: 0.001000, Time: 6.17s
Clean ACC: 7532/8000 = 0.941500, Loss: 0.2527359426021576
ASR: 797/797 = 1.000000


<Backdoor Training> Train Epoch: 82 	Loss: 0.003684, lr: 0.001000, Time: 6.27s
Clean ACC: 7529/8000 = 0.941125, Loss: 0.25373461842536926
ASR: 797/797 = 1.000000


<Backdoor Training> Train Epoch: 83 	Loss: 0.001166, lr: 0.001000, Time: 6.17s
Clean ACC: 7531/8000 = 0.941375, Loss: 0.25281572341918945
ASR: 797/797 = 1.000000


<Backdoor Training> Train Epoch: 84 	Loss: 0.066959, lr: 0.001000, Time: 6.23s
Clean ACC: 7526/8000 = 0.940750, Loss: 0.2535165846347809
ASR: 797/797 = 1.000000


<Backdoor Training> Train Epoch: 85 	Loss: 0.001789, lr: 0.001000, Time: 6.28s
Clean ACC: 7529/8000 = 0.941125, Loss: 0.253972589969635
ASR: 797/797 = 1.000000


<Backdoor Training> Train Epoch: 86 	Loss: 0.003246, lr: 0.001000, Time: 6.15s
Clean ACC: 7529/8000 = 0.941125, Loss: 0.25307828187942505
ASR: 797/797 = 1.000000


<Backdoor Training> Train Epoch: 87 	Loss: 0.001040, lr: 0.001000, Time: 6.39s
Clean ACC: 7523/8000 = 0.940375, Loss: 0.2506907284259796
ASR: 797/797 = 1.000000


<Backdoor Training> Train Epoch: 88 	Loss: 0.004252, lr: 0.001000, Time: 6.72s
Clean ACC: 7525/8000 = 0.940625, Loss: 0.254070907831192
ASR: 797/797 = 1.000000


<Backdoor Training> Train Epoch: 89 	Loss: 0.000657, lr: 0.001000, Time: 6.81s
Clean ACC: 7537/8000 = 0.942125, Loss: 0.25403469800949097
ASR: 797/797 = 1.000000


<Backdoor Training> Train Epoch: 90 	Loss: 0.002919, lr: 0.001000, Time: 6.71s
Clean ACC: 7530/8000 = 0.941250, Loss: 0.2522633969783783
ASR: 797/797 = 1.000000


<Backdoor Training> Train Epoch: 91 	Loss: 0.000456, lr: 0.001000, Time: 6.65s
Clean ACC: 7531/8000 = 0.941375, Loss: 0.25118961930274963
ASR: 797/797 = 1.000000


<Backdoor Training> Train Epoch: 92 	Loss: 0.005676, lr: 0.001000, Time: 6.73s
Clean ACC: 7532/8000 = 0.941500, Loss: 0.25229522585868835
ASR: 797/797 = 1.000000


<Backdoor Training> Train Epoch: 93 	Loss: 0.004524, lr: 0.001000, Time: 6.18s
Clean ACC: 7530/8000 = 0.941250, Loss: 0.25117889046669006
ASR: 797/797 = 1.000000


<Backdoor Training> Train Epoch: 94 	Loss: 0.001183, lr: 0.001000, Time: 6.35s
Clean ACC: 7532/8000 = 0.941500, Loss: 0.2515573501586914
ASR: 797/797 = 1.000000


<Backdoor Training> Train Epoch: 95 	Loss: 0.001158, lr: 0.001000, Time: 6.32s
Clean ACC: 7528/8000 = 0.941000, Loss: 0.2519615590572357
ASR: 797/797 = 1.000000


<Backdoor Training> Train Epoch: 96 	Loss: 0.002457, lr: 0.001000, Time: 6.37s
Clean ACC: 7535/8000 = 0.941875, Loss: 0.2520536780357361
ASR: 797/797 = 1.000000


<Backdoor Training> Train Epoch: 97 	Loss: 0.000682, lr: 0.001000, Time: 6.18s
Clean ACC: 7542/8000 = 0.942750, Loss: 0.25139284133911133
ASR: 797/797 = 1.000000


<Backdoor Training> Train Epoch: 98 	Loss: 0.000592, lr: 0.001000, Time: 6.23s
Clean ACC: 7527/8000 = 0.940875, Loss: 0.2517908215522766
ASR: 797/797 = 1.000000


<Backdoor Training> Train Epoch: 99 	Loss: 0.009164, lr: 0.001000, Time: 6.44s
Clean ACC: 7533/8000 = 0.941625, Loss: 0.24993503093719482
ASR: 797/797 = 1.000000


<Backdoor Training> Train Epoch: 100 	Loss: 0.002805, lr: 0.001000, Time: 6.81s
Clean ACC: 7531/8000 = 0.941375, Loss: 0.2542574405670166
ASR: 797/797 = 1.000000


Testing the backdoor model...
Evaluating model 'poisoned_train_set/cifar10/TaCT_0.010_cover=0.000_poison_seed=0/full_base_aug_seed=2333.pt'...
Clean ACC: 7531/8000 = 0.941375, Loss: 0.2542574405670166
ASR: 797/797 = 1.000000

Visualizing the model's latent space...
Visualizing model 'poisoned_train_set/cifar10/TaCT_0.010_cover=0.000_poison_seed=0/full_base_aug_seed=2333.pt' on cifar10...
[test]
Clean ACC: 7531/8000 = 0.941375, Loss: 0.2542657256126404
ASR: 797/797 = 1.000000

Total Clean: 49500
Total Poisoned: 500
torch.Size([512])
clean_dis: 3.033985, poison_dis: 3.673525
Silhouette Score: 0.12813693
Saved figure at assets/pca_cifar10_TaCT_0.010_cover=0.000_poison_seed=0_full_base_aug_seed=2333.pt_class=0.png
Visualizing model 'poisoned_train_set/cifar10/TaCT_0.010_cover=0.000_poison_seed=0/full_base_aug_seed=2333.pt' on cifar10...
[test]
Clean ACC: 7531/8000 = 0.941375, Loss: 0.2542657256126404
ASR: 797/797 = 1.000000

Total Clean: 49500
Total Poisoned: 500
torch.Size([512])
clean_dis: 3.033985, poison_dis: 3.673525
Silhouette Score: 0.12813693
Saved figure at assets/tsne_cifar10_TaCT_0.010_cover=0.000_poison_seed=0_full_base_aug_seed=2333.pt_class=0.png
Visualizing model 'poisoned_train_set/cifar10/TaCT_0.010_cover=0.000_poison_seed=0/full_base_aug_seed=2333.pt' on cifar10...
[test]
Clean ACC: 7531/8000 = 0.941375, Loss: 0.2542657256126404
ASR: 797/797 = 1.000000

Total Clean: 49500
Total Poisoned: 500
torch.Size([512])
clean_dis: 3.033985, poison_dis: 3.673525
Silhouette Score: 0.12813693
SVM Accuracy: 1.0
Saved figure at assets/oracle_cifar10_TaCT_0.010_cover=0.000_poison_seed=0_full_base_aug_seed=2333.pt_class=0.png
Applying IBD_PSC defense method...
trigger_path: ./triggers/trojan_square_32.png
trigger_mask_path: ./triggers/mask_trojan_square_32.png
Evaluating model 'poisoned_train_set/cifar10/TaCT_0.010_cover=0.000_poison_seed=0/full_base_aug_seed=2333.pt'...
Experiment for cifar10 with TaCT completed.
