Creating poisoned training set for clean_label on gtsrb...
[target class : 2]
Poisoned set directory 'poisoned_train_set/gtsrb/clean_label_0.010_alpha=0.200_trigger=badnet_patch4_dup_32.png_poison_seed=0' to be created is not empty! Exiting...
Training the model on the poisoned dataset...
Testing the backdoor model...
Visualizing the model's latent space...
Using method: pca
Using method: tsne
Using method: umap
Using method: oracle
Using method: mean_diff
Using method: SS
Using method: isomap
Using method: lle
Using method: kpca
Using method: spectral
Applying IBD_PSC defense method...
trigger_path: ./triggers/badnet_patch4_dup_32.png
trigger_mask_path: ./triggers/mask_badnet_patch4_dup_32.png
Model 'poisoned_train_set/gtsrb/clean_label_0.010_alpha=0.200_trigger=badnet_patch4_dup_32.png_poison_seed=0/full_base_aug_seed=2333.pt' not found.
ba: 1.0536218881607056
asr: 0.0
target label: tensor([2], device='cuda:0')
start_index: 1
TPR: 0.00
FPR: 0.00
AUC: 0.5086
f1 score: 0.0
Elapsed time: 23.82s
Experiment for gtsrb with clean_label completed.
