Creating poisoned training set for dynamic on GTSRB...
[target class : 2]
Poisoned set directory 'poisoned_train_set/gtsrb/dynamic_0.010_poison_seed=0' to be created is not empty! Exiting...
Training the model on the poisoned dataset...
Testing the backdoor model...
Visualizing the model's latent space...
Applying IBD_PSC defense method...
trigger_path: ./triggers/none
No trigger mask found! By default masking all black pixels...
Model 'poisoned_train_set/gtsrb/dynamic_0.010_poison_seed=0/full_base_aug_seed=2333.pt' not found.
ba: 5.249294757843018
asr: 0.0
target label: tensor([2], device='cuda:0')
start_index: 1
TPR: 0.00
FPR: 0.00
AUC: 0.8410
f1 score: 0.0
Elapsed time: 20.13s
Experiment for GTSRB with dynamic completed.
